<ShowPlanXML xmlns="http://schemas.microsoft.com/sqlserver/2004/07/showplan" Version="1.5" Build="13.0.4206.0"><BatchSequence><Batch><Statements><StmtSimple StatementText="SELECT&#xa;tbl.name AS [Name],&#xa;tbl.object_id AS [ID],&#xa;tbl.create_date AS [CreateDate],&#xa;tbl.modify_date AS [DateLastModified],&#xa;ISNULL(stbl.name, N&apos;&apos;) AS [Owner],&#xa;CAST(case when tbl.principal_id is null then 1 else 0 end AS bit) AS [IsSchemaOwned],&#xa;SCHEMA_NAME(tbl.schema_id) AS [Schema],&#xa;CAST(&#xd;&#xa; case &#xd;&#xa;    when tbl.is_ms_shipped = 1 then 1&#xd;&#xa;    when (&#xd;&#xa;        select &#xd;&#xa;            major_id &#xd;&#xa;        from &#xd;&#xa;            sys.extended_properties &#xd;&#xa;        where &#xd;&#xa;            major_id = tbl.object_id and &#xd;&#xa;            minor_id = 0 and &#xd;&#xa;            class = 1 and &#xd;&#xa;            name = N&apos;microsoft_database_tools_support&apos;) &#xd;&#xa;        is not null then 1&#xd;&#xa;    else 0&#xd;&#xa;end          &#xd;&#xa;             AS bit) AS [IsSystemObject],&#xa;CAST(OBJECTPROPERTY(tbl.object_id, N&apos;HasAfterTrigger&apos;) AS bit) AS [HasAfterTrigger],&#xa;CAST(OBJECTPROPERTY(tbl.object_id, N&apos;HasInsertTrigger&apos;) AS bit) AS [HasInsertTrigger],&#xa;CAST(OBJECTPROPERTY(tbl.object_id, N&apos;HasDeleteTrigger&apos;) AS bit) AS [HasDeleteTrigger],&#xa;CAST(OBJECTPROPERTY(tbl.object_id, N&apos;HasInsteadOfTrigger&apos;) AS bit) AS [HasInsteadOfTrigger],&#xa;CAST(OBJECTPROPERTY(tbl.object_id, N&apos;HasUpdateTrigger&apos;) AS bit) AS [HasUpdateTrigger],&#xa;CAST(OBJECTPROPERTY(tbl.object_id, N&apos;IsIndexed&apos;) AS bit) AS [HasIndex],&#xa;CAST(OBJECTPROPERTY(tbl.object_id, N&apos;IsIndexable&apos;) AS bit) AS [IsIndexable],&#xa;CAST(CASE idx.index_id WHEN 1 THEN 1 ELSE 0 END AS bit) AS [HasClusteredIndex],&#xa;CAST(ISNULL((select top 1 1 from sys.indexes ind where ind.object_id = tbl.object_id and ind.type &gt; 1 and ind.is_hypothetical = 0 ), 0) AS bit) AS [HasNonClusteredIndex],&#xa;CAST(case idx.index_id when 1 then case when (idx.is_primary_key + 2*idx.is_unique_constraint = 1) then 1 else 0 end else 0 end AS bit) AS [HasPrimaryClusteredIndex],&#xa;CAST(ISNULL((select top 1 1 from sys.indexes ind where ind.object_id = tbl.object_id and ind.type = 6 and ind.is_hypothetical = 0 ), 0) AS bit) AS [HasNonClusteredColumnStoreIndex],&#xa;CAST(ISNULL((select top 1 1 from sys.indexes ind where ind.object_id = tbl.object_id and ind.type = 3 and ind.is_hypothetical = 0 ), 0) AS bit) AS [HasXmlIndex],&#xa;CAST(CASE idx.type WHEN 0 THEN 1 ELSE 0 END AS bit) AS [HasHeapIndex],&#xa;CAST(ISNULL((select top 1 1 from sys.all_columns as clmns join sys.types as usrt on usrt.user_type_id = clmns.user_type_id where clmns.object_id = tbl.object_id and usrt.name = N&apos;xml&apos;), 0) AS bit) AS [HasXmlData],&#xa;CAST(ISNULL((select top 1 1 from sys.all_columns as clmns join sys.types as usrt on usrt.user_type_id = clmns.user_type_id where clmns.object_id = tbl.object_id and usrt.name in (N&apos;geometry&apos;, N&apos;geography&apos;)), 0) AS bit) AS [HasSpatialData],&#xa;tbl.uses_ansi_nulls AS [AnsiNullsStatus],&#xa;CAST(ISNULL(OBJECTPROPERTY(tbl.object_id,N&apos;IsQuotedIdentOn&apos;),0) AS bit) AS [QuotedIdentifierStatus],&#xa;CAST(0 AS bit) AS [FakeSystemTable],&#xa;ISNULL(dstext.name,N&apos;&apos;) AS [TextFileGroup],&#xa;CAST(tbl.is_memory_optimized AS bit) AS [IsMemoryOptimized],&#xa;case when (tbl.durability=1) then 0 else 1 end AS [Durability],&#xa;tbl.is_replicated AS [Replicated],&#xa;tbl.lock_escalation AS [LockEscalation],&#xa;CAST(case when ctt.object_id is null then 0 else 1  end AS bit) AS [ChangeTrackingEnabled],&#xa;CAST(ISNULL(ctt.is_track_columns_updated_on,0) AS bit) AS [TrackColumnsUpdatedEnabled],&#xa;tbl.is_filetable AS [IsFileTable],&#xa;ISNULL(ft.directory_name,N&apos;&apos;) AS [FileTableDirectoryName],&#xa;ISNULL(ft.filename_collation_name,N&apos;&apos;) AS [FileTableNameColumnCollation],&#xa;CAST(ISNULL(ft.is_enabled,0) AS bit) AS [FileTableNamespaceEnabled],&#xa;CASE WHEN &apos;PS&apos;=dsidx.type THEN dsidx.name ELSE N&apos;&apos; END AS [PartitionScheme],&#xa;CAST(CASE WHEN &apos;PS&apos;=dsidx.type THEN 1 ELSE 0 END AS bit) AS [IsPartitioned],&#xa;CASE WHEN &apos;FD&apos;=dstbl.type THEN dstbl.name ELSE N&apos;&apos; END AS [FileStreamFileGroup],&#xa;CASE WHEN &apos;PS&apos;=dstbl.type THEN dstbl.name ELSE N&apos;&apos; END AS [FileStreamPartitionScheme],&#xa;CAST(CASE idx.type WHEN 5 THEN 1 ELSE 0 END AS bit) AS [HasClusteredColumnStoreIndex],&#xa;CAST(CASE tbl.temporal_type WHEN 2 THEN 1 ELSE 0 END AS bit) AS [IsSystemVersioned],&#xa;CAST(ISNULL(historyTable.name, N&apos;&apos;) AS sysname) AS [HistoryTableName],&#xa;CA" StatementId="1" StatementCompId="8" StatementType="SELECT" StatementSqlHandle="0x09000AD92B62FBC1345F1EDC4D33E2BF98820000000000000000000000000000000000000000000000000000" DatabaseContextSettingsId="1" ParentObjectId="0" BatchSqlHandle="0x02000000CEB64E15C86E49D27652EF253350A9744B5F8B050000000000000000000000000000000000000000" StatementParameterizationType="1" RetrievedFromCache="true" StatementSubTreeCost="0.635498" StatementEstRows="1" SecurityPolicyApplied="false" StatementOptmLevel="FULL" QueryHash="0x7DD30A4EDC1E92FA" QueryPlanHash="0x15C21686FDE97861" StatementOptmEarlyAbortReason="TimeOut" CardinalityEstimationModelVersion="130"><StatementSetOptions QUOTED_IDENTIFIER="true" ARITHABORT="true" CONCAT_NULL_YIELDS_NULL="true" ANSI_NULLS="true" ANSI_PADDING="true" ANSI_WARNINGS="true" NUMERIC_ROUNDABORT="false"></StatementSetOptions><QueryPlan NonParallelPlanReason="CouldNotGenerateValidParallelPlan" CachedPlanSize="1008" CompileTime="213" CompileCPU="213" CompileMemory="26752"><Warnings><PlanAffectingConvert ConvertIssue="Cardinality Estimate" Expression="CONVERT_IMPLICIT(int,[aty].[value],0)"></PlanAffectingConvert><PlanAffectingConvert ConvertIssue="Cardinality Estimate" Expression="CONVERT(varchar(4000),[rdat].[filter_predicate],0)"></PlanAffectingConvert><PlanAffectingConvert ConvertIssue="Seek Plan" Expression="CONVERT_IMPLICIT(int,[aty].[value],0)=[Expr1781]"></PlanAffectingConvert></Warnings><MemoryGrantInfo SerialRequiredMemory="5120" SerialDesiredMemory="5440"></MemoryGrantInfo><OptimizerHardwareDependentProperties EstimatedAvailableMemoryGrant="384000" EstimatedPagesCached="96000" EstimatedAvailableDegreeOfParallelism="2" MaxCompileMemory="5489840"></OptimizerHardwareDependentProperties><RelOp NodeId="0" PhysicalOp="Compute Scalar" LogicalOp="Compute Scalar" EstimateRows="1" EstimateIO="0" EstimateCPU="1e-007" AvgRowSize="8201" EstimatedTotalSubtreeCost="0.635498" Parallel="0" EstimateRebinds="0" EstimateRewinds="0" EstimatedExecutionMode="Row"><OutputList><ColumnReference Database="[AdventureWorksDW2012]" Schema="[sys]" Table="[sysschobjs]" Alias="[o]" Column="id"></ColumnReference><ColumnReference Database="[AdventureWorksDW2012]" Schema="[sys]" Table="[sysschobjs]" Alias="[o]" Column="name"></ColumnReference><ColumnReference Database="[AdventureWorksDW2012]" Schema="[sys]" Table="[sysschobjs]" Alias="[o]" Column="created"></ColumnReference><ColumnReference Database="[AdventureWorksDW2012]" Schema="[sys]" Table="[sysschobjs]" Alias="[o]" Column="modified"></ColumnReference><ColumnReference Column="Expr1026"></ColumnReference><ColumnReference Column="Expr1033"></ColumnReference><ColumnReference Column="Expr1038"></ColumnReference><ColumnReference Column="Expr1040"></ColumnReference><ColumnReference Column="Expr1042"></ColumnReference><ColumnReference Column="Expr1054"></ColumnReference><ColumnReference Column="Expr1059"></ColumnReference><ColumnReference Database="[AdventureWorksDW2012]" Schema="[sys]" Table="[sysextsources]" Alias="[seds]" Column="name"></ColumnReference><ColumnReference Column="Expr1386"></ColumnReference><ColumnReference Column="Expr1387"></ColumnReference><ColumnReference Column="Expr1388"></ColumnReference><ColumnReference Column="Expr1392"></ColumnReference><ColumnReference Column="Expr1393"></ColumnReference><ColumnReference Column="Expr1394"></ColumnReference><ColumnReference Column="Expr1395"></ColumnReference><ColumnReference Column="Expr1396"></ColumnReference><ColumnReference Column="Expr1397"></ColumnReference><ColumnReference Column="Expr1398"></ColumnReference><ColumnReference Column="Expr1399"></ColumnReference><ColumnReference Column="Expr1400"></ColumnReference><ColumnReference Column="Expr1420"></ColumnReference><ColumnReference Column="Expr1421"></ColumnReference><ColumnReference Column="Expr1441"></ColumnReference><ColumnReference Column="Expr1461"></ColumnReference><ColumnReference Column="Expr1462"></ColumnReference><ColumnReference Column="Expr1565"></ColumnReference><ColumnReference Column="Expr1668"></ColumnReference><ColumnReference Column="Expr1669"></ColumnReference><ColumnReference Column="Expr1670"></ColumnReference><ColumnReference Column="Expr1671"></ColumnReference><ColumnReference Column="Expr1672"></ColumnReference><ColumnReference Column="Expr1673"></ColumnReference><ColumnReference Column="Expr1674"></ColumnReference><ColumnReference Column="Expr1675"></ColumnReference><ColumnReference Column="Expr1676"></ColumnReference><ColumnReference Column="Expr1677"></ColumnReference><ColumnReference Column="Expr1678"></ColumnReference><ColumnReference Column="Expr1679"></ColumnReference><ColumnReference Column="Expr1680"></ColumnReference><ColumnReference Column="Expr1681"></ColumnReference><ColumnReference Column="Expr1682"></ColumnReference><ColumnReference Column="Expr1683"></ColumnReference><ColumnReference Column="Expr1684"></ColumnReference><ColumnReference Column="Expr1685"></ColumnReference><ColumnReference Column="Expr1686"></ColumnReference><ColumnReference Column="Expr1687"></ColumnReference><ColumnReference Column="Expr1718"></ColumnReference><ColumnReference Column="Expr1749"></ColumnReference><ColumnReference Column="Expr1750"></ColumnReference><ColumnReference Column="Expr1751"></ColumnReference><ColumnReference Column="Expr1752"></ColumnReference><ColumnReference Column="Expr1753"></ColumnReference><ColumnReference Column="Expr1754"></ColumnReference><ColumnReference Column="Expr1755"></ColumnReference><ColumnReference Column="Expr1756"></ColumnReference><ColumnReference Column="Expr1757"></ColumnReference><ColumnReference Column="Expr1758"></ColumnReference><ColumnReference Column="Expr1759"></ColumnReference><ColumnReference Column="Expr1760"></ColumnReference><ColumnReference Column="Expr1761"></ColumnReference></OutputList><ComputeScalar><DefinedValues><DefinedValue><ColumnReference Column="Expr1054"></ColumnReference><ScalarOperator ScalarString="CONVERT(tinyint,CASE WHEN [AdventureWorksDW2012].[sys].[syssingleobjrefs].[indepid] as [ct].[indepid] IS NOT NULL THEN (2) ELSE CASE WHEN [AdventureWorksDW2012].[sys].[syssingleobjrefs].[depid] as [ht].[depid] IS NOT NULL THEN (1) ELSE (0) END END,0)"><Convert DataType="tinyint" Style="0" Implicit="0"><ScalarOperator><IF><Condition><ScalarOperator><Compare CompareOp="IS NOT"><ScalarOperator><Identifier><ColumnReference Database="[AdventureWorksDW2012]" Schema="[sys]" Table="[syssingleobjrefs]" Alias="[ct]" Column="indepid"></ColumnReference></Identifier></ScalarOperator><ScalarOperator><Const ConstValue="NULL"></Const></ScalarOperator></Compare></ScalarOperator></Condition><Then><ScalarOperator><Const ConstValue="(2)"></Const></ScalarOperator></Then><Else><ScalarOperator><IF><Condition><ScalarOperator><Compare CompareOp="IS NOT"><ScalarOperator><Identifier><ColumnReference Database="[AdventureWorksDW2012]" Schema="[sys]" Table="[syssingleobjrefs]" Alias="[ht]" Column="depid"></ColumnReference></Identifier></ScalarOperator><ScalarOperator><Const ConstValue="NULL"></Const></ScalarOperator></Compare></ScalarOperator></Condition><Then><ScalarOperator><Const ConstValue="(1)"></Const></ScalarOperator></Then><Else><ScalarOperator><Const ConstValue="(0)"></Const></ScalarOperator></Else></IF></ScalarOperator></Else></IF></ScalarOperator></Convert></ScalarOperator></DefinedValue><DefinedValue><ColumnReference Column="Expr1059"></ColumnReference><ScalarOperator ScalarString="CONVERT(bit,CASE WHEN [Expr1772] THEN (1) ELSE (0) END,0)"><Convert DataType="bit" Style="0" Implicit="0"><ScalarOperator><IF><Condition><ScalarOperator><Identifier><ColumnReference Column="Expr1772"></ColumnReference></Identifier></ScalarOperator></Condition><Then><ScalarOperator><Const ConstValue="(1)"></Const></ScalarOperator></Then><Else><ScalarOperator><Const ConstValue="(0)"></Const></ScalarOperator></Else></IF></ScalarOperator></Convert></ScalarOperator></DefinedValue><DefinedValue><ColumnReference Column="Expr1392"></ColumnReference><ScalarOperator ScalarString="CONVERT(bit,CASE WHEN [Expr1773]=(1) THEN (1) ELSE CASE WHEN [AdventureWorksDW2012].[sys].[sysxprops].[id] as [p].[id] IS NOT NULL THEN (1) ELSE (0) END END,0)"><Convert DataType="bit" Style="0" Implicit="0"><ScalarOperator><IF><Condition><ScalarOperator><Compare CompareOp="EQ"><ScalarOperator><Identifier><ColumnReference Column="Expr1773"></ColumnReference></Identifier></ScalarOperator><ScalarOperator><Const ConstValue="(1)"></Const></ScalarOperator></Compare></ScalarOperator></Condition><Then><ScalarOperator><Const ConstValue="(1)"></Const></ScalarOperator></Then><Else><ScalarOperator><IF><Condition><ScalarOperator><Compare CompareOp="IS NOT"><ScalarOperator><Identifier><ColumnReference Database="[AdventureWorksDW2012]" Schema="[sys]" Table="[sysxprops]" Alias="[p]" Column="id"></ColumnReference></Identifier></ScalarOperator><ScalarOperator><Const ConstValue="NULL"></Const></ScalarOperator></Compare></ScalarOperator></Condition><Then><ScalarOperator><Const ConstValue="(1)"></Const></ScalarOperator></Then><Else><ScalarOperator><Const ConstValue="(0)"></Const></ScalarOperator></Else></IF></ScalarOperator></Else></IF></ScalarOperator></Convert></ScalarOperator></DefinedValue><DefinedValue><ColumnReference Column="Expr1420"></ColumnReference><ScalarOperator ScalarString="CONVERT(bit,isnull([Expr1419],(0)),0)"><Convert DataType="bit" Style="0" Implicit="0"><ScalarOperator><Intrinsic FunctionName="isnull"><ScalarOperator><Identifier><ColumnReference Column="Expr1419"></ColumnReference></Identifier></ScalarOperator><ScalarOperator><Const ConstValue="(0)"></Const></ScalarOperator></Intrinsic></ScalarOperator></Convert></ScalarOperator></DefinedValue><DefinedValue><ColumnReference Column="Expr1441"></ColumnReference><ScalarOperator ScalarString="CONVERT(bit,isnull([Expr1440],(0)),0)"><Convert DataType="bit" Style="0" Implicit="0"><ScalarOperator><Intrinsic FunctionName="isnull"><ScalarOperator><Identifier><ColumnReference Column="Expr1440"></ColumnReference></Identifier></ScalarOperator><ScalarOperator><Const ConstValue="(0)"></Const></ScalarOperator></Intrinsic></ScalarOperator></Convert></ScalarOperator></DefinedValue><DefinedValue><ColumnReference Column="Expr1461"></ColumnReference><ScalarOperator ScalarString="CONVERT(bit,isnull([Expr1460],(0)),0)"><Convert DataType="bit" Style="0" Implicit="0"><ScalarOperator><Intrinsic FunctionName="isnull"><ScalarOperator><Identifier><ColumnReference Column="Expr1460"></ColumnReference></Identifier></ScalarOperator><ScalarOperator><Const ConstValue="(0)"></Const></ScalarOperator></Intrinsic></ScalarOperator></Convert></ScalarOperator></DefinedValue><DefinedValue><ColumnReference Column="Expr1565"></ColumnReference><ScalarOperator ScalarString="CONVERT(bit,isnull([Expr1564],(0)),0)"><Convert DataType="bit" Style="0" Implicit="0"><ScalarOperator><Intrinsic FunctionName="isnull"><ScalarOperator><Identifier><ColumnReference Column="Expr1564"></ColumnReference></Identifier></ScalarOperator><ScalarOperator><Const ConstValue="(0)"></Const></ScalarOperator></Intrinsic></ScalarOperator></Convert></ScalarOperator></DefinedValue><DefinedValue><ColumnReference Column="Expr1668"></ColumnReference><ScalarOperator ScalarString="CONVERT(bit,isnull([Expr1667],(0)),0)"><Convert DataType="bit" Style="0" Implicit="0"><ScalarOperator><Intrinsic FunctionName="isnull"><ScalarOperator><Identifier><ColumnReference Column="Expr1667"></ColumnReference></Identifier></ScalarOperator><ScalarOperator><Const ConstValue="(0)"></Const></ScalarOperator></Intrinsic></ScalarOperator></Convert></ScalarOperator></DefinedValue><DefinedValue><ColumnReference Column="Expr1670"></ColumnReference><ScalarOperator ScalarString="(0)"><Const ConstValue="(0)"></Const></ScalarOperator></DefinedValue><DefinedValue><ColumnReference Column="Expr1674"></ColumnReference><ScalarOperator ScalarString="CONVERT(bit,isnull([Expr1118],(0)),0)"><Convert DataType="bit" Style="0" Implicit="0"><ScalarOperator><Intrinsic FunctionName="isnull"><ScalarOperator><Identifier><ColumnReference Column="Expr1118"></ColumnReference></Identifier></ScalarOperator><ScalarOperator><Const ConstValue="(0)"></Const></ScalarOperator></Intrinsic></ScalarOperator></Convert></ScalarOperator></DefinedValue><DefinedValue><ColumnReference Column="Expr1683"></ColumnReference><ScalarOperator ScalarString="CONVERT(bit,CASE WHEN CONVERT(tinyint,CASE WHEN [AdventureWorksDW2012].[sys].[syssingleobjrefs].[indepid] as [ct].[indepid] IS NOT NULL THEN (2) ELSE CASE WHEN [AdventureWorksDW2012].[sys].[syssingleobjrefs].[depid] as [ht].[depid] IS NOT NULL THEN (1) ELSE (0) END END,0)=(2) THEN (1) ELSE (0) END,0)"><Convert DataType="bit" Style="0" Implicit="0"><ScalarOperator><IF><Condition><ScalarOperator><Compare CompareOp="EQ"><ScalarOperator><Convert DataType="tinyint" Style="0" Implicit="0"><ScalarOperator><IF><Condition><ScalarOperator><Compare CompareOp="IS NOT"><ScalarOperator><Identifier><ColumnReference Database="[AdventureWorksDW2012]" Schema="[sys]" Table="[syssingleobjrefs]" Alias="[ct]" Column="indepid"></ColumnReference></Identifier></ScalarOperator><ScalarOperator><Const ConstValue="NULL"></Const></ScalarOperator></Compare></ScalarOperator></Condition><Then><ScalarOperator><Const ConstValue="(2)"></Const></ScalarOperator></Then><Else><ScalarOperator><IF><Condition><ScalarOperator><Compare CompareOp="IS NOT"><ScalarOperator><Identifier><ColumnReference Database="[AdventureWorksDW2012]" Schema="[sys]" Table="[syssingleobjrefs]" Alias="[ht]" Column="depid"></ColumnReference></Identifier></ScalarOperator><ScalarOperator><Const ConstValue="NULL"></Const></ScalarOperator></Compare></ScalarOperator></Condition><Then><ScalarOperator><Const ConstValue="(1)"></Const></ScalarOperator></Then><Else><ScalarOperator><Const ConstValue="(0)"></Const></ScalarOperator></Else></IF></ScalarOperator></Else></IF></ScalarOperator></Convert></ScalarOperator><ScalarOperator><Const ConstValue="(2)"></Const></ScalarOperator></Compare></ScalarOperator></Condition><Then><ScalarOperator><Const ConstValue="(1)"></Const></ScalarOperator></Then><Else><ScalarOperator><Const ConstValue="(0)"></Const></ScalarOperator></Else></IF></ScalarOperator></Convert></ScalarOperator></DefinedValue><DefinedValue><ColumnReference Column="Expr1718"></ColumnReference><ScalarOperator ScalarString="CONVERT(nvarchar(128),isnull([Expr1769],N&apos;&apos;),0)"><Convert DataType="nvarchar" Length="256" Style="0" Implicit="0"><ScalarOperator><Intrinsic FunctionName="isnull"><ScalarOperator><Identifier><ColumnReference Column="Expr1769"></ColumnReference></Identifier></ScalarOperator><ScalarOperator><Const ConstValue="N&apos;&apos;"></Const></ScalarOperator></Intrinsic></ScalarOperator></Convert></ScalarOperator></DefinedValue><DefinedValue><ColumnReference Column="Expr1749"></ColumnReference><ScalarOperator ScalarString="CONVERT(nvarchar(128),isnull([Expr1771],N&apos;&apos;),0)"><Convert DataType="nvarchar" Length="256" Style="0" Implicit="0"><ScalarOperator><Intrinsic FunctionName="isnull"><ScalarOperator><Identifier><ColumnReference Column="Expr1771"></ColumnReference></Identifier></ScalarOperator><ScalarOperator><Const ConstValue="N&apos;&apos;"></Const></ScalarOperator></Intrinsic></ScalarOperator></Convert></ScalarOperator></DefinedValue><DefinedValue><ColumnReference Column="Expr1760"></ColumnReference><ScalarOperator ScalarString="(0)"><Const ConstValue="(0)"></Const></ScalarOperator></DefinedValue><DefinedValue><ColumnReference Column="Expr1761"></ColumnReference><ScalarOperator ScalarString="(0)"><Const ConstValue="(0)"></Const></ScalarOperator></DefinedValue></DefinedValues><RelOp NodeId="1" PhysicalOp="Nested Loops" LogicalOp="Left Outer Join" EstimateRows="1" EstimateIO="0" EstimateCPU="4.18e-006" AvgRowSize="8231" EstimatedTotalSubtreeCost="0.635498" Parallel="0" EstimateRebinds="0" EstimateRewinds="0" EstimatedExecutionMode="Row"><OutputList><ColumnReference Database="[AdventureWorksDW2012]" Schema="[sys]" Table="[sysschobjs]" Alias="[o]" Column="id"></ColumnReference><ColumnReference Database="[AdventureWorksDW2012]" Schema="[sys]" Table="[sysschobjs]" Alias="[o]" Column="name"></ColumnReference><ColumnReference Database="[AdventureWorksDW2012]" Schema="[sys]" Table="[sysschobjs]" Alias="[o]" Column="created"></ColumnReference><ColumnReference Database="[AdventureWorksDW2012]" Schema="[sys]" Table="[sysschobjs]" Alias="[o]" Column="modified"></ColumnReference><ColumnReference Column="Expr1026"></ColumnReference><ColumnReference Column="Expr1033"></ColumnReference><ColumnReference Column="Expr1038"></ColumnReference><ColumnReference Column="Expr1040"></ColumnReference><ColumnReference Column="Expr1042"></ColumnReference><ColumnReference Database="[AdventureWorksDW2012]" Schema="[sys]" Table="[syssingleobjrefs]" Alias="[ct]" Column="indepid"></ColumnReference><ColumnReference Database="[AdventureWorksDW2012]" Schema="[sys]" Table="[syssingleobjrefs]" Alias="[ht]" Column="depid"></ColumnReference><ColumnReference Column="Expr1118"></ColumnReference><ColumnReference Database="[AdventureWorksDW2012]" Schema="[sys]" Table="[sysextsources]" Alias="[seds]" Column="name"></ColumnReference><ColumnReference Column="Expr1386"></ColumnReference><ColumnReference Column="Expr1387"></ColumnReference><ColumnReference Column="Expr1388"></ColumnReference><ColumnReference Database="[AdventureWorksDW2012]" Schema="[sys]" Table="[sysxprops]" Alias="[p]" Column="id"></ColumnReference><ColumnReference Column="Expr1393"></ColumnReference><ColumnReference Column="Expr1394"></ColumnReference><ColumnReference Column="Expr1395"></ColumnReference><ColumnReference Column="Expr1396"></ColumnReference><ColumnReference Column="Expr1397"></ColumnReference><ColumnReference Column="Expr1398"></ColumnReference><ColumnReference Column="Expr1399"></ColumnReference><ColumnReference Column="Expr1400"></ColumnReference><ColumnReference Column="Expr1419"></ColumnReference><ColumnReference Column="Expr1421"></ColumnReference><ColumnReference Column="Expr1440"></ColumnReference><ColumnReference Column="Expr1460"></ColumnReference><ColumnReference Column="Expr1462"></ColumnReference><ColumnReference Column="Expr1564"></ColumnReference><ColumnReference Column="Expr1667"></ColumnReference><ColumnReference Column="Expr1669"></ColumnReference><ColumnReference Column="Expr1671"></ColumnReference><ColumnReference Column="Expr1672"></ColumnReference><ColumnReference Column="Expr1673"></ColumnReference><ColumnReference Column="Expr1675"></ColumnReference><ColumnReference Column="Expr1676"></ColumnReference><ColumnReference Column="Expr1677"></ColumnReference><ColumnReference Column="Expr1678"></ColumnReference><ColumnReference Column="Expr1679"></ColumnReference><ColumnReference Column="Expr1680"></ColumnReference><ColumnReference Column="Expr1681"></ColumnReference><ColumnReference Column="Expr1682"></ColumnReference><ColumnReference Column="Expr1684"></ColumnReference><ColumnReference Column="Expr1685"></ColumnReference><ColumnReference Column="Expr1686"></ColumnReference><ColumnReference Column="Expr1687"></ColumnReference><ColumnReference Column="Expr1750"></ColumnReference><ColumnReference Column="Expr1751"></ColumnReference><ColumnReference Column="Expr1752"></ColumnReference><ColumnReference Column="Expr1753"></ColumnReference><ColumnReference Column="Expr1754"></ColumnReference><ColumnReference Column="Expr1755"></ColumnReference><ColumnReference Column="Expr1756"></ColumnReference><ColumnReference Column="Expr1757"></ColumnReference><ColumnReference Column="Expr1758"></ColumnReference><ColumnReference Column="Expr1759"></ColumnReference><ColumnReference Column="Expr1769"></ColumnReference><ColumnReference Column="Expr1771"></ColumnReference><ColumnReference Column="Expr1772"></ColumnReference><ColumnReference Column="Expr1773"></ColumnReference></OutputList><NestedLoops Optimized="0"><OuterReferences><ColumnReference Database="[AdventureWorksDW2012]" Schema="[sys]" Table="[sysschobjs]" Alias="[o]" Column="id"></ColumnReference><ColumnReference Database="[AdventureWorksDW2012]" Schema="[sys]" Table="[sysobjvalues]" Alias="[v]" Column="objid"></ColumnReference><ColumnReference Database="[AdventureWorksDW2012]" Schema="[sys]" Table="[sysobjvalues]" Alias="[v]" Column="valnum"></ColumnReference></OuterReferences><RelOp NodeId="2" PhysicalOp="Nested Loops" LogicalOp="Left Outer Join" EstimateRows="1" EstimateIO="0" EstimateCPU="4.18e-006" AvgRowSize="8109" EstimatedTotalSubtreeCost="0.628153" Parallel="0" EstimateRebinds="0" EstimateRewinds="0" EstimatedExecutionMode="Row"><OutputList><ColumnReference Database="[AdventureWorksDW2012]" Schema="[sys]" Table="[sysschobjs]" Alias="[o]" Column="id"></ColumnReference><ColumnReference Database="[AdventureWorksDW2012]" Schema="[sys]" Table="[sysschobjs]" Alias="[o]" Column="name"></ColumnReference><ColumnReference Database="[AdventureWorksDW2012]" Schema="[sys]" Table="[sysschobjs]" Alias="[o]" Column="created"></ColumnReference><ColumnReference Database="[AdventureWorksDW2012]" Schema="[sys]" Table="[sysschobjs]" Alias="[o]" Column="modified"></ColumnReference><ColumnReference Column="Expr1026"></ColumnReference><ColumnReference Column="Expr1033"></ColumnReference><ColumnReference Column="Expr1038"></ColumnReference><ColumnReference Column="Expr1040"></ColumnReference><ColumnReference Column="Expr1042"></ColumnReference><ColumnReference Database="[AdventureWorksDW2012]" Schema="[sys]" Table="[syssingleobjrefs]" Alias="[ct]" Column="indepid"></ColumnReference><ColumnReference Database="[AdventureWorksDW2012]" Schema="[sys]" Table="[syssingleobjrefs]" Alias="[ht]" Column="depid"></ColumnReference><ColumnReference Column="Expr1118"></ColumnReference><ColumnReference Database="[AdventureWorksDW2012]" Schema="[sys]" Table="[sysobjvalues]" Alias="[v]" Column="objid"></ColumnReference><ColumnReference Database="[AdventureWorksDW2012]" Schema="[sys]" Table="[sysobjvalues]" Alias="[v]" Column="valnum"></ColumnReference><ColumnReference Database="[AdventureWorksDW2012]" Schema="[sys]" Table="[sysextsources]" Alias="[seds]" Column="name"></ColumnReference><ColumnReference Column="Expr1386"></ColumnReference><ColumnReference Column="Expr1387"></ColumnReference><ColumnReference Column="Expr1388"></ColumnReference><ColumnReference Database="[AdventureWorksDW2012]" Schema="[sys]" Table="[sysxprops]" Alias="[p]" Column="id"></ColumnReference><ColumnReference Column="Expr1393"></ColumnReference><ColumnReference Column="Expr1394"></ColumnReference><ColumnReference Column="Expr1395"></ColumnReference><ColumnReference Column="Expr1396"></ColumnReference><ColumnReference Column="Expr1397"></ColumnReference><ColumnReference Column="Expr1398"></ColumnReference><ColumnReference Column="Expr1399"></ColumnReference><ColumnReference Column="Expr1400"></ColumnReference><ColumnReference Column="Expr1419"></ColumnReference><ColumnReference Column="Expr1421"></ColumnReference><ColumnReference Column="Expr1440"></ColumnReference><ColumnReference Column="Expr1460"></ColumnReference><ColumnReference Column="Expr1462"></ColumnReference><ColumnReference Column="Expr1564"></ColumnReference><ColumnReference Column="Expr1667"></ColumnReference><ColumnReference Column="Expr1669"></ColumnReference><ColumnReference Column="Expr1671"></ColumnReference><ColumnReference Column="Expr1672"></ColumnReference><ColumnReference Column="Expr1673"></ColumnReference><ColumnReference Column="Expr1675"></ColumnReference><ColumnReference Column="Expr1676"></ColumnReference><ColumnReference Column="Expr1677"></ColumnReference><ColumnReference Column="Expr1678"></ColumnReference><ColumnReference Column="Expr1679"></ColumnReference><ColumnReference Column="Expr1680"></ColumnReference><ColumnReference Column="Expr1681"></ColumnReference><ColumnReference Column="Expr1682"></ColumnReference><ColumnReference Column="Expr1684"></ColumnReference><ColumnReference Column="Expr1685"></ColumnReference><ColumnReference Column="Expr1686"></ColumnReference><ColumnReference Column="Expr1687"></ColumnReference><ColumnReference Column="Expr1750"></ColumnReference><ColumnReference Column="Expr1751"></ColumnReference><ColumnReference Column="Expr1752"></ColumnReference><ColumnReference Column="Expr1753"></ColumnReference><ColumnReference Column="Expr1754"></ColumnReference><ColumnReference Column="Expr1755"></ColumnReference><ColumnReference Column="Expr1756"></ColumnReference><ColumnReference Column="Expr1757"></ColumnReference><ColumnReference Column="Expr1758"></ColumnReference><ColumnReference Column="Expr1759"></ColumnReference><ColumnReference Column="Expr1769"></ColumnReference><ColumnReference Column="Expr1772"></ColumnReference><ColumnReference Column="Expr1773"></ColumnReference></OutputList><NestedLoops Optimized="0"><OuterReferences><ColumnReference Database="[AdventureWorksDW2012]" Schema="[sys]" Table="[sysschobjs]" Alias="[o]" Column="id"></ColumnReference><ColumnReference Database="[AdventureWorksDW2012]" Schema="[sys]" Table="[sysobjvalues]" Alias="[v]" Column="objid"></ColumnReference><ColumnReference Database="[AdventureWorksDW2012]" Schema="[sys]" Table="[sysobjvalues]" Alias="[v]" Column="subobjid"></ColumnReference></OuterReferences><RelOp NodeId="3" PhysicalOp="Nested Loops" LogicalOp="Left Outer Join" EstimateRows="1" EstimateIO="0" EstimateCPU="4.18e-006" AvgRowSize="7983" EstimatedTotalSubtreeCost="0.620808" Parallel="0" EstimateRebinds="0" EstimateRewinds="0" EstimatedExecutionMode="Row"><OutputList><ColumnReference Database="[AdventureWorksDW2012]" Schema="[sys]" Table="[sysschobjs]" Alias="[o]" Column="id"></ColumnReference><ColumnReference Database="[AdventureWorksDW2012]" Schema="[sys]" Table="[sysschobjs]" Alias="[o]" Column="name"></ColumnReference><ColumnReference Database="[AdventureWorksDW2012]" Schema="[sys]" Table="[sysschobjs]" Alias="[o]" Column="created"></ColumnReference><ColumnReference Database="[AdventureWorksDW2012]" Schema="[sys]" Table="[sysschobjs]" Alias="[o]" Column="modified"></ColumnReference><ColumnReference Column="Expr1026"></ColumnReference><ColumnReference Column="Expr1033"></ColumnReference><ColumnReference Column="Expr1038"></ColumnReference><ColumnReference Column="Expr1040"></ColumnReference><ColumnReference Column="Expr1042"></ColumnReference><ColumnReference Database="[AdventureWorksDW2012]" Schema="[sys]" Table="[syssingleobjrefs]" Alias="[ct]" Column="indepid"></ColumnReference><ColumnReference Database="[AdventureWorksDW2012]" Schema="[sys]" Table="[syssingleobjrefs]" Alias="[ht]" Column="depid"></ColumnReference><ColumnReference Column="Expr1118"></ColumnReference><ColumnReference Database="[AdventureWorksDW2012]" Schema="[sys]" Table="[sysobjvalues]" Alias="[v]" Column="objid"></ColumnReference><ColumnReference Database="[AdventureWorksDW2012]" Schema="[sys]" Table="[sysobjvalues]" Alias="[v]" Column="subobjid"></ColumnReference><ColumnReference Database="[AdventureWorksDW2012]" Schema="[sys]" Table="[sysobjvalues]" Alias="[v]" Column="valnum"></ColumnReference><ColumnReference Database="[AdventureWorksDW2012]" Schema="[sys]" Table="[sysextsources]" Alias="[seds]" Column="name"></ColumnReference><ColumnReference Column="Expr1386"></ColumnReference><ColumnReference Column="Expr1387"></ColumnReference><ColumnReference Column="Expr1388"></ColumnReference><ColumnReference Database="[AdventureWorksDW2012]" Schema="[sys]" Table="[sysxprops]" Alias="[p]" Column="id"></ColumnReference><ColumnReference Column="Expr1393"></ColumnReference><ColumnReference Column="Expr1394"></ColumnReference><ColumnReference Column="Expr1395"></ColumnReference><ColumnReference Column="Expr1396"></ColumnReference><ColumnReference Column="Expr1397"></ColumnReference><ColumnReference Column="Expr1398"></ColumnReference><ColumnReference Column="Expr1399"></ColumnReference><ColumnReference Column="Expr1400"></ColumnReference><ColumnReference Column="Expr1419"></ColumnReference><ColumnReference Column="Expr1421"></ColumnReference><ColumnReference Column="Expr1440"></ColumnReference><ColumnReference Column="Expr1460"></ColumnReference><ColumnReference Column="Expr1462"></ColumnReference><ColumnReference Column="Expr1564"></ColumnReference><ColumnReference Column="Expr1667"></ColumnReference><ColumnReference Column="Expr1669"></ColumnReference><ColumnReference Column="Expr1671"></ColumnReference><ColumnReference Column="Expr1672"></ColumnReference><ColumnReference Column="Expr1673"></ColumnReference><ColumnReference Column="Expr1675"></ColumnReference><ColumnReference Column="Expr1676"></ColumnReference><ColumnReference Column="Expr1677"></ColumnReference><ColumnReference Column="Expr1678"></ColumnReference><ColumnReference Column="Expr1679"></ColumnReference><ColumnReference Column="Expr1680"></ColumnReference><ColumnReference Column="Expr1681"></ColumnReference><ColumnReference Column="Expr1682"></ColumnReference><ColumnReference Column="Expr1684"></ColumnReference><ColumnReference Column="Expr1685"></ColumnReference><ColumnReference Column="Expr1686"></ColumnReference><ColumnReference Column="Expr1687"></ColumnReference><ColumnReference Column="Expr1750"></ColumnReference><ColumnReference Column="Expr1751"></ColumnReference><ColumnReference Column="Expr1752"></ColumnReference><ColumnReference Column="Expr1753"></ColumnReference><ColumnReference Column="Expr1754"></ColumnReference><ColumnReference Column="Expr1755"></ColumnReference><ColumnReference Column="Expr1756"></ColumnReference><ColumnReference Column="Expr1757"></ColumnReference><ColumnReference Column="Expr1758"></ColumnReference><ColumnReference Column="Expr1759"></ColumnReference><ColumnReference Column="Expr1772"></ColumnReference><ColumnReference Column="Expr1773"></ColumnReference></OutputList><NestedLoops Optimized="0"><OuterReferences><ColumnReference Database="[AdventureWorksDW2012]" Schema="[sys]" Table="[sysschobjs]" Alias="[o]" Column="id"></ColumnReference></OuterReferences><RelOp NodeId="4" PhysicalOp="Nested Loops" LogicalOp="Left Outer Join" EstimateRows="1" EstimateIO="0" EstimateCPU="4.18e-006" AvgRowSize="7979" EstimatedTotalSubtreeCost="0.603268" Parallel="0" EstimateRebinds="0" EstimateRewinds="0" EstimatedExecutionMode="Row"><OutputList><ColumnReference Database="[AdventureWorksDW2012]" Schema="[sys]" Table="[sysschobjs]" Alias="[o]" Column="id"></ColumnReference><ColumnReference Database="[AdventureWorksDW2012]" Schema="[sys]" Table="[sysschobjs]" Alias="[o]" Column="name"></ColumnReference><ColumnReference Database="[AdventureWorksDW2012]" Schema="[sys]" Table="[sysschobjs]" Alias="[o]" Column="created"></ColumnReference><ColumnReference Database="[AdventureWorksDW2012]" Schema="[sys]" Table="[sysschobjs]" Alias="[o]" Column="modified"></ColumnReference><ColumnReference Column="Expr1026"></ColumnReference><ColumnReference Column="Expr1033"></ColumnReference><ColumnReference Column="Expr1038"></ColumnReference><ColumnReference Column="Expr1040"></ColumnReference><ColumnReference Column="Expr1042"></ColumnReference><ColumnReference Database="[AdventureWorksDW2012]" Schema="[sys]" Table="[syssingleobjrefs]" Alias="[ct]" Column="indepid"></ColumnReference><ColumnReference Database="[AdventureWorksDW2012]" Schema="[sys]" Table="[syssingleobjrefs]" Alias="[ht]" Column="depid"></ColumnReference><ColumnReference Column="Expr1118"></ColumnReference><ColumnReference Database="[AdventureWorksDW2012]" Schema="[sys]" Table="[sysobjvalues]" Alias="[v]" Column="objid"></ColumnReference><ColumnReference Database="[AdventureWorksDW2012]" Schema="[sys]" Table="[sysobjvalues]" Alias="[v]" Column="subobjid"></ColumnReference><ColumnReference Database="[AdventureWorksDW2012]" Schema="[sys]" Table="[sysobjvalues]" Alias="[v]" Column="valnum"></ColumnReference><ColumnReference Database="[AdventureWorksDW2012]" Schema="[sys]" Table="[sysextsources]" Alias="[seds]" Column="name"></ColumnReference><ColumnReference Column="Expr1386"></ColumnReference><ColumnReference Column="Expr1387"></ColumnReference><ColumnReference Column="Expr1388"></ColumnReference><ColumnReference Database="[AdventureWorksDW2012]" Schema="[sys]" Table="[sysxprops]" Alias="[p]" Column="id"></ColumnReference><ColumnReference Column="Expr1393"></ColumnReference><ColumnReference Column="Expr1394"></ColumnReference><ColumnReference Column="Expr1395"></ColumnReference><ColumnReference Column="Expr1396"></ColumnReference><ColumnReference Column="Expr1397"></ColumnReference><ColumnReference Column="Expr1398"></ColumnReference><ColumnReference Column="Expr1399"></ColumnReference><ColumnReference Column="Expr1400"></ColumnReference><ColumnReference Column="Expr1419"></ColumnReference><ColumnReference Column="Expr1421"></ColumnReference><ColumnReference Column="Expr1440"></ColumnReference><ColumnReference Column="Expr1460"></ColumnReference><ColumnReference Column="Expr1462"></ColumnReference><ColumnReference Column="Expr1564"></ColumnReference><ColumnReference Column="Expr1669"></ColumnReference><ColumnReference Column="Expr1671"></ColumnReference><ColumnReference Column="Expr1672"></ColumnReference><ColumnReference Column="Expr1673"></ColumnReference><ColumnReference Column="Expr1675"></ColumnReference><ColumnReference Column="Expr1676"></ColumnReference><ColumnReference Column="Expr1677"></ColumnReference><ColumnReference Column="Expr1678"></ColumnReference><ColumnReference Column="Expr1679"></ColumnReference><ColumnReference Column="Expr1680"></ColumnReference><ColumnReference Column="Expr1681"></ColumnReference><ColumnReference Column="Expr1682"></ColumnReference><ColumnReference Column="Expr1684"></ColumnReference><ColumnReference Column="Expr1685"></ColumnReference><ColumnReference Column="Expr1686"></ColumnReference><ColumnReference Column="Expr1687"></ColumnReference><ColumnReference Column="Expr1750"></ColumnReference><ColumnReference Column="Expr1751"></ColumnReference><ColumnReference Column="Expr1752"></ColumnReference><ColumnReference Column="Expr1753"></ColumnReference><ColumnReference Column="Expr1754"></ColumnReference><ColumnReference Column="Expr1755"></ColumnReference><ColumnReference Column="Expr1756"></ColumnReference><ColumnReference Column="Expr1757"></ColumnReference><ColumnReference Column="Expr1758"></ColumnReference><ColumnReference Column="Expr1759"></ColumnReference><ColumnReference Column="Expr1772"></ColumnReference><ColumnReference Column="Expr1773"></ColumnReference></OutputList><NestedLoops Optimized="0"><OuterReferences><ColumnReference Database="[AdventureWorksDW2012]" Schema="[sys]" Table="[sysschobjs]" Alias="[o]" Column="id"></ColumnReference></OuterReferences><RelOp NodeId="5" PhysicalOp="Nested Loops" LogicalOp="Left Outer Join" EstimateRows="1" EstimateIO="0" EstimateCPU="4.18e-006" AvgRowSize="7975" EstimatedTotalSubtreeCost="0.589055" Parallel="0" EstimateRebinds="0" EstimateRewinds="0" EstimatedExecutionMode="Row"><OutputList><ColumnReference Database="[AdventureWorksDW2012]" Schema="[sys]" Table="[sysschobjs]" Alias="[o]" Column="id"></ColumnReference><ColumnReference Database="[AdventureWorksDW2012]" Schema="[sys]" Table="[sysschobjs]" Alias="[o]" Column="name"></ColumnReference><ColumnReference Database="[AdventureWorksDW2012]" Schema="[sys]" Table="[sysschobjs]" Alias="[o]" Column="created"></ColumnReference><ColumnReference Database="[AdventureWorksDW2012]" Schema="[sys]" Table="[sysschobjs]" Alias="[o]" Column="modified"></ColumnReference><ColumnReference Column="Expr1026"></ColumnReference><ColumnReference Column="Expr1033"></ColumnReference><ColumnReference Column="Expr1038"></ColumnReference><ColumnReference Column="Expr1040"></ColumnReference><ColumnReference Column="Expr1042"></ColumnReference><ColumnReference Database="[AdventureWorksDW2012]" Schema="[sys]" Table="[syssingleobjrefs]" Alias="[ct]" Column="indepid"></ColumnReference><ColumnReference Database="[AdventureWorksDW2012]" Schema="[sys]" Table="[syssingleobjrefs]" Alias="[ht]" Column="depid"></ColumnReference><ColumnReference Column="Expr1118"></ColumnReference><ColumnReference Database="[AdventureWorksDW2012]" Schema="[sys]" Table="[sysobjvalues]" Alias="[v]" Column="objid"></ColumnReference><ColumnReference Database="[AdventureWorksDW2012]" Schema="[sys]" Table="[sysobjvalues]" Alias="[v]" Column="subobjid"></ColumnReference><ColumnReference Database="[AdventureWorksDW2012]" Schema="[sys]" Table="[sysobjvalues]" Alias="[v]" Column="valnum"></ColumnReference><ColumnReference Database="[AdventureWorksDW2012]" Schema="[sys]" Table="[sysextsources]" Alias="[seds]" Column="name"></ColumnReference><ColumnReference Column="Expr1386"></ColumnReference><ColumnReference Column="Expr1387"></ColumnReference><ColumnReference Column="Expr1388"></ColumnReference><ColumnReference Database="[AdventureWorksDW2012]" Schema="[sys]" Table="[sysxprops]" Alias="[p]" Column="id"></ColumnReference><ColumnReference Column="Expr1393"></ColumnReference><ColumnReference Column="Expr1394"></ColumnReference><ColumnReference Column="Expr1395"></ColumnReference><ColumnReference Column="Expr1396"></ColumnReference><ColumnReference Column="Expr1397"></ColumnReference><ColumnReference Column="Expr1398"></ColumnReference><ColumnReference Column="Expr1399"></ColumnReference><ColumnReference Column="Expr1400"></ColumnReference><ColumnReference Column="Expr1419"></ColumnReference><ColumnReference Column="Expr1421"></ColumnReference><ColumnReference Column="Expr1440"></ColumnReference><ColumnReference Column="Expr1460"></ColumnReference><ColumnReference Column="Expr1462"></ColumnReference><ColumnReference Column="Expr1669"></ColumnReference><ColumnReference Column="Expr1671"></ColumnReference><ColumnReference Column="Expr1672"></ColumnReference><ColumnReference Column="Expr1673"></ColumnReference><ColumnReference Column="Expr1675"></ColumnReference><ColumnReference Column="Expr1676"></ColumnReference><ColumnReference Column="Expr1677"></ColumnReference><ColumnReference Column="Expr1678"></ColumnReference><ColumnReference Column="Expr1679"></ColumnReference><ColumnReference Column="Expr1680"></ColumnReference><ColumnReference Column="Expr1681"></ColumnReference><ColumnReference Column="Expr1682"></ColumnReference><ColumnReference Column="Expr1684"></ColumnReference><ColumnReference Column="Expr1685"></ColumnReference><ColumnReference Column="Expr1686"></ColumnReference><ColumnReference Column="Expr1687"></ColumnReference><ColumnReference Column="Expr1750"></ColumnReference><ColumnReference Column="Expr1751"></ColumnReference><ColumnReference Column="Expr1752"></ColumnReference><ColumnReference Column="Expr1753"></ColumnReference><ColumnReference Column="Expr1754"></ColumnReference><ColumnReference Column="Expr1755"></ColumnReference><ColumnReference Column="Expr1756"></ColumnReference><ColumnReference Column="Expr1757"></ColumnReference><ColumnReference Column="Expr1758"></ColumnReference><ColumnReference Column="Expr1759"></ColumnReference><ColumnReference Column="Expr1772"></ColumnReference><ColumnReference Column="Expr1773"></ColumnReference></OutputList><NestedLoops Optimized="0"><OuterReferences><ColumnReference Database="[AdventureWorksDW2012]" Schema="[sys]" Table="[sysschobjs]" Alias="[o]" Column="id"></ColumnReference></OuterReferences><RelOp NodeId="6" PhysicalOp="Nested Loops" LogicalOp="Left Outer Join" EstimateRows="1" EstimateIO="0" EstimateCPU="4.18e-006" AvgRowSize="7971" EstimatedTotalSubtreeCost="0.582446" Parallel="0" EstimateRebinds="0" EstimateRewinds="0" EstimatedExecutionMode="Row"><OutputList><ColumnReference Database="[AdventureWorksDW2012]" Schema="[sys]" Table="[sysschobjs]" Alias="[o]" Column="id"></ColumnReference><ColumnReference Database="[AdventureWorksDW2012]" Schema="[sys]" Table="[sysschobjs]" Alias="[o]" Column="name"></ColumnReference><ColumnReference Database="[AdventureWorksDW2012]" Schema="[sys]" Table="[sysschobjs]" Alias="[o]" Column="created"></ColumnReference><ColumnReference Database="[AdventureWorksDW2012]" Schema="[sys]" Table="[sysschobjs]" Alias="[o]" Column="modified"></ColumnReference><ColumnReference Column="Expr1026"></ColumnReference><ColumnReference Column="Expr1033"></ColumnReference><ColumnReference Column="Expr1038"></ColumnReference><ColumnReference Column="Expr1040"></ColumnReference><ColumnReference Column="Expr1042"></ColumnReference><ColumnReference Database="[AdventureWorksDW2012]" Schema="[sys]" Table="[syssingleobjrefs]" Alias="[ct]" Column="indepid"></ColumnReference><ColumnReference Database="[AdventureWorksDW2012]" Schema="[sys]" Table="[syssingleobjrefs]" Alias="[ht]" Column="depid"></ColumnReference><ColumnReference Column="Expr1118"></ColumnReference><ColumnReference Database="[AdventureWorksDW2012]" Schema="[sys]" Table="[sysobjvalues]" Alias="[v]" Column="objid"></ColumnReference><ColumnReference Database="[AdventureWorksDW2012]" Schema="[sys]" Table="[sysobjvalues]" Alias="[v]" Column="subobjid"></ColumnReference><ColumnReference Database="[AdventureWorksDW2012]" Schema="[sys]" Table="[sysobjvalues]" Alias="[v]" Column="valnum"></ColumnReference><ColumnReference Database="[AdventureWorksDW2012]" Schema="[sys]" Table="[sysextsources]" Alias="[seds]" Column="name"></ColumnReference><ColumnReference Column="Expr1386"></ColumnReference><ColumnReference Column="Expr1387"></ColumnReference><ColumnReference Column="Expr1388"></ColumnReference><ColumnReference Database="[AdventureWorksDW2012]" Schema="[sys]" Table="[sysxprops]" Alias="[p]" Column="id"></ColumnReference><ColumnReference Column="Expr1393"></ColumnReference><ColumnReference Column="Expr1394"></ColumnReference><ColumnReference Column="Expr1395"></ColumnReference><ColumnReference Column="Expr1396"></ColumnReference><ColumnReference Column="Expr1397"></ColumnReference><ColumnReference Column="Expr1398"></ColumnReference><ColumnReference Column="Expr1399"></ColumnReference><ColumnReference Column="Expr1400"></ColumnReference><ColumnReference Column="Expr1419"></ColumnReference><ColumnReference Column="Expr1421"></ColumnReference><ColumnReference Column="Expr1440"></ColumnReference><ColumnReference Column="Expr1462"></ColumnReference><ColumnReference Column="Expr1669"></ColumnReference><ColumnReference Column="Expr1671"></ColumnReference><ColumnReference Column="Expr1672"></ColumnReference><ColumnReference Column="Expr1673"></ColumnReference><ColumnReference Column="Expr1675"></ColumnReference><ColumnReference Column="Expr1676"></ColumnReference><ColumnReference Column="Expr1677"></ColumnReference><ColumnReference Column="Expr1678"></ColumnReference><ColumnReference Column="Expr1679"></ColumnReference><ColumnReference Column="Expr1680"></ColumnReference><ColumnReference Column="Expr1681"></ColumnReference><ColumnReference Column="Expr1682"></ColumnReference><ColumnReference Column="Expr1684"></ColumnReference><ColumnReference Column="Expr1685"></ColumnReference><ColumnReference Column="Expr1686"></ColumnReference><ColumnReference Column="Expr1687"></ColumnReference><ColumnReference Column="Expr1750"></ColumnReference><ColumnReference Column="Expr1751"></ColumnReference><ColumnReference Column="Expr1752"></ColumnReference><ColumnReference Column="Expr1753"></ColumnReference><ColumnReference Column="Expr1754"></ColumnReference><ColumnReference Column="Expr1755"></ColumnReference><ColumnReference Column="Expr1756"></ColumnReference><ColumnReference Column="Expr1757"></ColumnReference><ColumnReference Column="Expr1758"></ColumnReference><ColumnReference Column="Expr1759"></ColumnReference><ColumnReference Column="Expr1772"></ColumnReference><ColumnReference Column="Expr1773"></ColumnReference></OutputList><NestedLoops Optimized="0"><OuterReferences><ColumnReference Database="[AdventureWorksDW2012]" Schema="[sys]" Table="[sysschobjs]" Alias="[o]" Column="id"></ColumnReference></OuterReferences><RelOp NodeId="7" PhysicalOp="Nested Loops" LogicalOp="Left Outer Join" EstimateRows="1" EstimateIO="0" EstimateCPU="4.18e-006" AvgRowSize="7967" EstimatedTotalSubtreeCost="0.575837" Parallel="0" EstimateRebinds="0" EstimateRewinds="0" EstimatedExecutionMode="Row"><OutputList><ColumnReference Database="[AdventureWorksDW2012]" Schema="[sys]" Table="[sysschobjs]" Alias="[o]" Column="id"></ColumnReference><ColumnReference Database="[AdventureWorksDW2012]" Schema="[sys]" Table="[sysschobjs]" Alias="[o]" Column="name"></ColumnReference><ColumnReference Database="[AdventureWorksDW2012]" Schema="[sys]" Table="[sysschobjs]" Alias="[o]" Column="created"></ColumnReference><ColumnReference Database="[AdventureWorksDW2012]" Schema="[sys]" Table="[sysschobjs]" Alias="[o]" Column="modified"></ColumnReference><ColumnReference Column="Expr1026"></ColumnReference><ColumnReference Column="Expr1033"></ColumnReference><ColumnReference Column="Expr1038"></ColumnReference><ColumnReference Column="Expr1040"></ColumnReference><ColumnReference Column="Expr1042"></ColumnReference><ColumnReference Database="[AdventureWorksDW2012]" Schema="[sys]" Table="[syssingleobjrefs]" Alias="[ct]" Column="indepid"></ColumnReference><ColumnReference Database="[AdventureWorksDW2012]" Schema="[sys]" Table="[syssingleobjrefs]" Alias="[ht]" Column="depid"></ColumnReference><ColumnReference Column="Expr1118"></ColumnReference><ColumnReference Database="[AdventureWorksDW2012]" Schema="[sys]" Table="[sysobjvalues]" Alias="[v]" Column="objid"></ColumnReference><ColumnReference Database="[AdventureWorksDW2012]" Schema="[sys]" Table="[sysobjvalues]" Alias="[v]" Column="subobjid"></ColumnReference><ColumnReference Database="[AdventureWorksDW2012]" Schema="[sys]" Table="[sysobjvalues]" Alias="[v]" Column="valnum"></ColumnReference><ColumnReference Database="[AdventureWorksDW2012]" Schema="[sys]" Table="[sysextsources]" Alias="[seds]" Column="name"></ColumnReference><ColumnReference Column="Expr1386"></ColumnReference><ColumnReference Column="Expr1387"></ColumnReference><ColumnReference Column="Expr1388"></ColumnReference><ColumnReference Database="[AdventureWorksDW2012]" Schema="[sys]" Table="[sysxprops]" Alias="[p]" Column="id"></ColumnReference><ColumnReference Column="Expr1393"></ColumnReference><ColumnReference Column="Expr1394"></ColumnReference><ColumnReference Column="Expr1395"></ColumnReference><ColumnReference Column="Expr1396"></ColumnReference><ColumnReference Column="Expr1397"></ColumnReference><ColumnReference Column="Expr1398"></ColumnReference><ColumnReference Column="Expr1399"></ColumnReference><ColumnReference Column="Expr1400"></ColumnReference><ColumnReference Column="Expr1419"></ColumnReference><ColumnReference Column="Expr1421"></ColumnReference><ColumnReference Column="Expr1462"></ColumnReference><ColumnReference Column="Expr1669"></ColumnReference><ColumnReference Column="Expr1671"></ColumnReference><ColumnReference Column="Expr1672"></ColumnReference><ColumnReference Column="Expr1673"></ColumnReference><ColumnReference Column="Expr1675"></ColumnReference><ColumnReference Column="Expr1676"></ColumnReference><ColumnReference Column="Expr1677"></ColumnReference><ColumnReference Column="Expr1678"></ColumnReference><ColumnReference Column="Expr1679"></ColumnReference><ColumnReference Column="Expr1680"></ColumnReference><ColumnReference Column="Expr1681"></ColumnReference><ColumnReference Column="Expr1682"></ColumnReference><ColumnReference Column="Expr1684"></ColumnReference><ColumnReference Column="Expr1685"></ColumnReference><ColumnReference Column="Expr1686"></ColumnReference><ColumnReference Column="Expr1687"></ColumnReference><ColumnReference Column="Expr1750"></ColumnReference><ColumnReference Column="Expr1751"></ColumnReference><ColumnReference Column="Expr1752"></ColumnReference><ColumnReference Column="Expr1753"></ColumnReference><ColumnReference Column="Expr1754"></ColumnReference><ColumnReference Column="Expr1755"></ColumnReference><ColumnReference Column="Expr1756"></ColumnReference><ColumnReference Column="Expr1757"></ColumnReference><ColumnReference Column="Expr1758"></ColumnReference><ColumnReference Column="Expr1759"></ColumnReference><ColumnReference Column="Expr1772"></ColumnReference><ColumnReference Column="Expr1773"></ColumnReference></OutputList><NestedLoops Optimized="0"><OuterReferences><ColumnReference Database="[AdventureWorksDW2012]" Schema="[sys]" Table="[sysschobjs]" Alias="[o]" Column="id"></ColumnReference></OuterReferences><RelOp NodeId="8" PhysicalOp="Nested Loops" LogicalOp="Left Outer Join" EstimateRows="1" EstimateIO="0" EstimateCPU="4.18e-006" AvgRowSize="7963" EstimatedTotalSubtreeCost="0.569247" Parallel="0" EstimateRebinds="0" EstimateRewinds="0" EstimatedExecutionMode="Row"><OutputList><ColumnReference Database="[AdventureWorksDW2012]" Schema="[sys]" Table="[sysschobjs]" Alias="[o]" Column="id"></ColumnReference><ColumnReference Database="[AdventureWorksDW2012]" Schema="[sys]" Table="[sysschobjs]" Alias="[o]" Column="name"></ColumnReference><ColumnReference Database="[AdventureWorksDW2012]" Schema="[sys]" Table="[sysschobjs]" Alias="[o]" Column="created"></ColumnReference><ColumnReference Database="[AdventureWorksDW2012]" Schema="[sys]" Table="[sysschobjs]" Alias="[o]" Column="modified"></ColumnReference><ColumnReference Column="Expr1026"></ColumnReference><ColumnReference Column="Expr1033"></ColumnReference><ColumnReference Column="Expr1038"></ColumnReference><ColumnReference Column="Expr1040"></ColumnReference><ColumnReference Column="Expr1042"></ColumnReference><ColumnReference Database="[AdventureWorksDW2012]" Schema="[sys]" Table="[syssingleobjrefs]" Alias="[ct]" Column="indepid"></ColumnReference><ColumnReference Database="[AdventureWorksDW2012]" Schema="[sys]" Table="[syssingleobjrefs]" Alias="[ht]" Column="depid"></ColumnReference><ColumnReference Column="Expr1118"></ColumnReference><ColumnReference Database="[AdventureWorksDW2012]" Schema="[sys]" Table="[sysobjvalues]" Alias="[v]" Column="objid"></ColumnReference><ColumnReference Database="[AdventureWorksDW2012]" Schema="[sys]" Table="[sysobjvalues]" Alias="[v]" Column="subobjid"></ColumnReference><ColumnReference Database="[AdventureWorksDW2012]" Schema="[sys]" Table="[sysobjvalues]" Alias="[v]" Column="valnum"></ColumnReference><ColumnReference Database="[AdventureWorksDW2012]" Schema="[sys]" Table="[sysextsources]" Alias="[seds]" Column="name"></ColumnReference><ColumnReference Column="Expr1386"></ColumnReference><ColumnReference Column="Expr1387"></ColumnReference><ColumnReference Column="Expr1388"></ColumnReference><ColumnReference Database="[AdventureWorksDW2012]" Schema="[sys]" Table="[sysxprops]" Alias="[p]" Column="id"></ColumnReference><ColumnReference Column="Expr1393"></ColumnReference><ColumnReference Column="Expr1394"></ColumnReference><ColumnReference Column="Expr1395"></ColumnReference><ColumnReference Column="Expr1396"></ColumnReference><ColumnReference Column="Expr1397"></ColumnReference><ColumnReference Column="Expr1398"></ColumnReference><ColumnReference Column="Expr1399"></ColumnReference><ColumnReference Column="Expr1400"></ColumnReference><ColumnReference Column="Expr1421"></ColumnReference><ColumnReference Column="Expr1462"></ColumnReference><ColumnReference Column="Expr1669"></ColumnReference><ColumnReference Column="Expr1671"></ColumnReference><ColumnReference Column="Expr1672"></ColumnReference><ColumnReference Column="Expr1673"></ColumnReference><ColumnReference Column="Expr1675"></ColumnReference><ColumnReference Column="Expr1676"></ColumnReference><ColumnReference Column="Expr1677"></ColumnReference><ColumnReference Column="Expr1678"></ColumnReference><ColumnReference Column="Expr1679"></ColumnReference><ColumnReference Column="Expr1680"></ColumnReference><ColumnReference Column="Expr1681"></ColumnReference><ColumnReference Column="Expr1682"></ColumnReference><ColumnReference Column="Expr1684"></ColumnReference><ColumnReference Column="Expr1685"></ColumnReference><ColumnReference Column="Expr1686"></ColumnReference><ColumnReference Column="Expr1687"></ColumnReference><ColumnReference Column="Expr1750"></ColumnReference><ColumnReference Column="Expr1751"></ColumnReference><ColumnReference Column="Expr1752"></ColumnReference><ColumnReference Column="Expr1753"></ColumnReference><ColumnReference Column="Expr1754"></ColumnReference><ColumnReference Column="Expr1755"></ColumnReference><ColumnReference Column="Expr1756"></ColumnReference><ColumnReference Column="Expr1757"></ColumnReference><ColumnReference Column="Expr1758"></ColumnReference><ColumnReference Column="Expr1759"></ColumnReference><ColumnReference Column="Expr1772"></ColumnReference><ColumnReference Column="Expr1773"></ColumnReference></OutputList><NestedLoops Optimized="0"><PassThru><ScalarOperator ScalarString="[Expr1773]=(1)"><Compare CompareOp="EQ"><ScalarOperator><Identifier><ColumnReference Column="Expr1773"></ColumnReference></Identifier></ScalarOperator><ScalarOperator><Const ConstValue="(1)"></Const></ScalarOperator></Compare></ScalarOperator></PassThru><OuterReferences><ColumnReference Database="[AdventureWorksDW2012]" Schema="[sys]" Table="[sysschobjs]" Alias="[o]" Column="id"></ColumnReference></OuterReferences><RelOp NodeId="9" PhysicalOp="Compute Scalar" LogicalOp="Compute Scalar" EstimateRows="1" EstimateIO="0" EstimateCPU="1e-007" AvgRowSize="7959" EstimatedTotalSubtreeCost="0.565958" Parallel="0" EstimateRebinds="0" EstimateRewinds="0" EstimatedExecutionMode="Row"><OutputList><ColumnReference Database="[AdventureWorksDW2012]" Schema="[sys]" Table="[sysschobjs]" Alias="[o]" Column="id"></ColumnReference><ColumnReference Database="[AdventureWorksDW2012]" Schema="[sys]" Table="[sysschobjs]" Alias="[o]" Column="name"></ColumnReference><ColumnReference Database="[AdventureWorksDW2012]" Schema="[sys]" Table="[sysschobjs]" Alias="[o]" Column="created"></ColumnReference><ColumnReference Database="[AdventureWorksDW2012]" Schema="[sys]" Table="[sysschobjs]" Alias="[o]" Column="modified"></ColumnReference><ColumnReference Column="Expr1026"></ColumnReference><ColumnReference Column="Expr1033"></ColumnReference><ColumnReference Column="Expr1038"></ColumnReference><ColumnReference Column="Expr1040"></ColumnReference><ColumnReference Column="Expr1042"></ColumnReference><ColumnReference Database="[AdventureWorksDW2012]" Schema="[sys]" Table="[syssingleobjrefs]" Alias="[ct]" Column="indepid"></ColumnReference><ColumnReference Database="[AdventureWorksDW2012]" Schema="[sys]" Table="[syssingleobjrefs]" Alias="[ht]" Column="depid"></ColumnReference><ColumnReference Column="Expr1118"></ColumnReference><ColumnReference Database="[AdventureWorksDW2012]" Schema="[sys]" Table="[sysobjvalues]" Alias="[v]" Column="objid"></ColumnReference><ColumnReference Database="[AdventureWorksDW2012]" Schema="[sys]" Table="[sysobjvalues]" Alias="[v]" Column="subobjid"></ColumnReference><ColumnReference Database="[AdventureWorksDW2012]" Schema="[sys]" Table="[sysobjvalues]" Alias="[v]" Column="valnum"></ColumnReference><ColumnReference Database="[AdventureWorksDW2012]" Schema="[sys]" Table="[sysextsources]" Alias="[seds]" Column="name"></ColumnReference><ColumnReference Column="Expr1386"></ColumnReference><ColumnReference Column="Expr1387"></ColumnReference><ColumnReference Column="Expr1388"></ColumnReference><ColumnReference Column="Expr1393"></ColumnReference><ColumnReference Column="Expr1394"></ColumnReference><ColumnReference Column="Expr1395"></ColumnReference><ColumnReference Column="Expr1396"></ColumnReference><ColumnReference Column="Expr1397"></ColumnReference><ColumnReference Column="Expr1398"></ColumnReference><ColumnReference Column="Expr1399"></ColumnReference><ColumnReference Column="Expr1400"></ColumnReference><ColumnReference Column="Expr1421"></ColumnReference><ColumnReference Column="Expr1462"></ColumnReference><ColumnReference Column="Expr1669"></ColumnReference><ColumnReference Column="Expr1671"></ColumnReference><ColumnReference Column="Expr1672"></ColumnReference><ColumnReference Column="Expr1673"></ColumnReference><ColumnReference Column="Expr1675"></ColumnReference><ColumnReference Column="Expr1676"></ColumnReference><ColumnReference Column="Expr1677"></ColumnReference><ColumnReference Column="Expr1678"></ColumnReference><ColumnReference Column="Expr1679"></ColumnReference><ColumnReference Column="Expr1680"></ColumnReference><ColumnReference Column="Expr1681"></ColumnReference><ColumnReference Column="Expr1682"></ColumnReference><ColumnReference Column="Expr1684"></ColumnReference><ColumnReference Column="Expr1685"></ColumnReference><ColumnReference Column="Expr1686"></ColumnReference><ColumnReference Column="Expr1687"></ColumnReference><ColumnReference Column="Expr1750"></ColumnReference><ColumnReference Column="Expr1751"></ColumnReference><ColumnReference Column="Expr1752"></ColumnReference><ColumnReference Column="Expr1753"></ColumnReference><ColumnReference Column="Expr1754"></ColumnReference><ColumnReference Column="Expr1755"></ColumnReference><ColumnReference Column="Expr1756"></ColumnReference><ColumnReference Column="Expr1757"></ColumnReference><ColumnReference Column="Expr1758"></ColumnReference><ColumnReference Column="Expr1759"></ColumnReference><ColumnReference Column="Expr1772"></ColumnReference><ColumnReference Column="Expr1773"></ColumnReference></OutputList><ComputeScalar><DefinedValues><DefinedValue><ColumnReference Column="Expr1755"></ColumnReference><ScalarOperator ScalarString="isnull([AdventureWorksDW2012].[sys].[sysextfileformats].[name] as [seff].[name],N&apos;&apos;)"><Intrinsic FunctionName="isnull"><ScalarOperator><Identifier><ColumnReference Database="[AdventureWorksDW2012]" Schema="[sys]" Table="[sysextfileformats]" Alias="[seff]" Column="name"></ColumnReference></Identifier></ScalarOperator><ScalarOperator><Const ConstValue="N&apos;&apos;"></Const></ScalarOperator></Intrinsic></ScalarOperator></DefinedValue></DefinedValues><RelOp NodeId="10" PhysicalOp="Nested Loops" LogicalOp="Left Outer Join" EstimateRows="1" EstimateIO="0" EstimateCPU="4.18e-006" AvgRowSize="7959" EstimatedTotalSubtreeCost="0.565958" Parallel="0" EstimateRebinds="0" EstimateRewinds="0" EstimatedExecutionMode="Row"><OutputList><ColumnReference Database="[AdventureWorksDW2012]" Schema="[sys]" Table="[sysschobjs]" Alias="[o]" Column="id"></ColumnReference><ColumnReference Database="[AdventureWorksDW2012]" Schema="[sys]" Table="[sysschobjs]" Alias="[o]" Column="name"></ColumnReference><ColumnReference Database="[AdventureWorksDW2012]" Schema="[sys]" Table="[sysschobjs]" Alias="[o]" Column="created"></ColumnReference><ColumnReference Database="[AdventureWorksDW2012]" Schema="[sys]" Table="[sysschobjs]" Alias="[o]" Column="modified"></ColumnReference><ColumnReference Column="Expr1026"></ColumnReference><ColumnReference Column="Expr1033"></ColumnReference><ColumnReference Column="Expr1038"></ColumnReference><ColumnReference Column="Expr1040"></ColumnReference><ColumnReference Column="Expr1042"></ColumnReference><ColumnReference Database="[AdventureWorksDW2012]" Schema="[sys]" Table="[syssingleobjrefs]" Alias="[ct]" Column="indepid"></ColumnReference><ColumnReference Database="[AdventureWorksDW2012]" Schema="[sys]" Table="[syssingleobjrefs]" Alias="[ht]" Column="depid"></ColumnReference><ColumnReference Column="Expr1118"></ColumnReference><ColumnReference Database="[AdventureWorksDW2012]" Schema="[sys]" Table="[sysobjvalues]" Alias="[v]" Column="objid"></ColumnReference><ColumnReference Database="[AdventureWorksDW2012]" Schema="[sys]" Table="[sysobjvalues]" Alias="[v]" Column="subobjid"></ColumnReference><ColumnReference Database="[AdventureWorksDW2012]" Schema="[sys]" Table="[sysobjvalues]" Alias="[v]" Column="valnum"></ColumnReference><ColumnReference Database="[AdventureWorksDW2012]" Schema="[sys]" Table="[sysextsources]" Alias="[seds]" Column="name"></ColumnReference><ColumnReference Database="[AdventureWorksDW2012]" Schema="[sys]" Table="[sysextfileformats]" Alias="[seff]" Column="name"></ColumnReference><ColumnReference Column="Expr1386"></ColumnReference><ColumnReference Column="Expr1387"></ColumnReference><ColumnReference Column="Expr1388"></ColumnReference><ColumnReference Column="Expr1393"></ColumnReference><ColumnReference Column="Expr1394"></ColumnReference><ColumnReference Column="Expr1395"></ColumnReference><ColumnReference Column="Expr1396"></ColumnReference><ColumnReference Column="Expr1397"></ColumnReference><ColumnReference Column="Expr1398"></ColumnReference><ColumnReference Column="Expr1399"></ColumnReference><ColumnReference Column="Expr1400"></ColumnReference><ColumnReference Column="Expr1421"></ColumnReference><ColumnReference Column="Expr1462"></ColumnReference><ColumnReference Column="Expr1669"></ColumnReference><ColumnReference Column="Expr1671"></ColumnReference><ColumnReference Column="Expr1672"></ColumnReference><ColumnReference Column="Expr1673"></ColumnReference><ColumnReference Column="Expr1675"></ColumnReference><ColumnReference Column="Expr1676"></ColumnReference><ColumnReference Column="Expr1677"></ColumnReference><ColumnReference Column="Expr1678"></ColumnReference><ColumnReference Column="Expr1679"></ColumnReference><ColumnReference Column="Expr1680"></ColumnReference><ColumnReference Column="Expr1681"></ColumnReference><ColumnReference Column="Expr1682"></ColumnReference><ColumnReference Column="Expr1684"></ColumnReference><ColumnReference Column="Expr1685"></ColumnReference><ColumnReference Column="Expr1686"></ColumnReference><ColumnReference Column="Expr1687"></ColumnReference><ColumnReference Column="Expr1750"></ColumnReference><ColumnReference Column="Expr1751"></ColumnReference><ColumnReference Column="Expr1752"></ColumnReference><ColumnReference Column="Expr1753"></ColumnReference><ColumnReference Column="Expr1754"></ColumnReference><ColumnReference Column="Expr1756"></ColumnReference><ColumnReference Column="Expr1757"></ColumnReference><ColumnReference Column="Expr1758"></ColumnReference><ColumnReference Column="Expr1759"></ColumnReference><ColumnReference Column="Expr1772"></ColumnReference><ColumnReference Column="Expr1773"></ColumnReference></OutputList><NestedLoops Optimized="0"><OuterReferences><ColumnReference Database="[AdventureWorksDW2012]" Schema="[sys]" Table="[sysexttables]" Alias="[et]" Column="file_format_id"></ColumnReference></OuterReferences><RelOp NodeId="11" PhysicalOp="Nested Loops" LogicalOp="Left Outer Join" EstimateRows="1" EstimateIO="0" EstimateCPU="4.18e-006" AvgRowSize="7833" EstimatedTotalSubtreeCost="0.56267" Parallel="0" EstimateRebinds="0" EstimateRewinds="0" EstimatedExecutionMode="Row"><OutputList><ColumnReference Database="[AdventureWorksDW2012]" Schema="[sys]" Table="[sysschobjs]" Alias="[o]" Column="id"></ColumnReference><ColumnReference Database="[AdventureWorksDW2012]" Schema="[sys]" Table="[sysschobjs]" Alias="[o]" Column="name"></ColumnReference><ColumnReference Database="[AdventureWorksDW2012]" Schema="[sys]" Table="[sysschobjs]" Alias="[o]" Column="created"></ColumnReference><ColumnReference Database="[AdventureWorksDW2012]" Schema="[sys]" Table="[sysschobjs]" Alias="[o]" Column="modified"></ColumnReference><ColumnReference Column="Expr1026"></ColumnReference><ColumnReference Column="Expr1033"></ColumnReference><ColumnReference Column="Expr1038"></ColumnReference><ColumnReference Column="Expr1040"></ColumnReference><ColumnReference Column="Expr1042"></ColumnReference><ColumnReference Database="[AdventureWorksDW2012]" Schema="[sys]" Table="[syssingleobjrefs]" Alias="[ct]" Column="indepid"></ColumnReference><ColumnReference Database="[AdventureWorksDW2012]" Schema="[sys]" Table="[syssingleobjrefs]" Alias="[ht]" Column="depid"></ColumnReference><ColumnReference Column="Expr1118"></ColumnReference><ColumnReference Database="[AdventureWorksDW2012]" Schema="[sys]" Table="[sysobjvalues]" Alias="[v]" Column="objid"></ColumnReference><ColumnReference Database="[AdventureWorksDW2012]" Schema="[sys]" Table="[sysobjvalues]" Alias="[v]" Column="subobjid"></ColumnReference><ColumnReference Database="[AdventureWorksDW2012]" Schema="[sys]" Table="[sysobjvalues]" Alias="[v]" Column="valnum"></ColumnReference><ColumnReference Database="[AdventureWorksDW2012]" Schema="[sys]" Table="[sysexttables]" Alias="[et]" Column="file_format_id"></ColumnReference><ColumnReference Database="[AdventureWorksDW2012]" Schema="[sys]" Table="[sysextsources]" Alias="[seds]" Column="name"></ColumnReference><ColumnReference Column="Expr1386"></ColumnReference><ColumnReference Column="Expr1387"></ColumnReference><ColumnReference Column="Expr1388"></ColumnReference><ColumnReference Column="Expr1393"></ColumnReference><ColumnReference Column="Expr1394"></ColumnReference><ColumnReference Column="Expr1395"></ColumnReference><ColumnReference Column="Expr1396"></ColumnReference><ColumnReference Column="Expr1397"></ColumnReference><ColumnReference Column="Expr1398"></ColumnReference><ColumnReference Column="Expr1399"></ColumnReference><ColumnReference Column="Expr1400"></ColumnReference><ColumnReference Column="Expr1421"></ColumnReference><ColumnReference Column="Expr1462"></ColumnReference><ColumnReference Column="Expr1669"></ColumnReference><ColumnReference Column="Expr1671"></ColumnReference><ColumnReference Column="Expr1672"></ColumnReference><ColumnReference Column="Expr1673"></ColumnReference><ColumnReference Column="Expr1675"></ColumnReference><ColumnReference Column="Expr1676"></ColumnReference><ColumnReference Column="Expr1677"></ColumnReference><ColumnReference Column="Expr1678"></ColumnReference><ColumnReference Column="Expr1679"></ColumnReference><ColumnReference Column="Expr1680"></ColumnReference><ColumnReference Column="Expr1681"></ColumnReference><ColumnReference Column="Expr1682"></ColumnReference><ColumnReference Column="Expr1684"></ColumnReference><ColumnReference Column="Expr1685"></ColumnReference><ColumnReference Column="Expr1686"></ColumnReference><ColumnReference Column="Expr1687"></ColumnReference><ColumnReference Column="Expr1750"></ColumnReference><ColumnReference Column="Expr1751"></ColumnReference><ColumnReference Column="Expr1752"></ColumnReference><ColumnReference Column="Expr1753"></ColumnReference><ColumnReference Column="Expr1754"></ColumnReference><ColumnReference Column="Expr1756"></ColumnReference><ColumnReference Column="Expr1757"></ColumnReference><ColumnReference Column="Expr1758"></ColumnReference><ColumnReference Column="Expr1759"></ColumnReference><ColumnReference Column="Expr1772"></ColumnReference><ColumnReference Column="Expr1773"></ColumnReference></OutputList><NestedLoops Optimized="0"><OuterReferences><ColumnReference Database="[AdventureWorksDW2012]" Schema="[sys]" Table="[sysexttables]" Alias="[et]" Column="data_source_id"></ColumnReference></OuterReferences><RelOp NodeId="12" PhysicalOp="Compute Scalar" LogicalOp="Compute Scalar" EstimateRows="1" EstimateIO="0" EstimateCPU="1e-007" AvgRowSize="7707" EstimatedTotalSubtreeCost="0.559383" Parallel="0" EstimateRebinds="0" EstimateRewinds="0" EstimatedExecutionMode="Row"><OutputList><ColumnReference Database="[AdventureWorksDW2012]" Schema="[sys]" Table="[sysschobjs]" Alias="[o]" Column="id"></ColumnReference><ColumnReference Database="[AdventureWorksDW2012]" Schema="[sys]" Table="[sysschobjs]" Alias="[o]" Column="name"></ColumnReference><ColumnReference Database="[AdventureWorksDW2012]" Schema="[sys]" Table="[sysschobjs]" Alias="[o]" Column="created"></ColumnReference><ColumnReference Database="[AdventureWorksDW2012]" Schema="[sys]" Table="[sysschobjs]" Alias="[o]" Column="modified"></ColumnReference><ColumnReference Column="Expr1026"></ColumnReference><ColumnReference Column="Expr1033"></ColumnReference><ColumnReference Column="Expr1038"></ColumnReference><ColumnReference Column="Expr1040"></ColumnReference><ColumnReference Column="Expr1042"></ColumnReference><ColumnReference Database="[AdventureWorksDW2012]" Schema="[sys]" Table="[syssingleobjrefs]" Alias="[ct]" Column="indepid"></ColumnReference><ColumnReference Database="[AdventureWorksDW2012]" Schema="[sys]" Table="[syssingleobjrefs]" Alias="[ht]" Column="depid"></ColumnReference><ColumnReference Column="Expr1118"></ColumnReference><ColumnReference Database="[AdventureWorksDW2012]" Schema="[sys]" Table="[sysobjvalues]" Alias="[v]" Column="objid"></ColumnReference><ColumnReference Database="[AdventureWorksDW2012]" Schema="[sys]" Table="[sysobjvalues]" Alias="[v]" Column="subobjid"></ColumnReference><ColumnReference Database="[AdventureWorksDW2012]" Schema="[sys]" Table="[sysobjvalues]" Alias="[v]" Column="valnum"></ColumnReference><ColumnReference Database="[AdventureWorksDW2012]" Schema="[sys]" Table="[sysexttables]" Alias="[et]" Column="data_source_id"></ColumnReference><ColumnReference Database="[AdventureWorksDW2012]" Schema="[sys]" Table="[sysexttables]" Alias="[et]" Column="file_format_id"></ColumnReference><ColumnReference Column="Expr1386"></ColumnReference><ColumnReference Column="Expr1387"></ColumnReference><ColumnReference Column="Expr1388"></ColumnReference><ColumnReference Column="Expr1393"></ColumnReference><ColumnReference Column="Expr1394"></ColumnReference><ColumnReference Column="Expr1395"></ColumnReference><ColumnReference Column="Expr1396"></ColumnReference><ColumnReference Column="Expr1397"></ColumnReference><ColumnReference Column="Expr1398"></ColumnReference><ColumnReference Column="Expr1399"></ColumnReference><ColumnReference Column="Expr1400"></ColumnReference><ColumnReference Column="Expr1421"></ColumnReference><ColumnReference Column="Expr1462"></ColumnReference><ColumnReference Column="Expr1669"></ColumnReference><ColumnReference Column="Expr1671"></ColumnReference><ColumnReference Column="Expr1672"></ColumnReference><ColumnReference Column="Expr1673"></ColumnReference><ColumnReference Column="Expr1675"></ColumnReference><ColumnReference Column="Expr1676"></ColumnReference><ColumnReference Column="Expr1677"></ColumnReference><ColumnReference Column="Expr1678"></ColumnReference><ColumnReference Column="Expr1679"></ColumnReference><ColumnReference Column="Expr1680"></ColumnReference><ColumnReference Column="Expr1681"></ColumnReference><ColumnReference Column="Expr1682"></ColumnReference><ColumnReference Column="Expr1684"></ColumnReference><ColumnReference Column="Expr1685"></ColumnReference><ColumnReference Column="Expr1686"></ColumnReference><ColumnReference Column="Expr1687"></ColumnReference><ColumnReference Column="Expr1750"></ColumnReference><ColumnReference Column="Expr1751"></ColumnReference><ColumnReference Column="Expr1752"></ColumnReference><ColumnReference Column="Expr1753"></ColumnReference><ColumnReference Column="Expr1754"></ColumnReference><ColumnReference Column="Expr1756"></ColumnReference><ColumnReference Column="Expr1757"></ColumnReference><ColumnReference Column="Expr1758"></ColumnReference><ColumnReference Column="Expr1759"></ColumnReference><ColumnReference Column="Expr1772"></ColumnReference><ColumnReference Column="Expr1773"></ColumnReference></OutputList><ComputeScalar><DefinedValues><DefinedValue><ColumnReference Column="Expr1756"></ColumnReference><ScalarOperator ScalarString="isnull([AdventureWorksDW2012].[sys].[sysexttables].[location] as [et].[location],N&apos;&apos;)"><Intrinsic FunctionName="isnull"><ScalarOperator><Identifier><ColumnReference Database="[AdventureWorksDW2012]" Schema="[sys]" Table="[sysexttables]" Alias="[et]" Column="location"></ColumnReference></Identifier></ScalarOperator><ScalarOperator><Const ConstValue="N&apos;&apos;"></Const></ScalarOperator></Intrinsic></ScalarOperator></DefinedValue><DefinedValue><ColumnReference Column="Expr1757"></ColumnReference><ScalarOperator ScalarString="CASE WHEN [AdventureWorksDW2012].[sys].[sysexttables].[reject_type] as [et].[reject_type]=N&apos;VALUE&apos; THEN (0) ELSE CASE WHEN [AdventureWorksDW2012].[sys].[sysexttables].[reject_type] as [et].[reject_type]=N&apos;PERCENTAGE&apos; THEN (1) ELSE (255) END END"><IF><Condition><ScalarOperator><Compare CompareOp="EQ"><ScalarOperator><Identifier><ColumnReference Database="[AdventureWorksDW2012]" Schema="[sys]" Table="[sysexttables]" Alias="[et]" Column="reject_type"></ColumnReference></Identifier></ScalarOperator><ScalarOperator><Const ConstValue="N&apos;VALUE&apos;"></Const></ScalarOperator></Compare></ScalarOperator></Condition><Then><ScalarOperator><Const ConstValue="(0)"></Const></ScalarOperator></Then><Else><ScalarOperator><IF><Condition><ScalarOperator><Compare CompareOp="EQ"><ScalarOperator><Identifier><ColumnReference Database="[AdventureWorksDW2012]" Schema="[sys]" Table="[sysexttables]" Alias="[et]" Column="reject_type"></ColumnReference></Identifier></ScalarOperator><ScalarOperator><Const ConstValue="N&apos;PERCENTAGE&apos;"></Const></ScalarOperator></Compare></ScalarOperator></Condition><Then><ScalarOperator><Const ConstValue="(1)"></Const></ScalarOperator></Then><Else><ScalarOperator><Const ConstValue="(255)"></Const></ScalarOperator></Else></IF></ScalarOperator></Else></IF></ScalarOperator></DefinedValue><DefinedValue><ColumnReference Column="Expr1758"></ColumnReference><ScalarOperator ScalarString="isnull([AdventureWorksDW2012].[sys].[sysexttables].[reject_value] as [et].[reject_value],(0.0000000000000000e+000))"><Intrinsic FunctionName="isnull"><ScalarOperator><Identifier><ColumnReference Database="[AdventureWorksDW2012]" Schema="[sys]" Table="[sysexttables]" Alias="[et]" Column="reject_value"></ColumnReference></Identifier></ScalarOperator><ScalarOperator><Const ConstValue="(0.0000000000000000e+000)"></Const></ScalarOperator></Intrinsic></ScalarOperator></DefinedValue><DefinedValue><ColumnReference Column="Expr1759"></ColumnReference><ScalarOperator ScalarString="isnull([AdventureWorksDW2012].[sys].[sysexttables].[reject_sample_value] as [et].[reject_sample_value],(-1.0000000000000000e+000))"><Intrinsic FunctionName="isnull"><ScalarOperator><Identifier><ColumnReference Database="[AdventureWorksDW2012]" Schema="[sys]" Table="[sysexttables]" Alias="[et]" Column="reject_sample_value"></ColumnReference></Identifier></ScalarOperator><ScalarOperator><Const ConstValue="(-1.0000000000000000e+000)"></Const></ScalarOperator></Intrinsic></ScalarOperator></DefinedValue></DefinedValues><RelOp NodeId="13" PhysicalOp="Nested Loops" LogicalOp="Left Outer Join" EstimateRows="1" EstimateIO="0" EstimateCPU="0.000387656" AvgRowSize="7725" EstimatedTotalSubtreeCost="0.559383" Parallel="0" EstimateRebinds="0" EstimateRewinds="0" EstimatedExecutionMode="Row"><OutputList><ColumnReference Database="[AdventureWorksDW2012]" Schema="[sys]" Table="[sysschobjs]" Alias="[o]" Column="id"></ColumnReference><ColumnReference Database="[AdventureWorksDW2012]" Schema="[sys]" Table="[sysschobjs]" Alias="[o]" Column="name"></ColumnReference><ColumnReference Database="[AdventureWorksDW2012]" Schema="[sys]" Table="[sysschobjs]" Alias="[o]" Column="created"></ColumnReference><ColumnReference Database="[AdventureWorksDW2012]" Schema="[sys]" Table="[sysschobjs]" Alias="[o]" Column="modified"></ColumnReference><ColumnReference Column="Expr1026"></ColumnReference><ColumnReference Column="Expr1033"></ColumnReference><ColumnReference Column="Expr1038"></ColumnReference><ColumnReference Column="Expr1040"></ColumnReference><ColumnReference Column="Expr1042"></ColumnReference><ColumnReference Database="[AdventureWorksDW2012]" Schema="[sys]" Table="[syssingleobjrefs]" Alias="[ct]" Column="indepid"></ColumnReference><ColumnReference Database="[AdventureWorksDW2012]" Schema="[sys]" Table="[syssingleobjrefs]" Alias="[ht]" Column="depid"></ColumnReference><ColumnReference Column="Expr1118"></ColumnReference><ColumnReference Database="[AdventureWorksDW2012]" Schema="[sys]" Table="[sysobjvalues]" Alias="[v]" Column="objid"></ColumnReference><ColumnReference Database="[AdventureWorksDW2012]" Schema="[sys]" Table="[sysobjvalues]" Alias="[v]" Column="subobjid"></ColumnReference><ColumnReference Database="[AdventureWorksDW2012]" Schema="[sys]" Table="[sysobjvalues]" Alias="[v]" Column="valnum"></ColumnReference><ColumnReference Database="[AdventureWorksDW2012]" Schema="[sys]" Table="[sysexttables]" Alias="[et]" Column="data_source_id"></ColumnReference><ColumnReference Database="[AdventureWorksDW2012]" Schema="[sys]" Table="[sysexttables]" Alias="[et]" Column="file_format_id"></ColumnReference><ColumnReference Database="[AdventureWorksDW2012]" Schema="[sys]" Table="[sysexttables]" Alias="[et]" Column="location"></ColumnReference><ColumnReference Database="[AdventureWorksDW2012]" Schema="[sys]" Table="[sysexttables]" Alias="[et]" Column="reject_type"></ColumnReference><ColumnReference Database="[AdventureWorksDW2012]" Schema="[sys]" Table="[sysexttables]" Alias="[et]" Column="reject_value"></ColumnReference><ColumnReference Database="[AdventureWorksDW2012]" Schema="[sys]" Table="[sysexttables]" Alias="[et]" Column="reject_sample_value"></ColumnReference><ColumnReference Column="Expr1386"></ColumnReference><ColumnReference Column="Expr1387"></ColumnReference><ColumnReference Column="Expr1388"></ColumnReference><ColumnReference Column="Expr1393"></ColumnReference><ColumnReference Column="Expr1394"></ColumnReference><ColumnReference Column="Expr1395"></ColumnReference><ColumnReference Column="Expr1396"></ColumnReference><ColumnReference Column="Expr1397"></ColumnReference><ColumnReference Column="Expr1398"></ColumnReference><ColumnReference Column="Expr1399"></ColumnReference><ColumnReference Column="Expr1400"></ColumnReference><ColumnReference Column="Expr1421"></ColumnReference><ColumnReference Column="Expr1462"></ColumnReference><ColumnReference Column="Expr1669"></ColumnReference><ColumnReference Column="Expr1671"></ColumnReference><ColumnReference Column="Expr1672"></ColumnReference><ColumnReference Column="Expr1673"></ColumnReference><ColumnReference Column="Expr1675"></ColumnReference><ColumnReference Column="Expr1676"></ColumnReference><ColumnReference Column="Expr1677"></ColumnReference><ColumnReference Column="Expr1678"></ColumnReference><ColumnReference Column="Expr1679"></ColumnReference><ColumnReference Column="Expr1680"></ColumnReference><ColumnReference Column="Expr1681"></ColumnReference><ColumnReference Column="Expr1682"></ColumnReference><ColumnReference Column="Expr1684"></ColumnReference><ColumnReference Column="Expr1685"></ColumnReference><ColumnReference Column="Expr1686"></ColumnReference><ColumnReference Column="Expr1687"></ColumnReference><ColumnReference Column="Expr1750"></ColumnReference><ColumnReference Column="Expr1751"></ColumnReference><ColumnReference Column="Expr1752"></ColumnReference><ColumnReference Column="Expr1753"></ColumnReference><ColumnReference Column="Expr1754"></ColumnReference><ColumnReference Column="Expr1772"></ColumnReference><ColumnReference Column="Expr1773"></ColumnReference></OutputList><NestedLoops Optimized="0"><Predicate><ScalarOperator ScalarString="[AdventureWorksDW2012].[sys].[sysschobjs].[id] as [o].[id]=[AdventureWorksDW2012].[sys].[sysschobjs].[id] as [o].[id]"><Compare CompareOp="EQ"><ScalarOperator><Identifier><ColumnReference Database="[AdventureWorksDW2012]" Schema="[sys]" Table="[sysschobjs]" Alias="[o]" Column="id"></ColumnReference></Identifier></ScalarOperator><ScalarOperator><Identifier><ColumnReference Database="[AdventureWorksDW2012]" Schema="[sys]" Table="[sysschobjs]" Alias="[o]" Column="id"></ColumnReference></Identifier></ScalarOperator></Compare></ScalarOperator></Predicate><RelOp NodeId="14" PhysicalOp="Compute Scalar" LogicalOp="Compute Scalar" EstimateRows="92.7407" EstimateIO="0" EstimateCPU="9.27407e-006" AvgRowSize="3676" EstimatedTotalSubtreeCost="0.533104" Parallel="0" EstimateRebinds="0" EstimateRewinds="0" EstimatedExecutionMode="Row"><OutputList><ColumnReference Database="[AdventureWorksDW2012]" Schema="[sys]" Table="[sysschobjs]" Alias="[o]" Column="id"></ColumnReference><ColumnReference Database="[AdventureWorksDW2012]" Schema="[sys]" Table="[sysschobjs]" Alias="[o]" Column="name"></ColumnReference><ColumnReference Database="[AdventureWorksDW2012]" Schema="[sys]" Table="[sysschobjs]" Alias="[o]" Column="created"></ColumnReference><ColumnReference Database="[AdventureWorksDW2012]" Schema="[sys]" Table="[sysschobjs]" Alias="[o]" Column="modified"></ColumnReference><ColumnReference Column="Expr1026"></ColumnReference><ColumnReference Column="Expr1033"></ColumnReference><ColumnReference Column="Expr1038"></ColumnReference><ColumnReference Column="Expr1040"></ColumnReference><ColumnReference Column="Expr1042"></ColumnReference><ColumnReference Database="[AdventureWorksDW2012]" Schema="[sys]" Table="[syssingleobjrefs]" Alias="[ct]" Column="indepid"></ColumnReference><ColumnReference Database="[AdventureWorksDW2012]" Schema="[sys]" Table="[syssingleobjrefs]" Alias="[ht]" Column="depid"></ColumnReference><ColumnReference Column="Expr1118"></ColumnReference><ColumnReference Database="[AdventureWorksDW2012]" Schema="[sys]" Table="[sysobjvalues]" Alias="[v]" Column="objid"></ColumnReference><ColumnReference Database="[AdventureWorksDW2012]" Schema="[sys]" Table="[sysobjvalues]" Alias="[v]" Column="subobjid"></ColumnReference><ColumnReference Database="[AdventureWorksDW2012]" Schema="[sys]" Table="[sysobjvalues]" Alias="[v]" Column="valnum"></ColumnReference><ColumnReference Column="Expr1386"></ColumnReference><ColumnReference Column="Expr1387"></ColumnReference><ColumnReference Column="Expr1388"></ColumnReference><ColumnReference Column="Expr1393"></ColumnReference><ColumnReference Column="Expr1394"></ColumnReference><ColumnReference Column="Expr1395"></ColumnReference><ColumnReference Column="Expr1396"></ColumnReference><ColumnReference Column="Expr1397"></ColumnReference><ColumnReference Column="Expr1398"></ColumnReference><ColumnReference Column="Expr1399"></ColumnReference><ColumnReference Column="Expr1400"></ColumnReference><ColumnReference Column="Expr1421"></ColumnReference><ColumnReference Column="Expr1462"></ColumnReference><ColumnReference Column="Expr1669"></ColumnReference><ColumnReference Column="Expr1671"></ColumnReference><ColumnReference Column="Expr1672"></ColumnReference><ColumnReference Column="Expr1673"></ColumnReference><ColumnReference Column="Expr1675"></ColumnReference><ColumnReference Column="Expr1676"></ColumnReference><ColumnReference Column="Expr1677"></ColumnReference><ColumnReference Column="Expr1678"></ColumnReference><ColumnReference Column="Expr1679"></ColumnReference><ColumnReference Column="Expr1680"></ColumnReference><ColumnReference Column="Expr1681"></ColumnReference><ColumnReference Column="Expr1682"></ColumnReference><ColumnReference Column="Expr1684"></ColumnReference><ColumnReference Column="Expr1685"></ColumnReference><ColumnReference Column="Expr1686"></ColumnReference><ColumnReference Column="Expr1687"></ColumnReference><ColumnReference Column="Expr1750"></ColumnReference><ColumnReference Column="Expr1751"></ColumnReference><ColumnReference Column="Expr1752"></ColumnReference><ColumnReference Column="Expr1753"></ColumnReference><ColumnReference Column="Expr1754"></ColumnReference><ColumnReference Column="Expr1772"></ColumnReference><ColumnReference Column="Expr1773"></ColumnReference></OutputList><ComputeScalar><DefinedValues><DefinedValue><ColumnReference Column="Expr1750"></ColumnReference><ScalarOperator ScalarString="CONVERT(tinyint,isnull(#tmp_extended_remote_data_archive_tables.[migration_state] as [rdat].[migration_state],(0)),0)"><Convert DataType="tinyint" Style="0" Implicit="0"><ScalarOperator><Intrinsic FunctionName="isnull"><ScalarOperator><Identifier><ColumnReference Table="#tmp_extended_remote_data_archive_tables" Alias="[rdat]" Column="migration_state"></ColumnReference></Identifier></ScalarOperator><ScalarOperator><Const ConstValue="(0)"></Const></ScalarOperator></Intrinsic></ScalarOperator></Convert></ScalarOperator></DefinedValue><DefinedValue><ColumnReference Column="Expr1751"></ColumnReference><ScalarOperator ScalarString="CONVERT(varchar(4000),#tmp_extended_remote_data_archive_tables.[filter_predicate] as [rdat].[filter_predicate],0)"><Convert DataType="varchar" Length="4000" Style="0" Implicit="0"><ScalarOperator><Identifier><ColumnReference Table="#tmp_extended_remote_data_archive_tables" Alias="[rdat]" Column="filter_predicate"></ColumnReference></Identifier></ScalarOperator></Convert></ScalarOperator></DefinedValue><DefinedValue><ColumnReference Column="Expr1752"></ColumnReference><ScalarOperator ScalarString="CONVERT(nvarchar(128),#tmp_extended_remote_data_archive_tables.[remote_table_name] as [rdat].[remote_table_name],0)"><Convert DataType="nvarchar" Length="256" Style="0" Implicit="0"><ScalarOperator><Identifier><ColumnReference Table="#tmp_extended_remote_data_archive_tables" Alias="[rdat]" Column="remote_table_name"></ColumnReference></Identifier></ScalarOperator></Convert></ScalarOperator></DefinedValue><DefinedValue><ColumnReference Column="Expr1753"></ColumnReference><ScalarOperator ScalarString="CONVERT(bit,CASE WHEN #tmp_extended_remote_data_archive_tables.[remote_table_name] as [rdat].[remote_table_name] IS NULL THEN (0) ELSE (1) END,0)"><Convert DataType="bit" Style="0" Implicit="0"><ScalarOperator><IF><Condition><ScalarOperator><Compare CompareOp="IS"><ScalarOperator><Identifier><ColumnReference Table="#tmp_extended_remote_data_archive_tables" Alias="[rdat]" Column="remote_table_name"></ColumnReference></Identifier></ScalarOperator><ScalarOperator><Const ConstValue="NULL"></Const></ScalarOperator></Compare></ScalarOperator></Condition><Then><ScalarOperator><Const ConstValue="(0)"></Const></ScalarOperator></Then><Else><ScalarOperator><Const ConstValue="(1)"></Const></ScalarOperator></Else></IF></ScalarOperator></Convert></ScalarOperator></DefinedValue></DefinedValues><RelOp NodeId="15" PhysicalOp="Nested Loops" LogicalOp="Left Outer Join" EstimateRows="92.7407" EstimateIO="0" EstimateCPU="0.000379903" AvgRowSize="5700" EstimatedTotalSubtreeCost="0.533094" Parallel="0" EstimateRebinds="0" EstimateRewinds="0" EstimatedExecutionMode="Row"><OutputList><ColumnReference Database="[AdventureWorksDW2012]" Schema="[sys]" Table="[sysschobjs]" Alias="[o]" Column="id"></ColumnReference><ColumnReference Database="[AdventureWorksDW2012]" Schema="[sys]" Table="[sysschobjs]" Alias="[o]" Column="name"></ColumnReference><ColumnReference Database="[AdventureWorksDW2012]" Schema="[sys]" Table="[sysschobjs]" Alias="[o]" Column="created"></ColumnReference><ColumnReference Database="[AdventureWorksDW2012]" Schema="[sys]" Table="[sysschobjs]" Alias="[o]" Column="modified"></ColumnReference><ColumnReference Column="Expr1026"></ColumnReference><ColumnReference Column="Expr1033"></ColumnReference><ColumnReference Column="Expr1038"></ColumnReference><ColumnReference Column="Expr1040"></ColumnReference><ColumnReference Column="Expr1042"></ColumnReference><ColumnReference Database="[AdventureWorksDW2012]" Schema="[sys]" Table="[syssingleobjrefs]" Alias="[ct]" Column="indepid"></ColumnReference><ColumnReference Database="[AdventureWorksDW2012]" Schema="[sys]" Table="[syssingleobjrefs]" Alias="[ht]" Column="depid"></ColumnReference><ColumnReference Column="Expr1118"></ColumnReference><ColumnReference Database="[AdventureWorksDW2012]" Schema="[sys]" Table="[sysobjvalues]" Alias="[v]" Column="objid"></ColumnReference><ColumnReference Database="[AdventureWorksDW2012]" Schema="[sys]" Table="[sysobjvalues]" Alias="[v]" Column="subobjid"></ColumnReference><ColumnReference Database="[AdventureWorksDW2012]" Schema="[sys]" Table="[sysobjvalues]" Alias="[v]" Column="valnum"></ColumnReference><ColumnReference Table="#tmp_extended_remote_data_archive_tables" Alias="[rdat]" Column="remote_table_name"></ColumnReference><ColumnReference Table="#tmp_extended_remote_data_archive_tables" Alias="[rdat]" Column="filter_predicate"></ColumnReference><ColumnReference Table="#tmp_extended_remote_data_archive_tables" Alias="[rdat]" Column="migration_state"></ColumnReference><ColumnReference Column="Expr1386"></ColumnReference><ColumnReference Column="Expr1387"></ColumnReference><ColumnReference Column="Expr1388"></ColumnReference><ColumnReference Column="Expr1393"></ColumnReference><ColumnReference Column="Expr1394"></ColumnReference><ColumnReference Column="Expr1395"></ColumnReference><ColumnReference Column="Expr1396"></ColumnReference><ColumnReference Column="Expr1397"></ColumnReference><ColumnReference Column="Expr1398"></ColumnReference><ColumnReference Column="Expr1399"></ColumnReference><ColumnReference Column="Expr1400"></ColumnReference><ColumnReference Column="Expr1421"></ColumnReference><ColumnReference Column="Expr1462"></ColumnReference><ColumnReference Column="Expr1669"></ColumnReference><ColumnReference Column="Expr1671"></ColumnReference><ColumnReference Column="Expr1672"></ColumnReference><ColumnReference Column="Expr1673"></ColumnReference><ColumnReference Column="Expr1675"></ColumnReference><ColumnReference Column="Expr1676"></ColumnReference><ColumnReference Column="Expr1677"></ColumnReference><ColumnReference Column="Expr1678"></ColumnReference><ColumnReference Column="Expr1679"></ColumnReference><ColumnReference Column="Expr1680"></ColumnReference><ColumnReference Column="Expr1681"></ColumnReference><ColumnReference Column="Expr1682"></ColumnReference><ColumnReference Column="Expr1684"></ColumnReference><ColumnReference Column="Expr1685"></ColumnReference><ColumnReference Column="Expr1686"></ColumnReference><ColumnReference Column="Expr1687"></ColumnReference><ColumnReference Column="Expr1754"></ColumnReference><ColumnReference Column="Expr1772"></ColumnReference><ColumnReference Column="Expr1773"></ColumnReference></OutputList><NestedLoops Optimized="0"><Predicate><ScalarOperator ScalarString="#tmp_extended_remote_data_archive_tables.[object_id] as [rdat].[object_id]=[AdventureWorksDW2012].[sys].[sysschobjs].[id] as [o].[id]"><Compare CompareOp="EQ"><ScalarOperator><Identifier><ColumnReference Table="#tmp_extended_remote_data_archive_tables" Alias="[rdat]" Column="object_id"></ColumnReference></Identifier></ScalarOperator><ScalarOperator><Identifier><ColumnReference Database="[AdventureWorksDW2012]" Schema="[sys]" Table="[sysschobjs]" Alias="[o]" Column="id"></ColumnReference></Identifier></ScalarOperator></Compare></ScalarOperator></Predicate><RelOp NodeId="16" PhysicalOp="Compute Scalar" LogicalOp="Compute Scalar" EstimateRows="90.8859" EstimateIO="0" EstimateCPU="9.08859e-006" AvgRowSize="1542" EstimatedTotalSubtreeCost="0.522249" Parallel="0" EstimateRebinds="0" EstimateRewinds="0" EstimatedExecutionMode="Row"><OutputList><ColumnReference Database="[AdventureWorksDW2012]" Schema="[sys]" Table="[sysschobjs]" Alias="[o]" Column="id"></ColumnReference><ColumnReference Database="[AdventureWorksDW2012]" Schema="[sys]" Table="[sysschobjs]" Alias="[o]" Column="name"></ColumnReference><ColumnReference Database="[AdventureWorksDW2012]" Schema="[sys]" Table="[sysschobjs]" Alias="[o]" Column="created"></ColumnReference><ColumnReference Database="[AdventureWorksDW2012]" Schema="[sys]" Table="[sysschobjs]" Alias="[o]" Column="modified"></ColumnReference><ColumnReference Column="Expr1026"></ColumnReference><ColumnReference Column="Expr1033"></ColumnReference><ColumnReference Column="Expr1038"></ColumnReference><ColumnReference Column="Expr1040"></ColumnReference><ColumnReference Column="Expr1042"></ColumnReference><ColumnReference Database="[AdventureWorksDW2012]" Schema="[sys]" Table="[syssingleobjrefs]" Alias="[ct]" Column="indepid"></ColumnReference><ColumnReference Database="[AdventureWorksDW2012]" Schema="[sys]" Table="[syssingleobjrefs]" Alias="[ht]" Column="depid"></ColumnReference><ColumnReference Column="Expr1118"></ColumnReference><ColumnReference Database="[AdventureWorksDW2012]" Schema="[sys]" Table="[sysobjvalues]" Alias="[v]" Column="objid"></ColumnReference><ColumnReference Database="[AdventureWorksDW2012]" Schema="[sys]" Table="[sysobjvalues]" Alias="[v]" Column="subobjid"></ColumnReference><ColumnReference Database="[AdventureWorksDW2012]" Schema="[sys]" Table="[sysobjvalues]" Alias="[v]" Column="valnum"></ColumnReference><ColumnReference Column="Expr1386"></ColumnReference><ColumnReference Column="Expr1387"></ColumnReference><ColumnReference Column="Expr1388"></ColumnReference><ColumnReference Column="Expr1393"></ColumnReference><ColumnReference Column="Expr1394"></ColumnReference><ColumnReference Column="Expr1395"></ColumnReference><ColumnReference Column="Expr1396"></ColumnReference><ColumnReference Column="Expr1397"></ColumnReference><ColumnReference Column="Expr1398"></ColumnReference><ColumnReference Column="Expr1399"></ColumnReference><ColumnReference Column="Expr1400"></ColumnReference><ColumnReference Column="Expr1421"></ColumnReference><ColumnReference Column="Expr1462"></ColumnReference><ColumnReference Column="Expr1669"></ColumnReference><ColumnReference Column="Expr1671"></ColumnReference><ColumnReference Column="Expr1672"></ColumnReference><ColumnReference Column="Expr1673"></ColumnReference><ColumnReference Column="Expr1675"></ColumnReference><ColumnReference Column="Expr1676"></ColumnReference><ColumnReference Column="Expr1677"></ColumnReference><ColumnReference Column="Expr1678"></ColumnReference><ColumnReference Column="Expr1679"></ColumnReference><ColumnReference Column="Expr1680"></ColumnReference><ColumnReference Column="Expr1681"></ColumnReference><ColumnReference Column="Expr1682"></ColumnReference><ColumnReference Column="Expr1684"></ColumnReference><ColumnReference Column="Expr1685"></ColumnReference><ColumnReference Column="Expr1686"></ColumnReference><ColumnReference Column="Expr1687"></ColumnReference><ColumnReference Column="Expr1754"></ColumnReference><ColumnReference Column="Expr1772"></ColumnReference><ColumnReference Column="Expr1773"></ColumnReference></OutputList><ComputeScalar><DefinedValues><DefinedValue><ColumnReference Column="Expr1687"></ColumnReference><ScalarOperator ScalarString="CONVERT(bit,CASE WHEN [AdventureWorksDW2012].[sys].[sysobjvalues].[subobjid] as [v].[subobjid] IS NULL THEN (0) ELSE (1) END,0)"><Convert DataType="bit" Style="0" Implicit="0"><ScalarOperator><IF><Condition><ScalarOperator><Compare CompareOp="IS"><ScalarOperator><Identifier><ColumnReference Database="[AdventureWorksDW2012]" Schema="[sys]" Table="[sysobjvalues]" Alias="[v]" Column="subobjid"></ColumnReference></Identifier></ScalarOperator><ScalarOperator><Const ConstValue="NULL"></Const></ScalarOperator></Compare></ScalarOperator></Condition><Then><ScalarOperator><Const ConstValue="(0)"></Const></ScalarOperator></Then><Else><ScalarOperator><Const ConstValue="(1)"></Const></ScalarOperator></Else></IF></ScalarOperator></Convert></ScalarOperator></DefinedValue></DefinedValues><RelOp NodeId="17" PhysicalOp="Hash Match" LogicalOp="Right Outer Join" EstimateRows="90.8859" EstimateIO="0" EstimateCPU="0.0219101" AvgRowSize="1541" EstimatedTotalSubtreeCost="0.52224" Parallel="0" EstimateRebinds="0" EstimateRewinds="0" EstimatedExecutionMode="Row"><OutputList><ColumnReference Database="[AdventureWorksDW2012]" Schema="[sys]" Table="[sysschobjs]" Alias="[o]" Column="id"></ColumnReference><ColumnReference Database="[AdventureWorksDW2012]" Schema="[sys]" Table="[sysschobjs]" Alias="[o]" Column="name"></ColumnReference><ColumnReference Database="[AdventureWorksDW2012]" Schema="[sys]" Table="[sysschobjs]" Alias="[o]" Column="created"></ColumnReference><ColumnReference Database="[AdventureWorksDW2012]" Schema="[sys]" Table="[sysschobjs]" Alias="[o]" Column="modified"></ColumnReference><ColumnReference Column="Expr1026"></ColumnReference><ColumnReference Column="Expr1033"></ColumnReference><ColumnReference Column="Expr1038"></ColumnReference><ColumnReference Column="Expr1040"></ColumnReference><ColumnReference Column="Expr1042"></ColumnReference><ColumnReference Database="[AdventureWorksDW2012]" Schema="[sys]" Table="[syssingleobjrefs]" Alias="[ct]" Column="indepid"></ColumnReference><ColumnReference Database="[AdventureWorksDW2012]" Schema="[sys]" Table="[syssingleobjrefs]" Alias="[ht]" Column="depid"></ColumnReference><ColumnReference Column="Expr1118"></ColumnReference><ColumnReference Database="[AdventureWorksDW2012]" Schema="[sys]" Table="[sysobjvalues]" Alias="[v]" Column="objid"></ColumnReference><ColumnReference Database="[AdventureWorksDW2012]" Schema="[sys]" Table="[sysobjvalues]" Alias="[v]" Column="subobjid"></ColumnReference><ColumnReference Database="[AdventureWorksDW2012]" Schema="[sys]" Table="[sysobjvalues]" Alias="[v]" Column="valnum"></ColumnReference><ColumnReference Column="Expr1386"></ColumnReference><ColumnReference Column="Expr1387"></ColumnReference><ColumnReference Column="Expr1388"></ColumnReference><ColumnReference Column="Expr1393"></ColumnReference><ColumnReference Column="Expr1394"></ColumnReference><ColumnReference Column="Expr1395"></ColumnReference><ColumnReference Column="Expr1396"></ColumnReference><ColumnReference Column="Expr1397"></ColumnReference><ColumnReference Column="Expr1398"></ColumnReference><ColumnReference Column="Expr1399"></ColumnReference><ColumnReference Column="Expr1400"></ColumnReference><ColumnReference Column="Expr1421"></ColumnReference><ColumnReference Column="Expr1462"></ColumnReference><ColumnReference Column="Expr1669"></ColumnReference><ColumnReference Column="Expr1671"></ColumnReference><ColumnReference Column="Expr1672"></ColumnReference><ColumnReference Column="Expr1673"></ColumnReference><ColumnReference Column="Expr1675"></ColumnReference><ColumnReference Column="Expr1676"></ColumnReference><ColumnReference Column="Expr1677"></ColumnReference><ColumnReference Column="Expr1678"></ColumnReference><ColumnReference Column="Expr1679"></ColumnReference><ColumnReference Column="Expr1680"></ColumnReference><ColumnReference Column="Expr1681"></ColumnReference><ColumnReference Column="Expr1682"></ColumnReference><ColumnReference Column="Expr1684"></ColumnReference><ColumnReference Column="Expr1685"></ColumnReference><ColumnReference Column="Expr1686"></ColumnReference><ColumnReference Column="Expr1754"></ColumnReference><ColumnReference Column="Expr1772"></ColumnReference><ColumnReference Column="Expr1773"></ColumnReference></OutputList><MemoryFractions Input="0.35" Output="0.35"></MemoryFractions><Hash><DefinedValues></DefinedValues><HashKeysBuild><ColumnReference Database="[AdventureWorksDW2012]" Schema="[sys]" Table="[sysobjvalues]" Alias="[v]" Column="objid"></ColumnReference></HashKeysBuild><HashKeysProbe><ColumnReference Database="[AdventureWorksDW2012]" Schema="[sys]" Table="[sysschobjs]" Alias="[o]" Column="id"></ColumnReference></HashKeysProbe><RelOp NodeId="18" PhysicalOp="Filter" LogicalOp="Filter" EstimateRows="23.3509" EstimateIO="0" EstimateCPU="2.05488e-005" AvgRowSize="19" EstimatedTotalSubtreeCost="0.00705338" Parallel="0" EstimateRebinds="0" EstimateRewinds="0" EstimatedExecutionMode="Row"><OutputList><ColumnReference Database="[AdventureWorksDW2012]" Schema="[sys]" Table="[sysobjvalues]" Alias="[v]" Column="objid"></ColumnReference><ColumnReference Database="[AdventureWorksDW2012]" Schema="[sys]" Table="[sysobjvalues]" Alias="[v]" Column="subobjid"></ColumnReference><ColumnReference Database="[AdventureWorksDW2012]" Schema="[sys]" Table="[sysobjvalues]" Alias="[v]" Column="valnum"></ColumnReference></OutputList><Filter StartupExpression="0"><RelOp NodeId="19" PhysicalOp="Clustered Index Seek" LogicalOp="Clustered Index Seek" EstimateRows="23.3509" EstimatedRowsRead="23.3509" EstimateIO="0.00685014" EstimateCPU="0.000182686" AvgRowSize="19" EstimatedTotalSubtreeCost="0.00703283" TableCardinality="519" Parallel="0" EstimateRebinds="0" EstimateRewinds="0" EstimatedExecutionMode="Row"><OutputList><ColumnReference Database="[AdventureWorksDW2012]" Schema="[sys]" Table="[sysobjvalues]" Alias="[v]" Column="objid"></ColumnReference><ColumnReference Database="[AdventureWorksDW2012]" Schema="[sys]" Table="[sysobjvalues]" Alias="[v]" Column="subobjid"></ColumnReference><ColumnReference Database="[AdventureWorksDW2012]" Schema="[sys]" Table="[sysobjvalues]" Alias="[v]" Column="valnum"></ColumnReference></OutputList><IndexScan Ordered="1" ScanDirection="FORWARD" ForcedIndex="0" ForceSeek="0" ForceScan="0" NoExpandHint="0" Storage="RowStore"><DefinedValues><DefinedValue><ColumnReference Database="[AdventureWorksDW2012]" Schema="[sys]" Table="[sysobjvalues]" Alias="[v]" Column="objid"></ColumnReference></DefinedValue><DefinedValue><ColumnReference Database="[AdventureWorksDW2012]" Schema="[sys]" Table="[sysobjvalues]" Alias="[v]" Column="subobjid"></ColumnReference></DefinedValue><DefinedValue><ColumnReference Database="[AdventureWorksDW2012]" Schema="[sys]" Table="[sysobjvalues]" Alias="[v]" Column="valnum"></ColumnReference></DefinedValue></DefinedValues><Object Database="[AdventureWorksDW2012]" Schema="[sys]" Table="[sysobjvalues]" Index="[clst]" Alias="[v]" IndexKind="Clustered" Storage="RowStore"></Object><SeekPredicates><SeekPredicateNew><SeekKeys><Prefix ScanType="EQ"><RangeColumns><ColumnReference Database="[AdventureWorksDW2012]" Schema="[sys]" Table="[sysobjvalues]" Alias="[v]" Column="valclass"></ColumnReference></RangeColumns><RangeExpressions><ScalarOperator ScalarString="(113)"><Const ConstValue="(113)"></Const></ScalarOperator></RangeExpressions></Prefix></SeekKeys></SeekPredicateNew></SeekPredicates></IndexScan></RelOp><Predicate><ScalarOperator ScalarString="has_access(&apos;CO&apos;,[AdventureWorksDW2012].[sys].[sysobjvalues].[objid] as [v].[objid])=(1)"><Compare CompareOp="EQ"><ScalarOperator><Intrinsic FunctionName="has_access"><ScalarOperator><Const ConstValue="&apos;CO&apos;"></Const></ScalarOperator><ScalarOperator><Identifier><ColumnReference Database="[AdventureWorksDW2012]" Schema="[sys]" Table="[sysobjvalues]" Alias="[v]" Column="objid"></ColumnReference></Identifier></ScalarOperator><ScalarOperator><Const ConstValue=""></Const></ScalarOperator><ScalarOperator><Const ConstValue=""></Const></ScalarOperator></Intrinsic></ScalarOperator><ScalarOperator><Const ConstValue="(1)"></Const></ScalarOperator></Compare></ScalarOperator></Predicate></Filter></RelOp><RelOp NodeId="20" PhysicalOp="Compute Scalar" LogicalOp="Compute Scalar" EstimateRows="825.142" EstimateIO="0" EstimateCPU="8.25142e-005" AvgRowSize="1529" EstimatedTotalSubtreeCost="0.493274" Parallel="0" EstimateRebinds="0" EstimateRewinds="0" EstimatedExecutionMode="Row"><OutputList><ColumnReference Database="[AdventureWorksDW2012]" Schema="[sys]" Table="[sysschobjs]" Alias="[o]" Column="id"></ColumnReference><ColumnReference Database="[AdventureWorksDW2012]" Schema="[sys]" Table="[sysschobjs]" Alias="[o]" Column="name"></ColumnReference><ColumnReference Database="[AdventureWorksDW2012]" Schema="[sys]" Table="[sysschobjs]" Alias="[o]" Column="created"></ColumnReference><ColumnReference Database="[AdventureWorksDW2012]" Schema="[sys]" Table="[sysschobjs]" Alias="[o]" Column="modified"></ColumnReference><ColumnReference Column="Expr1026"></ColumnReference><ColumnReference Column="Expr1033"></ColumnReference><ColumnReference Column="Expr1038"></ColumnReference><ColumnReference Column="Expr1040"></ColumnReference><ColumnReference Column="Expr1042"></ColumnReference><ColumnReference Database="[AdventureWorksDW2012]" Schema="[sys]" Table="[syssingleobjrefs]" Alias="[ct]" Column="indepid"></ColumnReference><ColumnReference Database="[AdventureWorksDW2012]" Schema="[sys]" Table="[syssingleobjrefs]" Alias="[ht]" Column="depid"></ColumnReference><ColumnReference Column="Expr1118"></ColumnReference><ColumnReference Column="Expr1386"></ColumnReference><ColumnReference Column="Expr1387"></ColumnReference><ColumnReference Column="Expr1388"></ColumnReference><ColumnReference Column="Expr1393"></ColumnReference><ColumnReference Column="Expr1394"></ColumnReference><ColumnReference Column="Expr1395"></ColumnReference><ColumnReference Column="Expr1396"></ColumnReference><ColumnReference Column="Expr1397"></ColumnReference><ColumnReference Column="Expr1398"></ColumnReference><ColumnReference Column="Expr1399"></ColumnReference><ColumnReference Column="Expr1400"></ColumnReference><ColumnReference Column="Expr1421"></ColumnReference><ColumnReference Column="Expr1462"></ColumnReference><ColumnReference Column="Expr1669"></ColumnReference><ColumnReference Column="Expr1671"></ColumnReference><ColumnReference Column="Expr1672"></ColumnReference><ColumnReference Column="Expr1673"></ColumnReference><ColumnReference Column="Expr1675"></ColumnReference><ColumnReference Column="Expr1676"></ColumnReference><ColumnReference Column="Expr1677"></ColumnReference><ColumnReference Column="Expr1678"></ColumnReference><ColumnReference Column="Expr1679"></ColumnReference><ColumnReference Column="Expr1680"></ColumnReference><ColumnReference Column="Expr1681"></ColumnReference><ColumnReference Column="Expr1682"></ColumnReference><ColumnReference Column="Expr1684"></ColumnReference><ColumnReference Column="Expr1685"></ColumnReference><ColumnReference Column="Expr1686"></ColumnReference><ColumnReference Column="Expr1754"></ColumnReference><ColumnReference Column="Expr1772"></ColumnReference><ColumnReference Column="Expr1773"></ColumnReference></OutputList><ComputeScalar><DefinedValues><DefinedValue><ColumnReference Column="Expr1684"></ColumnReference><ScalarOperator ScalarString="CONVERT(nvarchar(128),isnull([AdventureWorksDW2012].[sys].[sysschobjs].[name] as [o].[name],N&apos;&apos;),0)"><Convert DataType="nvarchar" Length="256" Style="0" Implicit="0"><ScalarOperator><Intrinsic FunctionName="isnull"><ScalarOperator><Identifier><ColumnReference Database="[AdventureWorksDW2012]" Schema="[sys]" Table="[sysschobjs]" Alias="[o]" Column="name"></ColumnReference></Identifier></ScalarOperator><ScalarOperator><Const ConstValue="N&apos;&apos;"></Const></ScalarOperator></Intrinsic></ScalarOperator></Convert></ScalarOperator></DefinedValue><DefinedValue><ColumnReference Column="Expr1685"></ColumnReference><ScalarOperator ScalarString="CONVERT(nvarchar(128),isnull(schema_name([AdventureWorksDW2012].[sys].[sysschobjs].[nsid] as [o].[nsid]),N&apos;&apos;),0)"><Convert DataType="nvarchar" Length="256" Style="0" Implicit="0"><ScalarOperator><Intrinsic FunctionName="isnull"><ScalarOperator><Intrinsic FunctionName="schema_name"><ScalarOperator><Identifier><ColumnReference Database="[AdventureWorksDW2012]" Schema="[sys]" Table="[sysschobjs]" Alias="[o]" Column="nsid"></ColumnReference></Identifier></ScalarOperator></Intrinsic></ScalarOperator><ScalarOperator><Const ConstValue="N&apos;&apos;"></Const></ScalarOperator></Intrinsic></ScalarOperator></Convert></ScalarOperator></DefinedValue><DefinedValue><ColumnReference Column="Expr1686"></ColumnReference><ScalarOperator ScalarString="CONVERT(int,isnull([AdventureWorksDW2012].[sys].[sysschobjs].[id] as [o].[id],(0)),0)"><Convert DataType="int" Style="0" Implicit="0"><ScalarOperator><Intrinsic FunctionName="isnull"><ScalarOperator><Identifier><ColumnReference Database="[AdventureWorksDW2012]" Schema="[sys]" Table="[sysschobjs]" Alias="[o]" Column="id"></ColumnReference></Identifier></ScalarOperator><ScalarOperator><Const ConstValue="(0)"></Const></ScalarOperator></Intrinsic></ScalarOperator></Convert></ScalarOperator></DefinedValue></DefinedValues><RelOp NodeId="21" PhysicalOp="Nested Loops" LogicalOp="Left Outer Join" EstimateRows="825.142" EstimateIO="0" EstimateCPU="0.00627987" AvgRowSize="1403" EstimatedTotalSubtreeCost="0.493191" Parallel="0" EstimateRebinds="0" EstimateRewinds="0" EstimatedExecutionMode="Row"><OutputList><ColumnReference Database="[AdventureWorksDW2012]" Schema="[sys]" Table="[sysschobjs]" Alias="[o]" Column="id"></ColumnReference><ColumnReference Database="[AdventureWorksDW2012]" Schema="[sys]" Table="[sysschobjs]" Alias="[o]" Column="name"></ColumnReference><ColumnReference Database="[AdventureWorksDW2012]" Schema="[sys]" Table="[sysschobjs]" Alias="[o]" Column="created"></ColumnReference><ColumnReference Database="[AdventureWorksDW2012]" Schema="[sys]" Table="[sysschobjs]" Alias="[o]" Column="modified"></ColumnReference><ColumnReference Column="Expr1026"></ColumnReference><ColumnReference Column="Expr1033"></ColumnReference><ColumnReference Column="Expr1038"></ColumnReference><ColumnReference Column="Expr1040"></ColumnReference><ColumnReference Column="Expr1042"></ColumnReference><ColumnReference Database="[AdventureWorksDW2012]" Schema="[sys]" Table="[syssingleobjrefs]" Alias="[ct]" Column="indepid"></ColumnReference><ColumnReference Database="[AdventureWorksDW2012]" Schema="[sys]" Table="[syssingleobjrefs]" Alias="[ht]" Column="depid"></ColumnReference><ColumnReference Column="Expr1118"></ColumnReference><ColumnReference Database="[AdventureWorksDW2012]" Schema="[sys]" Table="[sysschobjs]" Alias="[o]" Column="id"></ColumnReference><ColumnReference Database="[AdventureWorksDW2012]" Schema="[sys]" Table="[sysschobjs]" Alias="[o]" Column="name"></ColumnReference><ColumnReference Database="[AdventureWorksDW2012]" Schema="[sys]" Table="[sysschobjs]" Alias="[o]" Column="nsid"></ColumnReference><ColumnReference Column="Expr1386"></ColumnReference><ColumnReference Column="Expr1387"></ColumnReference><ColumnReference Column="Expr1388"></ColumnReference><ColumnReference Column="Expr1393"></ColumnReference><ColumnReference Column="Expr1394"></ColumnReference><ColumnReference Column="Expr1395"></ColumnReference><ColumnReference Column="Expr1396"></ColumnReference><ColumnReference Column="Expr1397"></ColumnReference><ColumnReference Column="Expr1398"></ColumnReference><ColumnReference Column="Expr1399"></ColumnReference><ColumnReference Column="Expr1400"></ColumnReference><ColumnReference Column="Expr1421"></ColumnReference><ColumnReference Column="Expr1462"></ColumnReference><ColumnReference Column="Expr1669"></ColumnReference><ColumnReference Column="Expr1671"></ColumnReference><ColumnReference Column="Expr1672"></ColumnReference><ColumnReference Column="Expr1673"></ColumnReference><ColumnReference Column="Expr1675"></ColumnReference><ColumnReference Column="Expr1676"></ColumnReference><ColumnReference Column="Expr1677"></ColumnReference><ColumnReference Column="Expr1678"></ColumnReference><ColumnReference Column="Expr1679"></ColumnReference><ColumnReference Column="Expr1680"></ColumnReference><ColumnReference Column="Expr1681"></ColumnReference><ColumnReference Column="Expr1682"></ColumnReference><ColumnReference Column="Expr1754"></ColumnReference><ColumnReference Column="Expr1772"></ColumnReference><ColumnReference Column="Expr1773"></ColumnReference></OutputList><NestedLoops Optimized="0"><OuterReferences><ColumnReference Database="[AdventureWorksDW2012]" Schema="[sys]" Table="[syssingleobjrefs]" Alias="[ct]" Column="depid"></ColumnReference></OuterReferences><RelOp NodeId="22" PhysicalOp="Compute Scalar" LogicalOp="Compute Scalar" EstimateRows="825.211" EstimateIO="0" EstimateCPU="8.25211e-005" AvgRowSize="1269" EstimatedTotalSubtreeCost="0.37744" Parallel="0" EstimateRebinds="0" EstimateRewinds="0" EstimatedExecutionMode="Row"><OutputList><ColumnReference Database="[AdventureWorksDW2012]" Schema="[sys]" Table="[sysschobjs]" Alias="[o]" Column="id"></ColumnReference><ColumnReference Database="[AdventureWorksDW2012]" Schema="[sys]" Table="[sysschobjs]" Alias="[o]" Column="name"></ColumnReference><ColumnReference Database="[AdventureWorksDW2012]" Schema="[sys]" Table="[sysschobjs]" Alias="[o]" Column="created"></ColumnReference><ColumnReference Database="[AdventureWorksDW2012]" Schema="[sys]" Table="[sysschobjs]" Alias="[o]" Column="modified"></ColumnReference><ColumnReference Column="Expr1026"></ColumnReference><ColumnReference Column="Expr1033"></ColumnReference><ColumnReference Column="Expr1038"></ColumnReference><ColumnReference Column="Expr1040"></ColumnReference><ColumnReference Column="Expr1042"></ColumnReference><ColumnReference Database="[AdventureWorksDW2012]" Schema="[sys]" Table="[syssingleobjrefs]" Alias="[ct]" Column="depid"></ColumnReference><ColumnReference Database="[AdventureWorksDW2012]" Schema="[sys]" Table="[syssingleobjrefs]" Alias="[ct]" Column="indepid"></ColumnReference><ColumnReference Database="[AdventureWorksDW2012]" Schema="[sys]" Table="[syssingleobjrefs]" Alias="[ht]" Column="depid"></ColumnReference><ColumnReference Column="Expr1118"></ColumnReference><ColumnReference Column="Expr1386"></ColumnReference><ColumnReference Column="Expr1387"></ColumnReference><ColumnReference Column="Expr1388"></ColumnReference><ColumnReference Column="Expr1393"></ColumnReference><ColumnReference Column="Expr1394"></ColumnReference><ColumnReference Column="Expr1395"></ColumnReference><ColumnReference Column="Expr1396"></ColumnReference><ColumnReference Column="Expr1397"></ColumnReference><ColumnReference Column="Expr1398"></ColumnReference><ColumnReference Column="Expr1399"></ColumnReference><ColumnReference Column="Expr1400"></ColumnReference><ColumnReference Column="Expr1421"></ColumnReference><ColumnReference Column="Expr1462"></ColumnReference><ColumnReference Column="Expr1669"></ColumnReference><ColumnReference Column="Expr1671"></ColumnReference><ColumnReference Column="Expr1672"></ColumnReference><ColumnReference Column="Expr1673"></ColumnReference><ColumnReference Column="Expr1675"></ColumnReference><ColumnReference Column="Expr1676"></ColumnReference><ColumnReference Column="Expr1677"></ColumnReference><ColumnReference Column="Expr1678"></ColumnReference><ColumnReference Column="Expr1679"></ColumnReference><ColumnReference Column="Expr1680"></ColumnReference><ColumnReference Column="Expr1681"></ColumnReference><ColumnReference Column="Expr1682"></ColumnReference><ColumnReference Column="Expr1754"></ColumnReference><ColumnReference Column="Expr1772"></ColumnReference><ColumnReference Column="Expr1773"></ColumnReference></OutputList><ComputeScalar><DefinedValues><DefinedValue><ColumnReference Column="Expr1680"></ColumnReference><ScalarOperator ScalarString="CASE WHEN &apos;FD&apos;=[AdventureWorksDW2012].[sys].[sysclsobjs].[type] as [o].[type] THEN [AdventureWorksDW2012].[sys].[sysclsobjs].[name] as [o].[name] ELSE N&apos;&apos; END"><IF><Condition><ScalarOperator><Compare CompareOp="EQ"><ScalarOperator><Const ConstValue="&apos;FD&apos;"></Const></ScalarOperator><ScalarOperator><Identifier><ColumnReference Database="[AdventureWorksDW2012]" Schema="[sys]" Table="[sysclsobjs]" Alias="[o]" Column="type"></ColumnReference></Identifier></ScalarOperator></Compare></ScalarOperator></Condition><Then><ScalarOperator><Identifier><ColumnReference Database="[AdventureWorksDW2012]" Schema="[sys]" Table="[sysclsobjs]" Alias="[o]" Column="name"></ColumnReference></Identifier></ScalarOperator></Then><Else><ScalarOperator><Const ConstValue="N&apos;&apos;"></Const></ScalarOperator></Else></IF></ScalarOperator></DefinedValue><DefinedValue><ColumnReference Column="Expr1681"></ColumnReference><ScalarOperator ScalarString="CASE WHEN &apos;PS&apos;=[AdventureWorksDW2012].[sys].[sysclsobjs].[type] as [o].[type] THEN [AdventureWorksDW2012].[sys].[sysclsobjs].[name] as [o].[name] ELSE N&apos;&apos; END"><IF><Condition><ScalarOperator><Compare CompareOp="EQ"><ScalarOperator><Const ConstValue="&apos;PS&apos;"></Const></ScalarOperator><ScalarOperator><Identifier><ColumnReference Database="[AdventureWorksDW2012]" Schema="[sys]" Table="[sysclsobjs]" Alias="[o]" Column="type"></ColumnReference></Identifier></ScalarOperator></Compare></ScalarOperator></Condition><Then><ScalarOperator><Identifier><ColumnReference Database="[AdventureWorksDW2012]" Schema="[sys]" Table="[sysclsobjs]" Alias="[o]" Column="name"></ColumnReference></Identifier></ScalarOperator></Then><Else><ScalarOperator><Const ConstValue="N&apos;&apos;"></Const></ScalarOperator></Else></IF></ScalarOperator></DefinedValue></DefinedValues><RelOp NodeId="23" PhysicalOp="Hash Match" LogicalOp="Right Outer Join" EstimateRows="825.211" EstimateIO="0" EstimateCPU="0.0241553" AvgRowSize="1141" EstimatedTotalSubtreeCost="0.377357" Parallel="0" EstimateRebinds="0" EstimateRewinds="0" EstimatedExecutionMode="Row"><OutputList><ColumnReference Database="[AdventureWorksDW2012]" Schema="[sys]" Table="[sysschobjs]" Alias="[o]" Column="id"></ColumnReference><ColumnReference Database="[AdventureWorksDW2012]" Schema="[sys]" Table="[sysschobjs]" Alias="[o]" Column="name"></ColumnReference><ColumnReference Database="[AdventureWorksDW2012]" Schema="[sys]" Table="[sysschobjs]" Alias="[o]" Column="created"></ColumnReference><ColumnReference Database="[AdventureWorksDW2012]" Schema="[sys]" Table="[sysschobjs]" Alias="[o]" Column="modified"></ColumnReference><ColumnReference Column="Expr1026"></ColumnReference><ColumnReference Column="Expr1033"></ColumnReference><ColumnReference Column="Expr1038"></ColumnReference><ColumnReference Column="Expr1040"></ColumnReference><ColumnReference Column="Expr1042"></ColumnReference><ColumnReference Database="[AdventureWorksDW2012]" Schema="[sys]" Table="[syssingleobjrefs]" Alias="[ct]" Column="depid"></ColumnReference><ColumnReference Database="[AdventureWorksDW2012]" Schema="[sys]" Table="[syssingleobjrefs]" Alias="[ct]" Column="indepid"></ColumnReference><ColumnReference Database="[AdventureWorksDW2012]" Schema="[sys]" Table="[syssingleobjrefs]" Alias="[ht]" Column="depid"></ColumnReference><ColumnReference Column="Expr1118"></ColumnReference><ColumnReference Database="[AdventureWorksDW2012]" Schema="[sys]" Table="[sysclsobjs]" Alias="[o]" Column="name"></ColumnReference><ColumnReference Database="[AdventureWorksDW2012]" Schema="[sys]" Table="[sysclsobjs]" Alias="[o]" Column="type"></ColumnReference><ColumnReference Column="Expr1386"></ColumnReference><ColumnReference Column="Expr1387"></ColumnReference><ColumnReference Column="Expr1388"></ColumnReference><ColumnReference Column="Expr1393"></ColumnReference><ColumnReference Column="Expr1394"></ColumnReference><ColumnReference Column="Expr1395"></ColumnReference><ColumnReference Column="Expr1396"></ColumnReference><ColumnReference Column="Expr1397"></ColumnReference><ColumnReference Column="Expr1398"></ColumnReference><ColumnReference Column="Expr1399"></ColumnReference><ColumnReference Column="Expr1400"></ColumnReference><ColumnReference Column="Expr1421"></ColumnReference><ColumnReference Column="Expr1462"></ColumnReference><ColumnReference Column="Expr1669"></ColumnReference><ColumnReference Column="Expr1671"></ColumnReference><ColumnReference Column="Expr1672"></ColumnReference><ColumnReference Column="Expr1673"></ColumnReference><ColumnReference Column="Expr1675"></ColumnReference><ColumnReference Column="Expr1676"></ColumnReference><ColumnReference Column="Expr1677"></ColumnReference><ColumnReference Column="Expr1678"></ColumnReference><ColumnReference Column="Expr1679"></ColumnReference><ColumnReference Column="Expr1682"></ColumnReference><ColumnReference Column="Expr1754"></ColumnReference><ColumnReference Column="Expr1772"></ColumnReference><ColumnReference Column="Expr1773"></ColumnReference></OutputList><MemoryFractions Input="0.3" Output="0.3"></MemoryFractions><Hash><DefinedValues></DefinedValues><HashKeysBuild><ColumnReference Database="[AdventureWorksDW2012]" Schema="[sys]" Table="[sysclsobjs]" Alias="[o]" Column="id"></ColumnReference></HashKeysBuild><HashKeysProbe><ColumnReference Database="[AdventureWorksDW2012]" Schema="[sys]" Table="[syssingleobjrefs]" Alias="[rfs]" Column="indepid"></ColumnReference></HashKeysProbe><ProbeResidual><ScalarOperator ScalarString="[AdventureWorksDW2012].[sys].[sysclsobjs].[id] as [o].[id]=[AdventureWorksDW2012].[sys].[syssingleobjrefs].[indepid] as [rfs].[indepid] AND ([AdventureWorksDW2012].[sys].[sysidxstats].[indid] as [i].[indid]&lt;(2) OR [AdventureWorksDW2012].[sys].[sysidxstats].[type] as [i].[type]=(7) AND [AdventureWorksDW2012].[sys].[sysidxstats].[indid] as [i].[indid]&lt;(3))"><Logical Operation="AND"><ScalarOperator><Compare CompareOp="EQ"><ScalarOperator><Identifier><ColumnReference Database="[AdventureWorksDW2012]" Schema="[sys]" Table="[sysclsobjs]" Alias="[o]" Column="id"></ColumnReference></Identifier></ScalarOperator><ScalarOperator><Identifier><ColumnReference Database="[AdventureWorksDW2012]" Schema="[sys]" Table="[syssingleobjrefs]" Alias="[rfs]" Column="indepid"></ColumnReference></Identifier></ScalarOperator></Compare></ScalarOperator><ScalarOperator><Logical Operation="OR"><ScalarOperator><Compare CompareOp="LT"><ScalarOperator><Identifier><ColumnReference Database="[AdventureWorksDW2012]" Schema="[sys]" Table="[sysidxstats]" Alias="[i]" Column="indid"></ColumnReference></Identifier></ScalarOperator><ScalarOperator><Const ConstValue="(2)"></Const></ScalarOperator></Compare></ScalarOperator><ScalarOperator><Logical Operation="AND"><ScalarOperator><Compare CompareOp="EQ"><ScalarOperator><Identifier><ColumnReference Database="[AdventureWorksDW2012]" Schema="[sys]" Table="[sysidxstats]" Alias="[i]" Column="type"></ColumnReference></Identifier></ScalarOperator><ScalarOperator><Const ConstValue="(7)"></Const></ScalarOperator></Compare></ScalarOperator><ScalarOperator><Compare CompareOp="LT"><ScalarOperator><Identifier><ColumnReference Database="[AdventureWorksDW2012]" Schema="[sys]" Table="[sysidxstats]" Alias="[i]" Column="indid"></ColumnReference></Identifier></ScalarOperator><ScalarOperator><Const ConstValue="(3)"></Const></ScalarOperator></Compare></ScalarOperator></Logical></ScalarOperator></Logical></ScalarOperator></Logical></ScalarOperator></ProbeResidual><RelOp NodeId="24" PhysicalOp="Clustered Index Seek" LogicalOp="Clustered Index Seek" EstimateRows="1.0625" EstimatedRowsRead="1.0625" EstimateIO="0.003125" EstimateCPU="0.000158169" AvgRowSize="145" EstimatedTotalSubtreeCost="0.00328317" TableCardinality="17" Parallel="0" EstimateRebinds="0" EstimateRewinds="0" EstimatedExecutionMode="Row"><OutputList><ColumnReference Database="[AdventureWorksDW2012]" Schema="[sys]" Table="[sysclsobjs]" Alias="[o]" Column="id"></ColumnReference><ColumnReference Database="[AdventureWorksDW2012]" Schema="[sys]" Table="[sysclsobjs]" Alias="[o]" Column="name"></ColumnReference><ColumnReference Database="[AdventureWorksDW2012]" Schema="[sys]" Table="[sysclsobjs]" Alias="[o]" Column="type"></ColumnReference></OutputList><IndexScan Ordered="1" ScanDirection="FORWARD" ForcedIndex="0" ForceSeek="0" ForceScan="0" NoExpandHint="0" Storage="RowStore"><DefinedValues><DefinedValue><ColumnReference Database="[AdventureWorksDW2012]" Schema="[sys]" Table="[sysclsobjs]" Alias="[o]" Column="id"></ColumnReference></DefinedValue><DefinedValue><ColumnReference Database="[AdventureWorksDW2012]" Schema="[sys]" Table="[sysclsobjs]" Alias="[o]" Column="name"></ColumnReference></DefinedValue><DefinedValue><ColumnReference Database="[AdventureWorksDW2012]" Schema="[sys]" Table="[sysclsobjs]" Alias="[o]" Column="type"></ColumnReference></DefinedValue></DefinedValues><Object Database="[AdventureWorksDW2012]" Schema="[sys]" Table="[sysclsobjs]" Index="[clst]" Alias="[o]" TableReferenceId="3" IndexKind="Clustered" Storage="RowStore"></Object><SeekPredicates><SeekPredicateNew><SeekKeys><Prefix ScanType="EQ"><RangeColumns><ColumnReference Database="[AdventureWorksDW2012]" Schema="[sys]" Table="[sysclsobjs]" Alias="[o]" Column="class"></ColumnReference></RangeColumns><RangeExpressions><ScalarOperator ScalarString="(31)"><Const ConstValue="(31)"></Const></ScalarOperator></RangeExpressions></Prefix></SeekKeys></SeekPredicateNew></SeekPredicates></IndexScan></RelOp><RelOp NodeId="25" PhysicalOp="Nested Loops" LogicalOp="Left Outer Join" EstimateRows="825.207" EstimateIO="0" EstimateCPU="0.000318335" AvgRowSize="1018" EstimatedTotalSubtreeCost="0.349904" Parallel="0" EstimateRebinds="0" EstimateRewinds="0" EstimatedExecutionMode="Row"><OutputList><ColumnReference Database="[AdventureWorksDW2012]" Schema="[sys]" Table="[sysschobjs]" Alias="[o]" Column="id"></ColumnReference><ColumnReference Database="[AdventureWorksDW2012]" Schema="[sys]" Table="[sysschobjs]" Alias="[o]" Column="name"></ColumnReference><ColumnReference Database="[AdventureWorksDW2012]" Schema="[sys]" Table="[sysschobjs]" Alias="[o]" Column="created"></ColumnReference><ColumnReference Database="[AdventureWorksDW2012]" Schema="[sys]" Table="[sysschobjs]" Alias="[o]" Column="modified"></ColumnReference><ColumnReference Column="Expr1026"></ColumnReference><ColumnReference Column="Expr1033"></ColumnReference><ColumnReference Column="Expr1038"></ColumnReference><ColumnReference Column="Expr1040"></ColumnReference><ColumnReference Column="Expr1042"></ColumnReference><ColumnReference Database="[AdventureWorksDW2012]" Schema="[sys]" Table="[syssingleobjrefs]" Alias="[ct]" Column="depid"></ColumnReference><ColumnReference Database="[AdventureWorksDW2012]" Schema="[sys]" Table="[syssingleobjrefs]" Alias="[ct]" Column="indepid"></ColumnReference><ColumnReference Database="[AdventureWorksDW2012]" Schema="[sys]" Table="[syssingleobjrefs]" Alias="[ht]" Column="depid"></ColumnReference><ColumnReference Database="[AdventureWorksDW2012]" Schema="[sys]" Table="[sysidxstats]" Alias="[i]" Column="indid"></ColumnReference><ColumnReference Database="[AdventureWorksDW2012]" Schema="[sys]" Table="[sysidxstats]" Alias="[i]" Column="type"></ColumnReference><ColumnReference Column="Expr1118"></ColumnReference><ColumnReference Database="[AdventureWorksDW2012]" Schema="[sys]" Table="[syssingleobjrefs]" Alias="[rfs]" Column="indepid"></ColumnReference><ColumnReference Column="Expr1386"></ColumnReference><ColumnReference Column="Expr1387"></ColumnReference><ColumnReference Column="Expr1388"></ColumnReference><ColumnReference Column="Expr1393"></ColumnReference><ColumnReference Column="Expr1394"></ColumnReference><ColumnReference Column="Expr1395"></ColumnReference><ColumnReference Column="Expr1396"></ColumnReference><ColumnReference Column="Expr1397"></ColumnReference><ColumnReference Column="Expr1398"></ColumnReference><ColumnReference Column="Expr1399"></ColumnReference><ColumnReference Column="Expr1400"></ColumnReference><ColumnReference Column="Expr1421"></ColumnReference><ColumnReference Column="Expr1462"></ColumnReference><ColumnReference Column="Expr1669"></ColumnReference><ColumnReference Column="Expr1671"></ColumnReference><ColumnReference Column="Expr1672"></ColumnReference><ColumnReference Column="Expr1673"></ColumnReference><ColumnReference Column="Expr1675"></ColumnReference><ColumnReference Column="Expr1676"></ColumnReference><ColumnReference Column="Expr1677"></ColumnReference><ColumnReference Column="Expr1678"></ColumnReference><ColumnReference Column="Expr1679"></ColumnReference><ColumnReference Column="Expr1682"></ColumnReference><ColumnReference Column="Expr1754"></ColumnReference><ColumnReference Column="Expr1772"></ColumnReference><ColumnReference Column="Expr1773"></ColumnReference></OutputList><NestedLoops Optimized="0"><OuterReferences><ColumnReference Database="[AdventureWorksDW2012]" Schema="[sys]" Table="[sysidxstats]" Alias="[i]" Column="id"></ColumnReference></OuterReferences><RelOp NodeId="26" PhysicalOp="Compute Scalar" LogicalOp="Compute Scalar" EstimateRows="51.8282" EstimateIO="0" EstimateCPU="5.18282e-006" AvgRowSize="1018" EstimatedTotalSubtreeCost="0.314392" Parallel="0" EstimateRebinds="0" EstimateRewinds="0" EstimatedExecutionMode="Row"><OutputList><ColumnReference Database="[AdventureWorksDW2012]" Schema="[sys]" Table="[sysschobjs]" Alias="[o]" Column="id"></ColumnReference><ColumnReference Database="[AdventureWorksDW2012]" Schema="[sys]" Table="[sysschobjs]" Alias="[o]" Column="name"></ColumnReference><ColumnReference Database="[AdventureWorksDW2012]" Schema="[sys]" Table="[sysschobjs]" Alias="[o]" Column="created"></ColumnReference><ColumnReference Database="[AdventureWorksDW2012]" Schema="[sys]" Table="[sysschobjs]" Alias="[o]" Column="modified"></ColumnReference><ColumnReference Column="Expr1026"></ColumnReference><ColumnReference Column="Expr1033"></ColumnReference><ColumnReference Column="Expr1038"></ColumnReference><ColumnReference Column="Expr1040"></ColumnReference><ColumnReference Column="Expr1042"></ColumnReference><ColumnReference Database="[AdventureWorksDW2012]" Schema="[sys]" Table="[syssingleobjrefs]" Alias="[ct]" Column="depid"></ColumnReference><ColumnReference Database="[AdventureWorksDW2012]" Schema="[sys]" Table="[syssingleobjrefs]" Alias="[ct]" Column="indepid"></ColumnReference><ColumnReference Database="[AdventureWorksDW2012]" Schema="[sys]" Table="[syssingleobjrefs]" Alias="[ht]" Column="depid"></ColumnReference><ColumnReference Database="[AdventureWorksDW2012]" Schema="[sys]" Table="[sysidxstats]" Alias="[i]" Column="id"></ColumnReference><ColumnReference Database="[AdventureWorksDW2012]" Schema="[sys]" Table="[sysidxstats]" Alias="[i]" Column="indid"></ColumnReference><ColumnReference Database="[AdventureWorksDW2012]" Schema="[sys]" Table="[sysidxstats]" Alias="[i]" Column="type"></ColumnReference><ColumnReference Column="Expr1118"></ColumnReference><ColumnReference Column="Expr1386"></ColumnReference><ColumnReference Column="Expr1387"></ColumnReference><ColumnReference Column="Expr1388"></ColumnReference><ColumnReference Column="Expr1393"></ColumnReference><ColumnReference Column="Expr1394"></ColumnReference><ColumnReference Column="Expr1395"></ColumnReference><ColumnReference Column="Expr1396"></ColumnReference><ColumnReference Column="Expr1397"></ColumnReference><ColumnReference Column="Expr1398"></ColumnReference><ColumnReference Column="Expr1399"></ColumnReference><ColumnReference Column="Expr1400"></ColumnReference><ColumnReference Column="Expr1421"></ColumnReference><ColumnReference Column="Expr1462"></ColumnReference><ColumnReference Column="Expr1669"></ColumnReference><ColumnReference Column="Expr1671"></ColumnReference><ColumnReference Column="Expr1672"></ColumnReference><ColumnReference Column="Expr1673"></ColumnReference><ColumnReference Column="Expr1675"></ColumnReference><ColumnReference Column="Expr1676"></ColumnReference><ColumnReference Column="Expr1677"></ColumnReference><ColumnReference Column="Expr1678"></ColumnReference><ColumnReference Column="Expr1679"></ColumnReference><ColumnReference Column="Expr1682"></ColumnReference><ColumnReference Column="Expr1754"></ColumnReference><ColumnReference Column="Expr1772"></ColumnReference><ColumnReference Column="Expr1773"></ColumnReference></OutputList><ComputeScalar><DefinedValues><DefinedValue><ColumnReference Column="Expr1678"></ColumnReference><ScalarOperator ScalarString="CASE WHEN &apos;PS&apos;=[AdventureWorksDW2012].[sys].[sysclsobjs].[type] as [o].[type] THEN [AdventureWorksDW2012].[sys].[sysclsobjs].[name] as [o].[name] ELSE N&apos;&apos; END"><IF><Condition><ScalarOperator><Compare CompareOp="EQ"><ScalarOperator><Const ConstValue="&apos;PS&apos;"></Const></ScalarOperator><ScalarOperator><Identifier><ColumnReference Database="[AdventureWorksDW2012]" Schema="[sys]" Table="[sysclsobjs]" Alias="[o]" Column="type"></ColumnReference></Identifier></ScalarOperator></Compare></ScalarOperator></Condition><Then><ScalarOperator><Identifier><ColumnReference Database="[AdventureWorksDW2012]" Schema="[sys]" Table="[sysclsobjs]" Alias="[o]" Column="name"></ColumnReference></Identifier></ScalarOperator></Then><Else><ScalarOperator><Const ConstValue="N&apos;&apos;"></Const></ScalarOperator></Else></IF></ScalarOperator></DefinedValue><DefinedValue><ColumnReference Column="Expr1679"></ColumnReference><ScalarOperator ScalarString="CONVERT(bit,CASE WHEN &apos;PS&apos;=[AdventureWorksDW2012].[sys].[sysclsobjs].[type] as [o].[type] THEN (1) ELSE (0) END,0)"><Convert DataType="bit" Style="0" Implicit="0"><ScalarOperator><IF><Condition><ScalarOperator><Compare CompareOp="EQ"><ScalarOperator><Const ConstValue="&apos;PS&apos;"></Const></ScalarOperator><ScalarOperator><Identifier><ColumnReference Database="[AdventureWorksDW2012]" Schema="[sys]" Table="[sysclsobjs]" Alias="[o]" Column="type"></ColumnReference></Identifier></ScalarOperator></Compare></ScalarOperator></Condition><Then><ScalarOperator><Const ConstValue="(1)"></Const></ScalarOperator></Then><Else><ScalarOperator><Const ConstValue="(0)"></Const></ScalarOperator></Else></IF></ScalarOperator></Convert></ScalarOperator></DefinedValue></DefinedValues><RelOp NodeId="27" PhysicalOp="Nested Loops" LogicalOp="Left Outer Join" EstimateRows="51.8282" EstimateIO="0" EstimateCPU="0.00021625" AvgRowSize="1020" EstimatedTotalSubtreeCost="0.314387" Parallel="0" EstimateRebinds="0" EstimateRewinds="0" EstimatedExecutionMode="Row"><OutputList><ColumnReference Database="[AdventureWorksDW2012]" Schema="[sys]" Table="[sysschobjs]" Alias="[o]" Column="id"></ColumnReference><ColumnReference Database="[AdventureWorksDW2012]" Schema="[sys]" Table="[sysschobjs]" Alias="[o]" Column="name"></ColumnReference><ColumnReference Database="[AdventureWorksDW2012]" Schema="[sys]" Table="[sysschobjs]" Alias="[o]" Column="created"></ColumnReference><ColumnReference Database="[AdventureWorksDW2012]" Schema="[sys]" Table="[sysschobjs]" Alias="[o]" Column="modified"></ColumnReference><ColumnReference Column="Expr1026"></ColumnReference><ColumnReference Column="Expr1033"></ColumnReference><ColumnReference Column="Expr1038"></ColumnReference><ColumnReference Column="Expr1040"></ColumnReference><ColumnReference Column="Expr1042"></ColumnReference><ColumnReference Database="[AdventureWorksDW2012]" Schema="[sys]" Table="[syssingleobjrefs]" Alias="[ct]" Column="depid"></ColumnReference><ColumnReference Database="[AdventureWorksDW2012]" Schema="[sys]" Table="[syssingleobjrefs]" Alias="[ct]" Column="indepid"></ColumnReference><ColumnReference Database="[AdventureWorksDW2012]" Schema="[sys]" Table="[syssingleobjrefs]" Alias="[ht]" Column="depid"></ColumnReference><ColumnReference Database="[AdventureWorksDW2012]" Schema="[sys]" Table="[sysidxstats]" Alias="[i]" Column="id"></ColumnReference><ColumnReference Database="[AdventureWorksDW2012]" Schema="[sys]" Table="[sysidxstats]" Alias="[i]" Column="indid"></ColumnReference><ColumnReference Database="[AdventureWorksDW2012]" Schema="[sys]" Table="[sysidxstats]" Alias="[i]" Column="type"></ColumnReference><ColumnReference Column="Expr1118"></ColumnReference><ColumnReference Database="[AdventureWorksDW2012]" Schema="[sys]" Table="[sysclsobjs]" Alias="[o]" Column="name"></ColumnReference><ColumnReference Database="[AdventureWorksDW2012]" Schema="[sys]" Table="[sysclsobjs]" Alias="[o]" Column="type"></ColumnReference><ColumnReference Column="Expr1386"></ColumnReference><ColumnReference Column="Expr1387"></ColumnReference><ColumnReference Column="Expr1388"></ColumnReference><ColumnReference Column="Expr1393"></ColumnReference><ColumnReference Column="Expr1394"></ColumnReference><ColumnReference Column="Expr1395"></ColumnReference><ColumnReference Column="Expr1396"></ColumnReference><ColumnReference Column="Expr1397"></ColumnReference><ColumnReference Column="Expr1398"></ColumnReference><ColumnReference Column="Expr1399"></ColumnReference><ColumnReference Column="Expr1400"></ColumnReference><ColumnReference Column="Expr1421"></ColumnReference><ColumnReference Column="Expr1462"></ColumnReference><ColumnReference Column="Expr1669"></ColumnReference><ColumnReference Column="Expr1671"></ColumnReference><ColumnReference Column="Expr1672"></ColumnReference><ColumnReference Column="Expr1673"></ColumnReference><ColumnReference Column="Expr1675"></ColumnReference><ColumnReference Column="Expr1676"></ColumnReference><ColumnReference Column="Expr1677"></ColumnReference><ColumnReference Column="Expr1682"></ColumnReference><ColumnReference Column="Expr1754"></ColumnReference><ColumnReference Column="Expr1772"></ColumnReference><ColumnReference Column="Expr1773"></ColumnReference></OutputList><NestedLoops Optimized="0"><OuterReferences><ColumnReference Database="[AdventureWorksDW2012]" Schema="[sys]" Table="[sysidxstats]" Alias="[i]" Column="status"></ColumnReference><ColumnReference Database="[AdventureWorksDW2012]" Schema="[sys]" Table="[syssingleobjrefs]" Alias="[ds]" Column="indepid"></ColumnReference><ColumnReference Column="Expr1774"></ColumnReference></OuterReferences><RelOp NodeId="28" PhysicalOp="Compute Scalar" LogicalOp="Compute Scalar" EstimateRows="51.7344" EstimateIO="0" EstimateCPU="5.17344e-006" AvgRowSize="900" EstimatedTotalSubtreeCost="0.302867" Parallel="0" EstimateRebinds="0" EstimateRewinds="0" EstimatedExecutionMode="Row"><OutputList><ColumnReference Database="[AdventureWorksDW2012]" Schema="[sys]" Table="[sysschobjs]" Alias="[o]" Column="id"></ColumnReference><ColumnReference Database="[AdventureWorksDW2012]" Schema="[sys]" Table="[sysschobjs]" Alias="[o]" Column="name"></ColumnReference><ColumnReference Database="[AdventureWorksDW2012]" Schema="[sys]" Table="[sysschobjs]" Alias="[o]" Column="created"></ColumnReference><ColumnReference Database="[AdventureWorksDW2012]" Schema="[sys]" Table="[sysschobjs]" Alias="[o]" Column="modified"></ColumnReference><ColumnReference Column="Expr1026"></ColumnReference><ColumnReference Column="Expr1033"></ColumnReference><ColumnReference Column="Expr1038"></ColumnReference><ColumnReference Column="Expr1040"></ColumnReference><ColumnReference Column="Expr1042"></ColumnReference><ColumnReference Database="[AdventureWorksDW2012]" Schema="[sys]" Table="[syssingleobjrefs]" Alias="[ct]" Column="depid"></ColumnReference><ColumnReference Database="[AdventureWorksDW2012]" Schema="[sys]" Table="[syssingleobjrefs]" Alias="[ct]" Column="indepid"></ColumnReference><ColumnReference Database="[AdventureWorksDW2012]" Schema="[sys]" Table="[syssingleobjrefs]" Alias="[ht]" Column="depid"></ColumnReference><ColumnReference Database="[AdventureWorksDW2012]" Schema="[sys]" Table="[sysidxstats]" Alias="[i]" Column="id"></ColumnReference><ColumnReference Database="[AdventureWorksDW2012]" Schema="[sys]" Table="[sysidxstats]" Alias="[i]" Column="indid"></ColumnReference><ColumnReference Database="[AdventureWorksDW2012]" Schema="[sys]" Table="[sysidxstats]" Alias="[i]" Column="status"></ColumnReference><ColumnReference Database="[AdventureWorksDW2012]" Schema="[sys]" Table="[sysidxstats]" Alias="[i]" Column="type"></ColumnReference><ColumnReference Database="[AdventureWorksDW2012]" Schema="[sys]" Table="[syssingleobjrefs]" Alias="[ds]" Column="indepid"></ColumnReference><ColumnReference Column="Expr1118"></ColumnReference><ColumnReference Column="Expr1386"></ColumnReference><ColumnReference Column="Expr1387"></ColumnReference><ColumnReference Column="Expr1388"></ColumnReference><ColumnReference Column="Expr1393"></ColumnReference><ColumnReference Column="Expr1394"></ColumnReference><ColumnReference Column="Expr1395"></ColumnReference><ColumnReference Column="Expr1396"></ColumnReference><ColumnReference Column="Expr1397"></ColumnReference><ColumnReference Column="Expr1398"></ColumnReference><ColumnReference Column="Expr1399"></ColumnReference><ColumnReference Column="Expr1400"></ColumnReference><ColumnReference Column="Expr1421"></ColumnReference><ColumnReference Column="Expr1462"></ColumnReference><ColumnReference Column="Expr1669"></ColumnReference><ColumnReference Column="Expr1671"></ColumnReference><ColumnReference Column="Expr1672"></ColumnReference><ColumnReference Column="Expr1673"></ColumnReference><ColumnReference Column="Expr1675"></ColumnReference><ColumnReference Column="Expr1676"></ColumnReference><ColumnReference Column="Expr1677"></ColumnReference><ColumnReference Column="Expr1682"></ColumnReference><ColumnReference Column="Expr1754"></ColumnReference><ColumnReference Column="Expr1772"></ColumnReference><ColumnReference Column="Expr1773"></ColumnReference><ColumnReference Column="Expr1774"></ColumnReference></OutputList><ComputeScalar><DefinedValues><DefinedValue><ColumnReference Column="Expr1675"></ColumnReference><ScalarOperator ScalarString="isnull(FILETABLES.[directory_name],N&apos;&apos;)"><Intrinsic FunctionName="isnull"><ScalarOperator><Identifier><ColumnReference Table="[FILETABLES]" Column="directory_name"></ColumnReference></Identifier></ScalarOperator><ScalarOperator><Const ConstValue="N&apos;&apos;"></Const></ScalarOperator></Intrinsic></ScalarOperator></DefinedValue><DefinedValue><ColumnReference Column="Expr1676"></ColumnReference><ScalarOperator ScalarString="isnull(FILETABLES.[filename_collation_name],N&apos;&apos;)"><Intrinsic FunctionName="isnull"><ScalarOperator><Identifier><ColumnReference Table="[FILETABLES]" Column="filename_collation_name"></ColumnReference></Identifier></ScalarOperator><ScalarOperator><Const ConstValue="N&apos;&apos;"></Const></ScalarOperator></Intrinsic></ScalarOperator></DefinedValue><DefinedValue><ColumnReference Column="Expr1677"></ColumnReference><ScalarOperator ScalarString="CONVERT(bit,isnull(FILETABLES.[is_enabled],(0)),0)"><Convert DataType="bit" Style="0" Implicit="0"><ScalarOperator><Intrinsic FunctionName="isnull"><ScalarOperator><Identifier><ColumnReference Table="[FILETABLES]" Column="is_enabled"></ColumnReference></Identifier></ScalarOperator><ScalarOperator><Const ConstValue="(0)"></Const></ScalarOperator></Intrinsic></ScalarOperator></Convert></ScalarOperator></DefinedValue></DefinedValues><RelOp NodeId="29" PhysicalOp="Nested Loops" LogicalOp="Left Outer Join" EstimateRows="51.7344" EstimateIO="0" EstimateCPU="0.0105962" AvgRowSize="900" EstimatedTotalSubtreeCost="0.302861" Parallel="0" EstimateRebinds="0" EstimateRewinds="0" EstimatedExecutionMode="Row"><OutputList><ColumnReference Database="[AdventureWorksDW2012]" Schema="[sys]" Table="[sysschobjs]" Alias="[o]" Column="id"></ColumnReference><ColumnReference Database="[AdventureWorksDW2012]" Schema="[sys]" Table="[sysschobjs]" Alias="[o]" Column="name"></ColumnReference><ColumnReference Database="[AdventureWorksDW2012]" Schema="[sys]" Table="[sysschobjs]" Alias="[o]" Column="created"></ColumnReference><ColumnReference Database="[AdventureWorksDW2012]" Schema="[sys]" Table="[sysschobjs]" Alias="[o]" Column="modified"></ColumnReference><ColumnReference Column="Expr1026"></ColumnReference><ColumnReference Column="Expr1033"></ColumnReference><ColumnReference Column="Expr1038"></ColumnReference><ColumnReference Column="Expr1040"></ColumnReference><ColumnReference Column="Expr1042"></ColumnReference><ColumnReference Database="[AdventureWorksDW2012]" Schema="[sys]" Table="[syssingleobjrefs]" Alias="[ct]" Column="depid"></ColumnReference><ColumnReference Database="[AdventureWorksDW2012]" Schema="[sys]" Table="[syssingleobjrefs]" Alias="[ct]" Column="indepid"></ColumnReference><ColumnReference Database="[AdventureWorksDW2012]" Schema="[sys]" Table="[syssingleobjrefs]" Alias="[ht]" Column="depid"></ColumnReference><ColumnReference Database="[AdventureWorksDW2012]" Schema="[sys]" Table="[sysidxstats]" Alias="[i]" Column="id"></ColumnReference><ColumnReference Database="[AdventureWorksDW2012]" Schema="[sys]" Table="[sysidxstats]" Alias="[i]" Column="indid"></ColumnReference><ColumnReference Database="[AdventureWorksDW2012]" Schema="[sys]" Table="[sysidxstats]" Alias="[i]" Column="status"></ColumnReference><ColumnReference Database="[AdventureWorksDW2012]" Schema="[sys]" Table="[sysidxstats]" Alias="[i]" Column="type"></ColumnReference><ColumnReference Database="[AdventureWorksDW2012]" Schema="[sys]" Table="[syssingleobjrefs]" Alias="[ds]" Column="indepid"></ColumnReference><ColumnReference Column="Expr1118"></ColumnReference><ColumnReference Table="[FILETABLES]" Column="is_enabled"></ColumnReference><ColumnReference Table="[FILETABLES]" Column="directory_name"></ColumnReference><ColumnReference Table="[FILETABLES]" Column="filename_collation_name"></ColumnReference><ColumnReference Column="Expr1386"></ColumnReference><ColumnReference Column="Expr1387"></ColumnReference><ColumnReference Column="Expr1388"></ColumnReference><ColumnReference Column="Expr1393"></ColumnReference><ColumnReference Column="Expr1394"></ColumnReference><ColumnReference Column="Expr1395"></ColumnReference><ColumnReference Column="Expr1396"></ColumnReference><ColumnReference Column="Expr1397"></ColumnReference><ColumnReference Column="Expr1398"></ColumnReference><ColumnReference Column="Expr1399"></ColumnReference><ColumnReference Column="Expr1400"></ColumnReference><ColumnReference Column="Expr1421"></ColumnReference><ColumnReference Column="Expr1462"></ColumnReference><ColumnReference Column="Expr1669"></ColumnReference><ColumnReference Column="Expr1671"></ColumnReference><ColumnReference Column="Expr1672"></ColumnReference><ColumnReference Column="Expr1673"></ColumnReference><ColumnReference Column="Expr1682"></ColumnReference><ColumnReference Column="Expr1754"></ColumnReference><ColumnReference Column="Expr1772"></ColumnReference><ColumnReference Column="Expr1773"></ColumnReference><ColumnReference Column="Expr1774"></ColumnReference></OutputList><NestedLoops Optimized="0"><OuterReferences><ColumnReference Database="[AdventureWorksDW2012]" Schema="[sys]" Table="[sysschobjs]" Alias="[o]" Column="id"></ColumnReference></OuterReferences><RelOp NodeId="30" PhysicalOp="Compute Scalar" LogicalOp="Compute Scalar" EstimateRows="1.01104" EstimateIO="0" EstimateCPU="1.01104e-007" AvgRowSize="510" EstimatedTotalSubtreeCost="0.223564" Parallel="0" EstimateRebinds="0" EstimateRewinds="0" EstimatedExecutionMode="Row"><OutputList><ColumnReference Database="[AdventureWorksDW2012]" Schema="[sys]" Table="[sysschobjs]" Alias="[o]" Column="id"></ColumnReference><ColumnReference Database="[AdventureWorksDW2012]" Schema="[sys]" Table="[sysschobjs]" Alias="[o]" Column="name"></ColumnReference><ColumnReference Database="[AdventureWorksDW2012]" Schema="[sys]" Table="[sysschobjs]" Alias="[o]" Column="created"></ColumnReference><ColumnReference Database="[AdventureWorksDW2012]" Schema="[sys]" Table="[sysschobjs]" Alias="[o]" Column="modified"></ColumnReference><ColumnReference Column="Expr1026"></ColumnReference><ColumnReference Column="Expr1033"></ColumnReference><ColumnReference Column="Expr1038"></ColumnReference><ColumnReference Column="Expr1040"></ColumnReference><ColumnReference Column="Expr1042"></ColumnReference><ColumnReference Database="[AdventureWorksDW2012]" Schema="[sys]" Table="[syssingleobjrefs]" Alias="[ct]" Column="depid"></ColumnReference><ColumnReference Database="[AdventureWorksDW2012]" Schema="[sys]" Table="[syssingleobjrefs]" Alias="[ct]" Column="indepid"></ColumnReference><ColumnReference Database="[AdventureWorksDW2012]" Schema="[sys]" Table="[syssingleobjrefs]" Alias="[ht]" Column="depid"></ColumnReference><ColumnReference Database="[AdventureWorksDW2012]" Schema="[sys]" Table="[sysidxstats]" Alias="[i]" Column="id"></ColumnReference><ColumnReference Database="[AdventureWorksDW2012]" Schema="[sys]" Table="[sysidxstats]" Alias="[i]" Column="indid"></ColumnReference><ColumnReference Database="[AdventureWorksDW2012]" Schema="[sys]" Table="[sysidxstats]" Alias="[i]" Column="status"></ColumnReference><ColumnReference Database="[AdventureWorksDW2012]" Schema="[sys]" Table="[sysidxstats]" Alias="[i]" Column="type"></ColumnReference><ColumnReference Database="[AdventureWorksDW2012]" Schema="[sys]" Table="[syssingleobjrefs]" Alias="[ds]" Column="indepid"></ColumnReference><ColumnReference Column="Expr1118"></ColumnReference><ColumnReference Column="Expr1386"></ColumnReference><ColumnReference Column="Expr1387"></ColumnReference><ColumnReference Column="Expr1388"></ColumnReference><ColumnReference Column="Expr1393"></ColumnReference><ColumnReference Column="Expr1394"></ColumnReference><ColumnReference Column="Expr1395"></ColumnReference><ColumnReference Column="Expr1396"></ColumnReference><ColumnReference Column="Expr1397"></ColumnReference><ColumnReference Column="Expr1398"></ColumnReference><ColumnReference Column="Expr1399"></ColumnReference><ColumnReference Column="Expr1400"></ColumnReference><ColumnReference Column="Expr1421"></ColumnReference><ColumnReference Column="Expr1462"></ColumnReference><ColumnReference Column="Expr1669"></ColumnReference><ColumnReference Column="Expr1671"></ColumnReference><ColumnReference Column="Expr1672"></ColumnReference><ColumnReference Column="Expr1673"></ColumnReference><ColumnReference Column="Expr1682"></ColumnReference><ColumnReference Column="Expr1754"></ColumnReference><ColumnReference Column="Expr1772"></ColumnReference><ColumnReference Column="Expr1773"></ColumnReference><ColumnReference Column="Expr1774"></ColumnReference></OutputList><ComputeScalar><DefinedValues><DefinedValue><ColumnReference Column="Expr1673"></ColumnReference><ScalarOperator ScalarString="CONVERT(bit,CASE WHEN [AdventureWorksDW2012].[sys].[sysschobjs].[id] as [oUserTable].[id] IS NULL THEN (0) ELSE (1) END,0)"><Convert DataType="bit" Style="0" Implicit="0"><ScalarOperator><IF><Condition><ScalarOperator><Compare CompareOp="IS"><ScalarOperator><Identifier><ColumnReference Database="[AdventureWorksDW2012]" Schema="[sys]" Table="[sysschobjs]" Alias="[oUserTable]" Column="id"></ColumnReference></Identifier></ScalarOperator><ScalarOperator><Const ConstValue="NULL"></Const></ScalarOperator></Compare></ScalarOperator></Condition><Then><ScalarOperator><Const ConstValue="(0)"></Const></ScalarOperator></Then><Else><ScalarOperator><Const ConstValue="(1)"></Const></ScalarOperator></Else></IF></ScalarOperator></Convert></ScalarOperator></DefinedValue></DefinedValues><RelOp NodeId="31" PhysicalOp="Nested Loops" LogicalOp="Left Outer Join" EstimateRows="1.01104" EstimateIO="0" EstimateCPU="0.000193764" AvgRowSize="514" EstimatedTotalSubtreeCost="0.223564" Parallel="0" EstimateRebinds="0" EstimateRewinds="0" EstimatedExecutionMode="Row"><OutputList><ColumnReference Database="[AdventureWorksDW2012]" Schema="[sys]" Table="[sysschobjs]" Alias="[o]" Column="id"></ColumnReference><ColumnReference Database="[AdventureWorksDW2012]" Schema="[sys]" Table="[sysschobjs]" Alias="[o]" Column="name"></ColumnReference><ColumnReference Database="[AdventureWorksDW2012]" Schema="[sys]" Table="[sysschobjs]" Alias="[o]" Column="created"></ColumnReference><ColumnReference Database="[AdventureWorksDW2012]" Schema="[sys]" Table="[sysschobjs]" Alias="[o]" Column="modified"></ColumnReference><ColumnReference Column="Expr1026"></ColumnReference><ColumnReference Column="Expr1033"></ColumnReference><ColumnReference Column="Expr1038"></ColumnReference><ColumnReference Column="Expr1040"></ColumnReference><ColumnReference Column="Expr1042"></ColumnReference><ColumnReference Database="[AdventureWorksDW2012]" Schema="[sys]" Table="[syssingleobjrefs]" Alias="[ct]" Column="depid"></ColumnReference><ColumnReference Database="[AdventureWorksDW2012]" Schema="[sys]" Table="[syssingleobjrefs]" Alias="[ct]" Column="indepid"></ColumnReference><ColumnReference Database="[AdventureWorksDW2012]" Schema="[sys]" Table="[syssingleobjrefs]" Alias="[ht]" Column="depid"></ColumnReference><ColumnReference Database="[AdventureWorksDW2012]" Schema="[sys]" Table="[sysidxstats]" Alias="[i]" Column="id"></ColumnReference><ColumnReference Database="[AdventureWorksDW2012]" Schema="[sys]" Table="[sysidxstats]" Alias="[i]" Column="indid"></ColumnReference><ColumnReference Database="[AdventureWorksDW2012]" Schema="[sys]" Table="[sysidxstats]" Alias="[i]" Column="status"></ColumnReference><ColumnReference Database="[AdventureWorksDW2012]" Schema="[sys]" Table="[sysidxstats]" Alias="[i]" Column="type"></ColumnReference><ColumnReference Database="[AdventureWorksDW2012]" Schema="[sys]" Table="[syssingleobjrefs]" Alias="[ds]" Column="indepid"></ColumnReference><ColumnReference Database="[AdventureWorksDW2012]" Schema="[sys]" Table="[sysschobjs]" Alias="[oUserTable]" Column="id"></ColumnReference><ColumnReference Column="Expr1118"></ColumnReference><ColumnReference Column="Expr1386"></ColumnReference><ColumnReference Column="Expr1387"></ColumnReference><ColumnReference Column="Expr1388"></ColumnReference><ColumnReference Column="Expr1393"></ColumnReference><ColumnReference Column="Expr1394"></ColumnReference><ColumnReference Column="Expr1395"></ColumnReference><ColumnReference Column="Expr1396"></ColumnReference><ColumnReference Column="Expr1397"></ColumnReference><ColumnReference Column="Expr1398"></ColumnReference><ColumnReference Column="Expr1399"></ColumnReference><ColumnReference Column="Expr1400"></ColumnReference><ColumnReference Column="Expr1421"></ColumnReference><ColumnReference Column="Expr1462"></ColumnReference><ColumnReference Column="Expr1669"></ColumnReference><ColumnReference Column="Expr1671"></ColumnReference><ColumnReference Column="Expr1672"></ColumnReference><ColumnReference Column="Expr1682"></ColumnReference><ColumnReference Column="Expr1754"></ColumnReference><ColumnReference Column="Expr1772"></ColumnReference><ColumnReference Column="Expr1773"></ColumnReference><ColumnReference Column="Expr1774"></ColumnReference></OutputList><NestedLoops Optimized="0"><OuterReferences><ColumnReference Database="[AdventureWorksDW2012]" Schema="[sys]" Table="[sysschobjs]" Alias="[o]" Column="id"></ColumnReference></OuterReferences><RelOp NodeId="32" PhysicalOp="Compute Scalar" LogicalOp="Compute Scalar" EstimateRows="46.3272" EstimateIO="0" EstimateCPU="4.63272e-006" AvgRowSize="510" EstimatedTotalSubtreeCost="0.195573" Parallel="0" EstimateRebinds="0" EstimateRewinds="0" EstimatedExecutionMode="Row"><OutputList><ColumnReference Database="[AdventureWorksDW2012]" Schema="[sys]" Table="[sysschobjs]" Alias="[o]" Column="id"></ColumnReference><ColumnReference Database="[AdventureWorksDW2012]" Schema="[sys]" Table="[sysschobjs]" Alias="[o]" Column="name"></ColumnReference><ColumnReference Database="[AdventureWorksDW2012]" Schema="[sys]" Table="[sysschobjs]" Alias="[o]" Column="created"></ColumnReference><ColumnReference Database="[AdventureWorksDW2012]" Schema="[sys]" Table="[sysschobjs]" Alias="[o]" Column="modified"></ColumnReference><ColumnReference Column="Expr1026"></ColumnReference><ColumnReference Column="Expr1033"></ColumnReference><ColumnReference Column="Expr1038"></ColumnReference><ColumnReference Column="Expr1040"></ColumnReference><ColumnReference Column="Expr1042"></ColumnReference><ColumnReference Database="[AdventureWorksDW2012]" Schema="[sys]" Table="[syssingleobjrefs]" Alias="[ct]" Column="depid"></ColumnReference><ColumnReference Database="[AdventureWorksDW2012]" Schema="[sys]" Table="[syssingleobjrefs]" Alias="[ct]" Column="indepid"></ColumnReference><ColumnReference Database="[AdventureWorksDW2012]" Schema="[sys]" Table="[syssingleobjrefs]" Alias="[ht]" Column="depid"></ColumnReference><ColumnReference Database="[AdventureWorksDW2012]" Schema="[sys]" Table="[sysidxstats]" Alias="[i]" Column="id"></ColumnReference><ColumnReference Database="[AdventureWorksDW2012]" Schema="[sys]" Table="[sysidxstats]" Alias="[i]" Column="indid"></ColumnReference><ColumnReference Database="[AdventureWorksDW2012]" Schema="[sys]" Table="[sysidxstats]" Alias="[i]" Column="status"></ColumnReference><ColumnReference Database="[AdventureWorksDW2012]" Schema="[sys]" Table="[sysidxstats]" Alias="[i]" Column="type"></ColumnReference><ColumnReference Database="[AdventureWorksDW2012]" Schema="[sys]" Table="[syssingleobjrefs]" Alias="[ds]" Column="indepid"></ColumnReference><ColumnReference Column="Expr1386"></ColumnReference><ColumnReference Column="Expr1387"></ColumnReference><ColumnReference Column="Expr1388"></ColumnReference><ColumnReference Column="Expr1393"></ColumnReference><ColumnReference Column="Expr1394"></ColumnReference><ColumnReference Column="Expr1395"></ColumnReference><ColumnReference Column="Expr1396"></ColumnReference><ColumnReference Column="Expr1397"></ColumnReference><ColumnReference Column="Expr1398"></ColumnReference><ColumnReference Column="Expr1399"></ColumnReference><ColumnReference Column="Expr1400"></ColumnReference><ColumnReference Column="Expr1421"></ColumnReference><ColumnReference Column="Expr1462"></ColumnReference><ColumnReference Column="Expr1669"></ColumnReference><ColumnReference Column="Expr1671"></ColumnReference><ColumnReference Column="Expr1672"></ColumnReference><ColumnReference Column="Expr1682"></ColumnReference><ColumnReference Column="Expr1754"></ColumnReference><ColumnReference Column="Expr1772"></ColumnReference><ColumnReference Column="Expr1773"></ColumnReference><ColumnReference Column="Expr1774"></ColumnReference></OutputList><ComputeScalar><DefinedValues><DefinedValue><ColumnReference Column="Expr1671"></ColumnReference><ScalarOperator ScalarString="isnull([AdventureWorksDW2012].[sys].[sysclsobjs].[name] as [o].[name],N&apos;&apos;)"><Intrinsic FunctionName="isnull"><ScalarOperator><Identifier><ColumnReference Database="[AdventureWorksDW2012]" Schema="[sys]" Table="[sysclsobjs]" Alias="[o]" Column="name"></ColumnReference></Identifier></ScalarOperator><ScalarOperator><Const ConstValue="N&apos;&apos;"></Const></ScalarOperator></Intrinsic></ScalarOperator></DefinedValue></DefinedValues><RelOp NodeId="33" PhysicalOp="Nested Loops" LogicalOp="Left Outer Join" EstimateRows="46.3272" EstimateIO="0" EstimateCPU="0.000193648" AvgRowSize="510" EstimatedTotalSubtreeCost="0.195568" Parallel="0" EstimateRebinds="0" EstimateRewinds="0" EstimatedExecutionMode="Row"><OutputList><ColumnReference Database="[AdventureWorksDW2012]" Schema="[sys]" Table="[sysschobjs]" Alias="[o]" Column="id"></ColumnReference><ColumnReference Database="[AdventureWorksDW2012]" Schema="[sys]" Table="[sysschobjs]" Alias="[o]" Column="name"></ColumnReference><ColumnReference Database="[AdventureWorksDW2012]" Schema="[sys]" Table="[sysschobjs]" Alias="[o]" Column="created"></ColumnReference><ColumnReference Database="[AdventureWorksDW2012]" Schema="[sys]" Table="[sysschobjs]" Alias="[o]" Column="modified"></ColumnReference><ColumnReference Column="Expr1026"></ColumnReference><ColumnReference Column="Expr1033"></ColumnReference><ColumnReference Column="Expr1038"></ColumnReference><ColumnReference Column="Expr1040"></ColumnReference><ColumnReference Column="Expr1042"></ColumnReference><ColumnReference Database="[AdventureWorksDW2012]" Schema="[sys]" Table="[syssingleobjrefs]" Alias="[ct]" Column="depid"></ColumnReference><ColumnReference Database="[AdventureWorksDW2012]" Schema="[sys]" Table="[syssingleobjrefs]" Alias="[ct]" Column="indepid"></ColumnReference><ColumnReference Database="[AdventureWorksDW2012]" Schema="[sys]" Table="[syssingleobjrefs]" Alias="[ht]" Column="depid"></ColumnReference><ColumnReference Database="[AdventureWorksDW2012]" Schema="[sys]" Table="[sysidxstats]" Alias="[i]" Column="id"></ColumnReference><ColumnReference Database="[AdventureWorksDW2012]" Schema="[sys]" Table="[sysidxstats]" Alias="[i]" Column="indid"></ColumnReference><ColumnReference Database="[AdventureWorksDW2012]" Schema="[sys]" Table="[sysidxstats]" Alias="[i]" Column="status"></ColumnReference><ColumnReference Database="[AdventureWorksDW2012]" Schema="[sys]" Table="[sysidxstats]" Alias="[i]" Column="type"></ColumnReference><ColumnReference Database="[AdventureWorksDW2012]" Schema="[sys]" Table="[syssingleobjrefs]" Alias="[ds]" Column="indepid"></ColumnReference><ColumnReference Database="[AdventureWorksDW2012]" Schema="[sys]" Table="[sysclsobjs]" Alias="[o]" Column="name"></ColumnReference><ColumnReference Column="Expr1386"></ColumnReference><ColumnReference Column="Expr1387"></ColumnReference><ColumnReference Column="Expr1388"></ColumnReference><ColumnReference Column="Expr1393"></ColumnReference><ColumnReference Column="Expr1394"></ColumnReference><ColumnReference Column="Expr1395"></ColumnReference><ColumnReference Column="Expr1396"></ColumnReference><ColumnReference Column="Expr1397"></ColumnReference><ColumnReference Column="Expr1398"></ColumnReference><ColumnReference Column="Expr1399"></ColumnReference><ColumnReference Column="Expr1400"></ColumnReference><ColumnReference Column="Expr1421"></ColumnReference><ColumnReference Column="Expr1462"></ColumnReference><ColumnReference Column="Expr1669"></ColumnReference><ColumnReference Column="Expr1672"></ColumnReference><ColumnReference Column="Expr1682"></ColumnReference><ColumnReference Column="Expr1754"></ColumnReference><ColumnReference Column="Expr1772"></ColumnReference><ColumnReference Column="Expr1773"></ColumnReference><ColumnReference Column="Expr1774"></ColumnReference></OutputList><NestedLoops Optimized="0"><OuterReferences><ColumnReference Column="Expr1775"></ColumnReference></OuterReferences><RelOp NodeId="34" PhysicalOp="Nested Loops" LogicalOp="Left Semi Join" EstimateRows="46.3272" EstimateIO="0" EstimateCPU="0.000193648" AvgRowSize="384" EstimatedTotalSubtreeCost="0.184926" Parallel="0" EstimateRebinds="0" EstimateRewinds="0" EstimatedExecutionMode="Row"><OutputList><ColumnReference Database="[AdventureWorksDW2012]" Schema="[sys]" Table="[sysschobjs]" Alias="[o]" Column="id"></ColumnReference><ColumnReference Database="[AdventureWorksDW2012]" Schema="[sys]" Table="[sysschobjs]" Alias="[o]" Column="name"></ColumnReference><ColumnReference Database="[AdventureWorksDW2012]" Schema="[sys]" Table="[sysschobjs]" Alias="[o]" Column="created"></ColumnReference><ColumnReference Database="[AdventureWorksDW2012]" Schema="[sys]" Table="[sysschobjs]" Alias="[o]" Column="modified"></ColumnReference><ColumnReference Column="Expr1026"></ColumnReference><ColumnReference Column="Expr1033"></ColumnReference><ColumnReference Column="Expr1038"></ColumnReference><ColumnReference Column="Expr1040"></ColumnReference><ColumnReference Column="Expr1042"></ColumnReference><ColumnReference Database="[AdventureWorksDW2012]" Schema="[sys]" Table="[syssingleobjrefs]" Alias="[ct]" Column="depid"></ColumnReference><ColumnReference Database="[AdventureWorksDW2012]" Schema="[sys]" Table="[syssingleobjrefs]" Alias="[ct]" Column="indepid"></ColumnReference><ColumnReference Database="[AdventureWorksDW2012]" Schema="[sys]" Table="[syssingleobjrefs]" Alias="[ht]" Column="depid"></ColumnReference><ColumnReference Database="[AdventureWorksDW2012]" Schema="[sys]" Table="[sysidxstats]" Alias="[i]" Column="id"></ColumnReference><ColumnReference Database="[AdventureWorksDW2012]" Schema="[sys]" Table="[sysidxstats]" Alias="[i]" Column="indid"></ColumnReference><ColumnReference Database="[AdventureWorksDW2012]" Schema="[sys]" Table="[sysidxstats]" Alias="[i]" Column="status"></ColumnReference><ColumnReference Database="[AdventureWorksDW2012]" Schema="[sys]" Table="[sysidxstats]" Alias="[i]" Column="type"></ColumnReference><ColumnReference Database="[AdventureWorksDW2012]" Schema="[sys]" Table="[syssingleobjrefs]" Alias="[ds]" Column="indepid"></ColumnReference><ColumnReference Column="Expr1386"></ColumnReference><ColumnReference Column="Expr1387"></ColumnReference><ColumnReference Column="Expr1388"></ColumnReference><ColumnReference Column="Expr1393"></ColumnReference><ColumnReference Column="Expr1394"></ColumnReference><ColumnReference Column="Expr1395"></ColumnReference><ColumnReference Column="Expr1396"></ColumnReference><ColumnReference Column="Expr1397"></ColumnReference><ColumnReference Column="Expr1398"></ColumnReference><ColumnReference Column="Expr1399"></ColumnReference><ColumnReference Column="Expr1400"></ColumnReference><ColumnReference Column="Expr1421"></ColumnReference><ColumnReference Column="Expr1462"></ColumnReference><ColumnReference Column="Expr1669"></ColumnReference><ColumnReference Column="Expr1672"></ColumnReference><ColumnReference Column="Expr1682"></ColumnReference><ColumnReference Column="Expr1754"></ColumnReference><ColumnReference Column="Expr1772"></ColumnReference><ColumnReference Column="Expr1773"></ColumnReference><ColumnReference Column="Expr1774"></ColumnReference><ColumnReference Column="Expr1775"></ColumnReference></OutputList><NestedLoops Optimized="0"><OuterReferences><ColumnReference Database="[AdventureWorksDW2012]" Schema="[sys]" Table="[sysschobjs]" Alias="[o]" Column="id"></ColumnReference><ColumnReference Database="[AdventureWorksDW2012]" Schema="[sys]" Table="[sysschobjs]" Alias="[o]" Column="status2"></ColumnReference><ColumnReference Database="[AdventureWorksDW2012]" Schema="[sys]" Table="[sysidxstats]" Alias="[i]" Column="indid"></ColumnReference></OuterReferences><RelOp NodeId="35" PhysicalOp="Compute Scalar" LogicalOp="Compute Scalar" EstimateRows="46.3272" EstimateIO="0" EstimateCPU="4.63272e-006" AvgRowSize="388" EstimatedTotalSubtreeCost="0.184659" Parallel="0" EstimateRebinds="0" EstimateRewinds="0" EstimatedExecutionMode="Row"><OutputList><ColumnReference Database="[AdventureWorksDW2012]" Schema="[sys]" Table="[sysschobjs]" Alias="[o]" Column="id"></ColumnReference><ColumnReference Database="[AdventureWorksDW2012]" Schema="[sys]" Table="[sysschobjs]" Alias="[o]" Column="name"></ColumnReference><ColumnReference Database="[AdventureWorksDW2012]" Schema="[sys]" Table="[sysschobjs]" Alias="[o]" Column="created"></ColumnReference><ColumnReference Database="[AdventureWorksDW2012]" Schema="[sys]" Table="[sysschobjs]" Alias="[o]" Column="modified"></ColumnReference><ColumnReference Database="[AdventureWorksDW2012]" Schema="[sys]" Table="[sysschobjs]" Alias="[o]" Column="status2"></ColumnReference><ColumnReference Column="Expr1026"></ColumnReference><ColumnReference Column="Expr1033"></ColumnReference><ColumnReference Column="Expr1038"></ColumnReference><ColumnReference Column="Expr1040"></ColumnReference><ColumnReference Column="Expr1042"></ColumnReference><ColumnReference Database="[AdventureWorksDW2012]" Schema="[sys]" Table="[syssingleobjrefs]" Alias="[ct]" Column="depid"></ColumnReference><ColumnReference Database="[AdventureWorksDW2012]" Schema="[sys]" Table="[syssingleobjrefs]" Alias="[ct]" Column="indepid"></ColumnReference><ColumnReference Database="[AdventureWorksDW2012]" Schema="[sys]" Table="[syssingleobjrefs]" Alias="[ht]" Column="depid"></ColumnReference><ColumnReference Database="[AdventureWorksDW2012]" Schema="[sys]" Table="[sysidxstats]" Alias="[i]" Column="id"></ColumnReference><ColumnReference Database="[AdventureWorksDW2012]" Schema="[sys]" Table="[sysidxstats]" Alias="[i]" Column="indid"></ColumnReference><ColumnReference Database="[AdventureWorksDW2012]" Schema="[sys]" Table="[sysidxstats]" Alias="[i]" Column="status"></ColumnReference><ColumnReference Database="[AdventureWorksDW2012]" Schema="[sys]" Table="[sysidxstats]" Alias="[i]" Column="type"></ColumnReference><ColumnReference Database="[AdventureWorksDW2012]" Schema="[sys]" Table="[syssingleobjrefs]" Alias="[ds]" Column="indepid"></ColumnReference><ColumnReference Column="Expr1386"></ColumnReference><ColumnReference Column="Expr1387"></ColumnReference><ColumnReference Column="Expr1388"></ColumnReference><ColumnReference Column="Expr1393"></ColumnReference><ColumnReference Column="Expr1394"></ColumnReference><ColumnReference Column="Expr1395"></ColumnReference><ColumnReference Column="Expr1396"></ColumnReference><ColumnReference Column="Expr1397"></ColumnReference><ColumnReference Column="Expr1398"></ColumnReference><ColumnReference Column="Expr1399"></ColumnReference><ColumnReference Column="Expr1400"></ColumnReference><ColumnReference Column="Expr1421"></ColumnReference><ColumnReference Column="Expr1462"></ColumnReference><ColumnReference Column="Expr1669"></ColumnReference><ColumnReference Column="Expr1672"></ColumnReference><ColumnReference Column="Expr1682"></ColumnReference><ColumnReference Column="Expr1754"></ColumnReference><ColumnReference Column="Expr1772"></ColumnReference><ColumnReference Column="Expr1773"></ColumnReference><ColumnReference Column="Expr1774"></ColumnReference><ColumnReference Column="Expr1775"></ColumnReference></OutputList><ComputeScalar><DefinedValues><DefinedValue><ColumnReference Column="Expr1386"></ColumnReference><ScalarOperator ScalarString="isnull([AdventureWorksDW2012].[sys].[sysowners].[name],N&apos;&apos;)"><Intrinsic FunctionName="isnull"><ScalarOperator><Identifier><ColumnReference Database="[AdventureWorksDW2012]" Schema="[sys]" Table="[sysowners]" Column="name"></ColumnReference></Identifier></ScalarOperator><ScalarOperator><Const ConstValue="N&apos;&apos;"></Const></ScalarOperator></Intrinsic></ScalarOperator></DefinedValue></DefinedValues><RelOp NodeId="36" PhysicalOp="Nested Loops" LogicalOp="Left Outer Join" EstimateRows="46.3272" EstimateIO="0" EstimateCPU="0.000203247" AvgRowSize="388" EstimatedTotalSubtreeCost="0.184654" Parallel="0" EstimateRebinds="0" EstimateRewinds="0" EstimatedExecutionMode="Row"><OutputList><ColumnReference Database="[AdventureWorksDW2012]" Schema="[sys]" Table="[sysschobjs]" Alias="[o]" Column="id"></ColumnReference><ColumnReference Database="[AdventureWorksDW2012]" Schema="[sys]" Table="[sysschobjs]" Alias="[o]" Column="name"></ColumnReference><ColumnReference Database="[AdventureWorksDW2012]" Schema="[sys]" Table="[sysschobjs]" Alias="[o]" Column="created"></ColumnReference><ColumnReference Database="[AdventureWorksDW2012]" Schema="[sys]" Table="[sysschobjs]" Alias="[o]" Column="modified"></ColumnReference><ColumnReference Database="[AdventureWorksDW2012]" Schema="[sys]" Table="[sysschobjs]" Alias="[o]" Column="status2"></ColumnReference><ColumnReference Column="Expr1026"></ColumnReference><ColumnReference Column="Expr1033"></ColumnReference><ColumnReference Column="Expr1038"></ColumnReference><ColumnReference Column="Expr1040"></ColumnReference><ColumnReference Column="Expr1042"></ColumnReference><ColumnReference Database="[AdventureWorksDW2012]" Schema="[sys]" Table="[syssingleobjrefs]" Alias="[ct]" Column="depid"></ColumnReference><ColumnReference Database="[AdventureWorksDW2012]" Schema="[sys]" Table="[syssingleobjrefs]" Alias="[ct]" Column="indepid"></ColumnReference><ColumnReference Database="[AdventureWorksDW2012]" Schema="[sys]" Table="[syssingleobjrefs]" Alias="[ht]" Column="depid"></ColumnReference><ColumnReference Database="[AdventureWorksDW2012]" Schema="[sys]" Table="[sysowners]" Column="name"></ColumnReference><ColumnReference Database="[AdventureWorksDW2012]" Schema="[sys]" Table="[sysidxstats]" Alias="[i]" Column="id"></ColumnReference><ColumnReference Database="[AdventureWorksDW2012]" Schema="[sys]" Table="[sysidxstats]" Alias="[i]" Column="indid"></ColumnReference><ColumnReference Database="[AdventureWorksDW2012]" Schema="[sys]" Table="[sysidxstats]" Alias="[i]" Column="status"></ColumnReference><ColumnReference Database="[AdventureWorksDW2012]" Schema="[sys]" Table="[sysidxstats]" Alias="[i]" Column="type"></ColumnReference><ColumnReference Database="[AdventureWorksDW2012]" Schema="[sys]" Table="[syssingleobjrefs]" Alias="[ds]" Column="indepid"></ColumnReference><ColumnReference Column="Expr1387"></ColumnReference><ColumnReference Column="Expr1388"></ColumnReference><ColumnReference Column="Expr1393"></ColumnReference><ColumnReference Column="Expr1394"></ColumnReference><ColumnReference Column="Expr1395"></ColumnReference><ColumnReference Column="Expr1396"></ColumnReference><ColumnReference Column="Expr1397"></ColumnReference><ColumnReference Column="Expr1398"></ColumnReference><ColumnReference Column="Expr1399"></ColumnReference><ColumnReference Column="Expr1400"></ColumnReference><ColumnReference Column="Expr1421"></ColumnReference><ColumnReference Column="Expr1462"></ColumnReference><ColumnReference Column="Expr1669"></ColumnReference><ColumnReference Column="Expr1672"></ColumnReference><ColumnReference Column="Expr1682"></ColumnReference><ColumnReference Column="Expr1754"></ColumnReference><ColumnReference Column="Expr1772"></ColumnReference><ColumnReference Column="Expr1773"></ColumnReference><ColumnReference Column="Expr1774"></ColumnReference><ColumnReference Column="Expr1775"></ColumnReference></OutputList><NestedLoops Optimized="0"><OuterReferences><ColumnReference Database="[AdventureWorksDW2012]" Schema="[sys]" Table="[syssingleobjrefs]" Alias="[r]" Column="indepid"></ColumnReference><ColumnReference Column="Expr1776"></ColumnReference></OuterReferences><RelOp NodeId="37" PhysicalOp="Nested Loops" LogicalOp="Left Outer Join" EstimateRows="48.6236" EstimateIO="0" EstimateCPU="0.000203247" AvgRowSize="266" EstimatedTotalSubtreeCost="0.162939" Parallel="0" EstimateRebinds="0" EstimateRewinds="0" EstimatedExecutionMode="Row"><OutputList><ColumnReference Database="[AdventureWorksDW2012]" Schema="[sys]" Table="[sysschobjs]" Alias="[o]" Column="id"></ColumnReference><ColumnReference Database="[AdventureWorksDW2012]" Schema="[sys]" Table="[sysschobjs]" Alias="[o]" Column="name"></ColumnReference><ColumnReference Database="[AdventureWorksDW2012]" Schema="[sys]" Table="[sysschobjs]" Alias="[o]" Column="created"></ColumnReference><ColumnReference Database="[AdventureWorksDW2012]" Schema="[sys]" Table="[sysschobjs]" Alias="[o]" Column="modified"></ColumnReference><ColumnReference Database="[AdventureWorksDW2012]" Schema="[sys]" Table="[sysschobjs]" Alias="[o]" Column="status2"></ColumnReference><ColumnReference Database="[AdventureWorksDW2012]" Schema="[sys]" Table="[syssingleobjrefs]" Alias="[r]" Column="indepid"></ColumnReference><ColumnReference Column="Expr1026"></ColumnReference><ColumnReference Column="Expr1033"></ColumnReference><ColumnReference Column="Expr1038"></ColumnReference><ColumnReference Column="Expr1040"></ColumnReference><ColumnReference Column="Expr1042"></ColumnReference><ColumnReference Database="[AdventureWorksDW2012]" Schema="[sys]" Table="[syssingleobjrefs]" Alias="[ct]" Column="depid"></ColumnReference><ColumnReference Database="[AdventureWorksDW2012]" Schema="[sys]" Table="[syssingleobjrefs]" Alias="[ct]" Column="indepid"></ColumnReference><ColumnReference Database="[AdventureWorksDW2012]" Schema="[sys]" Table="[syssingleobjrefs]" Alias="[ht]" Column="depid"></ColumnReference><ColumnReference Database="[AdventureWorksDW2012]" Schema="[sys]" Table="[sysidxstats]" Alias="[i]" Column="id"></ColumnReference><ColumnReference Database="[AdventureWorksDW2012]" Schema="[sys]" Table="[sysidxstats]" Alias="[i]" Column="indid"></ColumnReference><ColumnReference Database="[AdventureWorksDW2012]" Schema="[sys]" Table="[sysidxstats]" Alias="[i]" Column="status"></ColumnReference><ColumnReference Database="[AdventureWorksDW2012]" Schema="[sys]" Table="[sysidxstats]" Alias="[i]" Column="type"></ColumnReference><ColumnReference Database="[AdventureWorksDW2012]" Schema="[sys]" Table="[syssingleobjrefs]" Alias="[ds]" Column="indepid"></ColumnReference><ColumnReference Column="Expr1387"></ColumnReference><ColumnReference Column="Expr1388"></ColumnReference><ColumnReference Column="Expr1393"></ColumnReference><ColumnReference Column="Expr1394"></ColumnReference><ColumnReference Column="Expr1395"></ColumnReference><ColumnReference Column="Expr1396"></ColumnReference><ColumnReference Column="Expr1397"></ColumnReference><ColumnReference Column="Expr1398"></ColumnReference><ColumnReference Column="Expr1399"></ColumnReference><ColumnReference Column="Expr1400"></ColumnReference><ColumnReference Column="Expr1421"></ColumnReference><ColumnReference Column="Expr1462"></ColumnReference><ColumnReference Column="Expr1669"></ColumnReference><ColumnReference Column="Expr1672"></ColumnReference><ColumnReference Column="Expr1682"></ColumnReference><ColumnReference Column="Expr1754"></ColumnReference><ColumnReference Column="Expr1772"></ColumnReference><ColumnReference Column="Expr1773"></ColumnReference><ColumnReference Column="Expr1774"></ColumnReference><ColumnReference Column="Expr1775"></ColumnReference><ColumnReference Column="Expr1776"></ColumnReference></OutputList><NestedLoops Optimized="0"><OuterReferences><ColumnReference Database="[AdventureWorksDW2012]" Schema="[sys]" Table="[sysidxstats]" Alias="[i]" Column="id"></ColumnReference><ColumnReference Database="[AdventureWorksDW2012]" Schema="[sys]" Table="[sysidxstats]" Alias="[i]" Column="indid"></ColumnReference></OuterReferences><RelOp NodeId="38" PhysicalOp="Compute Scalar" LogicalOp="Compute Scalar" EstimateRows="48.6236" EstimateIO="0" EstimateCPU="4.86236e-006" AvgRowSize="262" EstimatedTotalSubtreeCost="0.151924" Parallel="0" EstimateRebinds="0" EstimateRewinds="0" EstimatedExecutionMode="Row"><OutputList><ColumnReference Database="[AdventureWorksDW2012]" Schema="[sys]" Table="[sysschobjs]" Alias="[o]" Column="id"></ColumnReference><ColumnReference Database="[AdventureWorksDW2012]" Schema="[sys]" Table="[sysschobjs]" Alias="[o]" Column="name"></ColumnReference><ColumnReference Database="[AdventureWorksDW2012]" Schema="[sys]" Table="[sysschobjs]" Alias="[o]" Column="created"></ColumnReference><ColumnReference Database="[AdventureWorksDW2012]" Schema="[sys]" Table="[sysschobjs]" Alias="[o]" Column="modified"></ColumnReference><ColumnReference Database="[AdventureWorksDW2012]" Schema="[sys]" Table="[sysschobjs]" Alias="[o]" Column="status2"></ColumnReference><ColumnReference Database="[AdventureWorksDW2012]" Schema="[sys]" Table="[syssingleobjrefs]" Alias="[r]" Column="indepid"></ColumnReference><ColumnReference Column="Expr1026"></ColumnReference><ColumnReference Column="Expr1033"></ColumnReference><ColumnReference Column="Expr1038"></ColumnReference><ColumnReference Column="Expr1040"></ColumnReference><ColumnReference Column="Expr1042"></ColumnReference><ColumnReference Database="[AdventureWorksDW2012]" Schema="[sys]" Table="[syssingleobjrefs]" Alias="[ct]" Column="depid"></ColumnReference><ColumnReference Database="[AdventureWorksDW2012]" Schema="[sys]" Table="[syssingleobjrefs]" Alias="[ct]" Column="indepid"></ColumnReference><ColumnReference Database="[AdventureWorksDW2012]" Schema="[sys]" Table="[syssingleobjrefs]" Alias="[ht]" Column="depid"></ColumnReference><ColumnReference Database="[AdventureWorksDW2012]" Schema="[sys]" Table="[sysidxstats]" Alias="[i]" Column="id"></ColumnReference><ColumnReference Database="[AdventureWorksDW2012]" Schema="[sys]" Table="[sysidxstats]" Alias="[i]" Column="indid"></ColumnReference><ColumnReference Database="[AdventureWorksDW2012]" Schema="[sys]" Table="[sysidxstats]" Alias="[i]" Column="status"></ColumnReference><ColumnReference Database="[AdventureWorksDW2012]" Schema="[sys]" Table="[sysidxstats]" Alias="[i]" Column="type"></ColumnReference><ColumnReference Column="Expr1387"></ColumnReference><ColumnReference Column="Expr1388"></ColumnReference><ColumnReference Column="Expr1393"></ColumnReference><ColumnReference Column="Expr1394"></ColumnReference><ColumnReference Column="Expr1395"></ColumnReference><ColumnReference Column="Expr1396"></ColumnReference><ColumnReference Column="Expr1397"></ColumnReference><ColumnReference Column="Expr1398"></ColumnReference><ColumnReference Column="Expr1399"></ColumnReference><ColumnReference Column="Expr1400"></ColumnReference><ColumnReference Column="Expr1421"></ColumnReference><ColumnReference Column="Expr1462"></ColumnReference><ColumnReference Column="Expr1669"></ColumnReference><ColumnReference Column="Expr1672"></ColumnReference><ColumnReference Column="Expr1682"></ColumnReference><ColumnReference Column="Expr1754"></ColumnReference><ColumnReference Column="Expr1772"></ColumnReference><ColumnReference Column="Expr1773"></ColumnReference><ColumnReference Column="Expr1774"></ColumnReference><ColumnReference Column="Expr1775"></ColumnReference><ColumnReference Column="Expr1776"></ColumnReference></OutputList><ComputeScalar><DefinedValues><DefinedValue><ColumnReference Column="Expr1774"></ColumnReference><ScalarOperator ScalarString="[AdventureWorksDW2012].[sys].[sysschobjs].[status2] as [obj].[status2]&amp;(8)"><Arithmetic Operation="BIT_AND"><ScalarOperator><Identifier><ColumnReference Database="[AdventureWorksDW2012]" Schema="[sys]" Table="[sysschobjs]" Alias="[obj]" Column="status2"></ColumnReference></Identifier></ScalarOperator><ScalarOperator><Const ConstValue="(8)"></Const></ScalarOperator></Arithmetic></ScalarOperator></DefinedValue></DefinedValues><RelOp NodeId="39" PhysicalOp="Nested Loops" LogicalOp="Inner Join" EstimateRows="48.6236" EstimateIO="0" EstimateCPU="4.18e-006" AvgRowSize="262" EstimatedTotalSubtreeCost="0.151919" Parallel="0" EstimateRebinds="0" EstimateRewinds="0" EstimatedExecutionMode="Row"><OutputList><ColumnReference Database="[AdventureWorksDW2012]" Schema="[sys]" Table="[sysschobjs]" Alias="[o]" Column="id"></ColumnReference><ColumnReference Database="[AdventureWorksDW2012]" Schema="[sys]" Table="[sysschobjs]" Alias="[o]" Column="name"></ColumnReference><ColumnReference Database="[AdventureWorksDW2012]" Schema="[sys]" Table="[sysschobjs]" Alias="[o]" Column="created"></ColumnReference><ColumnReference Database="[AdventureWorksDW2012]" Schema="[sys]" Table="[sysschobjs]" Alias="[o]" Column="modified"></ColumnReference><ColumnReference Database="[AdventureWorksDW2012]" Schema="[sys]" Table="[sysschobjs]" Alias="[o]" Column="status2"></ColumnReference><ColumnReference Database="[AdventureWorksDW2012]" Schema="[sys]" Table="[syssingleobjrefs]" Alias="[r]" Column="indepid"></ColumnReference><ColumnReference Column="Expr1026"></ColumnReference><ColumnReference Column="Expr1033"></ColumnReference><ColumnReference Column="Expr1038"></ColumnReference><ColumnReference Column="Expr1040"></ColumnReference><ColumnReference Column="Expr1042"></ColumnReference><ColumnReference Database="[AdventureWorksDW2012]" Schema="[sys]" Table="[syssingleobjrefs]" Alias="[ct]" Column="depid"></ColumnReference><ColumnReference Database="[AdventureWorksDW2012]" Schema="[sys]" Table="[syssingleobjrefs]" Alias="[ct]" Column="indepid"></ColumnReference><ColumnReference Database="[AdventureWorksDW2012]" Schema="[sys]" Table="[syssingleobjrefs]" Alias="[ht]" Column="depid"></ColumnReference><ColumnReference Database="[AdventureWorksDW2012]" Schema="[sys]" Table="[sysidxstats]" Alias="[i]" Column="id"></ColumnReference><ColumnReference Database="[AdventureWorksDW2012]" Schema="[sys]" Table="[sysidxstats]" Alias="[i]" Column="indid"></ColumnReference><ColumnReference Database="[AdventureWorksDW2012]" Schema="[sys]" Table="[sysidxstats]" Alias="[i]" Column="status"></ColumnReference><ColumnReference Database="[AdventureWorksDW2012]" Schema="[sys]" Table="[sysidxstats]" Alias="[i]" Column="type"></ColumnReference><ColumnReference Database="[AdventureWorksDW2012]" Schema="[sys]" Table="[sysschobjs]" Alias="[obj]" Column="status2"></ColumnReference><ColumnReference Column="Expr1387"></ColumnReference><ColumnReference Column="Expr1388"></ColumnReference><ColumnReference Column="Expr1393"></ColumnReference><ColumnReference Column="Expr1394"></ColumnReference><ColumnReference Column="Expr1395"></ColumnReference><ColumnReference Column="Expr1396"></ColumnReference><ColumnReference Column="Expr1397"></ColumnReference><ColumnReference Column="Expr1398"></ColumnReference><ColumnReference Column="Expr1399"></ColumnReference><ColumnReference Column="Expr1400"></ColumnReference><ColumnReference Column="Expr1421"></ColumnReference><ColumnReference Column="Expr1462"></ColumnReference><ColumnReference Column="Expr1669"></ColumnReference><ColumnReference Column="Expr1672"></ColumnReference><ColumnReference Column="Expr1682"></ColumnReference><ColumnReference Column="Expr1754"></ColumnReference><ColumnReference Column="Expr1772"></ColumnReference><ColumnReference Column="Expr1773"></ColumnReference><ColumnReference Column="Expr1775"></ColumnReference><ColumnReference Column="Expr1776"></ColumnReference></OutputList><NestedLoops Optimized="0"><OuterReferences><ColumnReference Database="[AdventureWorksDW2012]" Schema="[sys]" Table="[sysidxstats]" Alias="[i]" Column="id"></ColumnReference></OuterReferences><RelOp NodeId="40" PhysicalOp="Compute Scalar" LogicalOp="Compute Scalar" EstimateRows="1" EstimateIO="0" EstimateCPU="1e-007" AvgRowSize="258" EstimatedTotalSubtreeCost="0.148632" Parallel="0" EstimateRebinds="0" EstimateRewinds="0" EstimatedExecutionMode="Row"><OutputList><ColumnReference Database="[AdventureWorksDW2012]" Schema="[sys]" Table="[sysschobjs]" Alias="[o]" Column="id"></ColumnReference><ColumnReference Database="[AdventureWorksDW2012]" Schema="[sys]" Table="[sysschobjs]" Alias="[o]" Column="name"></ColumnReference><ColumnReference Database="[AdventureWorksDW2012]" Schema="[sys]" Table="[sysschobjs]" Alias="[o]" Column="created"></ColumnReference><ColumnReference Database="[AdventureWorksDW2012]" Schema="[sys]" Table="[sysschobjs]" Alias="[o]" Column="modified"></ColumnReference><ColumnReference Database="[AdventureWorksDW2012]" Schema="[sys]" Table="[sysschobjs]" Alias="[o]" Column="status2"></ColumnReference><ColumnReference Database="[AdventureWorksDW2012]" Schema="[sys]" Table="[syssingleobjrefs]" Alias="[r]" Column="indepid"></ColumnReference><ColumnReference Column="Expr1026"></ColumnReference><ColumnReference Column="Expr1033"></ColumnReference><ColumnReference Column="Expr1038"></ColumnReference><ColumnReference Column="Expr1040"></ColumnReference><ColumnReference Column="Expr1042"></ColumnReference><ColumnReference Database="[AdventureWorksDW2012]" Schema="[sys]" Table="[syssingleobjrefs]" Alias="[ct]" Column="depid"></ColumnReference><ColumnReference Database="[AdventureWorksDW2012]" Schema="[sys]" Table="[syssingleobjrefs]" Alias="[ct]" Column="indepid"></ColumnReference><ColumnReference Database="[AdventureWorksDW2012]" Schema="[sys]" Table="[syssingleobjrefs]" Alias="[ht]" Column="depid"></ColumnReference><ColumnReference Database="[AdventureWorksDW2012]" Schema="[sys]" Table="[sysidxstats]" Alias="[i]" Column="id"></ColumnReference><ColumnReference Database="[AdventureWorksDW2012]" Schema="[sys]" Table="[sysidxstats]" Alias="[i]" Column="indid"></ColumnReference><ColumnReference Database="[AdventureWorksDW2012]" Schema="[sys]" Table="[sysidxstats]" Alias="[i]" Column="status"></ColumnReference><ColumnReference Database="[AdventureWorksDW2012]" Schema="[sys]" Table="[sysidxstats]" Alias="[i]" Column="type"></ColumnReference><ColumnReference Column="Expr1387"></ColumnReference><ColumnReference Column="Expr1388"></ColumnReference><ColumnReference Column="Expr1393"></ColumnReference><ColumnReference Column="Expr1394"></ColumnReference><ColumnReference Column="Expr1395"></ColumnReference><ColumnReference Column="Expr1396"></ColumnReference><ColumnReference Column="Expr1397"></ColumnReference><ColumnReference Column="Expr1398"></ColumnReference><ColumnReference Column="Expr1399"></ColumnReference><ColumnReference Column="Expr1400"></ColumnReference><ColumnReference Column="Expr1421"></ColumnReference><ColumnReference Column="Expr1462"></ColumnReference><ColumnReference Column="Expr1669"></ColumnReference><ColumnReference Column="Expr1672"></ColumnReference><ColumnReference Column="Expr1682"></ColumnReference><ColumnReference Column="Expr1754"></ColumnReference><ColumnReference Column="Expr1772"></ColumnReference><ColumnReference Column="Expr1773"></ColumnReference><ColumnReference Column="Expr1775"></ColumnReference><ColumnReference Column="Expr1776"></ColumnReference></OutputList><ComputeScalar><DefinedValues><DefinedValue><ColumnReference Column="Expr1400"></ColumnReference><ScalarOperator ScalarString="CONVERT(bit,CASE WHEN [AdventureWorksDW2012].[sys].[sysidxstats].[indid] as [i].[indid]=(1) THEN (1) ELSE (0) END,0)"><Convert DataType="bit" Style="0" Implicit="0"><ScalarOperator><IF><Condition><ScalarOperator><Compare CompareOp="EQ"><ScalarOperator><Identifier><ColumnReference Database="[AdventureWorksDW2012]" Schema="[sys]" Table="[sysidxstats]" Alias="[i]" Column="indid"></ColumnReference></Identifier></ScalarOperator><ScalarOperator><Const ConstValue="(1)"></Const></ScalarOperator></Compare></ScalarOperator></Condition><Then><ScalarOperator><Const ConstValue="(1)"></Const></ScalarOperator></Then><Else><ScalarOperator><Const ConstValue="(0)"></Const></ScalarOperator></Else></IF></ScalarOperator></Convert></ScalarOperator></DefinedValue><DefinedValue><ColumnReference Column="Expr1421"></ColumnReference><ScalarOperator ScalarString="CONVERT(bit,CASE WHEN [AdventureWorksDW2012].[sys].[sysidxstats].[indid] as [i].[indid]=(1) THEN CASE WHEN (CONVERT_IMPLICIT(int,CONVERT(bit,[AdventureWorksDW2012].[sys].[sysidxstats].[status] as [i].[status]&amp;(32),0),0)+(2)*CONVERT_IMPLICIT(int,CONVERT(bit,[AdventureWorksDW2012].[sys].[sysidxstats].[status] as [i].[status]&amp;(64),0),0))=(1) THEN (1) ELSE (0) END ELSE (0) END,0)"><Convert DataType="bit" Style="0" Implicit="0"><ScalarOperator><IF><Condition><ScalarOperator><Compare CompareOp="EQ"><ScalarOperator><Identifier><ColumnReference Database="[AdventureWorksDW2012]" Schema="[sys]" Table="[sysidxstats]" Alias="[i]" Column="indid"></ColumnReference></Identifier></ScalarOperator><ScalarOperator><Const ConstValue="(1)"></Const></ScalarOperator></Compare></ScalarOperator></Condition><Then><ScalarOperator><IF><Condition><ScalarOperator><Compare CompareOp="EQ"><ScalarOperator><Arithmetic Operation="ADD"><ScalarOperator><Convert DataType="int" Style="0" Implicit="1"><ScalarOperator><Convert DataType="bit" Style="0" Implicit="0"><ScalarOperator><Arithmetic Operation="BIT_AND"><ScalarOperator><Identifier><ColumnReference Database="[AdventureWorksDW2012]" Schema="[sys]" Table="[sysidxstats]" Alias="[i]" Column="status"></ColumnReference></Identifier></ScalarOperator><ScalarOperator><Const ConstValue="(32)"></Const></ScalarOperator></Arithmetic></ScalarOperator></Convert></ScalarOperator></Convert></ScalarOperator><ScalarOperator><Arithmetic Operation="MULT"><ScalarOperator><Const ConstValue="(2)"></Const></ScalarOperator><ScalarOperator><Convert DataType="int" Style="0" Implicit="1"><ScalarOperator><Convert DataType="bit" Style="0" Implicit="0"><ScalarOperator><Arithmetic Operation="BIT_AND"><ScalarOperator><Identifier><ColumnReference Database="[AdventureWorksDW2012]" Schema="[sys]" Table="[sysidxstats]" Alias="[i]" Column="status"></ColumnReference></Identifier></ScalarOperator><ScalarOperator><Const ConstValue="(64)"></Const></ScalarOperator></Arithmetic></ScalarOperator></Convert></ScalarOperator></Convert></ScalarOperator></Arithmetic></ScalarOperator></Arithmetic></ScalarOperator><ScalarOperator><Const ConstValue="(1)"></Const></ScalarOperator></Compare></ScalarOperator></Condition><Then><ScalarOperator><Const ConstValue="(1)"></Const></ScalarOperator></Then><Else><ScalarOperator><Const ConstValue="(0)"></Const></ScalarOperator></Else></IF></ScalarOperator></Then><Else><ScalarOperator><Const ConstValue="(0)"></Const></ScalarOperator></Else></IF></ScalarOperator></Convert></ScalarOperator></DefinedValue><DefinedValue><ColumnReference Column="Expr1462"></ColumnReference><ScalarOperator ScalarString="CONVERT(bit,CASE WHEN [AdventureWorksDW2012].[sys].[sysidxstats].[type] as [i].[type]=(0) THEN (1) ELSE (0) END,0)"><Convert DataType="bit" Style="0" Implicit="0"><ScalarOperator><IF><Condition><ScalarOperator><Compare CompareOp="EQ"><ScalarOperator><Identifier><ColumnReference Database="[AdventureWorksDW2012]" Schema="[sys]" Table="[sysidxstats]" Alias="[i]" Column="type"></ColumnReference></Identifier></ScalarOperator><ScalarOperator><Const ConstValue="(0)"></Const></ScalarOperator></Compare></ScalarOperator></Condition><Then><ScalarOperator><Const ConstValue="(1)"></Const></ScalarOperator></Then><Else><ScalarOperator><Const ConstValue="(0)"></Const></ScalarOperator></Else></IF></ScalarOperator></Convert></ScalarOperator></DefinedValue><DefinedValue><ColumnReference Column="Expr1682"></ColumnReference><ScalarOperator ScalarString="CONVERT(bit,CASE WHEN [AdventureWorksDW2012].[sys].[sysidxstats].[type] as [i].[type]=(5) THEN (1) ELSE (0) END,0)"><Convert DataType="bit" Style="0" Implicit="0"><ScalarOperator><IF><Condition><ScalarOperator><Compare CompareOp="EQ"><ScalarOperator><Identifier><ColumnReference Database="[AdventureWorksDW2012]" Schema="[sys]" Table="[sysidxstats]" Alias="[i]" Column="type"></ColumnReference></Identifier></ScalarOperator><ScalarOperator><Const ConstValue="(5)"></Const></ScalarOperator></Compare></ScalarOperator></Condition><Then><ScalarOperator><Const ConstValue="(1)"></Const></ScalarOperator></Then><Else><ScalarOperator><Const ConstValue="(0)"></Const></ScalarOperator></Else></IF></ScalarOperator></Convert></ScalarOperator></DefinedValue></DefinedValues><RelOp NodeId="41" PhysicalOp="Nested Loops" LogicalOp="Inner Join" EstimateRows="1" EstimateIO="0" EstimateCPU="0.000888409" AvgRowSize="257" EstimatedTotalSubtreeCost="0.148632" Parallel="0" EstimateRebinds="0" EstimateRewinds="0" EstimatedExecutionMode="Row"><OutputList><ColumnReference Database="[AdventureWorksDW2012]" Schema="[sys]" Table="[sysschobjs]" Alias="[o]" Column="id"></ColumnReference><ColumnReference Database="[AdventureWorksDW2012]" Schema="[sys]" Table="[sysschobjs]" Alias="[o]" Column="name"></ColumnReference><ColumnReference Database="[AdventureWorksDW2012]" Schema="[sys]" Table="[sysschobjs]" Alias="[o]" Column="created"></ColumnReference><ColumnReference Database="[AdventureWorksDW2012]" Schema="[sys]" Table="[sysschobjs]" Alias="[o]" Column="modified"></ColumnReference><ColumnReference Database="[AdventureWorksDW2012]" Schema="[sys]" Table="[sysschobjs]" Alias="[o]" Column="status2"></ColumnReference><ColumnReference Database="[AdventureWorksDW2012]" Schema="[sys]" Table="[syssingleobjrefs]" Alias="[r]" Column="indepid"></ColumnReference><ColumnReference Column="Expr1026"></ColumnReference><ColumnReference Column="Expr1033"></ColumnReference><ColumnReference Column="Expr1038"></ColumnReference><ColumnReference Column="Expr1040"></ColumnReference><ColumnReference Column="Expr1042"></ColumnReference><ColumnReference Database="[AdventureWorksDW2012]" Schema="[sys]" Table="[syssingleobjrefs]" Alias="[ct]" Column="depid"></ColumnReference><ColumnReference Database="[AdventureWorksDW2012]" Schema="[sys]" Table="[syssingleobjrefs]" Alias="[ct]" Column="indepid"></ColumnReference><ColumnReference Database="[AdventureWorksDW2012]" Schema="[sys]" Table="[syssingleobjrefs]" Alias="[ht]" Column="depid"></ColumnReference><ColumnReference Database="[AdventureWorksDW2012]" Schema="[sys]" Table="[sysidxstats]" Alias="[i]" Column="id"></ColumnReference><ColumnReference Database="[AdventureWorksDW2012]" Schema="[sys]" Table="[sysidxstats]" Alias="[i]" Column="indid"></ColumnReference><ColumnReference Database="[AdventureWorksDW2012]" Schema="[sys]" Table="[sysidxstats]" Alias="[i]" Column="status"></ColumnReference><ColumnReference Database="[AdventureWorksDW2012]" Schema="[sys]" Table="[sysidxstats]" Alias="[i]" Column="type"></ColumnReference><ColumnReference Column="Expr1387"></ColumnReference><ColumnReference Column="Expr1388"></ColumnReference><ColumnReference Column="Expr1393"></ColumnReference><ColumnReference Column="Expr1394"></ColumnReference><ColumnReference Column="Expr1395"></ColumnReference><ColumnReference Column="Expr1396"></ColumnReference><ColumnReference Column="Expr1397"></ColumnReference><ColumnReference Column="Expr1398"></ColumnReference><ColumnReference Column="Expr1399"></ColumnReference><ColumnReference Column="Expr1669"></ColumnReference><ColumnReference Column="Expr1672"></ColumnReference><ColumnReference Column="Expr1754"></ColumnReference><ColumnReference Column="Expr1772"></ColumnReference><ColumnReference Column="Expr1773"></ColumnReference><ColumnReference Column="Expr1775"></ColumnReference><ColumnReference Column="Expr1776"></ColumnReference></OutputList><NestedLoops Optimized="0"><OuterReferences><ColumnReference Database="[AdventureWorksDW2012]" Schema="[sys]" Table="[sysschobjs]" Alias="[o]" Column="id"></ColumnReference></OuterReferences><RelOp NodeId="42" PhysicalOp="Nested Loops" LogicalOp="Left Semi Join" EstimateRows="212.538" EstimateIO="0" EstimateCPU="0.000888409" AvgRowSize="243" EstimatedTotalSubtreeCost="0.110701" Parallel="0" EstimateRebinds="0" EstimateRewinds="0" EstimatedExecutionMode="Row"><OutputList><ColumnReference Database="[AdventureWorksDW2012]" Schema="[sys]" Table="[sysschobjs]" Alias="[o]" Column="id"></ColumnReference><ColumnReference Database="[AdventureWorksDW2012]" Schema="[sys]" Table="[sysschobjs]" Alias="[o]" Column="name"></ColumnReference><ColumnReference Database="[AdventureWorksDW2012]" Schema="[sys]" Table="[sysschobjs]" Alias="[o]" Column="created"></ColumnReference><ColumnReference Database="[AdventureWorksDW2012]" Schema="[sys]" Table="[sysschobjs]" Alias="[o]" Column="modified"></ColumnReference><ColumnReference Database="[AdventureWorksDW2012]" Schema="[sys]" Table="[sysschobjs]" Alias="[o]" Column="status2"></ColumnReference><ColumnReference Database="[AdventureWorksDW2012]" Schema="[sys]" Table="[syssingleobjrefs]" Alias="[r]" Column="indepid"></ColumnReference><ColumnReference Column="Expr1026"></ColumnReference><ColumnReference Column="Expr1033"></ColumnReference><ColumnReference Column="Expr1038"></ColumnReference><ColumnReference Column="Expr1040"></ColumnReference><ColumnReference Column="Expr1042"></ColumnReference><ColumnReference Database="[AdventureWorksDW2012]" Schema="[sys]" Table="[syssingleobjrefs]" Alias="[ct]" Column="depid"></ColumnReference><ColumnReference Database="[AdventureWorksDW2012]" Schema="[sys]" Table="[syssingleobjrefs]" Alias="[ct]" Column="indepid"></ColumnReference><ColumnReference Database="[AdventureWorksDW2012]" Schema="[sys]" Table="[syssingleobjrefs]" Alias="[ht]" Column="depid"></ColumnReference><ColumnReference Column="Expr1387"></ColumnReference><ColumnReference Column="Expr1388"></ColumnReference><ColumnReference Column="Expr1393"></ColumnReference><ColumnReference Column="Expr1394"></ColumnReference><ColumnReference Column="Expr1395"></ColumnReference><ColumnReference Column="Expr1396"></ColumnReference><ColumnReference Column="Expr1397"></ColumnReference><ColumnReference Column="Expr1398"></ColumnReference><ColumnReference Column="Expr1399"></ColumnReference><ColumnReference Column="Expr1669"></ColumnReference><ColumnReference Column="Expr1672"></ColumnReference><ColumnReference Column="Expr1754"></ColumnReference><ColumnReference Column="Expr1772"></ColumnReference><ColumnReference Column="Expr1773"></ColumnReference><ColumnReference Column="Expr1775"></ColumnReference><ColumnReference Column="Expr1776"></ColumnReference></OutputList><NestedLoops Optimized="0"><DefinedValues><DefinedValue><ColumnReference Column="Expr1772"></ColumnReference></DefinedValue></DefinedValues><OuterReferences><ColumnReference Database="[AdventureWorksDW2012]" Schema="[sys]" Table="[sysschobjs]" Alias="[o]" Column="id"></ColumnReference></OuterReferences><ProbeColumn><ColumnReference Column="Expr1772"></ColumnReference></ProbeColumn><RelOp NodeId="43" PhysicalOp="Hash Match" LogicalOp="Right Outer Join" EstimateRows="212.538" EstimateIO="0" EstimateCPU="0.0190075" AvgRowSize="243" EstimatedTotalSubtreeCost="0.0852548" Parallel="0" EstimateRebinds="0" EstimateRewinds="0" EstimatedExecutionMode="Row"><OutputList><ColumnReference Database="[AdventureWorksDW2012]" Schema="[sys]" Table="[sysschobjs]" Alias="[o]" Column="id"></ColumnReference><ColumnReference Database="[AdventureWorksDW2012]" Schema="[sys]" Table="[sysschobjs]" Alias="[o]" Column="name"></ColumnReference><ColumnReference Database="[AdventureWorksDW2012]" Schema="[sys]" Table="[sysschobjs]" Alias="[o]" Column="created"></ColumnReference><ColumnReference Database="[AdventureWorksDW2012]" Schema="[sys]" Table="[sysschobjs]" Alias="[o]" Column="modified"></ColumnReference><ColumnReference Database="[AdventureWorksDW2012]" Schema="[sys]" Table="[sysschobjs]" Alias="[o]" Column="status2"></ColumnReference><ColumnReference Database="[AdventureWorksDW2012]" Schema="[sys]" Table="[syssingleobjrefs]" Alias="[r]" Column="indepid"></ColumnReference><ColumnReference Column="Expr1026"></ColumnReference><ColumnReference Column="Expr1033"></ColumnReference><ColumnReference Column="Expr1038"></ColumnReference><ColumnReference Column="Expr1040"></ColumnReference><ColumnReference Column="Expr1042"></ColumnReference><ColumnReference Database="[AdventureWorksDW2012]" Schema="[sys]" Table="[syssingleobjrefs]" Alias="[ct]" Column="depid"></ColumnReference><ColumnReference Database="[AdventureWorksDW2012]" Schema="[sys]" Table="[syssingleobjrefs]" Alias="[ct]" Column="indepid"></ColumnReference><ColumnReference Database="[AdventureWorksDW2012]" Schema="[sys]" Table="[syssingleobjrefs]" Alias="[ht]" Column="depid"></ColumnReference><ColumnReference Column="Expr1387"></ColumnReference><ColumnReference Column="Expr1388"></ColumnReference><ColumnReference Column="Expr1393"></ColumnReference><ColumnReference Column="Expr1394"></ColumnReference><ColumnReference Column="Expr1395"></ColumnReference><ColumnReference Column="Expr1396"></ColumnReference><ColumnReference Column="Expr1397"></ColumnReference><ColumnReference Column="Expr1398"></ColumnReference><ColumnReference Column="Expr1399"></ColumnReference><ColumnReference Column="Expr1669"></ColumnReference><ColumnReference Column="Expr1672"></ColumnReference><ColumnReference Column="Expr1754"></ColumnReference><ColumnReference Column="Expr1773"></ColumnReference><ColumnReference Column="Expr1775"></ColumnReference><ColumnReference Column="Expr1776"></ColumnReference></OutputList><MemoryFractions Input="0.15" Output="0.15"></MemoryFractions><Hash><DefinedValues></DefinedValues><HashKeysBuild><ColumnReference Database="[AdventureWorksDW2012]" Schema="[sys]" Table="[syssingleobjrefs]" Alias="[ht]" Column="depid"></ColumnReference></HashKeysBuild><HashKeysProbe><ColumnReference Database="[AdventureWorksDW2012]" Schema="[sys]" Table="[sysschobjs]" Alias="[o]" Column="id"></ColumnReference></HashKeysProbe><RelOp NodeId="44" PhysicalOp="Index Scan" LogicalOp="Index Scan" EstimateRows="12.5508" EstimatedRowsRead="356" EstimateIO="0.003125" EstimateCPU="0.0005486" AvgRowSize="12" EstimatedTotalSubtreeCost="0.0036736" TableCardinality="356" Parallel="0" EstimateRebinds="0" EstimateRewinds="0" EstimatedExecutionMode="Row"><OutputList><ColumnReference Database="[AdventureWorksDW2012]" Schema="[sys]" Table="[syssingleobjrefs]" Alias="[ht]" Column="depid"></ColumnReference></OutputList><IndexScan Ordered="0" ForcedIndex="0" ForceSeek="0" ForceScan="0" NoExpandHint="0" Storage="RowStore"><DefinedValues><DefinedValue><ColumnReference Database="[AdventureWorksDW2012]" Schema="[sys]" Table="[syssingleobjrefs]" Alias="[ht]" Column="depid"></ColumnReference></DefinedValue></DefinedValues><Object Database="[AdventureWorksDW2012]" Schema="[sys]" Table="[syssingleobjrefs]" Index="[nc1]" Alias="[ht]" TableReferenceId="1" IndexKind="NonClustered" Storage="RowStore"></Object><Predicate><ScalarOperator ScalarString="[AdventureWorksDW2012].[sys].[syssingleobjrefs].[class] as [ht].[class]=(112)"><Compare CompareOp="EQ"><ScalarOperator><Identifier><ColumnReference Database="[AdventureWorksDW2012]" Schema="[sys]" Table="[syssingleobjrefs]" Alias="[ht]" Column="class"></ColumnReference></Identifier></ScalarOperator><ScalarOperator><Const ConstValue="(112)"></Const></ScalarOperator></Compare></ScalarOperator></Predicate></IndexScan></RelOp><RelOp NodeId="45" PhysicalOp="Hash Match" LogicalOp="Right Outer Join" EstimateRows="212.529" EstimateIO="0" EstimateCPU="0.0190297" AvgRowSize="239" EstimatedTotalSubtreeCost="0.0623998" Parallel="0" EstimateRebinds="0" EstimateRewinds="0" EstimatedExecutionMode="Row"><OutputList><ColumnReference Database="[AdventureWorksDW2012]" Schema="[sys]" Table="[sysschobjs]" Alias="[o]" Column="id"></ColumnReference><ColumnReference Database="[AdventureWorksDW2012]" Schema="[sys]" Table="[sysschobjs]" Alias="[o]" Column="name"></ColumnReference><ColumnReference Database="[AdventureWorksDW2012]" Schema="[sys]" Table="[sysschobjs]" Alias="[o]" Column="created"></ColumnReference><ColumnReference Database="[AdventureWorksDW2012]" Schema="[sys]" Table="[sysschobjs]" Alias="[o]" Column="modified"></ColumnReference><ColumnReference Database="[AdventureWorksDW2012]" Schema="[sys]" Table="[sysschobjs]" Alias="[o]" Column="status2"></ColumnReference><ColumnReference Database="[AdventureWorksDW2012]" Schema="[sys]" Table="[syssingleobjrefs]" Alias="[r]" Column="indepid"></ColumnReference><ColumnReference Column="Expr1026"></ColumnReference><ColumnReference Column="Expr1033"></ColumnReference><ColumnReference Column="Expr1038"></ColumnReference><ColumnReference Column="Expr1040"></ColumnReference><ColumnReference Column="Expr1042"></ColumnReference><ColumnReference Database="[AdventureWorksDW2012]" Schema="[sys]" Table="[syssingleobjrefs]" Alias="[ct]" Column="depid"></ColumnReference><ColumnReference Database="[AdventureWorksDW2012]" Schema="[sys]" Table="[syssingleobjrefs]" Alias="[ct]" Column="indepid"></ColumnReference><ColumnReference Column="Expr1387"></ColumnReference><ColumnReference Column="Expr1388"></ColumnReference><ColumnReference Column="Expr1393"></ColumnReference><ColumnReference Column="Expr1394"></ColumnReference><ColumnReference Column="Expr1395"></ColumnReference><ColumnReference Column="Expr1396"></ColumnReference><ColumnReference Column="Expr1397"></ColumnReference><ColumnReference Column="Expr1398"></ColumnReference><ColumnReference Column="Expr1399"></ColumnReference><ColumnReference Column="Expr1669"></ColumnReference><ColumnReference Column="Expr1672"></ColumnReference><ColumnReference Column="Expr1754"></ColumnReference><ColumnReference Column="Expr1773"></ColumnReference><ColumnReference Column="Expr1775"></ColumnReference><ColumnReference Column="Expr1776"></ColumnReference></OutputList><MemoryFractions Input="0.1" Output="0.1"></MemoryFractions><Hash><DefinedValues></DefinedValues><HashKeysBuild><ColumnReference Database="[AdventureWorksDW2012]" Schema="[sys]" Table="[syssingleobjrefs]" Alias="[ct]" Column="indepid"></ColumnReference></HashKeysBuild><HashKeysProbe><ColumnReference Database="[AdventureWorksDW2012]" Schema="[sys]" Table="[sysschobjs]" Alias="[o]" Column="id"></ColumnReference></HashKeysProbe><RelOp NodeId="46" PhysicalOp="Index Scan" LogicalOp="Index Scan" EstimateRows="12.5508" EstimatedRowsRead="356" EstimateIO="0.003125" EstimateCPU="0.0005486" AvgRowSize="16" EstimatedTotalSubtreeCost="0.0036736" TableCardinality="356" Parallel="0" EstimateRebinds="0" EstimateRewinds="0" EstimatedExecutionMode="Row"><OutputList><ColumnReference Database="[AdventureWorksDW2012]" Schema="[sys]" Table="[syssingleobjrefs]" Alias="[ct]" Column="depid"></ColumnReference><ColumnReference Database="[AdventureWorksDW2012]" Schema="[sys]" Table="[syssingleobjrefs]" Alias="[ct]" Column="indepid"></ColumnReference></OutputList><IndexScan Ordered="0" ForcedIndex="0" ForceSeek="0" ForceScan="0" NoExpandHint="0" Storage="RowStore"><DefinedValues><DefinedValue><ColumnReference Database="[AdventureWorksDW2012]" Schema="[sys]" Table="[syssingleobjrefs]" Alias="[ct]" Column="depid"></ColumnReference></DefinedValue><DefinedValue><ColumnReference Database="[AdventureWorksDW2012]" Schema="[sys]" Table="[syssingleobjrefs]" Alias="[ct]" Column="indepid"></ColumnReference></DefinedValue></DefinedValues><Object Database="[AdventureWorksDW2012]" Schema="[sys]" Table="[syssingleobjrefs]" Index="[nc1]" Alias="[ct]" TableReferenceId="1" IndexKind="NonClustered" Storage="RowStore"></Object><Predicate><ScalarOperator ScalarString="[AdventureWorksDW2012].[sys].[syssingleobjrefs].[class] as [ct].[class]=(112)"><Compare CompareOp="EQ"><ScalarOperator><Identifier><ColumnReference Database="[AdventureWorksDW2012]" Schema="[sys]" Table="[syssingleobjrefs]" Alias="[ct]" Column="class"></ColumnReference></Identifier></ScalarOperator><ScalarOperator><Const ConstValue="(112)"></Const></ScalarOperator></Compare></ScalarOperator></Predicate></IndexScan></RelOp><RelOp NodeId="47" PhysicalOp="Compute Scalar" LogicalOp="Compute Scalar" EstimateRows="212.219" EstimateIO="0" EstimateCPU="2.12219e-005" AvgRowSize="231" EstimatedTotalSubtreeCost="0.0395226" Parallel="0" EstimateRebinds="0" EstimateRewinds="0" EstimatedExecutionMode="Row"><OutputList><ColumnReference Database="[AdventureWorksDW2012]" Schema="[sys]" Table="[sysschobjs]" Alias="[o]" Column="id"></ColumnReference><ColumnReference Database="[AdventureWorksDW2012]" Schema="[sys]" Table="[sysschobjs]" Alias="[o]" Column="name"></ColumnReference><ColumnReference Database="[AdventureWorksDW2012]" Schema="[sys]" Table="[sysschobjs]" Alias="[o]" Column="created"></ColumnReference><ColumnReference Database="[AdventureWorksDW2012]" Schema="[sys]" Table="[sysschobjs]" Alias="[o]" Column="modified"></ColumnReference><ColumnReference Database="[AdventureWorksDW2012]" Schema="[sys]" Table="[sysschobjs]" Alias="[o]" Column="status2"></ColumnReference><ColumnReference Database="[AdventureWorksDW2012]" Schema="[sys]" Table="[syssingleobjrefs]" Alias="[r]" Column="indepid"></ColumnReference><ColumnReference Column="Expr1026"></ColumnReference><ColumnReference Column="Expr1033"></ColumnReference><ColumnReference Column="Expr1038"></ColumnReference><ColumnReference Column="Expr1040"></ColumnReference><ColumnReference Column="Expr1042"></ColumnReference><ColumnReference Column="Expr1387"></ColumnReference><ColumnReference Column="Expr1388"></ColumnReference><ColumnReference Column="Expr1393"></ColumnReference><ColumnReference Column="Expr1394"></ColumnReference><ColumnReference Column="Expr1395"></ColumnReference><ColumnReference Column="Expr1396"></ColumnReference><ColumnReference Column="Expr1397"></ColumnReference><ColumnReference Column="Expr1398"></ColumnReference><ColumnReference Column="Expr1399"></ColumnReference><ColumnReference Column="Expr1669"></ColumnReference><ColumnReference Column="Expr1672"></ColumnReference><ColumnReference Column="Expr1754"></ColumnReference><ColumnReference Column="Expr1773"></ColumnReference><ColumnReference Column="Expr1775"></ColumnReference><ColumnReference Column="Expr1776"></ColumnReference></OutputList><ComputeScalar><DefinedValues><DefinedValue><ColumnReference Column="Expr1775"></ColumnReference><ScalarOperator ScalarString="isnull([AdventureWorksDW2012].[sys].[syssingleobjrefs].[indepid] as [ds].[indepid],(0))"><Intrinsic FunctionName="isnull"><ScalarOperator><Identifier><ColumnReference Database="[AdventureWorksDW2012]" Schema="[sys]" Table="[syssingleobjrefs]" Alias="[ds]" Column="indepid"></ColumnReference></Identifier></ScalarOperator><ScalarOperator><Const ConstValue="(0)"></Const></ScalarOperator></Intrinsic></ScalarOperator></DefinedValue></DefinedValues><RelOp NodeId="48" PhysicalOp="Hash Match" LogicalOp="Right Outer Join" EstimateRows="212.219" EstimateIO="0" EstimateCPU="0.0189999" AvgRowSize="231" EstimatedTotalSubtreeCost="0.0395014" Parallel="0" EstimateRebinds="0" EstimateRewinds="0" EstimatedExecutionMode="Row"><OutputList><ColumnReference Database="[AdventureWorksDW2012]" Schema="[sys]" Table="[sysschobjs]" Alias="[o]" Column="id"></ColumnReference><ColumnReference Database="[AdventureWorksDW2012]" Schema="[sys]" Table="[sysschobjs]" Alias="[o]" Column="name"></ColumnReference><ColumnReference Database="[AdventureWorksDW2012]" Schema="[sys]" Table="[sysschobjs]" Alias="[o]" Column="created"></ColumnReference><ColumnReference Database="[AdventureWorksDW2012]" Schema="[sys]" Table="[sysschobjs]" Alias="[o]" Column="modified"></ColumnReference><ColumnReference Database="[AdventureWorksDW2012]" Schema="[sys]" Table="[sysschobjs]" Alias="[o]" Column="status2"></ColumnReference><ColumnReference Database="[AdventureWorksDW2012]" Schema="[sys]" Table="[syssingleobjrefs]" Alias="[r]" Column="indepid"></ColumnReference><ColumnReference Column="Expr1026"></ColumnReference><ColumnReference Column="Expr1033"></ColumnReference><ColumnReference Column="Expr1038"></ColumnReference><ColumnReference Column="Expr1040"></ColumnReference><ColumnReference Column="Expr1042"></ColumnReference><ColumnReference Database="[AdventureWorksDW2012]" Schema="[sys]" Table="[syssingleobjrefs]" Alias="[ds]" Column="indepid"></ColumnReference><ColumnReference Column="Expr1387"></ColumnReference><ColumnReference Column="Expr1388"></ColumnReference><ColumnReference Column="Expr1393"></ColumnReference><ColumnReference Column="Expr1394"></ColumnReference><ColumnReference Column="Expr1395"></ColumnReference><ColumnReference Column="Expr1396"></ColumnReference><ColumnReference Column="Expr1397"></ColumnReference><ColumnReference Column="Expr1398"></ColumnReference><ColumnReference Column="Expr1399"></ColumnReference><ColumnReference Column="Expr1669"></ColumnReference><ColumnReference Column="Expr1672"></ColumnReference><ColumnReference Column="Expr1754"></ColumnReference><ColumnReference Column="Expr1773"></ColumnReference><ColumnReference Column="Expr1776"></ColumnReference></OutputList><MemoryFractions Input="0.1" Output="0.1"></MemoryFractions><Hash><DefinedValues></DefinedValues><HashKeysBuild><ColumnReference Database="[AdventureWorksDW2012]" Schema="[sys]" Table="[syssingleobjrefs]" Alias="[ds]" Column="depid"></ColumnReference></HashKeysBuild><HashKeysProbe><ColumnReference Database="[AdventureWorksDW2012]" Schema="[sys]" Table="[sysschobjs]" Alias="[o]" Column="id"></ColumnReference></HashKeysProbe><RelOp NodeId="49" PhysicalOp="Index Scan" LogicalOp="Index Scan" EstimateRows="12.3482" EstimatedRowsRead="356" EstimateIO="0.003125" EstimateCPU="0.0005486" AvgRowSize="20" EstimatedTotalSubtreeCost="0.0036736" TableCardinality="356" Parallel="0" EstimateRebinds="0" EstimateRewinds="0" EstimatedExecutionMode="Row"><OutputList><ColumnReference Database="[AdventureWorksDW2012]" Schema="[sys]" Table="[syssingleobjrefs]" Alias="[ds]" Column="depid"></ColumnReference><ColumnReference Database="[AdventureWorksDW2012]" Schema="[sys]" Table="[syssingleobjrefs]" Alias="[ds]" Column="indepid"></ColumnReference></OutputList><IndexScan Ordered="0" ForcedIndex="0" ForceSeek="0" ForceScan="0" NoExpandHint="0" Storage="RowStore"><DefinedValues><DefinedValue><ColumnReference Database="[AdventureWorksDW2012]" Schema="[sys]" Table="[syssingleobjrefs]" Alias="[ds]" Column="depid"></ColumnReference></DefinedValue><DefinedValue><ColumnReference Database="[AdventureWorksDW2012]" Schema="[sys]" Table="[syssingleobjrefs]" Alias="[ds]" Column="indepid"></ColumnReference></DefinedValue></DefinedValues><Object Database="[AdventureWorksDW2012]" Schema="[sys]" Table="[syssingleobjrefs]" Index="[nc1]" Alias="[ds]" TableReferenceId="1" IndexKind="NonClustered" Storage="RowStore"></Object><Predicate><ScalarOperator ScalarString="[AdventureWorksDW2012].[sys].[syssingleobjrefs].[class] as [ds].[class]=(8) AND [AdventureWorksDW2012].[sys].[syssingleobjrefs].[depsubid] as [ds].[depsubid]&lt;=(1)"><Logical Operation="AND"><ScalarOperator><Compare CompareOp="EQ"><ScalarOperator><Identifier><ColumnReference Database="[AdventureWorksDW2012]" Schema="[sys]" Table="[syssingleobjrefs]" Alias="[ds]" Column="class"></ColumnReference></Identifier></ScalarOperator><ScalarOperator><Const ConstValue="(8)"></Const></ScalarOperator></Compare></ScalarOperator><ScalarOperator><Compare CompareOp="LE"><ScalarOperator><Identifier><ColumnReference Database="[AdventureWorksDW2012]" Schema="[sys]" Table="[syssingleobjrefs]" Alias="[ds]" Column="depsubid"></ColumnReference></Identifier></ScalarOperator><ScalarOperator><Const ConstValue="(1)"></Const></ScalarOperator></Compare></ScalarOperator></Logical></ScalarOperator></Predicate></IndexScan></RelOp><RelOp NodeId="50" PhysicalOp="Nested Loops" LogicalOp="Left Outer Join" EstimateRows="206.053" EstimateIO="0" EstimateCPU="0.000861304" AvgRowSize="227" EstimatedTotalSubtreeCost="0.0165116" Parallel="0" EstimateRebinds="0" EstimateRewinds="0" EstimatedExecutionMode="Row"><OutputList><ColumnReference Database="[AdventureWorksDW2012]" Schema="[sys]" Table="[sysschobjs]" Alias="[o]" Column="id"></ColumnReference><ColumnReference Database="[AdventureWorksDW2012]" Schema="[sys]" Table="[sysschobjs]" Alias="[o]" Column="name"></ColumnReference><ColumnReference Database="[AdventureWorksDW2012]" Schema="[sys]" Table="[sysschobjs]" Alias="[o]" Column="created"></ColumnReference><ColumnReference Database="[AdventureWorksDW2012]" Schema="[sys]" Table="[sysschobjs]" Alias="[o]" Column="modified"></ColumnReference><ColumnReference Database="[AdventureWorksDW2012]" Schema="[sys]" Table="[sysschobjs]" Alias="[o]" Column="status2"></ColumnReference><ColumnReference Database="[AdventureWorksDW2012]" Schema="[sys]" Table="[syssingleobjrefs]" Alias="[r]" Column="indepid"></ColumnReference><ColumnReference Column="Expr1026"></ColumnReference><ColumnReference Column="Expr1033"></ColumnReference><ColumnReference Column="Expr1038"></ColumnReference><ColumnReference Column="Expr1040"></ColumnReference><ColumnReference Column="Expr1042"></ColumnReference><ColumnReference Column="Expr1387"></ColumnReference><ColumnReference Column="Expr1388"></ColumnReference><ColumnReference Column="Expr1393"></ColumnReference><ColumnReference Column="Expr1394"></ColumnReference><ColumnReference Column="Expr1395"></ColumnReference><ColumnReference Column="Expr1396"></ColumnReference><ColumnReference Column="Expr1397"></ColumnReference><ColumnReference Column="Expr1398"></ColumnReference><ColumnReference Column="Expr1399"></ColumnReference><ColumnReference Column="Expr1669"></ColumnReference><ColumnReference Column="Expr1672"></ColumnReference><ColumnReference Column="Expr1754"></ColumnReference><ColumnReference Column="Expr1773"></ColumnReference><ColumnReference Column="Expr1776"></ColumnReference></OutputList><NestedLoops Optimized="0"><OuterReferences><ColumnReference Database="[AdventureWorksDW2012]" Schema="[sys]" Table="[sysschobjs]" Alias="[o]" Column="id"></ColumnReference></OuterReferences><RelOp NodeId="51" PhysicalOp="Compute Scalar" LogicalOp="Compute Scalar" EstimateRows="1.06078" EstimateIO="0" EstimateCPU="1.06078e-007" AvgRowSize="227" EstimatedTotalSubtreeCost="0.00986141" Parallel="0" EstimateRebinds="0" EstimateRewinds="0" EstimatedExecutionMode="Row"><OutputList><ColumnReference Database="[AdventureWorksDW2012]" Schema="[sys]" Table="[sysschobjs]" Alias="[o]" Column="id"></ColumnReference><ColumnReference Database="[AdventureWorksDW2012]" Schema="[sys]" Table="[sysschobjs]" Alias="[o]" Column="name"></ColumnReference><ColumnReference Database="[AdventureWorksDW2012]" Schema="[sys]" Table="[sysschobjs]" Alias="[o]" Column="created"></ColumnReference><ColumnReference Database="[AdventureWorksDW2012]" Schema="[sys]" Table="[sysschobjs]" Alias="[o]" Column="modified"></ColumnReference><ColumnReference Database="[AdventureWorksDW2012]" Schema="[sys]" Table="[sysschobjs]" Alias="[o]" Column="status2"></ColumnReference><ColumnReference Database="[AdventureWorksDW2012]" Schema="[sys]" Table="[syssingleobjrefs]" Alias="[r]" Column="indepid"></ColumnReference><ColumnReference Column="Expr1026"></ColumnReference><ColumnReference Column="Expr1033"></ColumnReference><ColumnReference Column="Expr1038"></ColumnReference><ColumnReference Column="Expr1040"></ColumnReference><ColumnReference Column="Expr1042"></ColumnReference><ColumnReference Column="Expr1387"></ColumnReference><ColumnReference Column="Expr1388"></ColumnReference><ColumnReference Column="Expr1393"></ColumnReference><ColumnReference Column="Expr1394"></ColumnReference><ColumnReference Column="Expr1395"></ColumnReference><ColumnReference Column="Expr1396"></ColumnReference><ColumnReference Column="Expr1397"></ColumnReference><ColumnReference Column="Expr1398"></ColumnReference><ColumnReference Column="Expr1399"></ColumnReference><ColumnReference Column="Expr1669"></ColumnReference><ColumnReference Column="Expr1672"></ColumnReference><ColumnReference Column="Expr1754"></ColumnReference><ColumnReference Column="Expr1773"></ColumnReference><ColumnReference Column="Expr1776"></ColumnReference></OutputList><ComputeScalar><DefinedValues><DefinedValue><ColumnReference Column="Expr1387"></ColumnReference><ScalarOperator ScalarString="CONVERT(bit,CASE WHEN [AdventureWorksDW2012].[sys].[syssingleobjrefs].[indepid] as [r].[indepid] IS NULL THEN (1) ELSE (0) END,0)"><Convert DataType="bit" Style="0" Implicit="0"><ScalarOperator><IF><Condition><ScalarOperator><Compare CompareOp="IS"><ScalarOperator><Identifier><ColumnReference Database="[AdventureWorksDW2012]" Schema="[sys]" Table="[syssingleobjrefs]" Alias="[r]" Column="indepid"></ColumnReference></Identifier></ScalarOperator><ScalarOperator><Const ConstValue="NULL"></Const></ScalarOperator></Compare></ScalarOperator></Condition><Then><ScalarOperator><Const ConstValue="(1)"></Const></ScalarOperator></Then><Else><ScalarOperator><Const ConstValue="(0)"></Const></ScalarOperator></Else></IF></ScalarOperator></Convert></ScalarOperator></DefinedValue></DefinedValues><RelOp NodeId="52" PhysicalOp="Nested Loops" LogicalOp="Left Outer Join" EstimateRows="1.06078" EstimateIO="0" EstimateCPU="4.18e-006" AvgRowSize="226" EstimatedTotalSubtreeCost="0.0098613" Parallel="0" EstimateRebinds="0" EstimateRewinds="0" EstimatedExecutionMode="Row"><OutputList><ColumnReference Database="[AdventureWorksDW2012]" Schema="[sys]" Table="[sysschobjs]" Alias="[o]" Column="id"></ColumnReference><ColumnReference Database="[AdventureWorksDW2012]" Schema="[sys]" Table="[sysschobjs]" Alias="[o]" Column="name"></ColumnReference><ColumnReference Database="[AdventureWorksDW2012]" Schema="[sys]" Table="[sysschobjs]" Alias="[o]" Column="created"></ColumnReference><ColumnReference Database="[AdventureWorksDW2012]" Schema="[sys]" Table="[sysschobjs]" Alias="[o]" Column="modified"></ColumnReference><ColumnReference Database="[AdventureWorksDW2012]" Schema="[sys]" Table="[sysschobjs]" Alias="[o]" Column="status2"></ColumnReference><ColumnReference Database="[AdventureWorksDW2012]" Schema="[sys]" Table="[syssingleobjrefs]" Alias="[r]" Column="indepid"></ColumnReference><ColumnReference Column="Expr1026"></ColumnReference><ColumnReference Column="Expr1033"></ColumnReference><ColumnReference Column="Expr1038"></ColumnReference><ColumnReference Column="Expr1040"></ColumnReference><ColumnReference Column="Expr1042"></ColumnReference><ColumnReference Column="Expr1388"></ColumnReference><ColumnReference Column="Expr1393"></ColumnReference><ColumnReference Column="Expr1394"></ColumnReference><ColumnReference Column="Expr1395"></ColumnReference><ColumnReference Column="Expr1396"></ColumnReference><ColumnReference Column="Expr1397"></ColumnReference><ColumnReference Column="Expr1398"></ColumnReference><ColumnReference Column="Expr1399"></ColumnReference><ColumnReference Column="Expr1669"></ColumnReference><ColumnReference Column="Expr1672"></ColumnReference><ColumnReference Column="Expr1754"></ColumnReference><ColumnReference Column="Expr1773"></ColumnReference><ColumnReference Column="Expr1776"></ColumnReference></OutputList><NestedLoops Optimized="0"><OuterReferences><ColumnReference Database="[AdventureWorksDW2012]" Schema="[sys]" Table="[sysschobjs]" Alias="[o]" Column="id"></ColumnReference></OuterReferences><RelOp NodeId="53" PhysicalOp="Compute Scalar" LogicalOp="Compute Scalar" EstimateRows="1" EstimateIO="0" EstimateCPU="1e-007" AvgRowSize="222" EstimatedTotalSubtreeCost="0.00657402" Parallel="0" EstimateRebinds="0" EstimateRewinds="0" EstimatedExecutionMode="Row"><OutputList><ColumnReference Database="[AdventureWorksDW2012]" Schema="[sys]" Table="[sysschobjs]" Alias="[o]" Column="id"></ColumnReference><ColumnReference Database="[AdventureWorksDW2012]" Schema="[sys]" Table="[sysschobjs]" Alias="[o]" Column="name"></ColumnReference><ColumnReference Database="[AdventureWorksDW2012]" Schema="[sys]" Table="[sysschobjs]" Alias="[o]" Column="created"></ColumnReference><ColumnReference Database="[AdventureWorksDW2012]" Schema="[sys]" Table="[sysschobjs]" Alias="[o]" Column="modified"></ColumnReference><ColumnReference Database="[AdventureWorksDW2012]" Schema="[sys]" Table="[sysschobjs]" Alias="[o]" Column="status2"></ColumnReference><ColumnReference Column="Expr1026"></ColumnReference><ColumnReference Column="Expr1033"></ColumnReference><ColumnReference Column="Expr1038"></ColumnReference><ColumnReference Column="Expr1040"></ColumnReference><ColumnReference Column="Expr1042"></ColumnReference><ColumnReference Column="Expr1388"></ColumnReference><ColumnReference Column="Expr1393"></ColumnReference><ColumnReference Column="Expr1394"></ColumnReference><ColumnReference Column="Expr1395"></ColumnReference><ColumnReference Column="Expr1396"></ColumnReference><ColumnReference Column="Expr1397"></ColumnReference><ColumnReference Column="Expr1398"></ColumnReference><ColumnReference Column="Expr1399"></ColumnReference><ColumnReference Column="Expr1669"></ColumnReference><ColumnReference Column="Expr1672"></ColumnReference><ColumnReference Column="Expr1754"></ColumnReference><ColumnReference Column="Expr1773"></ColumnReference><ColumnReference Column="Expr1776"></ColumnReference></OutputList><ComputeScalar><DefinedValues><DefinedValue><ColumnReference Column="Expr1026"></ColumnReference><ScalarOperator ScalarString="CONVERT(bit,[AdventureWorksDW2012].[sys].[sysschobjs].[status] as [o].[status]&amp;(4096),0)"><Convert DataType="bit" Style="0" Implicit="0"><ScalarOperator><Arithmetic Operation="BIT_AND"><ScalarOperator><Identifier><ColumnReference Database="[AdventureWorksDW2012]" Schema="[sys]" Table="[sysschobjs]" Alias="[o]" Column="status"></ColumnReference></Identifier></ScalarOperator><ScalarOperator><Const ConstValue="(4096)"></Const></ScalarOperator></Arithmetic></ScalarOperator></Convert></ScalarOperator></DefinedValue><DefinedValue><ColumnReference Column="Expr1033"></ColumnReference><ScalarOperator ScalarString="CONVERT(bit,[AdventureWorksDW2012].[sys].[sysschobjs].[status] as [o].[status]&amp;(262144),0)"><Convert DataType="bit" Style="0" Implicit="0"><ScalarOperator><Arithmetic Operation="BIT_AND"><ScalarOperator><Identifier><ColumnReference Database="[AdventureWorksDW2012]" Schema="[sys]" Table="[sysschobjs]" Alias="[o]" Column="status"></ColumnReference></Identifier></ScalarOperator><ScalarOperator><Const ConstValue="(262144)"></Const></ScalarOperator></Arithmetic></ScalarOperator></Convert></ScalarOperator></DefinedValue><DefinedValue><ColumnReference Column="Expr1038"></ColumnReference><ScalarOperator ScalarString="CONVERT(tinyint,([AdventureWorksDW2012].[sys].[sysschobjs].[status] as [o].[status]&amp;(805306368))/(268435456),0)"><Convert DataType="tinyint" Style="0" Implicit="0"><ScalarOperator><Arithmetic Operation="DIV"><ScalarOperator><Arithmetic Operation="BIT_AND"><ScalarOperator><Identifier><ColumnReference Database="[AdventureWorksDW2012]" Schema="[sys]" Table="[sysschobjs]" Alias="[o]" Column="status"></ColumnReference></Identifier></ScalarOperator><ScalarOperator><Const ConstValue="(805306368)"></Const></ScalarOperator></Arithmetic></ScalarOperator><ScalarOperator><Const ConstValue="(268435456)"></Const></ScalarOperator></Arithmetic></ScalarOperator></Convert></ScalarOperator></DefinedValue><DefinedValue><ColumnReference Column="Expr1040"></ColumnReference><ScalarOperator ScalarString="CONVERT(bit,[AdventureWorksDW2012].[sys].[sysschobjs].[status2] as [o].[status2]&amp;(2),0)"><Convert DataType="bit" Style="0" Implicit="0"><ScalarOperator><Arithmetic Operation="BIT_AND"><ScalarOperator><Identifier><ColumnReference Database="[AdventureWorksDW2012]" Schema="[sys]" Table="[sysschobjs]" Alias="[o]" Column="status2"></ColumnReference></Identifier></ScalarOperator><ScalarOperator><Const ConstValue="(2)"></Const></ScalarOperator></Arithmetic></ScalarOperator></Convert></ScalarOperator></DefinedValue><DefinedValue><ColumnReference Column="Expr1042"></ColumnReference><ScalarOperator ScalarString="CONVERT(bit,[AdventureWorksDW2012].[sys].[sysschobjs].[status2] as [o].[status2]&amp;(8),0)"><Convert DataType="bit" Style="0" Implicit="0"><ScalarOperator><Arithmetic Operation="BIT_AND"><ScalarOperator><Identifier><ColumnReference Database="[AdventureWorksDW2012]" Schema="[sys]" Table="[sysschobjs]" Alias="[o]" Column="status2"></ColumnReference></Identifier></ScalarOperator><ScalarOperator><Const ConstValue="(8)"></Const></ScalarOperator></Arithmetic></ScalarOperator></Convert></ScalarOperator></DefinedValue><DefinedValue><ColumnReference Column="Expr1388"></ColumnReference><ScalarOperator ScalarString="schema_name([AdventureWorksDW2012].[sys].[sysschobjs].[nsid] as [o].[nsid])"><Intrinsic FunctionName="schema_name"><ScalarOperator><Identifier><ColumnReference Database="[AdventureWorksDW2012]" Schema="[sys]" Table="[sysschobjs]" Alias="[o]" Column="nsid"></ColumnReference></Identifier></ScalarOperator></Intrinsic></ScalarOperator></DefinedValue><DefinedValue><ColumnReference Column="Expr1393"></ColumnReference><ScalarOperator ScalarString="CONVERT(bit,objectproperty([AdventureWorksDW2012].[sys].[sysschobjs].[id] as [o].[id],&apos;HasAfterTrigger&apos;),0)"><Convert DataType="bit" Style="0" Implicit="0"><ScalarOperator><Intrinsic FunctionName="objectproperty"><ScalarOperator><Identifier><ColumnReference Database="[AdventureWorksDW2012]" Schema="[sys]" Table="[sysschobjs]" Alias="[o]" Column="id"></ColumnReference></Identifier></ScalarOperator><ScalarOperator><Const ConstValue="&apos;HasAfterTrigger&apos;"></Const></ScalarOperator></Intrinsic></ScalarOperator></Convert></ScalarOperator></DefinedValue><DefinedValue><ColumnReference Column="Expr1394"></ColumnReference><ScalarOperator ScalarString="CONVERT(bit,objectproperty([AdventureWorksDW2012].[sys].[sysschobjs].[id] as [o].[id],&apos;HasInsertTrigger&apos;),0)"><Convert DataType="bit" Style="0" Implicit="0"><ScalarOperator><Intrinsic FunctionName="objectproperty"><ScalarOperator><Identifier><ColumnReference Database="[AdventureWorksDW2012]" Schema="[sys]" Table="[sysschobjs]" Alias="[o]" Column="id"></ColumnReference></Identifier></ScalarOperator><ScalarOperator><Const ConstValue="&apos;HasInsertTrigger&apos;"></Const></ScalarOperator></Intrinsic></ScalarOperator></Convert></ScalarOperator></DefinedValue><DefinedValue><ColumnReference Column="Expr1395"></ColumnReference><ScalarOperator ScalarString="CONVERT(bit,objectproperty([AdventureWorksDW2012].[sys].[sysschobjs].[id] as [o].[id],&apos;HasDeleteTrigger&apos;),0)"><Convert DataType="bit" Style="0" Implicit="0"><ScalarOperator><Intrinsic FunctionName="objectproperty"><ScalarOperator><Identifier><ColumnReference Database="[AdventureWorksDW2012]" Schema="[sys]" Table="[sysschobjs]" Alias="[o]" Column="id"></ColumnReference></Identifier></ScalarOperator><ScalarOperator><Const ConstValue="&apos;HasDeleteTrigger&apos;"></Const></ScalarOperator></Intrinsic></ScalarOperator></Convert></ScalarOperator></DefinedValue><DefinedValue><ColumnReference Column="Expr1396"></ColumnReference><ScalarOperator ScalarString="CONVERT(bit,objectproperty([AdventureWorksDW2012].[sys].[sysschobjs].[id] as [o].[id],&apos;HasInsteadOfTrigger&apos;),0)"><Convert DataType="bit" Style="0" Implicit="0"><ScalarOperator><Intrinsic FunctionName="objectproperty"><ScalarOperator><Identifier><ColumnReference Database="[AdventureWorksDW2012]" Schema="[sys]" Table="[sysschobjs]" Alias="[o]" Column="id"></ColumnReference></Identifier></ScalarOperator><ScalarOperator><Const ConstValue="&apos;HasInsteadOfTrigger&apos;"></Const></ScalarOperator></Intrinsic></ScalarOperator></Convert></ScalarOperator></DefinedValue><DefinedValue><ColumnReference Column="Expr1397"></ColumnReference><ScalarOperator ScalarString="CONVERT(bit,objectproperty([AdventureWorksDW2012].[sys].[sysschobjs].[id] as [o].[id],&apos;HasUpdateTrigger&apos;),0)"><Convert DataType="bit" Style="0" Implicit="0"><ScalarOperator><Intrinsic FunctionName="objectproperty"><ScalarOperator><Identifier><ColumnReference Database="[AdventureWorksDW2012]" Schema="[sys]" Table="[sysschobjs]" Alias="[o]" Column="id"></ColumnReference></Identifier></ScalarOperator><ScalarOperator><Const ConstValue="&apos;HasUpdateTrigger&apos;"></Const></ScalarOperator></Intrinsic></ScalarOperator></Convert></ScalarOperator></DefinedValue><DefinedValue><ColumnReference Column="Expr1398"></ColumnReference><ScalarOperator ScalarString="CONVERT(bit,objectproperty([AdventureWorksDW2012].[sys].[sysschobjs].[id] as [o].[id],&apos;IsIndexed&apos;),0)"><Convert DataType="bit" Style="0" Implicit="0"><ScalarOperator><Intrinsic FunctionName="objectproperty"><ScalarOperator><Identifier><ColumnReference Database="[AdventureWorksDW2012]" Schema="[sys]" Table="[sysschobjs]" Alias="[o]" Column="id"></ColumnReference></Identifier></ScalarOperator><ScalarOperator><Const ConstValue="&apos;IsIndexed&apos;"></Const></ScalarOperator></Intrinsic></ScalarOperator></Convert></ScalarOperator></DefinedValue><DefinedValue><ColumnReference Column="Expr1399"></ColumnReference><ScalarOperator ScalarString="CONVERT(bit,objectproperty([AdventureWorksDW2012].[sys].[sysschobjs].[id] as [o].[id],&apos;IsIndexable&apos;),0)"><Convert DataType="bit" Style="0" Implicit="0"><ScalarOperator><Intrinsic FunctionName="objectproperty"><ScalarOperator><Identifier><ColumnReference Database="[AdventureWorksDW2012]" Schema="[sys]" Table="[sysschobjs]" Alias="[o]" Column="id"></ColumnReference></Identifier></ScalarOperator><ScalarOperator><Const ConstValue="&apos;IsIndexable&apos;"></Const></ScalarOperator></Intrinsic></ScalarOperator></Convert></ScalarOperator></DefinedValue><DefinedValue><ColumnReference Column="Expr1669"></ColumnReference><ScalarOperator ScalarString="CONVERT(bit,isnull(objectproperty([AdventureWorksDW2012].[sys].[sysschobjs].[id] as [o].[id],&apos;IsQuotedIdentOn&apos;),(0)),0)"><Convert DataType="bit" Style="0" Implicit="0"><ScalarOperator><Intrinsic FunctionName="isnull"><ScalarOperator><Intrinsic FunctionName="objectproperty"><ScalarOperator><Identifier><ColumnReference Database="[AdventureWorksDW2012]" Schema="[sys]" Table="[sysschobjs]" Alias="[o]" Column="id"></ColumnReference></Identifier></ScalarOperator><ScalarOperator><Const ConstValue="&apos;IsQuotedIdentOn&apos;"></Const></ScalarOperator></Intrinsic></ScalarOperator><ScalarOperator><Const ConstValue="(0)"></Const></ScalarOperator></Intrinsic></ScalarOperator></Convert></ScalarOperator></DefinedValue><DefinedValue><ColumnReference Column="Expr1672"></ColumnReference><ScalarOperator ScalarString="CASE WHEN CONVERT(tinyint,([AdventureWorksDW2012].[sys].[sysschobjs].[status2] as [o].[status2]&amp;(64))/(64),0)=(1) THEN (0) ELSE (1) END"><IF><Condition><ScalarOperator><Compare CompareOp="EQ"><ScalarOperator><Convert DataType="tinyint" Style="0" Implicit="0"><ScalarOperator><Arithmetic Operation="DIV"><ScalarOperator><Arithmetic Operation="BIT_AND"><ScalarOperator><Identifier><ColumnReference Database="[AdventureWorksDW2012]" Schema="[sys]" Table="[sysschobjs]" Alias="[o]" Column="status2"></ColumnReference></Identifier></ScalarOperator><ScalarOperator><Const ConstValue="(64)"></Const></ScalarOperator></Arithmetic></ScalarOperator><ScalarOperator><Const ConstValue="(64)"></Const></ScalarOperator></Arithmetic></ScalarOperator></Convert></ScalarOperator><ScalarOperator><Const ConstValue="(1)"></Const></ScalarOperator></Compare></ScalarOperator></Condition><Then><ScalarOperator><Const ConstValue="(0)"></Const></ScalarOperator></Then><Else><ScalarOperator><Const ConstValue="(1)"></Const></ScalarOperator></Else></IF></ScalarOperator></DefinedValue><DefinedValue><ColumnReference Column="Expr1754"></ColumnReference><ScalarOperator ScalarString="CONVERT(bit,CONVERT(bit,CASE WHEN [AdventureWorksDW2012].[sys].[sysschobjs].[type] as [o].[type]=&apos;ET&apos; THEN (1) ELSE (0) END,0),0)"><Convert DataType="bit" Style="0" Implicit="0"><ScalarOperator><Convert DataType="bit" Style="0" Implicit="0"><ScalarOperator><IF><Condition><ScalarOperator><Compare CompareOp="EQ"><ScalarOperator><Identifier><ColumnReference Database="[AdventureWorksDW2012]" Schema="[sys]" Table="[sysschobjs]" Alias="[o]" Column="type"></ColumnReference></Identifier></ScalarOperator><ScalarOperator><Const ConstValue="&apos;ET&apos;"></Const></ScalarOperator></Compare></ScalarOperator></Condition><Then><ScalarOperator><Const ConstValue="(1)"></Const></ScalarOperator></Then><Else><ScalarOperator><Const ConstValue="(0)"></Const></ScalarOperator></Else></IF></ScalarOperator></Convert></ScalarOperator></Convert></ScalarOperator></DefinedValue><DefinedValue><ColumnReference Column="Expr1773"></ColumnReference><ScalarOperator ScalarString="CONVERT(bit,[AdventureWorksDW2012].[sys].[sysschobjs].[status] as [o].[status]&amp;(1),0)"><Convert DataType="bit" Style="0" Implicit="0"><ScalarOperator><Arithmetic Operation="BIT_AND"><ScalarOperator><Identifier><ColumnReference Database="[AdventureWorksDW2012]" Schema="[sys]" Table="[sysschobjs]" Alias="[o]" Column="status"></ColumnReference></Identifier></ScalarOperator><ScalarOperator><Const ConstValue="(1)"></Const></ScalarOperator></Arithmetic></ScalarOperator></Convert></ScalarOperator></DefinedValue><DefinedValue><ColumnReference Column="Expr1776"></ColumnReference><ScalarOperator ScalarString="objectproperty([AdventureWorksDW2012].[sys].[sysschobjs].[id] as [o].[id],&apos;OwnerId&apos;)"><Intrinsic FunctionName="objectproperty"><ScalarOperator><Identifier><ColumnReference Database="[AdventureWorksDW2012]" Schema="[sys]" Table="[sysschobjs]" Alias="[o]" Column="id"></ColumnReference></Identifier></ScalarOperator><ScalarOperator><Const ConstValue="&apos;OwnerId&apos;"></Const></ScalarOperator></Intrinsic></ScalarOperator></DefinedValue></DefinedValues><RelOp NodeId="54" PhysicalOp="Nested Loops" LogicalOp="Inner Join" EstimateRows="1" EstimateIO="0" EstimateCPU="4.18e-006" AvgRowSize="91" EstimatedTotalSubtreeCost="0.00657244" Parallel="0" EstimateRebinds="0" EstimateRewinds="0" EstimatedExecutionMode="Row"><OutputList><ColumnReference Database="[AdventureWorksDW2012]" Schema="[sys]" Table="[sysschobjs]" Alias="[o]" Column="id"></ColumnReference><ColumnReference Database="[AdventureWorksDW2012]" Schema="[sys]" Table="[sysschobjs]" Alias="[o]" Column="name"></ColumnReference><ColumnReference Database="[AdventureWorksDW2012]" Schema="[sys]" Table="[sysschobjs]" Alias="[o]" Column="nsid"></ColumnReference><ColumnReference Database="[AdventureWorksDW2012]" Schema="[sys]" Table="[sysschobjs]" Alias="[o]" Column="status"></ColumnReference><ColumnReference Database="[AdventureWorksDW2012]" Schema="[sys]" Table="[sysschobjs]" Alias="[o]" Column="type"></ColumnReference><ColumnReference Database="[AdventureWorksDW2012]" Schema="[sys]" Table="[sysschobjs]" Alias="[o]" Column="created"></ColumnReference><ColumnReference Database="[AdventureWorksDW2012]" Schema="[sys]" Table="[sysschobjs]" Alias="[o]" Column="modified"></ColumnReference><ColumnReference Database="[AdventureWorksDW2012]" Schema="[sys]" Table="[sysschobjs]" Alias="[o]" Column="status2"></ColumnReference></OutputList><NestedLoops Optimized="0"><OuterReferences><ColumnReference Database="[AdventureWorksDW2012]" Schema="[sys]" Table="[sysschobjs]" Alias="[o]" Column="id"></ColumnReference></OuterReferences><RelOp NodeId="55" PhysicalOp="Filter" LogicalOp="Filter" EstimateRows="1" EstimateIO="0" EstimateCPU="1.90989e-006" AvgRowSize="63" EstimatedTotalSubtreeCost="0.00328516" Parallel="0" EstimateRebinds="0" EstimateRewinds="0" EstimatedExecutionMode="Row"><OutputList><ColumnReference Database="[AdventureWorksDW2012]" Schema="[sys]" Table="[sysschobjs]" Alias="[o]" Column="id"></ColumnReference><ColumnReference Database="[AdventureWorksDW2012]" Schema="[sys]" Table="[sysschobjs]" Alias="[o]" Column="name"></ColumnReference><ColumnReference Database="[AdventureWorksDW2012]" Schema="[sys]" Table="[sysschobjs]" Alias="[o]" Column="nsid"></ColumnReference></OutputList><Filter StartupExpression="0"><RelOp NodeId="56" PhysicalOp="Index Seek" LogicalOp="Index Seek" EstimateRows="1" EstimatedRowsRead="1.13684" EstimateIO="0.003125" EstimateCPU="0.000158251" AvgRowSize="64" EstimatedTotalSubtreeCost="0.00328325" TableCardinality="2509" Parallel="0" EstimateRebinds="0" EstimateRewinds="0" EstimatedExecutionMode="Row"><OutputList><ColumnReference Database="[AdventureWorksDW2012]" Schema="[sys]" Table="[sysschobjs]" Alias="[o]" Column="id"></ColumnReference><ColumnReference Database="[AdventureWorksDW2012]" Schema="[sys]" Table="[sysschobjs]" Alias="[o]" Column="name"></ColumnReference><ColumnReference Database="[AdventureWorksDW2012]" Schema="[sys]" Table="[sysschobjs]" Alias="[o]" Column="nsid"></ColumnReference></OutputList><IndexScan Ordered="1" ScanDirection="FORWARD" ForcedIndex="0" ForceSeek="0" ForceScan="0" NoExpandHint="0" Storage="RowStore"><DefinedValues><DefinedValue><ColumnReference Database="[AdventureWorksDW2012]" Schema="[sys]" Table="[sysschobjs]" Alias="[o]" Column="id"></ColumnReference></DefinedValue><DefinedValue><ColumnReference Database="[AdventureWorksDW2012]" Schema="[sys]" Table="[sysschobjs]" Alias="[o]" Column="name"></ColumnReference></DefinedValue><DefinedValue><ColumnReference Database="[AdventureWorksDW2012]" Schema="[sys]" Table="[sysschobjs]" Alias="[o]" Column="nsid"></ColumnReference></DefinedValue></DefinedValues><Object Database="[AdventureWorksDW2012]" Schema="[sys]" Table="[sysschobjs]" Index="[nc2]" Alias="[o]" TableReferenceId="1" IndexKind="NonClustered" Storage="RowStore"></Object><SeekPredicates><SeekPredicateNew><SeekKeys><Prefix ScanType="EQ"><RangeColumns><ColumnReference Database="[AdventureWorksDW2012]" Schema="[sys]" Table="[sysschobjs]" Alias="[o]" Column="name"></ColumnReference></RangeColumns><RangeExpressions><ScalarOperator ScalarString="[@_msparam_1]"><Identifier><ColumnReference Column="@_msparam_1"></ColumnReference></Identifier></ScalarOperator></RangeExpressions></Prefix></SeekKeys></SeekPredicateNew></SeekPredicates><Predicate><ScalarOperator ScalarString="[AdventureWorksDW2012].[sys].[sysschobjs].[nsclass] as [o].[nsclass]=(0)"><Compare CompareOp="EQ"><ScalarOperator><Identifier><ColumnReference Database="[AdventureWorksDW2012]" Schema="[sys]" Table="[sysschobjs]" Alias="[o]" Column="nsclass"></ColumnReference></Identifier></ScalarOperator><ScalarOperator><Const ConstValue="(0)"></Const></ScalarOperator></Compare></ScalarOperator></Predicate></IndexScan></RelOp><Predicate><ScalarOperator ScalarString="schema_name([AdventureWorksDW2012].[sys].[sysschobjs].[nsid] as [o].[nsid])=[@_msparam_2] AND has_access(&apos;CO&apos;,[AdventureWorksDW2012].[sys].[sysschobjs].[id] as [o].[id])=(1)"><Logical Operation="AND"><ScalarOperator><Compare CompareOp="EQ"><ScalarOperator><Intrinsic FunctionName="schema_name"><ScalarOperator><Identifier><ColumnReference Database="[AdventureWorksDW2012]" Schema="[sys]" Table="[sysschobjs]" Alias="[o]" Column="nsid"></ColumnReference></Identifier></ScalarOperator></Intrinsic></ScalarOperator><ScalarOperator><Identifier><ColumnReference Column="@_msparam_2"></ColumnReference></Identifier></ScalarOperator></Compare></ScalarOperator><ScalarOperator><Compare CompareOp="EQ"><ScalarOperator><Intrinsic FunctionName="has_access"><ScalarOperator><Const ConstValue="&apos;CO&apos;"></Const></ScalarOperator><ScalarOperator><Identifier><ColumnReference Database="[AdventureWorksDW2012]" Schema="[sys]" Table="[sysschobjs]" Alias="[o]" Column="id"></ColumnReference></Identifier></ScalarOperator><ScalarOperator><Const ConstValue=""></Const></ScalarOperator><ScalarOperator><Const ConstValue=""></Const></ScalarOperator></Intrinsic></ScalarOperator><ScalarOperator><Const ConstValue="(1)"></Const></ScalarOperator></Compare></ScalarOperator></Logical></ScalarOperator></Predicate></Filter></RelOp><RelOp NodeId="58" PhysicalOp="Clustered Index Seek" LogicalOp="Clustered Index Seek" EstimateRows="1" EstimateIO="0.003125" EstimateCPU="0.0001581" AvgRowSize="34" EstimatedTotalSubtreeCost="0.0032831" TableCardinality="2509" Parallel="0" EstimateRebinds="0" EstimateRewinds="0" EstimatedExecutionMode="Row"><OutputList><ColumnReference Database="[AdventureWorksDW2012]" Schema="[sys]" Table="[sysschobjs]" Alias="[o]" Column="status"></ColumnReference><ColumnReference Database="[AdventureWorksDW2012]" Schema="[sys]" Table="[sysschobjs]" Alias="[o]" Column="type"></ColumnReference><ColumnReference Database="[AdventureWorksDW2012]" Schema="[sys]" Table="[sysschobjs]" Alias="[o]" Column="created"></ColumnReference><ColumnReference Database="[AdventureWorksDW2012]" Schema="[sys]" Table="[sysschobjs]" Alias="[o]" Column="modified"></ColumnReference><ColumnReference Database="[AdventureWorksDW2012]" Schema="[sys]" Table="[sysschobjs]" Alias="[o]" Column="status2"></ColumnReference></OutputList><IndexScan Lookup="1" Ordered="1" ScanDirection="FORWARD" ForcedIndex="0" ForceSeek="0" ForceScan="0" NoExpandHint="0" Storage="RowStore"><DefinedValues><DefinedValue><ColumnReference Database="[AdventureWorksDW2012]" Schema="[sys]" Table="[sysschobjs]" Alias="[o]" Column="status"></ColumnReference></DefinedValue><DefinedValue><ColumnReference Database="[AdventureWorksDW2012]" Schema="[sys]" Table="[sysschobjs]" Alias="[o]" Column="type"></ColumnReference></DefinedValue><DefinedValue><ColumnReference Database="[AdventureWorksDW2012]" Schema="[sys]" Table="[sysschobjs]" Alias="[o]" Column="created"></ColumnReference></DefinedValue><DefinedValue><ColumnReference Database="[AdventureWorksDW2012]" Schema="[sys]" Table="[sysschobjs]" Alias="[o]" Column="modified"></ColumnReference></DefinedValue><DefinedValue><ColumnReference Database="[AdventureWorksDW2012]" Schema="[sys]" Table="[sysschobjs]" Alias="[o]" Column="status2"></ColumnReference></DefinedValue></DefinedValues><Object Database="[AdventureWorksDW2012]" Schema="[sys]" Table="[sysschobjs]" Index="[clst]" Alias="[o]" TableReferenceId="-1" IndexKind="Clustered" Storage="RowStore"></Object><SeekPredicates><SeekPredicateNew><SeekKeys><Prefix ScanType="EQ"><RangeColumns><ColumnReference Database="[AdventureWorksDW2012]" Schema="[sys]" Table="[sysschobjs]" Alias="[o]" Column="id"></ColumnReference></RangeColumns><RangeExpressions><ScalarOperator ScalarString="[AdventureWorksDW2012].[sys].[sysschobjs].[id] as [o].[id]"><Identifier><ColumnReference Database="[AdventureWorksDW2012]" Schema="[sys]" Table="[sysschobjs]" Alias="[o]" Column="id"></ColumnReference></Identifier></ScalarOperator></RangeExpressions></Prefix></SeekKeys></SeekPredicateNew></SeekPredicates><Predicate><ScalarOperator ScalarString="[AdventureWorksDW2012].[sys].[sysschobjs].[pclass] as [o].[pclass]=(1) AND CONVERT(char(2),CASE WHEN [AdventureWorksDW2012].[sys].[sysschobjs].[type] as [o].[type]=&apos;ET&apos; THEN &apos;U&apos; ELSE [AdventureWorksDW2012].[sys].[sysschobjs].[type] as [o].[type] END,0)=&apos;U&apos;"><Logical Operation="AND"><ScalarOperator><Compare CompareOp="EQ"><ScalarOperator><Identifier><ColumnReference Database="[AdventureWorksDW2012]" Schema="[sys]" Table="[sysschobjs]" Alias="[o]" Column="pclass"></ColumnReference></Identifier></ScalarOperator><ScalarOperator><Const ConstValue="(1)"></Const></ScalarOperator></Compare></ScalarOperator><ScalarOperator><Compare CompareOp="EQ"><ScalarOperator><Convert DataType="char" Length="2" Style="0" Implicit="0"><ScalarOperator><IF><Condition><ScalarOperator><Compare CompareOp="EQ"><ScalarOperator><Identifier><ColumnReference Database="[AdventureWorksDW2012]" Schema="[sys]" Table="[sysschobjs]" Alias="[o]" Column="type"></ColumnReference></Identifier></ScalarOperator><ScalarOperator><Const ConstValue="&apos;ET&apos;"></Const></ScalarOperator></Compare></ScalarOperator></Condition><Then><ScalarOperator><Const ConstValue="&apos;U&apos;"></Const></ScalarOperator></Then><Else><ScalarOperator><Identifier><ColumnReference Database="[AdventureWorksDW2012]" Schema="[sys]" Table="[sysschobjs]" Alias="[o]" Column="type"></ColumnReference></Identifier></ScalarOperator></Else></IF></ScalarOperator></Convert></ScalarOperator><ScalarOperator><Const ConstValue="&apos;U&apos;"></Const></ScalarOperator></Compare></ScalarOperator></Logical></ScalarOperator></Predicate></IndexScan></RelOp></NestedLoops></RelOp></ComputeScalar></RelOp><RelOp NodeId="59" PhysicalOp="Clustered Index Seek" LogicalOp="Clustered Index Seek" EstimateRows="1" EstimatedRowsRead="1" EstimateIO="0.003125" EstimateCPU="0.0001581" AvgRowSize="11" EstimatedTotalSubtreeCost="0.0032831" TableCardinality="356" Parallel="0" EstimateRebinds="0" EstimateRewinds="0" EstimatedExecutionMode="Row"><OutputList><ColumnReference Database="[AdventureWorksDW2012]" Schema="[sys]" Table="[syssingleobjrefs]" Alias="[r]" Column="indepid"></ColumnReference></OutputList><IndexScan Ordered="1" ScanDirection="FORWARD" ForcedIndex="0" ForceSeek="0" ForceScan="0" NoExpandHint="0" Storage="RowStore"><DefinedValues><DefinedValue><ColumnReference Database="[AdventureWorksDW2012]" Schema="[sys]" Table="[syssingleobjrefs]" Alias="[r]" Column="indepid"></ColumnReference></DefinedValue></DefinedValues><Object Database="[AdventureWorksDW2012]" Schema="[sys]" Table="[syssingleobjrefs]" Index="[clst]" Alias="[r]" TableReferenceId="1" IndexKind="Clustered" Storage="RowStore"></Object><SeekPredicates><SeekPredicateNew><SeekKeys><Prefix ScanType="EQ"><RangeColumns><ColumnReference Database="[AdventureWorksDW2012]" Schema="[sys]" Table="[syssingleobjrefs]" Alias="[r]" Column="depid"></ColumnReference><ColumnReference Database="[AdventureWorksDW2012]" Schema="[sys]" Table="[syssingleobjrefs]" Alias="[r]" Column="class"></ColumnReference><ColumnReference Database="[AdventureWorksDW2012]" Schema="[sys]" Table="[syssingleobjrefs]" Alias="[r]" Column="depsubid"></ColumnReference></RangeColumns><RangeExpressions><ScalarOperator ScalarString="[AdventureWorksDW2012].[sys].[sysschobjs].[id] as [o].[id]"><Identifier><ColumnReference Database="[AdventureWorksDW2012]" Schema="[sys]" Table="[sysschobjs]" Alias="[o]" Column="id"></ColumnReference></Identifier></ScalarOperator><ScalarOperator ScalarString="(97)"><Const ConstValue="(97)"></Const></ScalarOperator><ScalarOperator ScalarString="(0)"><Const ConstValue="(0)"></Const></ScalarOperator></RangeExpressions></Prefix></SeekKeys></SeekPredicateNew></SeekPredicates></IndexScan></RelOp></NestedLoops></RelOp></ComputeScalar></RelOp><RelOp NodeId="60" PhysicalOp="Clustered Index Seek" LogicalOp="Clustered Index Seek" EstimateRows="194.247" EstimatedRowsRead="194.247" EstimateIO="0.00534722" EstimateCPU="0.000370672" AvgRowSize="9" EstimatedTotalSubtreeCost="0.00578886" TableCardinality="494" Parallel="0" EstimateRebinds="0.0607802" EstimateRewinds="0" EstimatedExecutionMode="Row"><OutputList></OutputList><IndexScan Ordered="1" ScanDirection="FORWARD" ForcedIndex="0" ForceSeek="0" ForceScan="0" NoExpandHint="0" Storage="RowStore"><DefinedValues></DefinedValues><Object Database="[AdventureWorksDW2012]" Schema="[sys]" Table="[sysidxstats]" Index="[clst]" Alias="[lob]" TableReferenceId="1" IndexKind="Clustered" Storage="RowStore"></Object><SeekPredicates><SeekPredicateNew><SeekKeys><Prefix ScanType="EQ"><RangeColumns><ColumnReference Database="[AdventureWorksDW2012]" Schema="[sys]" Table="[sysidxstats]" Alias="[lob]" Column="id"></ColumnReference></RangeColumns><RangeExpressions><ScalarOperator ScalarString="[AdventureWorksDW2012].[sys].[sysschobjs].[id] as [o].[id]"><Identifier><ColumnReference Database="[AdventureWorksDW2012]" Schema="[sys]" Table="[sysschobjs]" Alias="[o]" Column="id"></ColumnReference></Identifier></ScalarOperator></RangeExpressions></Prefix><EndRange ScanType="LE"><RangeColumns><ColumnReference Database="[AdventureWorksDW2012]" Schema="[sys]" Table="[sysidxstats]" Alias="[lob]" Column="indid"></ColumnReference></RangeColumns><RangeExpressions><ScalarOperator ScalarString="(1)"><Const ConstValue="(1)"></Const></ScalarOperator></RangeExpressions></EndRange></SeekKeys></SeekPredicateNew></SeekPredicates></IndexScan></RelOp></NestedLoops></RelOp></Hash></RelOp></ComputeScalar></RelOp></Hash></RelOp></Hash></RelOp><RelOp NodeId="61" PhysicalOp="Row Count Spool" LogicalOp="Lazy Spool" EstimateRows="1" EstimateIO="0" EstimateCPU="0.0001001" AvgRowSize="9" EstimatedTotalSubtreeCost="0.0245582" Parallel="0" EstimateRebinds="0" EstimateRewinds="211.538" EstimatedExecutionMode="Row"><OutputList></OutputList><RowCountSpool><RelOp NodeId="62" PhysicalOp="Clustered Index Seek" LogicalOp="Clustered Index Seek" EstimateRows="1" EstimatedRowsRead="1" EstimateIO="0.003125" EstimateCPU="0.0001581" AvgRowSize="9" EstimatedTotalSubtreeCost="0.0032831" TableCardinality="218" Parallel="0" EstimateRebinds="0" EstimateRewinds="0" EstimatedExecutionMode="Row"><OutputList></OutputList><IndexScan Ordered="1" ScanDirection="FORWARD" ForcedIndex="0" ForceSeek="0" ForceScan="0" NoExpandHint="0" Storage="RowStore"><DefinedValues></DefinedValues><Object Database="[AdventureWorksDW2012]" Schema="[sys]" Table="[sysmultiobjrefs]" Index="[clst]" TableReferenceId="1" IndexKind="Clustered" Storage="RowStore"></Object><SeekPredicates><SeekPredicateNew><SeekKeys><Prefix ScanType="EQ"><RangeColumns><ColumnReference Database="[AdventureWorksDW2012]" Schema="[sys]" Table="[sysmultiobjrefs]" Column="depid"></ColumnReference><ColumnReference Database="[AdventureWorksDW2012]" Schema="[sys]" Table="[sysmultiobjrefs]" Column="class"></ColumnReference></RangeColumns><RangeExpressions><ScalarOperator ScalarString="[AdventureWorksDW2012].[sys].[sysschobjs].[id] as [o].[id]"><Identifier><ColumnReference Database="[AdventureWorksDW2012]" Schema="[sys]" Table="[sysschobjs]" Alias="[o]" Column="id"></ColumnReference></Identifier></ScalarOperator><ScalarOperator ScalarString="(27)"><Const ConstValue="(27)"></Const></ScalarOperator></RangeExpressions></Prefix></SeekKeys></SeekPredicateNew></SeekPredicates></IndexScan></RelOp></RowCountSpool></RelOp></NestedLoops></RelOp><RelOp NodeId="63" PhysicalOp="Filter" LogicalOp="Filter" EstimateRows="1" EstimateIO="0" EstimateCPU="1.48e-006" AvgRowSize="20" EstimatedTotalSubtreeCost="0.0370418" Parallel="0" EstimateRebinds="0" EstimateRewinds="211.538" EstimatedExecutionMode="Row"><OutputList><ColumnReference Database="[AdventureWorksDW2012]" Schema="[sys]" Table="[sysidxstats]" Alias="[i]" Column="id"></ColumnReference><ColumnReference Database="[AdventureWorksDW2012]" Schema="[sys]" Table="[sysidxstats]" Alias="[i]" Column="indid"></ColumnReference><ColumnReference Database="[AdventureWorksDW2012]" Schema="[sys]" Table="[sysidxstats]" Alias="[i]" Column="status"></ColumnReference><ColumnReference Database="[AdventureWorksDW2012]" Schema="[sys]" Table="[sysidxstats]" Alias="[i]" Column="type"></ColumnReference></OutputList><Filter StartupExpression="0"><RelOp NodeId="64" PhysicalOp="Clustered Index Seek" LogicalOp="Clustered Index Seek" EstimateRows="1" EstimatedRowsRead="1" EstimateIO="0.003125" EstimateCPU="0.0001581" AvgRowSize="20" EstimatedTotalSubtreeCost="0.0367273" TableCardinality="494" Parallel="0" EstimateRebinds="0" EstimateRewinds="211.538" EstimatedExecutionMode="Row"><OutputList><ColumnReference Database="[AdventureWorksDW2012]" Schema="[sys]" Table="[sysidxstats]" Alias="[i]" Column="id"></ColumnReference><ColumnReference Database="[AdventureWorksDW2012]" Schema="[sys]" Table="[sysidxstats]" Alias="[i]" Column="indid"></ColumnReference><ColumnReference Database="[AdventureWorksDW2012]" Schema="[sys]" Table="[sysidxstats]" Alias="[i]" Column="status"></ColumnReference><ColumnReference Database="[AdventureWorksDW2012]" Schema="[sys]" Table="[sysidxstats]" Alias="[i]" Column="type"></ColumnReference></OutputList><IndexScan Ordered="1" ScanDirection="FORWARD" ForcedIndex="0" ForceSeek="0" ForceScan="0" NoExpandHint="0" Storage="RowStore"><DefinedValues><DefinedValue><ColumnReference Database="[AdventureWorksDW2012]" Schema="[sys]" Table="[sysidxstats]" Alias="[i]" Column="id"></ColumnReference></DefinedValue><DefinedValue><ColumnReference Database="[AdventureWorksDW2012]" Schema="[sys]" Table="[sysidxstats]" Alias="[i]" Column="indid"></ColumnReference></DefinedValue><DefinedValue><ColumnReference Database="[AdventureWorksDW2012]" Schema="[sys]" Table="[sysidxstats]" Alias="[i]" Column="status"></ColumnReference></DefinedValue><DefinedValue><ColumnReference Database="[AdventureWorksDW2012]" Schema="[sys]" Table="[sysidxstats]" Alias="[i]" Column="type"></ColumnReference></DefinedValue></DefinedValues><Object Database="[AdventureWorksDW2012]" Schema="[sys]" Table="[sysidxstats]" Index="[clst]" Alias="[i]" TableReferenceId="1" IndexKind="Clustered" Storage="RowStore"></Object><SeekPredicates><SeekPredicateNew><SeekKeys><Prefix ScanType="EQ"><RangeColumns><ColumnReference Database="[AdventureWorksDW2012]" Schema="[sys]" Table="[sysidxstats]" Alias="[i]" Column="id"></ColumnReference></RangeColumns><RangeExpressions><ScalarOperator ScalarString="[AdventureWorksDW2012].[sys].[sysschobjs].[id] as [o].[id]"><Identifier><ColumnReference Database="[AdventureWorksDW2012]" Schema="[sys]" Table="[sysschobjs]" Alias="[o]" Column="id"></ColumnReference></Identifier></ScalarOperator></RangeExpressions></Prefix></SeekKeys></SeekPredicateNew></SeekPredicates><Predicate><ScalarOperator ScalarString="([AdventureWorksDW2012].[sys].[sysidxstats].[status] as [i].[status]&amp;(1))&lt;&gt;(0)"><Compare CompareOp="NE"><ScalarOperator><Arithmetic Operation="BIT_AND"><ScalarOperator><Identifier><ColumnReference Database="[AdventureWorksDW2012]" Schema="[sys]" Table="[sysidxstats]" Alias="[i]" Column="status"></ColumnReference></Identifier></ScalarOperator><ScalarOperator><Const ConstValue="(1)"></Const></ScalarOperator></Arithmetic></ScalarOperator><ScalarOperator><Const ConstValue="(0)"></Const></ScalarOperator></Compare></ScalarOperator></Predicate></IndexScan></RelOp><Predicate><ScalarOperator ScalarString="has_access(&apos;CO&apos;,[AdventureWorksDW2012].[sys].[sysidxstats].[id] as [i].[id])=(1)"><Compare CompareOp="EQ"><ScalarOperator><Intrinsic FunctionName="has_access"><ScalarOperator><Const ConstValue="&apos;CO&apos;"></Const></ScalarOperator><ScalarOperator><Identifier><ColumnReference Database="[AdventureWorksDW2012]" Schema="[sys]" Table="[sysidxstats]" Alias="[i]" Column="id"></ColumnReference></Identifier></ScalarOperator><ScalarOperator><Const ConstValue=""></Const></ScalarOperator><ScalarOperator><Const ConstValue=""></Const></ScalarOperator></Intrinsic></ScalarOperator><ScalarOperator><Const ConstValue="(1)"></Const></ScalarOperator></Compare></ScalarOperator></Predicate></Filter></RelOp></NestedLoops></RelOp></ComputeScalar></RelOp><RelOp NodeId="65" PhysicalOp="Clustered Index Seek" LogicalOp="Clustered Index Seek" EstimateRows="1" EstimatedRowsRead="1" EstimateIO="0.003125" EstimateCPU="0.0001581" AvgRowSize="11" EstimatedTotalSubtreeCost="0.0032831" TableCardinality="2509" Parallel="0" EstimateRebinds="0" EstimateRewinds="0" EstimatedExecutionMode="Row"><OutputList><ColumnReference Database="[AdventureWorksDW2012]" Schema="[sys]" Table="[sysschobjs]" Alias="[obj]" Column="status2"></ColumnReference></OutputList><IndexScan Ordered="1" ScanDirection="FORWARD" ForcedIndex="0" ForceSeek="0" ForceScan="0" NoExpandHint="0" Storage="RowStore"><DefinedValues><DefinedValue><ColumnReference Database="[AdventureWorksDW2012]" Schema="[sys]" Table="[sysschobjs]" Alias="[obj]" Column="status2"></ColumnReference></DefinedValue></DefinedValues><Object Database="[AdventureWorksDW2012]" Schema="[sys]" Table="[sysschobjs]" Index="[clst]" Alias="[obj]" TableReferenceId="1" IndexKind="Clustered" Storage="RowStore"></Object><SeekPredicates><SeekPredicateNew><SeekKeys><Prefix ScanType="EQ"><RangeColumns><ColumnReference Database="[AdventureWorksDW2012]" Schema="[sys]" Table="[sysschobjs]" Alias="[obj]" Column="id"></ColumnReference></RangeColumns><RangeExpressions><ScalarOperator ScalarString="[AdventureWorksDW2012].[sys].[sysidxstats].[id] as [i].[id]"><Identifier><ColumnReference Database="[AdventureWorksDW2012]" Schema="[sys]" Table="[sysidxstats]" Alias="[i]" Column="id"></ColumnReference></Identifier></ScalarOperator></RangeExpressions></Prefix></SeekKeys></SeekPredicateNew></SeekPredicates></IndexScan></RelOp></NestedLoops></RelOp></ComputeScalar></RelOp><RelOp NodeId="66" PhysicalOp="Clustered Index Seek" LogicalOp="Clustered Index Seek" EstimateRows="1" EstimatedRowsRead="1" EstimateIO="0.003125" EstimateCPU="0.0001581" AvgRowSize="11" EstimatedTotalSubtreeCost="0.0108124" TableCardinality="356" Parallel="0" EstimateRebinds="0" EstimateRewinds="47.6236" EstimatedExecutionMode="Row"><OutputList><ColumnReference Database="[AdventureWorksDW2012]" Schema="[sys]" Table="[syssingleobjrefs]" Alias="[ds]" Column="indepid"></ColumnReference></OutputList><IndexScan Ordered="1" ScanDirection="FORWARD" ForcedIndex="0" ForceSeek="0" ForceScan="0" NoExpandHint="0" Storage="RowStore"><DefinedValues><DefinedValue><ColumnReference Database="[AdventureWorksDW2012]" Schema="[sys]" Table="[syssingleobjrefs]" Alias="[ds]" Column="indepid"></ColumnReference></DefinedValue></DefinedValues><Object Database="[AdventureWorksDW2012]" Schema="[sys]" Table="[syssingleobjrefs]" Index="[clst]" Alias="[ds]" TableReferenceId="2" IndexKind="Clustered" Storage="RowStore"></Object><SeekPredicates><SeekPredicateNew><SeekKeys><Prefix ScanType="EQ"><RangeColumns><ColumnReference Database="[AdventureWorksDW2012]" Schema="[sys]" Table="[syssingleobjrefs]" Alias="[ds]" Column="depid"></ColumnReference><ColumnReference Database="[AdventureWorksDW2012]" Schema="[sys]" Table="[syssingleobjrefs]" Alias="[ds]" Column="class"></ColumnReference><ColumnReference Database="[AdventureWorksDW2012]" Schema="[sys]" Table="[syssingleobjrefs]" Alias="[ds]" Column="depsubid"></ColumnReference></RangeColumns><RangeExpressions><ScalarOperator ScalarString="[AdventureWorksDW2012].[sys].[sysidxstats].[id] as [i].[id]"><Identifier><ColumnReference Database="[AdventureWorksDW2012]" Schema="[sys]" Table="[sysidxstats]" Alias="[i]" Column="id"></ColumnReference></Identifier></ScalarOperator><ScalarOperator ScalarString="(7)"><Const ConstValue="(7)"></Const></ScalarOperator><ScalarOperator ScalarString="[AdventureWorksDW2012].[sys].[sysidxstats].[indid] as [i].[indid]"><Identifier><ColumnReference Database="[AdventureWorksDW2012]" Schema="[sys]" Table="[sysidxstats]" Alias="[i]" Column="indid"></ColumnReference></Identifier></ScalarOperator></RangeExpressions></Prefix></SeekKeys></SeekPredicateNew></SeekPredicates></IndexScan></RelOp></NestedLoops></RelOp><RelOp NodeId="67" PhysicalOp="Table Spool" LogicalOp="Lazy Spool" EstimateRows="1" EstimateIO="0.01" EstimateCPU="0.00010028" AvgRowSize="139" EstimatedTotalSubtreeCost="0.0215112" Parallel="0" EstimateRebinds="0" EstimateRewinds="47.6236" EstimatedExecutionMode="Row"><OutputList><ColumnReference Database="[AdventureWorksDW2012]" Schema="[sys]" Table="[sysowners]" Column="name"></ColumnReference></OutputList><Spool><RelOp NodeId="68" PhysicalOp="Nested Loops" LogicalOp="Left Outer Join" EstimateRows="1" EstimateIO="0" EstimateCPU="4.18e-006" AvgRowSize="139" EstimatedTotalSubtreeCost="0.00663995" Parallel="0" EstimateRebinds="0" EstimateRewinds="0" EstimatedExecutionMode="Row"><OutputList><ColumnReference Database="[AdventureWorksDW2012]" Schema="[sys]" Table="[sysowners]" Column="name"></ColumnReference></OutputList><NestedLoops Optimized="0"><OuterReferences><ColumnReference Database="[AdventureWorksDW2012]" Schema="[sys]" Table="[sysowners]" Column="deflanguage"></ColumnReference></OuterReferences><RelOp NodeId="69" PhysicalOp="Nested Loops" LogicalOp="Left Outer Join" EstimateRows="1" EstimateIO="0" EstimateCPU="6.60916e-006" AvgRowSize="269" EstimatedTotalSubtreeCost="0.00658189" Parallel="0" EstimateRebinds="0" EstimateRewinds="0" EstimatedExecutionMode="Row"><OutputList><ColumnReference Database="[AdventureWorksDW2012]" Schema="[sys]" Table="[sysowners]" Column="name"></ColumnReference><ColumnReference Database="[AdventureWorksDW2012]" Schema="[sys]" Table="[sysowners]" Column="deflanguage"></ColumnReference></OutputList><NestedLoops Optimized="0"><OuterReferences><ColumnReference Column="Expr1781"></ColumnReference></OuterReferences><RelOp NodeId="70" PhysicalOp="Compute Scalar" LogicalOp="Compute Scalar" EstimateRows="1" EstimateIO="0" EstimateCPU="1e-007" AvgRowSize="273" EstimatedTotalSubtreeCost="0.00328488" Parallel="0" EstimateRebinds="0" EstimateRewinds="0" EstimatedExecutionMode="Row"><OutputList><ColumnReference Database="[AdventureWorksDW2012]" Schema="[sys]" Table="[sysowners]" Column="name"></ColumnReference><ColumnReference Database="[AdventureWorksDW2012]" Schema="[sys]" Table="[sysowners]" Column="deflanguage"></ColumnReference><ColumnReference Column="Expr1781"></ColumnReference></OutputList><ComputeScalar><DefinedValues><DefinedValue><ColumnReference Column="Expr1781"></ColumnReference><ScalarOperator ScalarString="CASE WHEN [AdventureWorksDW2012].[sys].[sysowners].[type]=&apos;S&apos; AND [AdventureWorksDW2012].[sys].[sysowners].[id]=(2) THEN (0) ELSE CASE WHEN [AdventureWorksDW2012].[sys].[sysowners].[type]=&apos;S&apos; AND [AdventureWorksDW2012].[sys].[sysowners].[password] IS NULL AND CONVERT(binary(9),[AdventureWorksDW2012].[sys].[sysowners].[sid],0)&lt;&gt;0x010500000000000903 THEN (1) ELSE CASE WHEN [AdventureWorksDW2012].[sys].[sysowners].[type]=&apos;S&apos; AND [AdventureWorksDW2012].[sys].[sysowners].[password] IS NOT NULL THEN (2) ELSE CASE WHEN [AdventureWorksDW2012].[sys].[sysowners].[type]=&apos;U&apos; OR [AdventureWorksDW2012].[sys].[sysowners].[type]=&apos;G&apos; THEN (3) ELSE CASE WHEN [AdventureWorksDW2012].[sys].[sysowners].[type]=&apos;E&apos; OR [AdventureWorksDW2012].[sys].[sysowners].[type]=&apos;X&apos; THEN (4) ELSE (0) END END END END END"><IF><Condition><ScalarOperator><Logical Operation="AND"><ScalarOperator><Compare CompareOp="EQ"><ScalarOperator><Identifier><ColumnReference Database="[AdventureWorksDW2012]" Schema="[sys]" Table="[sysowners]" Column="type"></ColumnReference></Identifier></ScalarOperator><ScalarOperator><Const ConstValue="&apos;S&apos;"></Const></ScalarOperator></Compare></ScalarOperator><ScalarOperator><Compare CompareOp="EQ"><ScalarOperator><Identifier><ColumnReference Database="[AdventureWorksDW2012]" Schema="[sys]" Table="[sysowners]" Column="id"></ColumnReference></Identifier></ScalarOperator><ScalarOperator><Const ConstValue="(2)"></Const></ScalarOperator></Compare></ScalarOperator></Logical></ScalarOperator></Condition><Then><ScalarOperator><Const ConstValue="(0)"></Const></ScalarOperator></Then><Else><ScalarOperator><IF><Condition><ScalarOperator><Logical Operation="AND"><ScalarOperator><Compare CompareOp="EQ"><ScalarOperator><Identifier><ColumnReference Database="[AdventureWorksDW2012]" Schema="[sys]" Table="[sysowners]" Column="type"></ColumnReference></Identifier></ScalarOperator><ScalarOperator><Const ConstValue="&apos;S&apos;"></Const></ScalarOperator></Compare></ScalarOperator><ScalarOperator><Compare CompareOp="IS"><ScalarOperator><Identifier><ColumnReference Database="[AdventureWorksDW2012]" Schema="[sys]" Table="[sysowners]" Column="password"></ColumnReference></Identifier></ScalarOperator><ScalarOperator><Const ConstValue="NULL"></Const></ScalarOperator></Compare></ScalarOperator><ScalarOperator><Compare CompareOp="NE"><ScalarOperator><Convert DataType="binary" Length="9" Style="0" Implicit="0"><ScalarOperator><Identifier><ColumnReference Database="[AdventureWorksDW2012]" Schema="[sys]" Table="[sysowners]" Column="sid"></ColumnReference></Identifier></ScalarOperator></Convert></ScalarOperator><ScalarOperator><Const ConstValue="0x010500000000000903"></Const></ScalarOperator></Compare></ScalarOperator></Logical></ScalarOperator></Condition><Then><ScalarOperator><Const ConstValue="(1)"></Const></ScalarOperator></Then><Else><ScalarOperator><IF><Condition><ScalarOperator><Logical Operation="AND"><ScalarOperator><Compare CompareOp="EQ"><ScalarOperator><Identifier><ColumnReference Database="[AdventureWorksDW2012]" Schema="[sys]" Table="[sysowners]" Column="type"></ColumnReference></Identifier></ScalarOperator><ScalarOperator><Const ConstValue="&apos;S&apos;"></Const></ScalarOperator></Compare></ScalarOperator><ScalarOperator><Compare CompareOp="IS NOT"><ScalarOperator><Identifier><ColumnReference Database="[AdventureWorksDW2012]" Schema="[sys]" Table="[sysowners]" Column="password"></ColumnReference></Identifier></ScalarOperator><ScalarOperator><Const ConstValue="NULL"></Const></ScalarOperator></Compare></ScalarOperator></Logical></ScalarOperator></Condition><Then><ScalarOperator><Const ConstValue="(2)"></Const></ScalarOperator></Then><Else><ScalarOperator><IF><Condition><ScalarOperator><Logical Operation="OR"><ScalarOperator><Compare CompareOp="EQ"><ScalarOperator><Identifier><ColumnReference Database="[AdventureWorksDW2012]" Schema="[sys]" Table="[sysowners]" Column="type"></ColumnReference></Identifier></ScalarOperator><ScalarOperator><Const ConstValue="&apos;U&apos;"></Const></ScalarOperator></Compare></ScalarOperator><ScalarOperator><Compare CompareOp="EQ"><ScalarOperator><Identifier><ColumnReference Database="[AdventureWorksDW2012]" Schema="[sys]" Table="[sysowners]" Column="type"></ColumnReference></Identifier></ScalarOperator><ScalarOperator><Const ConstValue="&apos;G&apos;"></Const></ScalarOperator></Compare></ScalarOperator></Logical></ScalarOperator></Condition><Then><ScalarOperator><Const ConstValue="(3)"></Const></ScalarOperator></Then><Else><ScalarOperator><IF><Condition><ScalarOperator><Logical Operation="OR"><ScalarOperator><Compare CompareOp="EQ"><ScalarOperator><Identifier><ColumnReference Database="[AdventureWorksDW2012]" Schema="[sys]" Table="[sysowners]" Column="type"></ColumnReference></Identifier></ScalarOperator><ScalarOperator><Const ConstValue="&apos;E&apos;"></Const></ScalarOperator></Compare></ScalarOperator><ScalarOperator><Compare CompareOp="EQ"><ScalarOperator><Identifier><ColumnReference Database="[AdventureWorksDW2012]" Schema="[sys]" Table="[sysowners]" Column="type"></ColumnReference></Identifier></ScalarOperator><ScalarOperator><Const ConstValue="&apos;X&apos;"></Const></ScalarOperator></Compare></ScalarOperator></Logical></ScalarOperator></Condition><Then><ScalarOperator><Const ConstValue="(4)"></Const></ScalarOperator></Then><Else><ScalarOperator><Const ConstValue="(0)"></Const></ScalarOperator></Else></IF></ScalarOperator></Else></IF></ScalarOperator></Else></IF></ScalarOperator></Else></IF></ScalarOperator></Else></IF></ScalarOperator></DefinedValue></DefinedValues><RelOp NodeId="71" PhysicalOp="Filter" LogicalOp="Filter" EstimateRows="1" EstimateIO="0" EstimateCPU="1.68e-006" AvgRowSize="426" EstimatedTotalSubtreeCost="0.00328478" Parallel="0" EstimateRebinds="0" EstimateRewinds="0" EstimatedExecutionMode="Row"><OutputList><ColumnReference Database="[AdventureWorksDW2012]" Schema="[sys]" Table="[sysowners]" Column="id"></ColumnReference><ColumnReference Database="[AdventureWorksDW2012]" Schema="[sys]" Table="[sysowners]" Column="name"></ColumnReference><ColumnReference Database="[AdventureWorksDW2012]" Schema="[sys]" Table="[sysowners]" Column="type"></ColumnReference><ColumnReference Database="[AdventureWorksDW2012]" Schema="[sys]" Table="[sysowners]" Column="sid"></ColumnReference><ColumnReference Database="[AdventureWorksDW2012]" Schema="[sys]" Table="[sysowners]" Column="password"></ColumnReference><ColumnReference Database="[AdventureWorksDW2012]" Schema="[sys]" Table="[sysowners]" Column="deflanguage"></ColumnReference></OutputList><Filter StartupExpression="0"><RelOp NodeId="72" PhysicalOp="Clustered Index Seek" LogicalOp="Clustered Index Seek" EstimateRows="1" EstimatedRowsRead="1" EstimateIO="0.003125" EstimateCPU="0.0001581" AvgRowSize="426" EstimatedTotalSubtreeCost="0.0032831" TableCardinality="15" Parallel="0" EstimateRebinds="0" EstimateRewinds="0" EstimatedExecutionMode="Row"><OutputList><ColumnReference Database="[AdventureWorksDW2012]" Schema="[sys]" Table="[sysowners]" Column="id"></ColumnReference><ColumnReference Database="[AdventureWorksDW2012]" Schema="[sys]" Table="[sysowners]" Column="name"></ColumnReference><ColumnReference Database="[AdventureWorksDW2012]" Schema="[sys]" Table="[sysowners]" Column="type"></ColumnReference><ColumnReference Database="[AdventureWorksDW2012]" Schema="[sys]" Table="[sysowners]" Column="sid"></ColumnReference><ColumnReference Database="[AdventureWorksDW2012]" Schema="[sys]" Table="[sysowners]" Column="password"></ColumnReference><ColumnReference Database="[AdventureWorksDW2012]" Schema="[sys]" Table="[sysowners]" Column="deflanguage"></ColumnReference></OutputList><IndexScan Ordered="1" ScanDirection="FORWARD" ForcedIndex="0" ForceSeek="0" ForceScan="0" NoExpandHint="0" Storage="RowStore"><DefinedValues><DefinedValue><ColumnReference Database="[AdventureWorksDW2012]" Schema="[sys]" Table="[sysowners]" Column="id"></ColumnReference></DefinedValue><DefinedValue><ColumnReference Database="[AdventureWorksDW2012]" Schema="[sys]" Table="[sysowners]" Column="name"></ColumnReference></DefinedValue><DefinedValue><ColumnReference Database="[AdventureWorksDW2012]" Schema="[sys]" Table="[sysowners]" Column="type"></ColumnReference></DefinedValue><DefinedValue><ColumnReference Database="[AdventureWorksDW2012]" Schema="[sys]" Table="[sysowners]" Column="sid"></ColumnReference></DefinedValue><DefinedValue><ColumnReference Database="[AdventureWorksDW2012]" Schema="[sys]" Table="[sysowners]" Column="password"></ColumnReference></DefinedValue><DefinedValue><ColumnReference Database="[AdventureWorksDW2012]" Schema="[sys]" Table="[sysowners]" Column="deflanguage"></ColumnReference></DefinedValue></DefinedValues><Object Database="[AdventureWorksDW2012]" Schema="[sys]" Table="[sysowners]" Index="[clst]" IndexKind="Clustered" Storage="RowStore"></Object><SeekPredicates><SeekPredicateNew><SeekKeys><Prefix ScanType="EQ"><RangeColumns><ColumnReference Database="[AdventureWorksDW2012]" Schema="[sys]" Table="[sysowners]" Column="id"></ColumnReference></RangeColumns><RangeExpressions><ScalarOperator ScalarString="isnull([AdventureWorksDW2012].[sys].[syssingleobjrefs].[indepid] as [r].[indepid],[Expr1776])"><Intrinsic FunctionName="isnull"><ScalarOperator><Identifier><ColumnReference Database="[AdventureWorksDW2012]" Schema="[sys]" Table="[syssingleobjrefs]" Alias="[r]" Column="indepid"></ColumnReference></Identifier></ScalarOperator><ScalarOperator><Identifier><ColumnReference Column="Expr1776"></ColumnReference></Identifier></ScalarOperator></Intrinsic></ScalarOperator></RangeExpressions></Prefix></SeekKeys></SeekPredicateNew></SeekPredicates><Predicate><ScalarOperator ScalarString="[AdventureWorksDW2012].[sys].[sysowners].[type]&lt;&apos;L&apos; OR [AdventureWorksDW2012].[sys].[sysowners].[type]&gt;&apos;L&apos;"><Logical Operation="OR"><ScalarOperator><Compare CompareOp="LT"><ScalarOperator><Identifier><ColumnReference Database="[AdventureWorksDW2012]" Schema="[sys]" Table="[sysowners]" Column="type"></ColumnReference></Identifier></ScalarOperator><ScalarOperator><Const ConstValue="&apos;L&apos;"></Const></ScalarOperator></Compare></ScalarOperator><ScalarOperator><Compare CompareOp="GT"><ScalarOperator><Identifier><ColumnReference Database="[AdventureWorksDW2012]" Schema="[sys]" Table="[sysowners]" Column="type"></ColumnReference></Identifier></ScalarOperator><ScalarOperator><Const ConstValue="&apos;L&apos;"></Const></ScalarOperator></Compare></ScalarOperator></Logical></ScalarOperator></Predicate></IndexScan></RelOp><Predicate><ScalarOperator ScalarString="has_access(&apos;US&apos;,[AdventureWorksDW2012].[sys].[sysowners].[id])=(1)"><Compare CompareOp="EQ"><ScalarOperator><Intrinsic FunctionName="has_access"><ScalarOperator><Const ConstValue="&apos;US&apos;"></Const></ScalarOperator><ScalarOperator><Identifier><ColumnReference Database="[AdventureWorksDW2012]" Schema="[sys]" Table="[sysowners]" Column="id"></ColumnReference></Identifier></ScalarOperator><ScalarOperator><Const ConstValue=""></Const></ScalarOperator><ScalarOperator><Const ConstValue=""></Const></ScalarOperator></Intrinsic></ScalarOperator><ScalarOperator><Const ConstValue="(1)"></Const></ScalarOperator></Compare></ScalarOperator></Predicate></Filter></RelOp></ComputeScalar></RelOp><RelOp NodeId="73" PhysicalOp="Clustered Index Seek" LogicalOp="Clustered Index Seek" EstimateRows="1.58114" EstimatedRowsRead="5" EstimateIO="0.003125" EstimateCPU="0.0001625" AvgRowSize="13" EstimatedTotalSubtreeCost="0.0032875" TableCardinality="143" Parallel="0" EstimateRebinds="0" EstimateRewinds="0" EstimatedExecutionMode="Row"><OutputList></OutputList><IndexScan Ordered="1" ScanDirection="FORWARD" ForcedIndex="0" ForceSeek="0" ForceScan="0" NoExpandHint="0" Storage="RowStore"><DefinedValues></DefinedValues><Object Database="[mssqlsystemresource]" Schema="[sys]" Table="[syspalnames]" Index="[cl]" Alias="[aty]" IndexKind="Clustered" Storage="RowStore"></Object><SeekPredicates><SeekPredicateNew><SeekKeys><Prefix ScanType="EQ"><RangeColumns><ColumnReference Database="[mssqlsystemresource]" Schema="[sys]" Table="[syspalnames]" Alias="[aty]" Column="class"></ColumnReference></RangeColumns><RangeExpressions><ScalarOperator ScalarString="&apos;DBAT&apos;"><Const ConstValue="&apos;DBAT&apos;"></Const></ScalarOperator></RangeExpressions></Prefix></SeekKeys></SeekPredicateNew></SeekPredicates><Predicate><ScalarOperator ScalarString="CONVERT_IMPLICIT(int,[mssqlsystemresource].[sys].[syspalnames].[value] as [aty].[value],0)=[Expr1781]"><Compare CompareOp="EQ"><ScalarOperator><Convert DataType="int" Style="0" Implicit="1"><ScalarOperator><Identifier><ColumnReference Database="[mssqlsystemresource]" Schema="[sys]" Table="[syspalnames]" Alias="[aty]" Column="value"></ColumnReference></Identifier></ScalarOperator></Convert></ScalarOperator><ScalarOperator><Identifier><ColumnReference Column="Expr1781"></ColumnReference></Identifier></ScalarOperator></Compare></ScalarOperator></Predicate></IndexScan></RelOp></NestedLoops></RelOp><RelOp NodeId="74" PhysicalOp="Filter" LogicalOp="Filter" EstimateRows="1" EstimateIO="0" EstimateCPU="1.972e-005" AvgRowSize="9" EstimatedTotalSubtreeCost="5.3877e-005" Parallel="0" EstimateRebinds="0" EstimateRewinds="0" EstimatedExecutionMode="Row"><OutputList></OutputList><Filter StartupExpression="0"><RelOp NodeId="75" PhysicalOp="Table-valued function" LogicalOp="Table-valued function" EstimateRows="34" EstimateIO="0" EstimateCPU="3.4157e-005" AvgRowSize="139" EstimatedTotalSubtreeCost="3.4157e-005" Parallel="0" EstimateRebinds="0" EstimateRewinds="0" EstimatedExecutionMode="Row"><OutputList><ColumnReference Table="[SYSLANG]" Column="name"></ColumnReference></OutputList><TableValuedFunction><DefinedValues><DefinedValue><ColumnReference Table="[SYSLANG]" Column="name"></ColumnReference></DefinedValue></DefinedValues><Object Table="[SYSLANG]"></Object><ParameterList><ScalarOperator ScalarString="(0)"><Const ConstValue="(0)"></Const></ScalarOperator><ScalarOperator ScalarString="NULL"><Const ConstValue="NULL"></Const></ScalarOperator><ScalarOperator ScalarString="(0)"><Const ConstValue="(0)"></Const></ScalarOperator><ScalarOperator ScalarString="NULL"><Const ConstValue="NULL"></Const></ScalarOperator><ScalarOperator ScalarString="(0)"><Const ConstValue="(0)"></Const></ScalarOperator><ScalarOperator ScalarString="NULL"><Const ConstValue="NULL"></Const></ScalarOperator></ParameterList></TableValuedFunction></RelOp><Predicate><ScalarOperator ScalarString="[AdventureWorksDW2012].[sys].[sysowners].[deflanguage]=CONVERT(nvarchar(128),SYSLANG.[name],0)"><Compare CompareOp="EQ"><ScalarOperator><Identifier><ColumnReference Database="[AdventureWorksDW2012]" Schema="[sys]" Table="[sysowners]" Column="deflanguage"></ColumnReference></Identifier></ScalarOperator><ScalarOperator><Convert DataType="nvarchar" Length="256" Style="0" Implicit="0"><ScalarOperator><Identifier><ColumnReference Table="[SYSLANG]" Column="name"></ColumnReference></Identifier></ScalarOperator></Convert></ScalarOperator></Compare></ScalarOperator></Predicate></Filter></RelOp></NestedLoops></RelOp></Spool></RelOp></NestedLoops></RelOp></ComputeScalar></RelOp><RelOp NodeId="76" PhysicalOp="Concatenation" LogicalOp="Concatenation" EstimateRows="1" EstimateIO="0" EstimateCPU="2e-007" AvgRowSize="9" EstimatedTotalSubtreeCost="7.3354e-005" Parallel="0" EstimateRebinds="0" EstimateRewinds="45.3272" EstimatedExecutionMode="Row"><OutputList></OutputList><Concat><DefinedValues></DefinedValues><RelOp NodeId="77" PhysicalOp="Filter" LogicalOp="Filter" EstimateRows="1" EstimateIO="0" EstimateCPU="4.8e-007" AvgRowSize="9" EstimatedTotalSubtreeCost="6.87213e-005" Parallel="0" EstimateRebinds="0" EstimateRewinds="45.3272" EstimatedExecutionMode="Row"><OutputList></OutputList><Filter StartupExpression="1"><RelOp NodeId="78" PhysicalOp="Constant Scan" LogicalOp="Constant Scan" EstimateRows="1" EstimateIO="0" EstimateCPU="1.157e-006" AvgRowSize="9" EstimatedTotalSubtreeCost="4.64842e-005" Parallel="0" EstimateRebinds="0" EstimateRewinds="45.3272" EstimatedExecutionMode="Row"><OutputList></OutputList><ConstantScan></ConstantScan></RelOp><Predicate><ScalarOperator ScalarString="[AdventureWorksDW2012].[sys].[sysidxstats].[indid] as [i].[indid]&lt;CONVERT_IMPLICIT(int,[@_msparam_0],0)"><Compare CompareOp="LT"><ScalarOperator><Identifier><ColumnReference Database="[AdventureWorksDW2012]" Schema="[sys]" Table="[sysidxstats]" Alias="[i]" Column="indid"></ColumnReference></Identifier></ScalarOperator><ScalarOperator><Identifier><ColumnReference Column="ConstExpr1762"><ScalarOperator><Convert DataType="int" Style="0" Implicit="1"><ScalarOperator><Identifier><ColumnReference Column="@_msparam_0"></ColumnReference></Identifier></ScalarOperator></Convert></ScalarOperator></ColumnReference></Identifier></ScalarOperator></Compare></ScalarOperator></Predicate></Filter></RelOp><RelOp NodeId="79" PhysicalOp="Filter" LogicalOp="Filter" EstimateRows="1" EstimateIO="0" EstimateCPU="1.18e-006" AvgRowSize="9" EstimatedTotalSubtreeCost="0.0239869" Parallel="0" EstimateRebinds="0" EstimateRewinds="45.3272" EstimatedExecutionMode="Row"><OutputList></OutputList><Filter StartupExpression="0"><RelOp NodeId="80" PhysicalOp="Stream Aggregate" LogicalOp="Aggregate" EstimateRows="1" EstimateIO="0" EstimateCPU="4.73344e-006" AvgRowSize="11" EstimatedTotalSubtreeCost="0.0239323" Parallel="0" EstimateRebinds="0" EstimateRewinds="45.3272" EstimatedExecutionMode="Row"><OutputList><ColumnReference Column="Expr1108"></ColumnReference></OutputList><StreamAggregate><DefinedValues><DefinedValue><ColumnReference Column="Expr1108"></ColumnReference><ScalarOperator ScalarString="MIN([AdventureWorksDW2012].[sys].[sysidxstats].[indid] as [i].[indid])"><Aggregate Distinct="0" AggType="MIN"><ScalarOperator><Identifier><ColumnReference Database="[AdventureWorksDW2012]" Schema="[sys]" Table="[sysidxstats]" Alias="[i]" Column="indid"></ColumnReference></Identifier></ScalarOperator></Aggregate></ScalarOperator></DefinedValue></DefinedValues><RelOp NodeId="81" PhysicalOp="Nested Loops" LogicalOp="Inner Join" EstimateRows="7.05573" EstimateIO="0" EstimateCPU="2.9493e-005" AvgRowSize="11" EstimatedTotalSubtreeCost="0.023713" Parallel="0" EstimateRebinds="0" EstimateRewinds="45.3272" EstimatedExecutionMode="Row"><OutputList><ColumnReference Database="[AdventureWorksDW2012]" Schema="[sys]" Table="[sysidxstats]" Alias="[i]" Column="indid"></ColumnReference></OutputList><NestedLoops Optimized="0"><RelOp NodeId="82" PhysicalOp="Clustered Index Seek" LogicalOp="Clustered Index Seek" EstimateRows="1" EstimatedRowsRead="1" EstimateIO="0.003125" EstimateCPU="0.0001581" AvgRowSize="9" EstimatedTotalSubtreeCost="0.0104493" TableCardinality="2509" Parallel="0" EstimateRebinds="0" EstimateRewinds="45.3272" EstimatedExecutionMode="Row"><OutputList></OutputList><IndexScan Ordered="1" ScanDirection="FORWARD" ForcedIndex="0" ForceSeek="0" ForceScan="0" NoExpandHint="0" Storage="RowStore"><DefinedValues></DefinedValues><Object Database="[AdventureWorksDW2012]" Schema="[sys]" Table="[sysschobjs]" Index="[clst]" Alias="[obj]" TableReferenceId="2" IndexKind="Clustered" Storage="RowStore"></Object><SeekPredicates><SeekPredicateNew><SeekKeys><Prefix ScanType="EQ"><RangeColumns><ColumnReference Database="[AdventureWorksDW2012]" Schema="[sys]" Table="[sysschobjs]" Alias="[obj]" Column="id"></ColumnReference></RangeColumns><RangeExpressions><ScalarOperator ScalarString="[AdventureWorksDW2012].[sys].[sysschobjs].[id] as [o].[id]"><Identifier><ColumnReference Database="[AdventureWorksDW2012]" Schema="[sys]" Table="[sysschobjs]" Alias="[o]" Column="id"></ColumnReference></Identifier></ScalarOperator></RangeExpressions></Prefix></SeekKeys></SeekPredicateNew></SeekPredicates></IndexScan></RelOp><RelOp NodeId="84" PhysicalOp="Filter" LogicalOp="Filter" EstimateRows="9.37299" EstimateIO="0" EstimateCPU="2.05504e-005" AvgRowSize="11" EstimatedTotalSubtreeCost="0.0118539" Parallel="0" EstimateRebinds="0" EstimateRewinds="45.3272" EstimatedExecutionMode="Row"><OutputList><ColumnReference Database="[AdventureWorksDW2012]" Schema="[sys]" Table="[sysidxstats]" Alias="[i]" Column="indid"></ColumnReference></OutputList><Filter StartupExpression="0"><RelOp NodeId="85" PhysicalOp="Clustered Index Seek" LogicalOp="Clustered Index Seek" EstimateRows="9.37299" EstimatedRowsRead="9.88" EstimateIO="0.003125" EstimateCPU="0.000167868" AvgRowSize="19" EstimatedTotalSubtreeCost="0.0109019" TableCardinality="494" Parallel="0" EstimateRebinds="0" EstimateRewinds="45.3272" EstimatedExecutionMode="Row"><OutputList><ColumnReference Database="[AdventureWorksDW2012]" Schema="[sys]" Table="[sysidxstats]" Alias="[i]" Column="id"></ColumnReference><ColumnReference Database="[AdventureWorksDW2012]" Schema="[sys]" Table="[sysidxstats]" Alias="[i]" Column="indid"></ColumnReference></OutputList><IndexScan Ordered="1" ScanDirection="FORWARD" ForcedIndex="0" ForceSeek="0" ForceScan="0" NoExpandHint="0" Storage="RowStore"><DefinedValues><DefinedValue><ColumnReference Database="[AdventureWorksDW2012]" Schema="[sys]" Table="[sysidxstats]" Alias="[i]" Column="id"></ColumnReference></DefinedValue><DefinedValue><ColumnReference Database="[AdventureWorksDW2012]" Schema="[sys]" Table="[sysidxstats]" Alias="[i]" Column="indid"></ColumnReference></DefinedValue></DefinedValues><Object Database="[AdventureWorksDW2012]" Schema="[sys]" Table="[sysidxstats]" Index="[clst]" Alias="[i]" TableReferenceId="2" IndexKind="Clustered" Storage="RowStore"></Object><SeekPredicates><SeekPredicateNew><SeekKeys><Prefix ScanType="EQ"><RangeColumns><ColumnReference Database="[AdventureWorksDW2012]" Schema="[sys]" Table="[sysidxstats]" Alias="[i]" Column="id"></ColumnReference></RangeColumns><RangeExpressions><ScalarOperator ScalarString="[AdventureWorksDW2012].[sys].[sysschobjs].[id] as [o].[id]"><Identifier><ColumnReference Database="[AdventureWorksDW2012]" Schema="[sys]" Table="[sysschobjs]" Alias="[o]" Column="id"></ColumnReference></Identifier></ScalarOperator></RangeExpressions></Prefix></SeekKeys></SeekPredicateNew></SeekPredicates><Predicate><ScalarOperator ScalarString="([AdventureWorksDW2012].[sys].[sysidxstats].[status] as [i].[status]&amp;(1))&lt;(0) OR ([AdventureWorksDW2012].[sys].[sysidxstats].[status] as [i].[status]&amp;(1))&gt;(0)"><Logical Operation="OR"><ScalarOperator><Compare CompareOp="LT"><ScalarOperator><Arithmetic Operation="BIT_AND"><ScalarOperator><Identifier><ColumnReference Database="[AdventureWorksDW2012]" Schema="[sys]" Table="[sysidxstats]" Alias="[i]" Column="status"></ColumnReference></Identifier></ScalarOperator><ScalarOperator><Const ConstValue="(1)"></Const></ScalarOperator></Arithmetic></ScalarOperator><ScalarOperator><Const ConstValue="(0)"></Const></ScalarOperator></Compare></ScalarOperator><ScalarOperator><Compare CompareOp="GT"><ScalarOperator><Arithmetic Operation="BIT_AND"><ScalarOperator><Identifier><ColumnReference Database="[AdventureWorksDW2012]" Schema="[sys]" Table="[sysidxstats]" Alias="[i]" Column="status"></ColumnReference></Identifier></ScalarOperator><ScalarOperator><Const ConstValue="(1)"></Const></ScalarOperator></Arithmetic></ScalarOperator><ScalarOperator><Const ConstValue="(0)"></Const></ScalarOperator></Compare></ScalarOperator></Logical></ScalarOperator></Predicate></IndexScan></RelOp><Predicate><ScalarOperator ScalarString="has_access(&apos;CO&apos;,[AdventureWorksDW2012].[sys].[sysidxstats].[id] as [i].[id])=(1)"><Compare CompareOp="EQ"><ScalarOperator><Intrinsic FunctionName="has_access"><ScalarOperator><Const ConstValue="&apos;CO&apos;"></Const></ScalarOperator><ScalarOperator><Identifier><ColumnReference Database="[AdventureWorksDW2012]" Schema="[sys]" Table="[sysidxstats]" Alias="[i]" Column="id"></ColumnReference></Identifier></ScalarOperator><ScalarOperator><Const ConstValue=""></Const></ScalarOperator><ScalarOperator><Const ConstValue=""></Const></ScalarOperator></Intrinsic></ScalarOperator><ScalarOperator><Const ConstValue="(1)"></Const></ScalarOperator></Compare></ScalarOperator></Predicate></Filter></RelOp></NestedLoops></RelOp></StreamAggregate></RelOp><Predicate><ScalarOperator ScalarString="CONVERT(bit,[AdventureWorksDW2012].[sys].[sysschobjs].[status2] as [o].[status2]&amp;(8),0)=(1) AND [Expr1108]=[AdventureWorksDW2012].[sys].[sysidxstats].[indid] as [i].[indid]"><Logical Operation="AND"><ScalarOperator><Compare CompareOp="EQ"><ScalarOperator><Convert DataType="bit" Style="0" Implicit="0"><ScalarOperator><Arithmetic Operation="BIT_AND"><ScalarOperator><Identifier><ColumnReference Database="[AdventureWorksDW2012]" Schema="[sys]" Table="[sysschobjs]" Alias="[o]" Column="status2"></ColumnReference></Identifier></ScalarOperator><ScalarOperator><Const ConstValue="(8)"></Const></ScalarOperator></Arithmetic></ScalarOperator></Convert></ScalarOperator><ScalarOperator><Const ConstValue="(1)"></Const></ScalarOperator></Compare></ScalarOperator><ScalarOperator><Compare CompareOp="EQ"><ScalarOperator><Identifier><ColumnReference Column="Expr1108"></ColumnReference></Identifier></ScalarOperator><ScalarOperator><Identifier><ColumnReference Database="[AdventureWorksDW2012]" Schema="[sys]" Table="[sysidxstats]" Alias="[i]" Column="indid"></ColumnReference></Identifier></ScalarOperator></Compare></ScalarOperator></Logical></ScalarOperator></Predicate></Filter></RelOp></Concat></RelOp></NestedLoops></RelOp><RelOp NodeId="86" PhysicalOp="Clustered Index Seek" LogicalOp="Clustered Index Seek" EstimateRows="1" EstimatedRowsRead="1" EstimateIO="0.003125" EstimateCPU="0.0001581" AvgRowSize="139" EstimatedTotalSubtreeCost="0.0104493" TableCardinality="17" Parallel="0" EstimateRebinds="7.10543e-015" EstimateRewinds="45.3272" EstimatedExecutionMode="Row"><OutputList><ColumnReference Database="[AdventureWorksDW2012]" Schema="[sys]" Table="[sysclsobjs]" Alias="[o]" Column="name"></ColumnReference></OutputList><IndexScan Ordered="1" ScanDirection="FORWARD" ForcedIndex="0" ForceSeek="0" ForceScan="0" NoExpandHint="0" Storage="RowStore"><DefinedValues><DefinedValue><ColumnReference Database="[AdventureWorksDW2012]" Schema="[sys]" Table="[sysclsobjs]" Alias="[o]" Column="name"></ColumnReference></DefinedValue></DefinedValues><Object Database="[AdventureWorksDW2012]" Schema="[sys]" Table="[sysclsobjs]" Index="[clst]" Alias="[o]" TableReferenceId="1" IndexKind="Clustered" Storage="RowStore"></Object><SeekPredicates><SeekPredicateNew><SeekKeys><Prefix ScanType="EQ"><RangeColumns><ColumnReference Database="[AdventureWorksDW2012]" Schema="[sys]" Table="[sysclsobjs]" Alias="[o]" Column="class"></ColumnReference><ColumnReference Database="[AdventureWorksDW2012]" Schema="[sys]" Table="[sysclsobjs]" Alias="[o]" Column="id"></ColumnReference></RangeColumns><RangeExpressions><ScalarOperator ScalarString="(31)"><Const ConstValue="(31)"></Const></ScalarOperator><ScalarOperator ScalarString="[Expr1775]"><Identifier><ColumnReference Column="Expr1775"></ColumnReference></Identifier></ScalarOperator></RangeExpressions></Prefix></SeekKeys></SeekPredicateNew></SeekPredicates></IndexScan></RelOp></NestedLoops></RelOp></ComputeScalar></RelOp><RelOp NodeId="87" PhysicalOp="Table Spool" LogicalOp="Lazy Spool" EstimateRows="1.0006" EstimateIO="0.01" EstimateCPU="0.00010038" AvgRowSize="12" EstimatedTotalSubtreeCost="0.027797" Parallel="0" EstimateRebinds="0" EstimateRewinds="45.3272" EstimatedExecutionMode="Row"><OutputList><ColumnReference Database="[AdventureWorksDW2012]" Schema="[sys]" Table="[sysschobjs]" Alias="[oUserTable]" Column="id"></ColumnReference><ColumnReference Column="Expr1118"></ColumnReference></OutputList><Spool><RelOp NodeId="88" PhysicalOp="Nested Loops" LogicalOp="Left Outer Join" EstimateRows="1.0006" EstimateIO="0" EstimateCPU="4.18e-006" AvgRowSize="12" EstimatedTotalSubtreeCost="0.0131557" Parallel="0" EstimateRebinds="0" EstimateRewinds="0" EstimatedExecutionMode="Row"><OutputList><ColumnReference Database="[AdventureWorksDW2012]" Schema="[sys]" Table="[sysschobjs]" Alias="[oUserTable]" Column="id"></ColumnReference><ColumnReference Column="Expr1118"></ColumnReference></OutputList><NestedLoops Optimized="0"><OuterReferences><ColumnReference Database="[AdventureWorksDW2012]" Schema="[sys]" Table="[sysschobjs]" Alias="[oUserTable]" Column="id"></ColumnReference></OuterReferences><RelOp NodeId="89" PhysicalOp="Nested Loops" LogicalOp="Inner Join" EstimateRows="1" EstimateIO="0" EstimateCPU="4.18e-006" AvgRowSize="12" EstimatedTotalSubtreeCost="0.00986795" Parallel="0" EstimateRebinds="0" EstimateRewinds="0" EstimatedExecutionMode="Row"><OutputList><ColumnReference Database="[AdventureWorksDW2012]" Schema="[sys]" Table="[sysschobjs]" Alias="[oUserTable]" Column="id"></ColumnReference><ColumnReference Column="Expr1118"></ColumnReference></OutputList><NestedLoops Optimized="0"><RelOp NodeId="90" PhysicalOp="Compute Scalar" LogicalOp="Compute Scalar" EstimateRows="1" EstimateIO="0" EstimateCPU="1e-007" AvgRowSize="12" EstimatedTotalSubtreeCost="0.00328408" Parallel="0" EstimateRebinds="0" EstimateRewinds="0" EstimatedExecutionMode="Row"><OutputList><ColumnReference Database="[AdventureWorksDW2012]" Schema="[sys]" Table="[sysschobjs]" Alias="[oUserTable]" Column="id"></ColumnReference><ColumnReference Column="Expr1118"></ColumnReference></OutputList><ComputeScalar><DefinedValues><DefinedValue><ColumnReference Column="Expr1118"></ColumnReference><ScalarOperator ScalarString="CONVERT(bit,[AdventureWorksDW2012].[sys].[sysschobjs].[status] as [oUserTable].[status]&amp;(134217728),0)"><Convert DataType="bit" Style="0" Implicit="0"><ScalarOperator><Arithmetic Operation="BIT_AND"><ScalarOperator><Identifier><ColumnReference Database="[AdventureWorksDW2012]" Schema="[sys]" Table="[sysschobjs]" Alias="[oUserTable]" Column="status"></ColumnReference></Identifier></ScalarOperator><ScalarOperator><Const ConstValue="(134217728)"></Const></ScalarOperator></Arithmetic></ScalarOperator></Convert></ScalarOperator></DefinedValue></DefinedValues><RelOp NodeId="91" PhysicalOp="Filter" LogicalOp="Filter" EstimateRows="1" EstimateIO="0" EstimateCPU="8.8e-007" AvgRowSize="15" EstimatedTotalSubtreeCost="0.00328398" Parallel="0" EstimateRebinds="0" EstimateRewinds="0" EstimatedExecutionMode="Row"><OutputList><ColumnReference Database="[AdventureWorksDW2012]" Schema="[sys]" Table="[sysschobjs]" Alias="[oUserTable]" Column="id"></ColumnReference><ColumnReference Database="[AdventureWorksDW2012]" Schema="[sys]" Table="[sysschobjs]" Alias="[oUserTable]" Column="status"></ColumnReference></OutputList><Filter StartupExpression="0"><RelOp NodeId="92" PhysicalOp="Clustered Index Seek" LogicalOp="Clustered Index Seek" EstimateRows="1" EstimatedRowsRead="1" EstimateIO="0.003125" EstimateCPU="0.0001581" AvgRowSize="15" EstimatedTotalSubtreeCost="0.0032831" TableCardinality="2509" Parallel="0" EstimateRebinds="0" EstimateRewinds="0" EstimatedExecutionMode="Row"><OutputList><ColumnReference Database="[AdventureWorksDW2012]" Schema="[sys]" Table="[sysschobjs]" Alias="[oUserTable]" Column="id"></ColumnReference><ColumnReference Database="[AdventureWorksDW2012]" Schema="[sys]" Table="[sysschobjs]" Alias="[oUserTable]" Column="status"></ColumnReference></OutputList><IndexScan Ordered="1" ScanDirection="FORWARD" ForcedIndex="0" ForceSeek="0" ForceScan="0" NoExpandHint="0" Storage="RowStore"><DefinedValues><DefinedValue><ColumnReference Database="[AdventureWorksDW2012]" Schema="[sys]" Table="[sysschobjs]" Alias="[oUserTable]" Column="id"></ColumnReference></DefinedValue><DefinedValue><ColumnReference Database="[AdventureWorksDW2012]" Schema="[sys]" Table="[sysschobjs]" Alias="[oUserTable]" Column="status"></ColumnReference></DefinedValue></DefinedValues><Object Database="[AdventureWorksDW2012]" Schema="[sys]" Table="[sysschobjs]" Index="[clst]" Alias="[oUserTable]" IndexKind="Clustered" Storage="RowStore"></Object><SeekPredicates><SeekPredicateNew><SeekKeys><Prefix ScanType="EQ"><RangeColumns><ColumnReference Database="[AdventureWorksDW2012]" Schema="[sys]" Table="[sysschobjs]" Alias="[oUserTable]" Column="id"></ColumnReference></RangeColumns><RangeExpressions><ScalarOperator ScalarString="[AdventureWorksDW2012].[sys].[sysschobjs].[id] as [o].[id]"><Identifier><ColumnReference Database="[AdventureWorksDW2012]" Schema="[sys]" Table="[sysschobjs]" Alias="[o]" Column="id"></ColumnReference></Identifier></ScalarOperator></RangeExpressions></Prefix></SeekKeys></SeekPredicateNew></SeekPredicates></IndexScan></RelOp><Predicate><ScalarOperator ScalarString="has_access(&apos;CO&apos;,[AdventureWorksDW2012].[sys].[sysschobjs].[id] as [oUserTable].[id])=(1)"><Compare CompareOp="EQ"><ScalarOperator><Intrinsic FunctionName="has_access"><ScalarOperator><Const ConstValue="&apos;CO&apos;"></Const></ScalarOperator><ScalarOperator><Identifier><ColumnReference Database="[AdventureWorksDW2012]" Schema="[sys]" Table="[sysschobjs]" Alias="[oUserTable]" Column="id"></ColumnReference></Identifier></ScalarOperator><ScalarOperator><Const ConstValue=""></Const></ScalarOperator><ScalarOperator><Const ConstValue=""></Const></ScalarOperator></Intrinsic></ScalarOperator><ScalarOperator><Const ConstValue="(1)"></Const></ScalarOperator></Compare></ScalarOperator></Predicate></Filter></RelOp></ComputeScalar></RelOp><RelOp NodeId="93" PhysicalOp="Nested Loops" LogicalOp="Inner Join" EstimateRows="1" EstimateIO="0" EstimateCPU="4.18e-006" AvgRowSize="9" EstimatedTotalSubtreeCost="0.00657969" Parallel="0" EstimateRebinds="0" EstimateRewinds="0" EstimatedExecutionMode="Row"><OutputList></OutputList><NestedLoops Optimized="0"><OuterReferences><ColumnReference Database="[AdventureWorksDW2012]" Schema="[sys]" Table="[syssingleobjrefs]" Alias="[par]" Column="depid"></ColumnReference></OuterReferences><RelOp NodeId="94" PhysicalOp="Index Seek" LogicalOp="Index Seek" EstimateRows="1" EstimatedRowsRead="5.65079" EstimateIO="0.003125" EstimateCPU="0.000163216" AvgRowSize="15" EstimatedTotalSubtreeCost="0.00328822" TableCardinality="356" Parallel="0" EstimateRebinds="0" EstimateRewinds="0" EstimatedExecutionMode="Row"><OutputList><ColumnReference Database="[AdventureWorksDW2012]" Schema="[sys]" Table="[syssingleobjrefs]" Alias="[par]" Column="depid"></ColumnReference></OutputList><IndexScan Ordered="1" ScanDirection="FORWARD" ForcedIndex="0" ForceSeek="0" ForceScan="0" NoExpandHint="0" Storage="RowStore"><DefinedValues><DefinedValue><ColumnReference Database="[AdventureWorksDW2012]" Schema="[sys]" Table="[syssingleobjrefs]" Alias="[par]" Column="depid"></ColumnReference></DefinedValue></DefinedValues><Object Database="[AdventureWorksDW2012]" Schema="[sys]" Table="[syssingleobjrefs]" Index="[nc1]" Alias="[par]" IndexKind="NonClustered" Storage="RowStore"></Object><SeekPredicates><SeekPredicateNew><SeekKeys><Prefix ScanType="EQ"><RangeColumns><ColumnReference Database="[AdventureWorksDW2012]" Schema="[sys]" Table="[syssingleobjrefs]" Alias="[par]" Column="indepid"></ColumnReference><ColumnReference Database="[AdventureWorksDW2012]" Schema="[sys]" Table="[syssingleobjrefs]" Alias="[par]" Column="class"></ColumnReference></RangeColumns><RangeExpressions><ScalarOperator ScalarString="[AdventureWorksDW2012].[sys].[sysschobjs].[id] as [o].[id]"><Identifier><ColumnReference Database="[AdventureWorksDW2012]" Schema="[sys]" Table="[sysschobjs]" Alias="[o]" Column="id"></ColumnReference></Identifier></ScalarOperator><ScalarOperator ScalarString="(40)"><Const ConstValue="(40)"></Const></ScalarOperator></RangeExpressions></Prefix></SeekKeys></SeekPredicateNew></SeekPredicates><Predicate><ScalarOperator ScalarString="[AdventureWorksDW2012].[sys].[syssingleobjrefs].[depsubid] as [par].[depsubid]=(209)"><Compare CompareOp="EQ"><ScalarOperator><Identifier><ColumnReference Database="[AdventureWorksDW2012]" Schema="[sys]" Table="[syssingleobjrefs]" Alias="[par]" Column="depsubid"></ColumnReference></Identifier></ScalarOperator><ScalarOperator><Const ConstValue="(209)"></Const></ScalarOperator></Compare></ScalarOperator></Predicate></IndexScan></RelOp><RelOp NodeId="95" PhysicalOp="Clustered Index Seek" LogicalOp="Clustered Index Seek" EstimateRows="1" EstimatedRowsRead="1" EstimateIO="0.003125" EstimateCPU="0.0001581" AvgRowSize="15" EstimatedTotalSubtreeCost="0.0032831" TableCardinality="2509" Parallel="0" EstimateRebinds="0" EstimateRewinds="0" EstimatedExecutionMode="Row"><OutputList></OutputList><IndexScan Ordered="1" ScanDirection="FORWARD" ForcedIndex="0" ForceSeek="0" ForceScan="0" NoExpandHint="0" Storage="RowStore"><DefinedValues></DefinedValues><Object Database="[AdventureWorksDW2012]" Schema="[sys]" Table="[sysschobjs]" Index="[clst]" Alias="[oIntlTable]" IndexKind="Clustered" Storage="RowStore"></Object><SeekPredicates><SeekPredicateNew><SeekKeys><Prefix ScanType="EQ"><RangeColumns><ColumnReference Database="[AdventureWorksDW2012]" Schema="[sys]" Table="[sysschobjs]" Alias="[oIntlTable]" Column="id"></ColumnReference></RangeColumns><RangeExpressions><ScalarOperator ScalarString="[AdventureWorksDW2012].[sys].[syssingleobjrefs].[depid] as [par].[depid]"><Identifier><ColumnReference Database="[AdventureWorksDW2012]" Schema="[sys]" Table="[syssingleobjrefs]" Alias="[par]" Column="depid"></ColumnReference></Identifier></ScalarOperator></RangeExpressions></Prefix></SeekKeys></SeekPredicateNew></SeekPredicates><Predicate><ScalarOperator ScalarString="[AdventureWorksDW2012].[sys].[sysschobjs].[nsclass] as [oIntlTable].[nsclass]=(0) AND [AdventureWorksDW2012].[sys].[sysschobjs].[nsid] as [oIntlTable].[nsid]=(4) AND [AdventureWorksDW2012].[sys].[sysschobjs].[pclass] as [oIntlTable].[pclass]=(1) AND [AdventureWorksDW2012].[sys].[sysschobjs].[type] as [oIntlTable].[type]=&apos;IT&apos;"><Logical Operation="AND"><ScalarOperator><Compare CompareOp="EQ"><ScalarOperator><Identifier><ColumnReference Database="[AdventureWorksDW2012]" Schema="[sys]" Table="[sysschobjs]" Alias="[oIntlTable]" Column="nsclass"></ColumnReference></Identifier></ScalarOperator><ScalarOperator><Const ConstValue="(0)"></Const></ScalarOperator></Compare></ScalarOperator><ScalarOperator><Compare CompareOp="EQ"><ScalarOperator><Identifier><ColumnReference Database="[AdventureWorksDW2012]" Schema="[sys]" Table="[sysschobjs]" Alias="[oIntlTable]" Column="nsid"></ColumnReference></Identifier></ScalarOperator><ScalarOperator><Const ConstValue="(4)"></Const></ScalarOperator></Compare></ScalarOperator><ScalarOperator><Compare CompareOp="EQ"><ScalarOperator><Identifier><ColumnReference Database="[AdventureWorksDW2012]" Schema="[sys]" Table="[sysschobjs]" Alias="[oIntlTable]" Column="pclass"></ColumnReference></Identifier></ScalarOperator><ScalarOperator><Const ConstValue="(1)"></Const></ScalarOperator></Compare></ScalarOperator><ScalarOperator><Compare CompareOp="EQ"><ScalarOperator><Identifier><ColumnReference Database="[AdventureWorksDW2012]" Schema="[sys]" Table="[sysschobjs]" Alias="[oIntlTable]" Column="type"></ColumnReference></Identifier></ScalarOperator><ScalarOperator><Const ConstValue="&apos;IT&apos;"></Const></ScalarOperator></Compare></ScalarOperator></Logical></ScalarOperator></Predicate></IndexScan></RelOp></NestedLoops></RelOp></NestedLoops></RelOp><RelOp NodeId="96" PhysicalOp="Clustered Index Seek" LogicalOp="Clustered Index Seek" EstimateRows="1" EstimatedRowsRead="1" EstimateIO="0.003125" EstimateCPU="0.0001581" AvgRowSize="11" EstimatedTotalSubtreeCost="0.0032831" TableCardinality="519" Parallel="0" EstimateRebinds="0" EstimateRewinds="0" EstimatedExecutionMode="Row"><OutputList></OutputList><IndexScan Ordered="1" ScanDirection="FORWARD" ForcedIndex="0" ForceSeek="0" ForceScan="0" NoExpandHint="0" Storage="RowStore"><DefinedValues></DefinedValues><Object Database="[AdventureWorksDW2012]" Schema="[sys]" Table="[sysobjvalues]" Index="[clst]" Alias="[csnlastinvalid]" IndexKind="Clustered" Storage="RowStore"></Object><SeekPredicates><SeekPredicateNew><SeekKeys><Prefix ScanType="EQ"><RangeColumns><ColumnReference Database="[AdventureWorksDW2012]" Schema="[sys]" Table="[sysobjvalues]" Alias="[csnlastinvalid]" Column="valclass"></ColumnReference><ColumnReference Database="[AdventureWorksDW2012]" Schema="[sys]" Table="[sysobjvalues]" Alias="[csnlastinvalid]" Column="objid"></ColumnReference></RangeColumns><RangeExpressions><ScalarOperator ScalarString="(95)"><Const ConstValue="(95)"></Const></ScalarOperator><ScalarOperator ScalarString="[AdventureWorksDW2012].[sys].[sysschobjs].[id] as [oUserTable].[id]"><Identifier><ColumnReference Database="[AdventureWorksDW2012]" Schema="[sys]" Table="[sysschobjs]" Alias="[oUserTable]" Column="id"></ColumnReference></Identifier></ScalarOperator></RangeExpressions></Prefix></SeekKeys></SeekPredicateNew></SeekPredicates><Predicate><ScalarOperator ScalarString="[AdventureWorksDW2012].[sys].[sysobjvalues].[valnum] as [csnlastinvalid].[valnum]=(1)"><Compare CompareOp="EQ"><ScalarOperator><Identifier><ColumnReference Database="[AdventureWorksDW2012]" Schema="[sys]" Table="[sysobjvalues]" Alias="[csnlastinvalid]" Column="valnum"></ColumnReference></Identifier></ScalarOperator><ScalarOperator><Const ConstValue="(1)"></Const></ScalarOperator></Compare></ScalarOperator></Predicate></IndexScan></RelOp></NestedLoops></RelOp></Spool></RelOp></NestedLoops></RelOp></ComputeScalar></RelOp><RelOp NodeId="97" PhysicalOp="Filter" LogicalOp="Filter" EstimateRows="2507.29" EstimateIO="0" EstimateCPU="0.0012035" AvgRowSize="399" EstimatedTotalSubtreeCost="0.0687013" Parallel="0" EstimateRebinds="0" EstimateRewinds="0.0110431" EstimatedExecutionMode="Row"><OutputList><ColumnReference Table="[FILETABLES]" Column="is_enabled"></ColumnReference><ColumnReference Table="[FILETABLES]" Column="directory_name"></ColumnReference><ColumnReference Table="[FILETABLES]" Column="filename_collation_name"></ColumnReference></OutputList><Filter StartupExpression="0"><RelOp NodeId="98" PhysicalOp="Nested Loops" LogicalOp="Inner Join" EstimateRows="2507.29" EstimateIO="0" EstimateCPU="0.0104805" AvgRowSize="403" EstimatedTotalSubtreeCost="0.0674845" Parallel="0" EstimateRebinds="0" EstimateRewinds="0.0110431" EstimatedExecutionMode="Row"><OutputList><ColumnReference Table="[FILETABLES]" Column="object_id"></ColumnReference><ColumnReference Table="[FILETABLES]" Column="is_enabled"></ColumnReference><ColumnReference Table="[FILETABLES]" Column="directory_name"></ColumnReference><ColumnReference Table="[FILETABLES]" Column="filename_collation_name"></ColumnReference></OutputList><NestedLoops Optimized="0"><OuterReferences><ColumnReference Database="[AdventureWorksDW2012]" Schema="[sys]" Table="[sysschobjs]" Alias="[o]" Column="id"></ColumnReference></OuterReferences><RelOp NodeId="99" PhysicalOp="Filter" LogicalOp="Filter" EstimateRows="2507.29" EstimateIO="0" EstimateCPU="0.00647322" AvgRowSize="11" EstimatedTotalSubtreeCost="0.0543531" Parallel="0" EstimateRebinds="0" EstimateRewinds="0.0110431" EstimatedExecutionMode="Row"><OutputList><ColumnReference Database="[AdventureWorksDW2012]" Schema="[sys]" Table="[sysschobjs]" Alias="[o]" Column="id"></ColumnReference></OutputList><Filter StartupExpression="0"><RelOp NodeId="101" PhysicalOp="Clustered Index Scan" LogicalOp="Clustered Index Scan" EstimateRows="2507.29" EstimatedRowsRead="2509" EstimateIO="0.044685" EstimateCPU="0.0028384" AvgRowSize="17" EstimatedTotalSubtreeCost="0.0475547" TableCardinality="2509" Parallel="0" EstimateRebinds="0" EstimateRewinds="0.0110431" EstimatedExecutionMode="Row"><OutputList><ColumnReference Database="[AdventureWorksDW2012]" Schema="[sys]" Table="[sysschobjs]" Alias="[o]" Column="id"></ColumnReference></OutputList><IndexScan Ordered="0" ForcedIndex="0" ForceScan="0" NoExpandHint="0" Storage="RowStore"><DefinedValues><DefinedValue><ColumnReference Database="[AdventureWorksDW2012]" Schema="[sys]" Table="[sysschobjs]" Alias="[o]" Column="id"></ColumnReference></DefinedValue></DefinedValues><Object Database="[AdventureWorksDW2012]" Schema="[sys]" Table="[sysschobjs]" Index="[clst]" Alias="[o]" TableReferenceId="2" IndexKind="Clustered" Storage="RowStore"></Object><Predicate><ScalarOperator ScalarString="[AdventureWorksDW2012].[sys].[sysschobjs].[nsclass] as [o].[nsclass]=(0) AND [AdventureWorksDW2012].[sys].[sysschobjs].[pclass] as [o].[pclass]=(1) AND CONVERT(bit,[AdventureWorksDW2012].[sys].[sysschobjs].[status2] as [o].[status2]&amp;(2),0)=(1)"><Logical Operation="AND"><ScalarOperator><Compare CompareOp="EQ"><ScalarOperator><Identifier><ColumnReference Database="[AdventureWorksDW2012]" Schema="[sys]" Table="[sysschobjs]" Alias="[o]" Column="nsclass"></ColumnReference></Identifier></ScalarOperator><ScalarOperator><Const ConstValue="(0)"></Const></ScalarOperator></Compare></ScalarOperator><ScalarOperator><Compare CompareOp="EQ"><ScalarOperator><Identifier><ColumnReference Database="[AdventureWorksDW2012]" Schema="[sys]" Table="[sysschobjs]" Alias="[o]" Column="pclass"></ColumnReference></Identifier></ScalarOperator><ScalarOperator><Const ConstValue="(1)"></Const></ScalarOperator></Compare></ScalarOperator><ScalarOperator><Compare CompareOp="EQ"><ScalarOperator><Convert DataType="bit" Style="0" Implicit="0"><ScalarOperator><Arithmetic Operation="BIT_AND"><ScalarOperator><Identifier><ColumnReference Database="[AdventureWorksDW2012]" Schema="[sys]" Table="[sysschobjs]" Alias="[o]" Column="status2"></ColumnReference></Identifier></ScalarOperator><ScalarOperator><Const ConstValue="(2)"></Const></ScalarOperator></Arithmetic></ScalarOperator></Convert></ScalarOperator><ScalarOperator><Const ConstValue="(1)"></Const></ScalarOperator></Compare></ScalarOperator></Logical></ScalarOperator></Predicate></IndexScan></RelOp><Predicate><ScalarOperator ScalarString="has_access(&apos;CO&apos;,[AdventureWorksDW2012].[sys].[sysschobjs].[id] as [o].[id])=(1) AND has_access(&apos;CO&apos;,[AdventureWorksDW2012].[sys].[sysschobjs].[id] as [o].[id])=(1)"><Logical Operation="AND"><ScalarOperator><Compare CompareOp="EQ"><ScalarOperator><Intrinsic FunctionName="has_access"><ScalarOperator><Const ConstValue="&apos;CO&apos;"></Const></ScalarOperator><ScalarOperator><Identifier><ColumnReference Database="[AdventureWorksDW2012]" Schema="[sys]" Table="[sysschobjs]" Alias="[o]" Column="id"></ColumnReference></Identifier></ScalarOperator><ScalarOperator><Const ConstValue=""></Const></ScalarOperator><ScalarOperator><Const ConstValue=""></Const></ScalarOperator></Intrinsic></ScalarOperator><ScalarOperator><Const ConstValue="(1)"></Const></ScalarOperator></Compare></ScalarOperator><ScalarOperator><Compare CompareOp="EQ"><ScalarOperator><Intrinsic FunctionName="has_access"><ScalarOperator><Const ConstValue="&apos;CO&apos;"></Const></ScalarOperator><ScalarOperator><Identifier><ColumnReference Database="[AdventureWorksDW2012]" Schema="[sys]" Table="[sysschobjs]" Alias="[o]" Column="id"></ColumnReference></Identifier></ScalarOperator><ScalarOperator><Const ConstValue=""></Const></ScalarOperator><ScalarOperator><Const ConstValue=""></Const></ScalarOperator></Intrinsic></ScalarOperator><ScalarOperator><Const ConstValue="(1)"></Const></ScalarOperator></Compare></ScalarOperator></Logical></ScalarOperator></Predicate></Filter></RelOp><RelOp NodeId="102" PhysicalOp="Table-valued function" LogicalOp="Table-valued function" EstimateRows="1" EstimateIO="0" EstimateCPU="1.157e-006" AvgRowSize="403" EstimatedTotalSubtreeCost="0.00253514" Parallel="0" EstimateRebinds="2533.98" EstimateRewinds="0" EstimatedExecutionMode="Row"><OutputList><ColumnReference Table="[FILETABLES]" Column="object_id"></ColumnReference><ColumnReference Table="[FILETABLES]" Column="is_enabled"></ColumnReference><ColumnReference Table="[FILETABLES]" Column="directory_name"></ColumnReference><ColumnReference Table="[FILETABLES]" Column="filename_collation_name"></ColumnReference></OutputList><TableValuedFunction><DefinedValues><DefinedValue><ColumnReference Table="[FILETABLES]" Column="object_id"></ColumnReference></DefinedValue><DefinedValue><ColumnReference Table="[FILETABLES]" Column="is_enabled"></ColumnReference></DefinedValue><DefinedValue><ColumnReference Table="[FILETABLES]" Column="directory_name"></ColumnReference></DefinedValue><DefinedValue><ColumnReference Table="[FILETABLES]" Column="filename_collation_name"></ColumnReference></DefinedValue></DefinedValues><Object Table="[FILETABLES]"></Object><ParameterList><ScalarOperator ScalarString="[AdventureWorksDW2012].[sys].[sysschobjs].[id] as [o].[id]"><Identifier><ColumnReference Database="[AdventureWorksDW2012]" Schema="[sys]" Table="[sysschobjs]" Alias="[o]" Column="id"></ColumnReference></Identifier></ScalarOperator></ParameterList></TableValuedFunction></RelOp></NestedLoops></RelOp><Predicate><ScalarOperator ScalarString="FILETABLES.[object_id]=[AdventureWorksDW2012].[sys].[sysschobjs].[id] as [o].[id]"><Compare CompareOp="EQ"><ScalarOperator><Identifier><ColumnReference Table="[FILETABLES]" Column="object_id"></ColumnReference></Identifier></ScalarOperator><ScalarOperator><Identifier><ColumnReference Database="[AdventureWorksDW2012]" Schema="[sys]" Table="[sysschobjs]" Alias="[o]" Column="id"></ColumnReference></Identifier></ScalarOperator></Compare></ScalarOperator></Predicate></Filter></RelOp></NestedLoops></RelOp></ComputeScalar></RelOp><RelOp NodeId="103" PhysicalOp="Clustered Index Seek" LogicalOp="Clustered Index Seek" EstimateRows="1" EstimatedRowsRead="1" EstimateIO="0.003125" EstimateCPU="0.0001581" AvgRowSize="141" EstimatedTotalSubtreeCost="0.0113042" TableCardinality="17" Parallel="0" EstimateRebinds="0.565067" EstimateRewinds="50.1693" EstimatedExecutionMode="Row"><OutputList><ColumnReference Database="[AdventureWorksDW2012]" Schema="[sys]" Table="[sysclsobjs]" Alias="[o]" Column="name"></ColumnReference><ColumnReference Database="[AdventureWorksDW2012]" Schema="[sys]" Table="[sysclsobjs]" Alias="[o]" Column="type"></ColumnReference></OutputList><IndexScan Ordered="1" ScanDirection="FORWARD" ForcedIndex="0" ForceSeek="0" ForceScan="0" NoExpandHint="0" Storage="RowStore"><DefinedValues><DefinedValue><ColumnReference Database="[AdventureWorksDW2012]" Schema="[sys]" Table="[sysclsobjs]" Alias="[o]" Column="name"></ColumnReference></DefinedValue><DefinedValue><ColumnReference Database="[AdventureWorksDW2012]" Schema="[sys]" Table="[sysclsobjs]" Alias="[o]" Column="type"></ColumnReference></DefinedValue></DefinedValues><Object Database="[AdventureWorksDW2012]" Schema="[sys]" Table="[sysclsobjs]" Index="[clst]" Alias="[o]" TableReferenceId="2" IndexKind="Clustered" Storage="RowStore"></Object><SeekPredicates><SeekPredicateNew><SeekKeys><Prefix ScanType="EQ"><RangeColumns><ColumnReference Database="[AdventureWorksDW2012]" Schema="[sys]" Table="[sysclsobjs]" Alias="[o]" Column="class"></ColumnReference><ColumnReference Database="[AdventureWorksDW2012]" Schema="[sys]" Table="[sysclsobjs]" Alias="[o]" Column="id"></ColumnReference></RangeColumns><RangeExpressions><ScalarOperator ScalarString="(31)"><Const ConstValue="(31)"></Const></ScalarOperator><ScalarOperator ScalarString="CASE WHEN [Expr1774]&lt;&gt;(0) THEN (0) ELSE isnull([AdventureWorksDW2012].[sys].[syssingleobjrefs].[indepid] as [ds].[indepid],(1)-([AdventureWorksDW2012].[sys].[sysidxstats].[status] as [i].[status]&amp;(256))/(256)) END"><IF><Condition><ScalarOperator><Compare CompareOp="NE"><ScalarOperator><Identifier><ColumnReference Column="Expr1774"></ColumnReference></Identifier></ScalarOperator><ScalarOperator><Const ConstValue="(0)"></Const></ScalarOperator></Compare></ScalarOperator></Condition><Then><ScalarOperator><Const ConstValue="(0)"></Const></ScalarOperator></Then><Else><ScalarOperator><Intrinsic FunctionName="isnull"><ScalarOperator><Identifier><ColumnReference Database="[AdventureWorksDW2012]" Schema="[sys]" Table="[syssingleobjrefs]" Alias="[ds]" Column="indepid"></ColumnReference></Identifier></ScalarOperator><ScalarOperator><Arithmetic Operation="SUB"><ScalarOperator><Const ConstValue="(1)"></Const></ScalarOperator><ScalarOperator><Arithmetic Operation="DIV"><ScalarOperator><Arithmetic Operation="BIT_AND"><ScalarOperator><Identifier><ColumnReference Database="[AdventureWorksDW2012]" Schema="[sys]" Table="[sysidxstats]" Alias="[i]" Column="status"></ColumnReference></Identifier></ScalarOperator><ScalarOperator><Const ConstValue="(256)"></Const></ScalarOperator></Arithmetic></ScalarOperator><ScalarOperator><Const ConstValue="(256)"></Const></ScalarOperator></Arithmetic></ScalarOperator></Arithmetic></ScalarOperator></Intrinsic></ScalarOperator></Else></IF></ScalarOperator></RangeExpressions></Prefix></SeekKeys></SeekPredicateNew></SeekPredicates></IndexScan></RelOp></NestedLoops></RelOp></ComputeScalar></RelOp><RelOp NodeId="104" PhysicalOp="Table Spool" LogicalOp="Lazy Spool" EstimateRows="1.46941" EstimateIO="0.01" EstimateCPU="0.000100364" AvgRowSize="11" EstimatedTotalSubtreeCost="0.0351933" Parallel="0" EstimateRebinds="0" EstimateRewinds="50.8282" EstimatedExecutionMode="Row"><OutputList><ColumnReference Database="[AdventureWorksDW2012]" Schema="[sys]" Table="[syssingleobjrefs]" Alias="[rfs]" Column="indepid"></ColumnReference></OutputList><Spool><RelOp NodeId="105" PhysicalOp="Nested Loops" LogicalOp="Left Outer Join" EstimateRows="1.46941" EstimateIO="0" EstimateCPU="6.14062e-006" AvgRowSize="11" EstimatedTotalSubtreeCost="0.0199967" Parallel="0" EstimateRebinds="0" EstimateRewinds="0" EstimatedExecutionMode="Row"><OutputList><ColumnReference Database="[AdventureWorksDW2012]" Schema="[sys]" Table="[syssingleobjrefs]" Alias="[rfs]" Column="indepid"></ColumnReference></OutputList><NestedLoops Optimized="0"><OuterReferences><ColumnReference Database="[AdventureWorksDW2012]" Schema="[sys]" Table="[sysschobjs]" Alias="[o]" Column="id"></ColumnReference></OuterReferences><RelOp NodeId="106" PhysicalOp="Nested Loops" LogicalOp="Left Outer Join" EstimateRows="1.46905" EstimateIO="0" EstimateCPU="6.10816e-006" AvgRowSize="15" EstimatedTotalSubtreeCost="0.0166333" Parallel="0" EstimateRebinds="0" EstimateRewinds="0" EstimatedExecutionMode="Row"><OutputList><ColumnReference Database="[AdventureWorksDW2012]" Schema="[sys]" Table="[sysschobjs]" Alias="[o]" Column="id"></ColumnReference><ColumnReference Database="[AdventureWorksDW2012]" Schema="[sys]" Table="[syssingleobjrefs]" Alias="[rfs]" Column="indepid"></ColumnReference></OutputList><NestedLoops Optimized="0"><OuterReferences><ColumnReference Database="[AdventureWorksDW2012]" Schema="[sys]" Table="[sysschobjs]" Alias="[o]" Column="id"></ColumnReference></OuterReferences><RelOp NodeId="107" PhysicalOp="Nested Loops" LogicalOp="Left Outer Join" EstimateRows="1.46128" EstimateIO="0" EstimateCPU="6.06212e-006" AvgRowSize="15" EstimatedTotalSubtreeCost="0.0132711" Parallel="0" EstimateRebinds="0" EstimateRewinds="0" EstimatedExecutionMode="Row"><OutputList><ColumnReference Database="[AdventureWorksDW2012]" Schema="[sys]" Table="[sysschobjs]" Alias="[o]" Column="id"></ColumnReference><ColumnReference Database="[AdventureWorksDW2012]" Schema="[sys]" Table="[syssingleobjrefs]" Alias="[rfs]" Column="indepid"></ColumnReference></OutputList><NestedLoops Optimized="0"><OuterReferences><ColumnReference Database="[AdventureWorksDW2012]" Schema="[sys]" Table="[sysschobjs]" Alias="[o]" Column="id"></ColumnReference></OuterReferences><RelOp NodeId="108" PhysicalOp="Nested Loops" LogicalOp="Left Outer Join" EstimateRows="1.45027" EstimateIO="0" EstimateCPU="5.4817e-006" AvgRowSize="11" EstimatedTotalSubtreeCost="0.00991078" Parallel="0" EstimateRebinds="0" EstimateRewinds="0" EstimatedExecutionMode="Row"><OutputList><ColumnReference Database="[AdventureWorksDW2012]" Schema="[sys]" Table="[sysschobjs]" Alias="[o]" Column="id"></ColumnReference></OutputList><NestedLoops Optimized="0"><OuterReferences><ColumnReference Database="[AdventureWorksDW2012]" Schema="[sys]" Table="[sysschobjs]" Alias="[o]" Column="id"></ColumnReference></OuterReferences><RelOp NodeId="109" PhysicalOp="Nested Loops" LogicalOp="Left Outer Join" EstimateRows="1.31141" EstimateIO="0" EstimateCPU="4.18e-006" AvgRowSize="11" EstimatedTotalSubtreeCost="0.00657296" Parallel="0" EstimateRebinds="0" EstimateRewinds="0" EstimatedExecutionMode="Row"><OutputList><ColumnReference Database="[AdventureWorksDW2012]" Schema="[sys]" Table="[sysschobjs]" Alias="[o]" Column="id"></ColumnReference></OutputList><NestedLoops Optimized="0"><OuterReferences><ColumnReference Database="[AdventureWorksDW2012]" Schema="[sys]" Table="[sysschobjs]" Alias="[o]" Column="id"></ColumnReference></OuterReferences><RelOp NodeId="111" PhysicalOp="Filter" LogicalOp="Filter" EstimateRows="1" EstimateIO="0" EstimateCPU="2.48e-006" AvgRowSize="11" EstimatedTotalSubtreeCost="0.00328558" Parallel="0" EstimateRebinds="0" EstimateRewinds="0" EstimatedExecutionMode="Row"><OutputList><ColumnReference Database="[AdventureWorksDW2012]" Schema="[sys]" Table="[sysschobjs]" Alias="[o]" Column="id"></ColumnReference></OutputList><Filter StartupExpression="0"><RelOp NodeId="112" PhysicalOp="Clustered Index Seek" LogicalOp="Clustered Index Seek" EstimateRows="1" EstimatedRowsRead="1" EstimateIO="0.003125" EstimateCPU="0.0001581" AvgRowSize="15" EstimatedTotalSubtreeCost="0.0032831" TableCardinality="2509" Parallel="0" EstimateRebinds="0" EstimateRewinds="0" EstimatedExecutionMode="Row"><OutputList><ColumnReference Database="[AdventureWorksDW2012]" Schema="[sys]" Table="[sysschobjs]" Alias="[o]" Column="id"></ColumnReference></OutputList><IndexScan Ordered="1" ScanDirection="FORWARD" ForcedIndex="0" ForceSeek="0" ForceScan="0" NoExpandHint="0" Storage="RowStore"><DefinedValues><DefinedValue><ColumnReference Database="[AdventureWorksDW2012]" Schema="[sys]" Table="[sysschobjs]" Alias="[o]" Column="id"></ColumnReference></DefinedValue></DefinedValues><Object Database="[AdventureWorksDW2012]" Schema="[sys]" Table="[sysschobjs]" Index="[clst]" Alias="[o]" TableReferenceId="3" IndexKind="Clustered" Storage="RowStore"></Object><SeekPredicates><SeekPredicateNew><SeekKeys><Prefix ScanType="EQ"><RangeColumns><ColumnReference Database="[AdventureWorksDW2012]" Schema="[sys]" Table="[sysschobjs]" Alias="[o]" Column="id"></ColumnReference></RangeColumns><RangeExpressions><ScalarOperator ScalarString="[AdventureWorksDW2012].[sys].[sysidxstats].[id] as [i].[id]"><Identifier><ColumnReference Database="[AdventureWorksDW2012]" Schema="[sys]" Table="[sysidxstats]" Alias="[i]" Column="id"></ColumnReference></Identifier></ScalarOperator></RangeExpressions></Prefix></SeekKeys></SeekPredicateNew></SeekPredicates><Predicate><ScalarOperator ScalarString="[AdventureWorksDW2012].[sys].[sysschobjs].[nsclass] as [o].[nsclass]=(0) AND [AdventureWorksDW2012].[sys].[sysschobjs].[pclass] as [o].[pclass]=(1) AND CONVERT(char(2),CASE WHEN [AdventureWorksDW2012].[sys].[sysschobjs].[type] as [o].[type]=&apos;ET&apos; THEN &apos;U&apos; ELSE [AdventureWorksDW2012].[sys].[sysschobjs].[type] as [o].[type] END,0)=&apos;U&apos;"><Logical Operation="AND"><ScalarOperator><Compare CompareOp="EQ"><ScalarOperator><Identifier><ColumnReference Database="[AdventureWorksDW2012]" Schema="[sys]" Table="[sysschobjs]" Alias="[o]" Column="nsclass"></ColumnReference></Identifier></ScalarOperator><ScalarOperator><Const ConstValue="(0)"></Const></ScalarOperator></Compare></ScalarOperator><ScalarOperator><Compare CompareOp="EQ"><ScalarOperator><Identifier><ColumnReference Database="[AdventureWorksDW2012]" Schema="[sys]" Table="[sysschobjs]" Alias="[o]" Column="pclass"></ColumnReference></Identifier></ScalarOperator><ScalarOperator><Const ConstValue="(1)"></Const></ScalarOperator></Compare></ScalarOperator><ScalarOperator><Compare CompareOp="EQ"><ScalarOperator><Convert DataType="char" Length="2" Style="0" Implicit="0"><ScalarOperator><IF><Condition><ScalarOperator><Compare CompareOp="EQ"><ScalarOperator><Identifier><ColumnReference Database="[AdventureWorksDW2012]" Schema="[sys]" Table="[sysschobjs]" Alias="[o]" Column="type"></ColumnReference></Identifier></ScalarOperator><ScalarOperator><Const ConstValue="&apos;ET&apos;"></Const></ScalarOperator></Compare></ScalarOperator></Condition><Then><ScalarOperator><Const ConstValue="&apos;U&apos;"></Const></ScalarOperator></Then><Else><ScalarOperator><Identifier><ColumnReference Database="[AdventureWorksDW2012]" Schema="[sys]" Table="[sysschobjs]" Alias="[o]" Column="type"></ColumnReference></Identifier></ScalarOperator></Else></IF></ScalarOperator></Convert></ScalarOperator><ScalarOperator><Const ConstValue="&apos;U&apos;"></Const></ScalarOperator></Compare></ScalarOperator></Logical></ScalarOperator></Predicate></IndexScan></RelOp><Predicate><ScalarOperator ScalarString="has_access(&apos;CO&apos;,[AdventureWorksDW2012].[sys].[sysschobjs].[id] as [o].[id])=(1)"><Compare CompareOp="EQ"><ScalarOperator><Intrinsic FunctionName="has_access"><ScalarOperator><Const ConstValue="&apos;CO&apos;"></Const></ScalarOperator><ScalarOperator><Identifier><ColumnReference Database="[AdventureWorksDW2012]" Schema="[sys]" Table="[sysschobjs]" Alias="[o]" Column="id"></ColumnReference></Identifier></ScalarOperator><ScalarOperator><Const ConstValue=""></Const></ScalarOperator><ScalarOperator><Const ConstValue=""></Const></ScalarOperator></Intrinsic></ScalarOperator><ScalarOperator><Const ConstValue="(1)"></Const></ScalarOperator></Compare></ScalarOperator></Predicate></Filter></RelOp><RelOp NodeId="113" PhysicalOp="Clustered Index Seek" LogicalOp="Clustered Index Seek" EstimateRows="1" EstimatedRowsRead="1" EstimateIO="0.003125" EstimateCPU="0.0001581" AvgRowSize="9" EstimatedTotalSubtreeCost="0.0032831" TableCardinality="494" Parallel="0" EstimateRebinds="0" EstimateRewinds="0" EstimatedExecutionMode="Row"><OutputList></OutputList><IndexScan Ordered="1" ScanDirection="FORWARD" ForcedIndex="0" ForceSeek="0" ForceScan="0" NoExpandHint="0" Storage="RowStore"><DefinedValues></DefinedValues><Object Database="[AdventureWorksDW2012]" Schema="[sys]" Table="[sysidxstats]" Index="[clst]" Alias="[lob]" TableReferenceId="2" IndexKind="Clustered" Storage="RowStore"></Object><SeekPredicates><SeekPredicateNew><SeekKeys><Prefix ScanType="EQ"><RangeColumns><ColumnReference Database="[AdventureWorksDW2012]" Schema="[sys]" Table="[sysidxstats]" Alias="[lob]" Column="id"></ColumnReference></RangeColumns><RangeExpressions><ScalarOperator ScalarString="[AdventureWorksDW2012].[sys].[sysschobjs].[id] as [o].[id]"><Identifier><ColumnReference Database="[AdventureWorksDW2012]" Schema="[sys]" Table="[sysschobjs]" Alias="[o]" Column="id"></ColumnReference></Identifier></ScalarOperator></RangeExpressions></Prefix><EndRange ScanType="LE"><RangeColumns><ColumnReference Database="[AdventureWorksDW2012]" Schema="[sys]" Table="[sysidxstats]" Alias="[lob]" Column="indid"></ColumnReference></RangeColumns><RangeExpressions><ScalarOperator ScalarString="(1)"><Const ConstValue="(1)"></Const></ScalarOperator></RangeExpressions></EndRange></SeekKeys></SeekPredicateNew></SeekPredicates></IndexScan></RelOp></NestedLoops></RelOp><RelOp NodeId="114" PhysicalOp="Clustered Index Seek" LogicalOp="Clustered Index Seek" EstimateRows="1" EstimatedRowsRead="1" EstimateIO="0.003125" EstimateCPU="0.0001581" AvgRowSize="9" EstimatedTotalSubtreeCost="0.00333233" TableCardinality="356" Parallel="0" EstimateRebinds="0" EstimateRewinds="0.311411" EstimatedExecutionMode="Row"><OutputList></OutputList><IndexScan Ordered="1" ScanDirection="FORWARD" ForcedIndex="0" ForceSeek="0" ForceScan="0" NoExpandHint="0" Storage="RowStore"><DefinedValues></DefinedValues><Object Database="[AdventureWorksDW2012]" Schema="[sys]" Table="[syssingleobjrefs]" Index="[clst]" Alias="[ds]" TableReferenceId="4" IndexKind="Clustered" Storage="RowStore"></Object><SeekPredicates><SeekPredicateNew><SeekKeys><Prefix ScanType="EQ"><RangeColumns><ColumnReference Database="[AdventureWorksDW2012]" Schema="[sys]" Table="[syssingleobjrefs]" Alias="[ds]" Column="depid"></ColumnReference><ColumnReference Database="[AdventureWorksDW2012]" Schema="[sys]" Table="[syssingleobjrefs]" Alias="[ds]" Column="class"></ColumnReference></RangeColumns><RangeExpressions><ScalarOperator ScalarString="[AdventureWorksDW2012].[sys].[sysschobjs].[id] as [o].[id]"><Identifier><ColumnReference Database="[AdventureWorksDW2012]" Schema="[sys]" Table="[sysschobjs]" Alias="[o]" Column="id"></ColumnReference></Identifier></ScalarOperator><ScalarOperator ScalarString="(8)"><Const ConstValue="(8)"></Const></ScalarOperator></RangeExpressions></Prefix><EndRange ScanType="LE"><RangeColumns><ColumnReference Database="[AdventureWorksDW2012]" Schema="[sys]" Table="[syssingleobjrefs]" Alias="[ds]" Column="depsubid"></ColumnReference></RangeColumns><RangeExpressions><ScalarOperator ScalarString="(1)"><Const ConstValue="(1)"></Const></ScalarOperator></RangeExpressions></EndRange></SeekKeys></SeekPredicateNew></SeekPredicates></IndexScan></RelOp></NestedLoops></RelOp><RelOp NodeId="115" PhysicalOp="Clustered Index Seek" LogicalOp="Clustered Index Seek" EstimateRows="1" EstimatedRowsRead="1" EstimateIO="0.003125" EstimateCPU="0.0001581" AvgRowSize="11" EstimatedTotalSubtreeCost="0.00335429" TableCardinality="356" Parallel="0" EstimateRebinds="0" EstimateRewinds="0.450268" EstimatedExecutionMode="Row"><OutputList><ColumnReference Database="[AdventureWorksDW2012]" Schema="[sys]" Table="[syssingleobjrefs]" Alias="[rfs]" Column="indepid"></ColumnReference></OutputList><IndexScan Ordered="1" ScanDirection="FORWARD" ForcedIndex="0" ForceSeek="0" ForceScan="0" NoExpandHint="0" Storage="RowStore"><DefinedValues><DefinedValue><ColumnReference Database="[AdventureWorksDW2012]" Schema="[sys]" Table="[syssingleobjrefs]" Alias="[rfs]" Column="indepid"></ColumnReference></DefinedValue></DefinedValues><Object Database="[AdventureWorksDW2012]" Schema="[sys]" Table="[syssingleobjrefs]" Index="[clst]" Alias="[rfs]" TableReferenceId="2" IndexKind="Clustered" Storage="RowStore"></Object><SeekPredicates><SeekPredicateNew><SeekKeys><Prefix ScanType="EQ"><RangeColumns><ColumnReference Database="[AdventureWorksDW2012]" Schema="[sys]" Table="[syssingleobjrefs]" Alias="[rfs]" Column="depid"></ColumnReference><ColumnReference Database="[AdventureWorksDW2012]" Schema="[sys]" Table="[syssingleobjrefs]" Alias="[rfs]" Column="class"></ColumnReference><ColumnReference Database="[AdventureWorksDW2012]" Schema="[sys]" Table="[syssingleobjrefs]" Alias="[rfs]" Column="depsubid"></ColumnReference></RangeColumns><RangeExpressions><ScalarOperator ScalarString="[AdventureWorksDW2012].[sys].[sysschobjs].[id] as [o].[id]"><Identifier><ColumnReference Database="[AdventureWorksDW2012]" Schema="[sys]" Table="[sysschobjs]" Alias="[o]" Column="id"></ColumnReference></Identifier></ScalarOperator><ScalarOperator ScalarString="(42)"><Const ConstValue="(42)"></Const></ScalarOperator><ScalarOperator ScalarString="(0)"><Const ConstValue="(0)"></Const></ScalarOperator></RangeExpressions></Prefix></SeekKeys></SeekPredicateNew></SeekPredicates></IndexScan></RelOp></NestedLoops></RelOp><RelOp NodeId="116" PhysicalOp="Index Seek" LogicalOp="Index Seek" EstimateRows="1" EstimatedRowsRead="1" EstimateIO="0.003125" EstimateCPU="0.0001581" AvgRowSize="9" EstimatedTotalSubtreeCost="0.00335603" TableCardinality="356" Parallel="0" EstimateRebinds="0" EstimateRewinds="0.461282" EstimatedExecutionMode="Row"><OutputList></OutputList><IndexScan Ordered="1" ScanDirection="FORWARD" ForcedIndex="0" ForceSeek="0" ForceScan="0" NoExpandHint="0" Storage="RowStore"><DefinedValues></DefinedValues><Object Database="[AdventureWorksDW2012]" Schema="[sys]" Table="[syssingleobjrefs]" Index="[nc1]" Alias="[ct]" TableReferenceId="2" IndexKind="NonClustered" Storage="RowStore"></Object><SeekPredicates><SeekPredicateNew><SeekKeys><Prefix ScanType="EQ"><RangeColumns><ColumnReference Database="[AdventureWorksDW2012]" Schema="[sys]" Table="[syssingleobjrefs]" Alias="[ct]" Column="indepid"></ColumnReference><ColumnReference Database="[AdventureWorksDW2012]" Schema="[sys]" Table="[syssingleobjrefs]" Alias="[ct]" Column="class"></ColumnReference></RangeColumns><RangeExpressions><ScalarOperator ScalarString="[AdventureWorksDW2012].[sys].[sysschobjs].[id] as [o].[id]"><Identifier><ColumnReference Database="[AdventureWorksDW2012]" Schema="[sys]" Table="[sysschobjs]" Alias="[o]" Column="id"></ColumnReference></Identifier></ScalarOperator><ScalarOperator ScalarString="(112)"><Const ConstValue="(112)"></Const></ScalarOperator></RangeExpressions></Prefix></SeekKeys></SeekPredicateNew></SeekPredicates></IndexScan></RelOp></NestedLoops></RelOp><RelOp NodeId="117" PhysicalOp="Clustered Index Seek" LogicalOp="Clustered Index Seek" EstimateRows="1" EstimatedRowsRead="1" EstimateIO="0.003125" EstimateCPU="0.0001581" AvgRowSize="9" EstimatedTotalSubtreeCost="0.00335726" TableCardinality="356" Parallel="0" EstimateRebinds="0" EstimateRewinds="0.469047" EstimatedExecutionMode="Row"><OutputList></OutputList><IndexScan Ordered="1" ScanDirection="FORWARD" ForcedIndex="0" ForceSeek="0" ForceScan="0" NoExpandHint="0" Storage="RowStore"><DefinedValues></DefinedValues><Object Database="[AdventureWorksDW2012]" Schema="[sys]" Table="[syssingleobjrefs]" Index="[clst]" Alias="[ht]" TableReferenceId="2" IndexKind="Clustered" Storage="RowStore"></Object><SeekPredicates><SeekPredicateNew><SeekKeys><Prefix ScanType="EQ"><RangeColumns><ColumnReference Database="[AdventureWorksDW2012]" Schema="[sys]" Table="[syssingleobjrefs]" Alias="[ht]" Column="depid"></ColumnReference><ColumnReference Database="[AdventureWorksDW2012]" Schema="[sys]" Table="[syssingleobjrefs]" Alias="[ht]" Column="class"></ColumnReference></RangeColumns><RangeExpressions><ScalarOperator ScalarString="[AdventureWorksDW2012].[sys].[sysschobjs].[id] as [o].[id]"><Identifier><ColumnReference Database="[AdventureWorksDW2012]" Schema="[sys]" Table="[sysschobjs]" Alias="[o]" Column="id"></ColumnReference></Identifier></ScalarOperator><ScalarOperator ScalarString="(112)"><Const ConstValue="(112)"></Const></ScalarOperator></RangeExpressions></Prefix></SeekKeys></SeekPredicateNew></SeekPredicates></IndexScan></RelOp></NestedLoops></RelOp></Spool></RelOp></NestedLoops></RelOp></Hash></RelOp></ComputeScalar></RelOp><RelOp NodeId="118" PhysicalOp="Table Spool" LogicalOp="Lazy Spool" EstimateRows="1.82058" EstimateIO="0.01" EstimateCPU="0.000100628" AvgRowSize="147" EstimatedTotalSubtreeCost="0.109471" Parallel="0" EstimateRebinds="0" EstimateRewinds="824.211" EstimatedExecutionMode="Row"><OutputList><ColumnReference Database="[AdventureWorksDW2012]" Schema="[sys]" Table="[sysschobjs]" Alias="[o]" Column="id"></ColumnReference><ColumnReference Database="[AdventureWorksDW2012]" Schema="[sys]" Table="[sysschobjs]" Alias="[o]" Column="name"></ColumnReference><ColumnReference Database="[AdventureWorksDW2012]" Schema="[sys]" Table="[sysschobjs]" Alias="[o]" Column="nsid"></ColumnReference></OutputList><Spool><RelOp NodeId="119" PhysicalOp="Nested Loops" LogicalOp="Left Outer Join" EstimateRows="1.82058" EstimateIO="0" EstimateCPU="7.30222e-006" AvgRowSize="147" EstimatedTotalSubtreeCost="0.0166796" Parallel="0" EstimateRebinds="0" EstimateRewinds="0" EstimatedExecutionMode="Row"><OutputList><ColumnReference Database="[AdventureWorksDW2012]" Schema="[sys]" Table="[sysschobjs]" Alias="[o]" Column="id"></ColumnReference><ColumnReference Database="[AdventureWorksDW2012]" Schema="[sys]" Table="[sysschobjs]" Alias="[o]" Column="name"></ColumnReference><ColumnReference Database="[AdventureWorksDW2012]" Schema="[sys]" Table="[sysschobjs]" Alias="[o]" Column="nsid"></ColumnReference></OutputList><NestedLoops Optimized="0"><OuterReferences><ColumnReference Database="[AdventureWorksDW2012]" Schema="[sys]" Table="[sysschobjs]" Alias="[o]" Column="id"></ColumnReference></OuterReferences><RelOp NodeId="120" PhysicalOp="Nested Loops" LogicalOp="Left Outer Join" EstimateRows="1.74694" EstimateIO="0" EstimateCPU="6.06212e-006" AvgRowSize="147" EstimatedTotalSubtreeCost="0.0132711" Parallel="0" EstimateRebinds="0" EstimateRewinds="0" EstimatedExecutionMode="Row"><OutputList><ColumnReference Database="[AdventureWorksDW2012]" Schema="[sys]" Table="[sysschobjs]" Alias="[o]" Column="id"></ColumnReference><ColumnReference Database="[AdventureWorksDW2012]" Schema="[sys]" Table="[sysschobjs]" Alias="[o]" Column="name"></ColumnReference><ColumnReference Database="[AdventureWorksDW2012]" Schema="[sys]" Table="[sysschobjs]" Alias="[o]" Column="nsid"></ColumnReference></OutputList><NestedLoops Optimized="0"><OuterReferences><ColumnReference Database="[AdventureWorksDW2012]" Schema="[sys]" Table="[sysschobjs]" Alias="[o]" Column="id"></ColumnReference></OuterReferences><RelOp NodeId="121" PhysicalOp="Nested Loops" LogicalOp="Left Outer Join" EstimateRows="1.45027" EstimateIO="0" EstimateCPU="5.4817e-006" AvgRowSize="147" EstimatedTotalSubtreeCost="0.00991078" Parallel="0" EstimateRebinds="0" EstimateRewinds="0" EstimatedExecutionMode="Row"><OutputList><ColumnReference Database="[AdventureWorksDW2012]" Schema="[sys]" Table="[sysschobjs]" Alias="[o]" Column="id"></ColumnReference><ColumnReference Database="[AdventureWorksDW2012]" Schema="[sys]" Table="[sysschobjs]" Alias="[o]" Column="name"></ColumnReference><ColumnReference Database="[AdventureWorksDW2012]" Schema="[sys]" Table="[sysschobjs]" Alias="[o]" Column="nsid"></ColumnReference></OutputList><NestedLoops Optimized="0"><OuterReferences><ColumnReference Database="[AdventureWorksDW2012]" Schema="[sys]" Table="[sysschobjs]" Alias="[o]" Column="id"></ColumnReference></OuterReferences><RelOp NodeId="122" PhysicalOp="Nested Loops" LogicalOp="Left Outer Join" EstimateRows="1.31141" EstimateIO="0" EstimateCPU="4.18e-006" AvgRowSize="147" EstimatedTotalSubtreeCost="0.00657296" Parallel="0" EstimateRebinds="0" EstimateRewinds="0" EstimatedExecutionMode="Row"><OutputList><ColumnReference Database="[AdventureWorksDW2012]" Schema="[sys]" Table="[sysschobjs]" Alias="[o]" Column="id"></ColumnReference><ColumnReference Database="[AdventureWorksDW2012]" Schema="[sys]" Table="[sysschobjs]" Alias="[o]" Column="name"></ColumnReference><ColumnReference Database="[AdventureWorksDW2012]" Schema="[sys]" Table="[sysschobjs]" Alias="[o]" Column="nsid"></ColumnReference></OutputList><NestedLoops Optimized="0"><OuterReferences><ColumnReference Database="[AdventureWorksDW2012]" Schema="[sys]" Table="[sysschobjs]" Alias="[o]" Column="id"></ColumnReference></OuterReferences><RelOp NodeId="124" PhysicalOp="Filter" LogicalOp="Filter" EstimateRows="1" EstimateIO="0" EstimateCPU="2.48e-006" AvgRowSize="147" EstimatedTotalSubtreeCost="0.00328558" Parallel="0" EstimateRebinds="0" EstimateRewinds="0" EstimatedExecutionMode="Row"><OutputList><ColumnReference Database="[AdventureWorksDW2012]" Schema="[sys]" Table="[sysschobjs]" Alias="[o]" Column="id"></ColumnReference><ColumnReference Database="[AdventureWorksDW2012]" Schema="[sys]" Table="[sysschobjs]" Alias="[o]" Column="name"></ColumnReference><ColumnReference Database="[AdventureWorksDW2012]" Schema="[sys]" Table="[sysschobjs]" Alias="[o]" Column="nsid"></ColumnReference></OutputList><Filter StartupExpression="0"><RelOp NodeId="125" PhysicalOp="Clustered Index Seek" LogicalOp="Clustered Index Seek" EstimateRows="1" EstimatedRowsRead="1" EstimateIO="0.003125" EstimateCPU="0.0001581" AvgRowSize="151" EstimatedTotalSubtreeCost="0.0032831" TableCardinality="2509" Parallel="0" EstimateRebinds="0" EstimateRewinds="0" EstimatedExecutionMode="Row"><OutputList><ColumnReference Database="[AdventureWorksDW2012]" Schema="[sys]" Table="[sysschobjs]" Alias="[o]" Column="id"></ColumnReference><ColumnReference Database="[AdventureWorksDW2012]" Schema="[sys]" Table="[sysschobjs]" Alias="[o]" Column="name"></ColumnReference><ColumnReference Database="[AdventureWorksDW2012]" Schema="[sys]" Table="[sysschobjs]" Alias="[o]" Column="nsid"></ColumnReference></OutputList><IndexScan Ordered="1" ScanDirection="FORWARD" ForcedIndex="0" ForceSeek="0" ForceScan="0" NoExpandHint="0" Storage="RowStore"><DefinedValues><DefinedValue><ColumnReference Database="[AdventureWorksDW2012]" Schema="[sys]" Table="[sysschobjs]" Alias="[o]" Column="id"></ColumnReference></DefinedValue><DefinedValue><ColumnReference Database="[AdventureWorksDW2012]" Schema="[sys]" Table="[sysschobjs]" Alias="[o]" Column="name"></ColumnReference></DefinedValue><DefinedValue><ColumnReference Database="[AdventureWorksDW2012]" Schema="[sys]" Table="[sysschobjs]" Alias="[o]" Column="nsid"></ColumnReference></DefinedValue></DefinedValues><Object Database="[AdventureWorksDW2012]" Schema="[sys]" Table="[sysschobjs]" Index="[clst]" Alias="[o]" TableReferenceId="4" IndexKind="Clustered" Storage="RowStore"></Object><SeekPredicates><SeekPredicateNew><SeekKeys><Prefix ScanType="EQ"><RangeColumns><ColumnReference Database="[AdventureWorksDW2012]" Schema="[sys]" Table="[sysschobjs]" Alias="[o]" Column="id"></ColumnReference></RangeColumns><RangeExpressions><ScalarOperator ScalarString="[AdventureWorksDW2012].[sys].[syssingleobjrefs].[depid] as [ct].[depid]"><Identifier><ColumnReference Database="[AdventureWorksDW2012]" Schema="[sys]" Table="[syssingleobjrefs]" Alias="[ct]" Column="depid"></ColumnReference></Identifier></ScalarOperator></RangeExpressions></Prefix></SeekKeys></SeekPredicateNew></SeekPredicates><Predicate><ScalarOperator ScalarString="[AdventureWorksDW2012].[sys].[sysschobjs].[nsclass] as [o].[nsclass]=(0) AND [AdventureWorksDW2012].[sys].[sysschobjs].[pclass] as [o].[pclass]=(1) AND CONVERT(char(2),CASE WHEN [AdventureWorksDW2012].[sys].[sysschobjs].[type] as [o].[type]=&apos;ET&apos; THEN &apos;U&apos; ELSE [AdventureWorksDW2012].[sys].[sysschobjs].[type] as [o].[type] END,0)=&apos;U&apos;"><Logical Operation="AND"><ScalarOperator><Compare CompareOp="EQ"><ScalarOperator><Identifier><ColumnReference Database="[AdventureWorksDW2012]" Schema="[sys]" Table="[sysschobjs]" Alias="[o]" Column="nsclass"></ColumnReference></Identifier></ScalarOperator><ScalarOperator><Const ConstValue="(0)"></Const></ScalarOperator></Compare></ScalarOperator><ScalarOperator><Compare CompareOp="EQ"><ScalarOperator><Identifier><ColumnReference Database="[AdventureWorksDW2012]" Schema="[sys]" Table="[sysschobjs]" Alias="[o]" Column="pclass"></ColumnReference></Identifier></ScalarOperator><ScalarOperator><Const ConstValue="(1)"></Const></ScalarOperator></Compare></ScalarOperator><ScalarOperator><Compare CompareOp="EQ"><ScalarOperator><Convert DataType="char" Length="2" Style="0" Implicit="0"><ScalarOperator><IF><Condition><ScalarOperator><Compare CompareOp="EQ"><ScalarOperator><Identifier><ColumnReference Database="[AdventureWorksDW2012]" Schema="[sys]" Table="[sysschobjs]" Alias="[o]" Column="type"></ColumnReference></Identifier></ScalarOperator><ScalarOperator><Const ConstValue="&apos;ET&apos;"></Const></ScalarOperator></Compare></ScalarOperator></Condition><Then><ScalarOperator><Const ConstValue="&apos;U&apos;"></Const></ScalarOperator></Then><Else><ScalarOperator><Identifier><ColumnReference Database="[AdventureWorksDW2012]" Schema="[sys]" Table="[sysschobjs]" Alias="[o]" Column="type"></ColumnReference></Identifier></ScalarOperator></Else></IF></ScalarOperator></Convert></ScalarOperator><ScalarOperator><Const ConstValue="&apos;U&apos;"></Const></ScalarOperator></Compare></ScalarOperator></Logical></ScalarOperator></Predicate></IndexScan></RelOp><Predicate><ScalarOperator ScalarString="has_access(&apos;CO&apos;,[AdventureWorksDW2012].[sys].[sysschobjs].[id] as [o].[id])=(1)"><Compare CompareOp="EQ"><ScalarOperator><Intrinsic FunctionName="has_access"><ScalarOperator><Const ConstValue="&apos;CO&apos;"></Const></ScalarOperator><ScalarOperator><Identifier><ColumnReference Database="[AdventureWorksDW2012]" Schema="[sys]" Table="[sysschobjs]" Alias="[o]" Column="id"></ColumnReference></Identifier></ScalarOperator><ScalarOperator><Const ConstValue=""></Const></ScalarOperator><ScalarOperator><Const ConstValue=""></Const></ScalarOperator></Intrinsic></ScalarOperator><ScalarOperator><Const ConstValue="(1)"></Const></ScalarOperator></Compare></ScalarOperator></Predicate></Filter></RelOp><RelOp NodeId="126" PhysicalOp="Clustered Index Seek" LogicalOp="Clustered Index Seek" EstimateRows="1" EstimatedRowsRead="1" EstimateIO="0.003125" EstimateCPU="0.0001581" AvgRowSize="9" EstimatedTotalSubtreeCost="0.0032831" TableCardinality="494" Parallel="0" EstimateRebinds="0" EstimateRewinds="0" EstimatedExecutionMode="Row"><OutputList></OutputList><IndexScan Ordered="1" ScanDirection="FORWARD" ForcedIndex="0" ForceSeek="0" ForceScan="0" NoExpandHint="0" Storage="RowStore"><DefinedValues></DefinedValues><Object Database="[AdventureWorksDW2012]" Schema="[sys]" Table="[sysidxstats]" Index="[clst]" Alias="[lob]" TableReferenceId="3" IndexKind="Clustered" Storage="RowStore"></Object><SeekPredicates><SeekPredicateNew><SeekKeys><Prefix ScanType="EQ"><RangeColumns><ColumnReference Database="[AdventureWorksDW2012]" Schema="[sys]" Table="[sysidxstats]" Alias="[lob]" Column="id"></ColumnReference></RangeColumns><RangeExpressions><ScalarOperator ScalarString="[AdventureWorksDW2012].[sys].[sysschobjs].[id] as [o].[id]"><Identifier><ColumnReference Database="[AdventureWorksDW2012]" Schema="[sys]" Table="[sysschobjs]" Alias="[o]" Column="id"></ColumnReference></Identifier></ScalarOperator></RangeExpressions></Prefix><EndRange ScanType="LE"><RangeColumns><ColumnReference Database="[AdventureWorksDW2012]" Schema="[sys]" Table="[sysidxstats]" Alias="[lob]" Column="indid"></ColumnReference></RangeColumns><RangeExpressions><ScalarOperator ScalarString="(1)"><Const ConstValue="(1)"></Const></ScalarOperator></RangeExpressions></EndRange></SeekKeys></SeekPredicateNew></SeekPredicates></IndexScan></RelOp></NestedLoops></RelOp><RelOp NodeId="127" PhysicalOp="Clustered Index Seek" LogicalOp="Clustered Index Seek" EstimateRows="1" EstimatedRowsRead="1" EstimateIO="0.003125" EstimateCPU="0.0001581" AvgRowSize="9" EstimatedTotalSubtreeCost="0.00333233" TableCardinality="356" Parallel="0" EstimateRebinds="0" EstimateRewinds="0.311411" EstimatedExecutionMode="Row"><OutputList></OutputList><IndexScan Ordered="1" ScanDirection="FORWARD" ForcedIndex="0" ForceSeek="0" ForceScan="0" NoExpandHint="0" Storage="RowStore"><DefinedValues></DefinedValues><Object Database="[AdventureWorksDW2012]" Schema="[sys]" Table="[syssingleobjrefs]" Index="[clst]" Alias="[ds]" TableReferenceId="5" IndexKind="Clustered" Storage="RowStore"></Object><SeekPredicates><SeekPredicateNew><SeekKeys><Prefix ScanType="EQ"><RangeColumns><ColumnReference Database="[AdventureWorksDW2012]" Schema="[sys]" Table="[syssingleobjrefs]" Alias="[ds]" Column="depid"></ColumnReference><ColumnReference Database="[AdventureWorksDW2012]" Schema="[sys]" Table="[syssingleobjrefs]" Alias="[ds]" Column="class"></ColumnReference></RangeColumns><RangeExpressions><ScalarOperator ScalarString="[AdventureWorksDW2012].[sys].[sysschobjs].[id] as [o].[id]"><Identifier><ColumnReference Database="[AdventureWorksDW2012]" Schema="[sys]" Table="[sysschobjs]" Alias="[o]" Column="id"></ColumnReference></Identifier></ScalarOperator><ScalarOperator ScalarString="(8)"><Const ConstValue="(8)"></Const></ScalarOperator></RangeExpressions></Prefix><EndRange ScanType="LE"><RangeColumns><ColumnReference Database="[AdventureWorksDW2012]" Schema="[sys]" Table="[syssingleobjrefs]" Alias="[ds]" Column="depsubid"></ColumnReference></RangeColumns><RangeExpressions><ScalarOperator ScalarString="(1)"><Const ConstValue="(1)"></Const></ScalarOperator></RangeExpressions></EndRange></SeekKeys></SeekPredicateNew></SeekPredicates></IndexScan></RelOp></NestedLoops></RelOp><RelOp NodeId="128" PhysicalOp="Index Seek" LogicalOp="Index Seek" EstimateRows="1" EstimatedRowsRead="1" EstimateIO="0.003125" EstimateCPU="0.0001581" AvgRowSize="9" EstimatedTotalSubtreeCost="0.00335429" TableCardinality="356" Parallel="0" EstimateRebinds="0" EstimateRewinds="0.450268" EstimatedExecutionMode="Row"><OutputList></OutputList><IndexScan Ordered="1" ScanDirection="FORWARD" ForcedIndex="0" ForceSeek="0" ForceScan="0" NoExpandHint="0" Storage="RowStore"><DefinedValues></DefinedValues><Object Database="[AdventureWorksDW2012]" Schema="[sys]" Table="[syssingleobjrefs]" Index="[nc1]" Alias="[ct]" TableReferenceId="3" IndexKind="NonClustered" Storage="RowStore"></Object><SeekPredicates><SeekPredicateNew><SeekKeys><Prefix ScanType="EQ"><RangeColumns><ColumnReference Database="[AdventureWorksDW2012]" Schema="[sys]" Table="[syssingleobjrefs]" Alias="[ct]" Column="indepid"></ColumnReference><ColumnReference Database="[AdventureWorksDW2012]" Schema="[sys]" Table="[syssingleobjrefs]" Alias="[ct]" Column="class"></ColumnReference></RangeColumns><RangeExpressions><ScalarOperator ScalarString="[AdventureWorksDW2012].[sys].[sysschobjs].[id] as [o].[id]"><Identifier><ColumnReference Database="[AdventureWorksDW2012]" Schema="[sys]" Table="[sysschobjs]" Alias="[o]" Column="id"></ColumnReference></Identifier></ScalarOperator><ScalarOperator ScalarString="(112)"><Const ConstValue="(112)"></Const></ScalarOperator></RangeExpressions></Prefix></SeekKeys></SeekPredicateNew></SeekPredicates></IndexScan></RelOp></NestedLoops></RelOp><RelOp NodeId="129" PhysicalOp="Clustered Index Seek" LogicalOp="Clustered Index Seek" EstimateRows="1" EstimatedRowsRead="1" EstimateIO="0.003125" EstimateCPU="0.0001581" AvgRowSize="9" EstimatedTotalSubtreeCost="0.00340119" TableCardinality="356" Parallel="0" EstimateRebinds="0" EstimateRewinds="0.746943" EstimatedExecutionMode="Row"><OutputList></OutputList><IndexScan Ordered="1" ScanDirection="FORWARD" ForcedIndex="0" ForceSeek="0" ForceScan="0" NoExpandHint="0" Storage="RowStore"><DefinedValues></DefinedValues><Object Database="[AdventureWorksDW2012]" Schema="[sys]" Table="[syssingleobjrefs]" Index="[clst]" Alias="[ht]" TableReferenceId="3" IndexKind="Clustered" Storage="RowStore"></Object><SeekPredicates><SeekPredicateNew><SeekKeys><Prefix ScanType="EQ"><RangeColumns><ColumnReference Database="[AdventureWorksDW2012]" Schema="[sys]" Table="[syssingleobjrefs]" Alias="[ht]" Column="depid"></ColumnReference><ColumnReference Database="[AdventureWorksDW2012]" Schema="[sys]" Table="[syssingleobjrefs]" Alias="[ht]" Column="class"></ColumnReference></RangeColumns><RangeExpressions><ScalarOperator ScalarString="[AdventureWorksDW2012].[sys].[sysschobjs].[id] as [o].[id]"><Identifier><ColumnReference Database="[AdventureWorksDW2012]" Schema="[sys]" Table="[sysschobjs]" Alias="[o]" Column="id"></ColumnReference></Identifier></ScalarOperator><ScalarOperator ScalarString="(112)"><Const ConstValue="(112)"></Const></ScalarOperator></RangeExpressions></Prefix></SeekKeys></SeekPredicateNew></SeekPredicates></IndexScan></RelOp></NestedLoops></RelOp></Spool></RelOp></NestedLoops></RelOp></ComputeScalar></RelOp></Hash></RelOp></ComputeScalar></RelOp><RelOp NodeId="130" PhysicalOp="Table Scan" LogicalOp="Table Scan" EstimateRows="1" EstimatedRowsRead="1" EstimateIO="0.0032035" EstimateCPU="7.96e-005" AvgRowSize="4170" EstimatedTotalSubtreeCost="0.010438" TableCardinality="0" Parallel="0" EstimateRebinds="0" EstimateRewinds="89.8859" EstimatedExecutionMode="Row"><OutputList><ColumnReference Table="#tmp_extended_remote_data_archive_tables" Alias="[rdat]" Column="object_id"></ColumnReference><ColumnReference Table="#tmp_extended_remote_data_archive_tables" Alias="[rdat]" Column="remote_table_name"></ColumnReference><ColumnReference Table="#tmp_extended_remote_data_archive_tables" Alias="[rdat]" Column="filter_predicate"></ColumnReference><ColumnReference Table="#tmp_extended_remote_data_archive_tables" Alias="[rdat]" Column="migration_state"></ColumnReference></OutputList><TableScan Ordered="0" ForcedIndex="0" ForceScan="0" NoExpandHint="0" Storage="RowStore"><DefinedValues><DefinedValue><ColumnReference Table="#tmp_extended_remote_data_archive_tables" Alias="[rdat]" Column="object_id"></ColumnReference></DefinedValue><DefinedValue><ColumnReference Table="#tmp_extended_remote_data_archive_tables" Alias="[rdat]" Column="remote_table_name"></ColumnReference></DefinedValue><DefinedValue><ColumnReference Table="#tmp_extended_remote_data_archive_tables" Alias="[rdat]" Column="filter_predicate"></ColumnReference></DefinedValue><DefinedValue><ColumnReference Table="#tmp_extended_remote_data_archive_tables" Alias="[rdat]" Column="migration_state"></ColumnReference></DefinedValue></DefinedValues><Object Database="[tempdb]" Schema="[dbo]" Table="[#tmp_extended_remote_data_archive_tables]" Alias="[rdat]" Storage="RowStore"></Object></TableScan></RelOp></NestedLoops></RelOp></ComputeScalar></RelOp><RelOp NodeId="131" PhysicalOp="Table Spool" LogicalOp="Lazy Spool" EstimateRows="1" EstimateIO="0.01" EstimateCPU="0.00010088" AvgRowSize="4061" EstimatedTotalSubtreeCost="0.0258634" Parallel="0" EstimateRebinds="0" EstimateRewinds="91.7407" EstimatedExecutionMode="Row"><OutputList><ColumnReference Database="[AdventureWorksDW2012]" Schema="[sys]" Table="[sysexttables]" Alias="[et]" Column="data_source_id"></ColumnReference><ColumnReference Database="[AdventureWorksDW2012]" Schema="[sys]" Table="[sysexttables]" Alias="[et]" Column="file_format_id"></ColumnReference><ColumnReference Database="[AdventureWorksDW2012]" Schema="[sys]" Table="[sysexttables]" Alias="[et]" Column="location"></ColumnReference><ColumnReference Database="[AdventureWorksDW2012]" Schema="[sys]" Table="[sysexttables]" Alias="[et]" Column="reject_type"></ColumnReference><ColumnReference Database="[AdventureWorksDW2012]" Schema="[sys]" Table="[sysexttables]" Alias="[et]" Column="reject_value"></ColumnReference><ColumnReference Database="[AdventureWorksDW2012]" Schema="[sys]" Table="[sysexttables]" Alias="[et]" Column="reject_sample_value"></ColumnReference><ColumnReference Database="[AdventureWorksDW2012]" Schema="[sys]" Table="[sysschobjs]" Alias="[o]" Column="id"></ColumnReference></OutputList><Spool><RelOp NodeId="132" PhysicalOp="Nested Loops" LogicalOp="Inner Join" EstimateRows="1" EstimateIO="0" EstimateCPU="4.18e-006" AvgRowSize="4061" EstimatedTotalSubtreeCost="0.00657196" Parallel="0" EstimateRebinds="0" EstimateRewinds="0" EstimatedExecutionMode="Row"><OutputList><ColumnReference Database="[AdventureWorksDW2012]" Schema="[sys]" Table="[sysexttables]" Alias="[et]" Column="data_source_id"></ColumnReference><ColumnReference Database="[AdventureWorksDW2012]" Schema="[sys]" Table="[sysexttables]" Alias="[et]" Column="file_format_id"></ColumnReference><ColumnReference Database="[AdventureWorksDW2012]" Schema="[sys]" Table="[sysexttables]" Alias="[et]" Column="location"></ColumnReference><ColumnReference Database="[AdventureWorksDW2012]" Schema="[sys]" Table="[sysexttables]" Alias="[et]" Column="reject_type"></ColumnReference><ColumnReference Database="[AdventureWorksDW2012]" Schema="[sys]" Table="[sysexttables]" Alias="[et]" Column="reject_value"></ColumnReference><ColumnReference Database="[AdventureWorksDW2012]" Schema="[sys]" Table="[sysexttables]" Alias="[et]" Column="reject_sample_value"></ColumnReference><ColumnReference Database="[AdventureWorksDW2012]" Schema="[sys]" Table="[sysschobjs]" Alias="[o]" Column="id"></ColumnReference></OutputList><NestedLoops Optimized="0"><OuterReferences><ColumnReference Database="[AdventureWorksDW2012]" Schema="[sys]" Table="[sysexttables]" Alias="[et]" Column="object_id"></ColumnReference></OuterReferences><RelOp NodeId="133" PhysicalOp="Clustered Index Scan" LogicalOp="Clustered Index Scan" EstimateRows="1" EstimatedRowsRead="1" EstimateIO="0.003125" EstimateCPU="0.0001581" AvgRowSize="4061" EstimatedTotalSubtreeCost="0.0032831" TableCardinality="0" Parallel="0" EstimateRebinds="0" EstimateRewinds="0" EstimatedExecutionMode="Row"><OutputList><ColumnReference Database="[AdventureWorksDW2012]" Schema="[sys]" Table="[sysexttables]" Alias="[et]" Column="object_id"></ColumnReference><ColumnReference Database="[AdventureWorksDW2012]" Schema="[sys]" Table="[sysexttables]" Alias="[et]" Column="data_source_id"></ColumnReference><ColumnReference Database="[AdventureWorksDW2012]" Schema="[sys]" Table="[sysexttables]" Alias="[et]" Column="file_format_id"></ColumnReference><ColumnReference Database="[AdventureWorksDW2012]" Schema="[sys]" Table="[sysexttables]" Alias="[et]" Column="location"></ColumnReference><ColumnReference Database="[AdventureWorksDW2012]" Schema="[sys]" Table="[sysexttables]" Alias="[et]" Column="reject_type"></ColumnReference><ColumnReference Database="[AdventureWorksDW2012]" Schema="[sys]" Table="[sysexttables]" Alias="[et]" Column="reject_value"></ColumnReference><ColumnReference Database="[AdventureWorksDW2012]" Schema="[sys]" Table="[sysexttables]" Alias="[et]" Column="reject_sample_value"></ColumnReference></OutputList><IndexScan Ordered="0" ForcedIndex="0" ForceScan="0" NoExpandHint="0" Storage="RowStore"><DefinedValues><DefinedValue><ColumnReference Database="[AdventureWorksDW2012]" Schema="[sys]" Table="[sysexttables]" Alias="[et]" Column="object_id"></ColumnReference></DefinedValue><DefinedValue><ColumnReference Database="[AdventureWorksDW2012]" Schema="[sys]" Table="[sysexttables]" Alias="[et]" Column="data_source_id"></ColumnReference></DefinedValue><DefinedValue><ColumnReference Database="[AdventureWorksDW2012]" Schema="[sys]" Table="[sysexttables]" Alias="[et]" Column="file_format_id"></ColumnReference></DefinedValue><DefinedValue><ColumnReference Database="[AdventureWorksDW2012]" Schema="[sys]" Table="[sysexttables]" Alias="[et]" Column="location"></ColumnReference></DefinedValue><DefinedValue><ColumnReference Database="[AdventureWorksDW2012]" Schema="[sys]" Table="[sysexttables]" Alias="[et]" Column="reject_type"></ColumnReference></DefinedValue><DefinedValue><ColumnReference Database="[AdventureWorksDW2012]" Schema="[sys]" Table="[sysexttables]" Alias="[et]" Column="reject_value"></ColumnReference></DefinedValue><DefinedValue><ColumnReference Database="[AdventureWorksDW2012]" Schema="[sys]" Table="[sysexttables]" Alias="[et]" Column="reject_sample_value"></ColumnReference></DefinedValue></DefinedValues><Object Database="[AdventureWorksDW2012]" Schema="[sys]" Table="[sysexttables]" Index="[clidx1]" Alias="[et]" IndexKind="Clustered" Storage="RowStore"></Object></IndexScan></RelOp><RelOp NodeId="134" PhysicalOp="Filter" LogicalOp="Filter" EstimateRows="1" EstimateIO="0" EstimateCPU="1.58e-006" AvgRowSize="11" EstimatedTotalSubtreeCost="0.00328468" Parallel="0" EstimateRebinds="0" EstimateRewinds="0" EstimatedExecutionMode="Row"><OutputList><ColumnReference Database="[AdventureWorksDW2012]" Schema="[sys]" Table="[sysschobjs]" Alias="[o]" Column="id"></ColumnReference></OutputList><Filter StartupExpression="0"><RelOp NodeId="135" PhysicalOp="Clustered Index Seek" LogicalOp="Clustered Index Seek" EstimateRows="1" EstimatedRowsRead="1" EstimateIO="0.003125" EstimateCPU="0.0001581" AvgRowSize="13" EstimatedTotalSubtreeCost="0.0032831" TableCardinality="2509" Parallel="0" EstimateRebinds="0" EstimateRewinds="0" EstimatedExecutionMode="Row"><OutputList><ColumnReference Database="[AdventureWorksDW2012]" Schema="[sys]" Table="[sysschobjs]" Alias="[o]" Column="id"></ColumnReference></OutputList><IndexScan Ordered="1" ScanDirection="FORWARD" ForcedIndex="0" ForceSeek="0" ForceScan="0" NoExpandHint="0" Storage="RowStore"><DefinedValues><DefinedValue><ColumnReference Database="[AdventureWorksDW2012]" Schema="[sys]" Table="[sysschobjs]" Alias="[o]" Column="id"></ColumnReference></DefinedValue></DefinedValues><Object Database="[AdventureWorksDW2012]" Schema="[sys]" Table="[sysschobjs]" Index="[clst]" Alias="[o]" TableReferenceId="5" IndexKind="Clustered" Storage="RowStore"></Object><SeekPredicates><SeekPredicateNew><SeekKeys><Prefix ScanType="EQ"><RangeColumns><ColumnReference Database="[AdventureWorksDW2012]" Schema="[sys]" Table="[sysschobjs]" Alias="[o]" Column="id"></ColumnReference></RangeColumns><RangeExpressions><ScalarOperator ScalarString="[AdventureWorksDW2012].[sys].[sysexttables].[object_id] as [et].[object_id]"><Identifier><ColumnReference Database="[AdventureWorksDW2012]" Schema="[sys]" Table="[sysexttables]" Alias="[et]" Column="object_id"></ColumnReference></Identifier></ScalarOperator></RangeExpressions></Prefix></SeekKeys></SeekPredicateNew></SeekPredicates><Predicate><ScalarOperator ScalarString="[AdventureWorksDW2012].[sys].[sysschobjs].[nsclass] as [o].[nsclass]=(0) AND [AdventureWorksDW2012].[sys].[sysschobjs].[pclass] as [o].[pclass]=(1)"><Logical Operation="AND"><ScalarOperator><Compare CompareOp="EQ"><ScalarOperator><Identifier><ColumnReference Database="[AdventureWorksDW2012]" Schema="[sys]" Table="[sysschobjs]" Alias="[o]" Column="nsclass"></ColumnReference></Identifier></ScalarOperator><ScalarOperator><Const ConstValue="(0)"></Const></ScalarOperator></Compare></ScalarOperator><ScalarOperator><Compare CompareOp="EQ"><ScalarOperator><Identifier><ColumnReference Database="[AdventureWorksDW2012]" Schema="[sys]" Table="[sysschobjs]" Alias="[o]" Column="pclass"></ColumnReference></Identifier></ScalarOperator><ScalarOperator><Const ConstValue="(1)"></Const></ScalarOperator></Compare></ScalarOperator></Logical></ScalarOperator></Predicate></IndexScan></RelOp><Predicate><ScalarOperator ScalarString="has_access(&apos;CO&apos;,[AdventureWorksDW2012].[sys].[sysschobjs].[id] as [o].[id])=(1)"><Compare CompareOp="EQ"><ScalarOperator><Intrinsic FunctionName="has_access"><ScalarOperator><Const ConstValue="&apos;CO&apos;"></Const></ScalarOperator><ScalarOperator><Identifier><ColumnReference Database="[AdventureWorksDW2012]" Schema="[sys]" Table="[sysschobjs]" Alias="[o]" Column="id"></ColumnReference></Identifier></ScalarOperator><ScalarOperator><Const ConstValue=""></Const></ScalarOperator><ScalarOperator><Const ConstValue=""></Const></ScalarOperator></Intrinsic></ScalarOperator><ScalarOperator><Const ConstValue="(1)"></Const></ScalarOperator></Compare></ScalarOperator></Predicate></Filter></RelOp></NestedLoops></RelOp></Spool></RelOp></NestedLoops></RelOp></ComputeScalar></RelOp><RelOp NodeId="136" PhysicalOp="Filter" LogicalOp="Filter" EstimateRows="1" EstimateIO="0" EstimateCPU="2.8e-007" AvgRowSize="139" EstimatedTotalSubtreeCost="0.00328338" Parallel="0" EstimateRebinds="0" EstimateRewinds="0" EstimatedExecutionMode="Row"><OutputList><ColumnReference Database="[AdventureWorksDW2012]" Schema="[sys]" Table="[sysextsources]" Alias="[seds]" Column="name"></ColumnReference></OutputList><Filter StartupExpression="1"><RelOp NodeId="137" PhysicalOp="Clustered Index Seek" LogicalOp="Clustered Index Seek" EstimateRows="1" EstimatedRowsRead="1" EstimateIO="0.003125" EstimateCPU="0.0001581" AvgRowSize="139" EstimatedTotalSubtreeCost="0.0032831" TableCardinality="0" Parallel="0" EstimateRebinds="0" EstimateRewinds="0" EstimatedExecutionMode="Row"><OutputList><ColumnReference Database="[AdventureWorksDW2012]" Schema="[sys]" Table="[sysextsources]" Alias="[seds]" Column="name"></ColumnReference></OutputList><IndexScan Ordered="1" ScanDirection="FORWARD" ForcedIndex="0" ForceSeek="0" ForceScan="0" NoExpandHint="0" Storage="RowStore"><DefinedValues><DefinedValue><ColumnReference Database="[AdventureWorksDW2012]" Schema="[sys]" Table="[sysextsources]" Alias="[seds]" Column="name"></ColumnReference></DefinedValue></DefinedValues><Object Database="[AdventureWorksDW2012]" Schema="[sys]" Table="[sysextsources]" Index="[clidx1]" Alias="[seds]" IndexKind="Clustered" Storage="RowStore"></Object><SeekPredicates><SeekPredicateNew><SeekKeys><Prefix ScanType="EQ"><RangeColumns><ColumnReference Database="[AdventureWorksDW2012]" Schema="[sys]" Table="[sysextsources]" Alias="[seds]" Column="data_source_id"></ColumnReference></RangeColumns><RangeExpressions><ScalarOperator ScalarString="[AdventureWorksDW2012].[sys].[sysexttables].[data_source_id] as [et].[data_source_id]"><Identifier><ColumnReference Database="[AdventureWorksDW2012]" Schema="[sys]" Table="[sysexttables]" Alias="[et]" Column="data_source_id"></ColumnReference></Identifier></ScalarOperator></RangeExpressions></Prefix></SeekKeys></SeekPredicateNew></SeekPredicates></IndexScan></RelOp><Predicate><ScalarOperator ScalarString="has_access(&apos;ED&apos;,CONVERT_IMPLICIT(int,db_id(),0))=(1)"><Identifier><ColumnReference Column="ConstExpr1764"><ScalarOperator><Compare CompareOp="EQ"><ScalarOperator><Intrinsic FunctionName="has_access"><ScalarOperator><Const ConstValue="&apos;ED&apos;"></Const></ScalarOperator><ScalarOperator><Convert DataType="int" Style="0" Implicit="1"><ScalarOperator><Intrinsic FunctionName="db_id"><ScalarOperator><Const ConstValue=""></Const></ScalarOperator></Intrinsic></ScalarOperator></Convert></ScalarOperator><ScalarOperator><Const ConstValue=""></Const></ScalarOperator><ScalarOperator><Const ConstValue=""></Const></ScalarOperator></Intrinsic></ScalarOperator><ScalarOperator><Const ConstValue="(1)"></Const></ScalarOperator></Compare></ScalarOperator></ColumnReference></Identifier></ScalarOperator></Predicate></Filter></RelOp></NestedLoops></RelOp><RelOp NodeId="138" PhysicalOp="Filter" LogicalOp="Filter" EstimateRows="1" EstimateIO="0" EstimateCPU="2.8e-007" AvgRowSize="139" EstimatedTotalSubtreeCost="0.00328338" Parallel="0" EstimateRebinds="0" EstimateRewinds="0" EstimatedExecutionMode="Row"><OutputList><ColumnReference Database="[AdventureWorksDW2012]" Schema="[sys]" Table="[sysextfileformats]" Alias="[seff]" Column="name"></ColumnReference></OutputList><Filter StartupExpression="1"><RelOp NodeId="139" PhysicalOp="Clustered Index Seek" LogicalOp="Clustered Index Seek" EstimateRows="1" EstimatedRowsRead="1" EstimateIO="0.003125" EstimateCPU="0.0001581" AvgRowSize="139" EstimatedTotalSubtreeCost="0.0032831" TableCardinality="0" Parallel="0" EstimateRebinds="0" EstimateRewinds="0" EstimatedExecutionMode="Row"><OutputList><ColumnReference Database="[AdventureWorksDW2012]" Schema="[sys]" Table="[sysextfileformats]" Alias="[seff]" Column="name"></ColumnReference></OutputList><IndexScan Ordered="1" ScanDirection="FORWARD" ForcedIndex="0" ForceSeek="0" ForceScan="0" NoExpandHint="0" Storage="RowStore"><DefinedValues><DefinedValue><ColumnReference Database="[AdventureWorksDW2012]" Schema="[sys]" Table="[sysextfileformats]" Alias="[seff]" Column="name"></ColumnReference></DefinedValue></DefinedValues><Object Database="[AdventureWorksDW2012]" Schema="[sys]" Table="[sysextfileformats]" Index="[clidx1]" Alias="[seff]" IndexKind="Clustered" Storage="RowStore"></Object><SeekPredicates><SeekPredicateNew><SeekKeys><Prefix ScanType="EQ"><RangeColumns><ColumnReference Database="[AdventureWorksDW2012]" Schema="[sys]" Table="[sysextfileformats]" Alias="[seff]" Column="file_format_id"></ColumnReference></RangeColumns><RangeExpressions><ScalarOperator ScalarString="[AdventureWorksDW2012].[sys].[sysexttables].[file_format_id] as [et].[file_format_id]"><Identifier><ColumnReference Database="[AdventureWorksDW2012]" Schema="[sys]" Table="[sysexttables]" Alias="[et]" Column="file_format_id"></ColumnReference></Identifier></ScalarOperator></RangeExpressions></Prefix></SeekKeys></SeekPredicateNew></SeekPredicates></IndexScan></RelOp><Predicate><ScalarOperator ScalarString="has_access(&apos;EF&apos;,CONVERT_IMPLICIT(int,db_id(),0))=(1)"><Identifier><ColumnReference Column="ConstExpr1765"><ScalarOperator><Compare CompareOp="EQ"><ScalarOperator><Intrinsic FunctionName="has_access"><ScalarOperator><Const ConstValue="&apos;EF&apos;"></Const></ScalarOperator><ScalarOperator><Convert DataType="int" Style="0" Implicit="1"><ScalarOperator><Intrinsic FunctionName="db_id"><ScalarOperator><Const ConstValue=""></Const></ScalarOperator></Intrinsic></ScalarOperator></Convert></ScalarOperator><ScalarOperator><Const ConstValue=""></Const></ScalarOperator><ScalarOperator><Const ConstValue=""></Const></ScalarOperator></Intrinsic></ScalarOperator><ScalarOperator><Const ConstValue="(1)"></Const></ScalarOperator></Compare></ScalarOperator></ColumnReference></Identifier></ScalarOperator></Predicate></Filter></RelOp></NestedLoops></RelOp></ComputeScalar></RelOp><RelOp NodeId="141" PhysicalOp="Filter" LogicalOp="Filter" EstimateRows="1" EstimateIO="0" EstimateCPU="9.8e-007" AvgRowSize="11" EstimatedTotalSubtreeCost="0.00328408" Parallel="0" EstimateRebinds="0" EstimateRewinds="0" EstimatedExecutionMode="Row"><OutputList><ColumnReference Database="[AdventureWorksDW2012]" Schema="[sys]" Table="[sysxprops]" Alias="[p]" Column="id"></ColumnReference></OutputList><Filter StartupExpression="0"><RelOp NodeId="142" PhysicalOp="Clustered Index Seek" LogicalOp="Clustered Index Seek" EstimateRows="1" EstimatedRowsRead="1" EstimateIO="0.003125" EstimateCPU="0.0001581" AvgRowSize="12" EstimatedTotalSubtreeCost="0.0032831" TableCardinality="13" Parallel="0" EstimateRebinds="0" EstimateRewinds="0" EstimatedExecutionMode="Row"><OutputList><ColumnReference Database="[AdventureWorksDW2012]" Schema="[sys]" Table="[sysxprops]" Alias="[p]" Column="class"></ColumnReference><ColumnReference Database="[AdventureWorksDW2012]" Schema="[sys]" Table="[sysxprops]" Alias="[p]" Column="id"></ColumnReference></OutputList><IndexScan Ordered="1" ScanDirection="FORWARD" ForcedIndex="0" ForceSeek="0" ForceScan="0" NoExpandHint="0" Storage="RowStore"><DefinedValues><DefinedValue><ColumnReference Database="[AdventureWorksDW2012]" Schema="[sys]" Table="[sysxprops]" Alias="[p]" Column="class"></ColumnReference></DefinedValue><DefinedValue><ColumnReference Database="[AdventureWorksDW2012]" Schema="[sys]" Table="[sysxprops]" Alias="[p]" Column="id"></ColumnReference></DefinedValue></DefinedValues><Object Database="[AdventureWorksDW2012]" Schema="[sys]" Table="[sysxprops]" Index="[clust]" Alias="[p]" IndexKind="Clustered" Storage="RowStore"></Object><SeekPredicates><SeekPredicateNew><SeekKeys><Prefix ScanType="EQ"><RangeColumns><ColumnReference Database="[AdventureWorksDW2012]" Schema="[sys]" Table="[sysxprops]" Alias="[p]" Column="class"></ColumnReference><ColumnReference Database="[AdventureWorksDW2012]" Schema="[sys]" Table="[sysxprops]" Alias="[p]" Column="id"></ColumnReference><ColumnReference Database="[AdventureWorksDW2012]" Schema="[sys]" Table="[sysxprops]" Alias="[p]" Column="subid"></ColumnReference><ColumnReference Database="[AdventureWorksDW2012]" Schema="[sys]" Table="[sysxprops]" Alias="[p]" Column="name"></ColumnReference></RangeColumns><RangeExpressions><ScalarOperator ScalarString="(1)"><Const ConstValue="(1)"></Const></ScalarOperator><ScalarOperator ScalarString="[AdventureWorksDW2012].[sys].[sysschobjs].[id] as [o].[id]"><Identifier><ColumnReference Database="[AdventureWorksDW2012]" Schema="[sys]" Table="[sysschobjs]" Alias="[o]" Column="id"></ColumnReference></Identifier></ScalarOperator><ScalarOperator ScalarString="(0)"><Const ConstValue="(0)"></Const></ScalarOperator><ScalarOperator ScalarString="N&apos;microsoft_database_tools_support&apos;"><Const ConstValue="N&apos;microsoft_database_tools_support&apos;"></Const></ScalarOperator></RangeExpressions></Prefix></SeekKeys></SeekPredicateNew></SeekPredicates></IndexScan></RelOp><Predicate><ScalarOperator ScalarString="has_access(&apos;EP&apos;,CONVERT_IMPLICIT(int,[AdventureWorksDW2012].[sys].[sysxprops].[class] as [p].[class],0),[AdventureWorksDW2012].[sys].[sysxprops].[id] as [p].[id])=(1)"><Compare CompareOp="EQ"><ScalarOperator><Intrinsic FunctionName="has_access"><ScalarOperator><Const ConstValue="&apos;EP&apos;"></Const></ScalarOperator><ScalarOperator><Convert DataType="int" Style="0" Implicit="1"><ScalarOperator><Identifier><ColumnReference Database="[AdventureWorksDW2012]" Schema="[sys]" Table="[sysxprops]" Alias="[p]" Column="class"></ColumnReference></Identifier></ScalarOperator></Convert></ScalarOperator><ScalarOperator><Identifier><ColumnReference Database="[AdventureWorksDW2012]" Schema="[sys]" Table="[sysxprops]" Alias="[p]" Column="id"></ColumnReference></Identifier></ScalarOperator><ScalarOperator><Const ConstValue=""></Const></ScalarOperator></Intrinsic></ScalarOperator><ScalarOperator><Const ConstValue="(1)"></Const></ScalarOperator></Compare></ScalarOperator></Predicate></Filter></RelOp></NestedLoops></RelOp><RelOp NodeId="143" PhysicalOp="Compute Scalar" LogicalOp="Compute Scalar" EstimateRows="1" EstimateIO="0" EstimateCPU="1e-007" AvgRowSize="11" EstimatedTotalSubtreeCost="0.00658649" Parallel="0" EstimateRebinds="0" EstimateRewinds="0" EstimatedExecutionMode="Row"><OutputList><ColumnReference Column="Expr1419"></ColumnReference></OutputList><ComputeScalar><DefinedValues><DefinedValue><ColumnReference Column="Expr1419"></ColumnReference><ScalarOperator ScalarString="(1)"><Const ConstValue="(1)"></Const></ScalarOperator></DefinedValue></DefinedValues><RelOp NodeId="144" PhysicalOp="Top" LogicalOp="Top" EstimateRows="1" EstimateIO="0" EstimateCPU="1e-007" AvgRowSize="9" EstimatedTotalSubtreeCost="0.00658639" Parallel="0" EstimateRebinds="0" EstimateRewinds="0" EstimatedExecutionMode="Row"><OutputList></OutputList><Top RowCount="0" IsPercent="0" WithTies="0"><TopExpression><ScalarOperator ScalarString="(1)"><Const ConstValue="(1)"></Const></ScalarOperator></TopExpression><RelOp NodeId="145" PhysicalOp="Nested Loops" LogicalOp="Inner Join" EstimateRows="1" EstimateIO="0" EstimateCPU="8.85099e-006" AvgRowSize="9" EstimatedTotalSubtreeCost="0.00658629" Parallel="0" EstimateRebinds="0" EstimateRewinds="0" EstimatedExecutionMode="Row"><OutputList></OutputList><NestedLoops Optimized="0"><RelOp NodeId="146" PhysicalOp="Clustered Index Seek" LogicalOp="Clustered Index Seek" EstimateRows="1" EstimatedRowsRead="1" EstimateIO="0.003125" EstimateCPU="0.0001581" AvgRowSize="9" EstimatedTotalSubtreeCost="0.0032831" TableCardinality="2509" Parallel="0" EstimateRebinds="0" EstimateRewinds="0" EstimatedExecutionMode="Row"><OutputList></OutputList><IndexScan Ordered="1" ScanDirection="FORWARD" ForcedIndex="0" ForceSeek="0" ForceScan="0" NoExpandHint="0" Storage="RowStore"><DefinedValues></DefinedValues><Object Database="[AdventureWorksDW2012]" Schema="[sys]" Table="[sysschobjs]" Index="[clst]" Alias="[obj]" TableReferenceId="3" IndexKind="Clustered" Storage="RowStore"></Object><SeekPredicates><SeekPredicateNew><SeekKeys><Prefix ScanType="EQ"><RangeColumns><ColumnReference Database="[AdventureWorksDW2012]" Schema="[sys]" Table="[sysschobjs]" Alias="[obj]" Column="id"></ColumnReference></RangeColumns><RangeExpressions><ScalarOperator ScalarString="[AdventureWorksDW2012].[sys].[sysschobjs].[id] as [o].[id]"><Identifier><ColumnReference Database="[AdventureWorksDW2012]" Schema="[sys]" Table="[sysschobjs]" Alias="[o]" Column="id"></ColumnReference></Identifier></ScalarOperator></RangeExpressions></Prefix></SeekKeys></SeekPredicateNew></SeekPredicates></IndexScan></RelOp><RelOp NodeId="148" PhysicalOp="Filter" LogicalOp="Filter" EstimateRows="1" EstimateIO="0" EstimateCPU="2.94424e-005" AvgRowSize="9" EstimatedTotalSubtreeCost="0.00329891" Parallel="0" EstimateRebinds="0" EstimateRewinds="0" EstimatedExecutionMode="Row"><OutputList></OutputList><Filter StartupExpression="0"><RelOp NodeId="149" PhysicalOp="Clustered Index Seek" LogicalOp="Clustered Index Seek" EstimateRows="1" EstimatedRowsRead="9.88" EstimateIO="0.003125" EstimateCPU="0.000167868" AvgRowSize="16" EstimatedTotalSubtreeCost="0.00328656" TableCardinality="494" Parallel="0" EstimateRebinds="0" EstimateRewinds="0" EstimatedExecutionMode="Row"><OutputList><ColumnReference Database="[AdventureWorksDW2012]" Schema="[sys]" Table="[sysidxstats]" Alias="[i]" Column="id"></ColumnReference></OutputList><IndexScan Ordered="1" ScanDirection="FORWARD" ForcedIndex="0" ForceSeek="0" ForceScan="0" NoExpandHint="0" Storage="RowStore"><DefinedValues><DefinedValue><ColumnReference Database="[AdventureWorksDW2012]" Schema="[sys]" Table="[sysidxstats]" Alias="[i]" Column="id"></ColumnReference></DefinedValue></DefinedValues><Object Database="[AdventureWorksDW2012]" Schema="[sys]" Table="[sysidxstats]" Index="[clst]" Alias="[i]" TableReferenceId="3" IndexKind="Clustered" Storage="RowStore"></Object><SeekPredicates><SeekPredicateNew><SeekKeys><Prefix ScanType="EQ"><RangeColumns><ColumnReference Database="[AdventureWorksDW2012]" Schema="[sys]" Table="[sysidxstats]" Alias="[i]" Column="id"></ColumnReference></RangeColumns><RangeExpressions><ScalarOperator ScalarString="[AdventureWorksDW2012].[sys].[sysschobjs].[id] as [o].[id]"><Identifier><ColumnReference Database="[AdventureWorksDW2012]" Schema="[sys]" Table="[sysschobjs]" Alias="[o]" Column="id"></ColumnReference></Identifier></ScalarOperator></RangeExpressions></Prefix></SeekKeys></SeekPredicateNew></SeekPredicates><Predicate><ScalarOperator ScalarString="[AdventureWorksDW2012].[sys].[sysidxstats].[type] as [i].[type]&gt;(1) AND CONVERT(bit,[AdventureWorksDW2012].[sys].[sysidxstats].[status] as [i].[status]&amp;(256),0)=(0) AND (([AdventureWorksDW2012].[sys].[sysidxstats].[status] as [i].[status]&amp;(1))&lt;(0) OR ([AdventureWorksDW2012].[sys].[sysidxstats].[status] as [i].[status]&amp;(1))&gt;(0))"><Logical Operation="AND"><ScalarOperator><Compare CompareOp="GT"><ScalarOperator><Identifier><ColumnReference Database="[AdventureWorksDW2012]" Schema="[sys]" Table="[sysidxstats]" Alias="[i]" Column="type"></ColumnReference></Identifier></ScalarOperator><ScalarOperator><Const ConstValue="(1)"></Const></ScalarOperator></Compare></ScalarOperator><ScalarOperator><Compare CompareOp="EQ"><ScalarOperator><Convert DataType="bit" Style="0" Implicit="0"><ScalarOperator><Arithmetic Operation="BIT_AND"><ScalarOperator><Identifier><ColumnReference Database="[AdventureWorksDW2012]" Schema="[sys]" Table="[sysidxstats]" Alias="[i]" Column="status"></ColumnReference></Identifier></ScalarOperator><ScalarOperator><Const ConstValue="(256)"></Const></ScalarOperator></Arithmetic></ScalarOperator></Convert></ScalarOperator><ScalarOperator><Const ConstValue="(0)"></Const></ScalarOperator></Compare></ScalarOperator><ScalarOperator><Logical Operation="OR"><ScalarOperator><Compare CompareOp="LT"><ScalarOperator><Arithmetic Operation="BIT_AND"><ScalarOperator><Identifier><ColumnReference Database="[AdventureWorksDW2012]" Schema="[sys]" Table="[sysidxstats]" Alias="[i]" Column="status"></ColumnReference></Identifier></ScalarOperator><ScalarOperator><Const ConstValue="(1)"></Const></ScalarOperator></Arithmetic></ScalarOperator><ScalarOperator><Const ConstValue="(0)"></Const></ScalarOperator></Compare></ScalarOperator><ScalarOperator><Compare CompareOp="GT"><ScalarOperator><Arithmetic Operation="BIT_AND"><ScalarOperator><Identifier><ColumnReference Database="[AdventureWorksDW2012]" Schema="[sys]" Table="[sysidxstats]" Alias="[i]" Column="status"></ColumnReference></Identifier></ScalarOperator><ScalarOperator><Const ConstValue="(1)"></Const></ScalarOperator></Arithmetic></ScalarOperator><ScalarOperator><Const ConstValue="(0)"></Const></ScalarOperator></Compare></ScalarOperator></Logical></ScalarOperator></Logical></ScalarOperator></Predicate></IndexScan></RelOp><Predicate><ScalarOperator ScalarString="has_access(&apos;CO&apos;,[AdventureWorksDW2012].[sys].[sysidxstats].[id] as [i].[id])=(1)"><Compare CompareOp="EQ"><ScalarOperator><Intrinsic FunctionName="has_access"><ScalarOperator><Const ConstValue="&apos;CO&apos;"></Const></ScalarOperator><ScalarOperator><Identifier><ColumnReference Database="[AdventureWorksDW2012]" Schema="[sys]" Table="[sysidxstats]" Alias="[i]" Column="id"></ColumnReference></Identifier></ScalarOperator><ScalarOperator><Const ConstValue=""></Const></ScalarOperator><ScalarOperator><Const ConstValue=""></Const></ScalarOperator></Intrinsic></ScalarOperator><ScalarOperator><Const ConstValue="(1)"></Const></ScalarOperator></Compare></ScalarOperator></Predicate></Filter></RelOp></NestedLoops></RelOp></Top></RelOp></ComputeScalar></RelOp></NestedLoops></RelOp><RelOp NodeId="150" PhysicalOp="Compute Scalar" LogicalOp="Compute Scalar" EstimateRows="1" EstimateIO="0" EstimateCPU="1e-007" AvgRowSize="11" EstimatedTotalSubtreeCost="0.00660451" Parallel="0" EstimateRebinds="0" EstimateRewinds="0" EstimatedExecutionMode="Row"><OutputList><ColumnReference Column="Expr1440"></ColumnReference></OutputList><ComputeScalar><DefinedValues><DefinedValue><ColumnReference Column="Expr1440"></ColumnReference><ScalarOperator ScalarString="(1)"><Const ConstValue="(1)"></Const></ScalarOperator></DefinedValue></DefinedValues><RelOp NodeId="151" PhysicalOp="Top" LogicalOp="Top" EstimateRows="1" EstimateIO="0" EstimateCPU="1e-007" AvgRowSize="9" EstimatedTotalSubtreeCost="0.00660441" Parallel="0" EstimateRebinds="0" EstimateRewinds="0" EstimatedExecutionMode="Row"><OutputList></OutputList><Top RowCount="0" IsPercent="0" WithTies="0"><TopExpression><ScalarOperator ScalarString="(1)"><Const ConstValue="(1)"></Const></ScalarOperator></TopExpression><RelOp NodeId="152" PhysicalOp="Nested Loops" LogicalOp="Inner Join" EstimateRows="1" EstimateIO="0" EstimateCPU="4.38778e-006" AvgRowSize="9" EstimatedTotalSubtreeCost="0.00660431" Parallel="0" EstimateRebinds="0" EstimateRewinds="0" EstimatedExecutionMode="Row"><OutputList></OutputList><NestedLoops Optimized="0"><RelOp NodeId="153" PhysicalOp="Clustered Index Seek" LogicalOp="Clustered Index Seek" EstimateRows="1" EstimatedRowsRead="1" EstimateIO="0.003125" EstimateCPU="0.0001581" AvgRowSize="9" EstimatedTotalSubtreeCost="0.0032831" TableCardinality="2509" Parallel="0" EstimateRebinds="0" EstimateRewinds="0" EstimatedExecutionMode="Row"><OutputList></OutputList><IndexScan Ordered="1" ScanDirection="FORWARD" ForcedIndex="0" ForceSeek="0" ForceScan="0" NoExpandHint="0" Storage="RowStore"><DefinedValues></DefinedValues><Object Database="[AdventureWorksDW2012]" Schema="[sys]" Table="[sysschobjs]" Index="[clst]" Alias="[obj]" TableReferenceId="4" IndexKind="Clustered" Storage="RowStore"></Object><SeekPredicates><SeekPredicateNew><SeekKeys><Prefix ScanType="EQ"><RangeColumns><ColumnReference Database="[AdventureWorksDW2012]" Schema="[sys]" Table="[sysschobjs]" Alias="[obj]" Column="id"></ColumnReference></RangeColumns><RangeExpressions><ScalarOperator ScalarString="[AdventureWorksDW2012].[sys].[sysschobjs].[id] as [o].[id]"><Identifier><ColumnReference Database="[AdventureWorksDW2012]" Schema="[sys]" Table="[sysschobjs]" Alias="[o]" Column="id"></ColumnReference></Identifier></ScalarOperator></RangeExpressions></Prefix></SeekKeys></SeekPredicateNew></SeekPredicates></IndexScan></RelOp><RelOp NodeId="155" PhysicalOp="Filter" LogicalOp="Filter" EstimateRows="1" EstimateIO="0" EstimateCPU="2.94424e-005" AvgRowSize="9" EstimatedTotalSubtreeCost="0.00331693" Parallel="0" EstimateRebinds="0" EstimateRewinds="0" EstimatedExecutionMode="Row"><OutputList></OutputList><Filter StartupExpression="0"><RelOp NodeId="156" PhysicalOp="Clustered Index Seek" LogicalOp="Clustered Index Seek" EstimateRows="1" EstimatedRowsRead="9.88" EstimateIO="0.003125" EstimateCPU="0.000167868" AvgRowSize="16" EstimatedTotalSubtreeCost="0.00329142" TableCardinality="494" Parallel="0" EstimateRebinds="0" EstimateRewinds="0" EstimatedExecutionMode="Row"><OutputList><ColumnReference Database="[AdventureWorksDW2012]" Schema="[sys]" Table="[sysidxstats]" Alias="[i]" Column="id"></ColumnReference></OutputList><IndexScan Ordered="1" ScanDirection="FORWARD" ForcedIndex="0" ForceSeek="0" ForceScan="0" NoExpandHint="0" Storage="RowStore"><DefinedValues><DefinedValue><ColumnReference Database="[AdventureWorksDW2012]" Schema="[sys]" Table="[sysidxstats]" Alias="[i]" Column="id"></ColumnReference></DefinedValue></DefinedValues><Object Database="[AdventureWorksDW2012]" Schema="[sys]" Table="[sysidxstats]" Index="[clst]" Alias="[i]" TableReferenceId="4" IndexKind="Clustered" Storage="RowStore"></Object><SeekPredicates><SeekPredicateNew><SeekKeys><Prefix ScanType="EQ"><RangeColumns><ColumnReference Database="[AdventureWorksDW2012]" Schema="[sys]" Table="[sysidxstats]" Alias="[i]" Column="id"></ColumnReference></RangeColumns><RangeExpressions><ScalarOperator ScalarString="[AdventureWorksDW2012].[sys].[sysschobjs].[id] as [o].[id]"><Identifier><ColumnReference Database="[AdventureWorksDW2012]" Schema="[sys]" Table="[sysschobjs]" Alias="[o]" Column="id"></ColumnReference></Identifier></ScalarOperator></RangeExpressions></Prefix></SeekKeys></SeekPredicateNew></SeekPredicates><Predicate><ScalarOperator ScalarString="[AdventureWorksDW2012].[sys].[sysidxstats].[type] as [i].[type]=(6) AND CONVERT(bit,[AdventureWorksDW2012].[sys].[sysidxstats].[status] as [i].[status]&amp;(256),0)=(0) AND (([AdventureWorksDW2012].[sys].[sysidxstats].[status] as [i].[status]&amp;(1))&lt;(0) OR ([AdventureWorksDW2012].[sys].[sysidxstats].[status] as [i].[status]&amp;(1))&gt;(0))"><Logical Operation="AND"><ScalarOperator><Compare CompareOp="EQ"><ScalarOperator><Identifier><ColumnReference Database="[AdventureWorksDW2012]" Schema="[sys]" Table="[sysidxstats]" Alias="[i]" Column="type"></ColumnReference></Identifier></ScalarOperator><ScalarOperator><Const ConstValue="(6)"></Const></ScalarOperator></Compare></ScalarOperator><ScalarOperator><Compare CompareOp="EQ"><ScalarOperator><Convert DataType="bit" Style="0" Implicit="0"><ScalarOperator><Arithmetic Operation="BIT_AND"><ScalarOperator><Identifier><ColumnReference Database="[AdventureWorksDW2012]" Schema="[sys]" Table="[sysidxstats]" Alias="[i]" Column="status"></ColumnReference></Identifier></ScalarOperator><ScalarOperator><Const ConstValue="(256)"></Const></ScalarOperator></Arithmetic></ScalarOperator></Convert></ScalarOperator><ScalarOperator><Const ConstValue="(0)"></Const></ScalarOperator></Compare></ScalarOperator><ScalarOperator><Logical Operation="OR"><ScalarOperator><Compare CompareOp="LT"><ScalarOperator><Arithmetic Operation="BIT_AND"><ScalarOperator><Identifier><ColumnReference Database="[AdventureWorksDW2012]" Schema="[sys]" Table="[sysidxstats]" Alias="[i]" Column="status"></ColumnReference></Identifier></ScalarOperator><ScalarOperator><Const ConstValue="(1)"></Const></ScalarOperator></Arithmetic></ScalarOperator><ScalarOperator><Const ConstValue="(0)"></Const></ScalarOperator></Compare></ScalarOperator><ScalarOperator><Compare CompareOp="GT"><ScalarOperator><Arithmetic Operation="BIT_AND"><ScalarOperator><Identifier><ColumnReference Database="[AdventureWorksDW2012]" Schema="[sys]" Table="[sysidxstats]" Alias="[i]" Column="status"></ColumnReference></Identifier></ScalarOperator><ScalarOperator><Const ConstValue="(1)"></Const></ScalarOperator></Arithmetic></ScalarOperator><ScalarOperator><Const ConstValue="(0)"></Const></ScalarOperator></Compare></ScalarOperator></Logical></ScalarOperator></Logical></ScalarOperator></Predicate></IndexScan></RelOp><Predicate><ScalarOperator ScalarString="has_access(&apos;CO&apos;,[AdventureWorksDW2012].[sys].[sysidxstats].[id] as [i].[id])=(1)"><Compare CompareOp="EQ"><ScalarOperator><Intrinsic FunctionName="has_access"><ScalarOperator><Const ConstValue="&apos;CO&apos;"></Const></ScalarOperator><ScalarOperator><Identifier><ColumnReference Database="[AdventureWorksDW2012]" Schema="[sys]" Table="[sysidxstats]" Alias="[i]" Column="id"></ColumnReference></Identifier></ScalarOperator><ScalarOperator><Const ConstValue=""></Const></ScalarOperator><ScalarOperator><Const ConstValue=""></Const></ScalarOperator></Intrinsic></ScalarOperator><ScalarOperator><Const ConstValue="(1)"></Const></ScalarOperator></Compare></ScalarOperator></Predicate></Filter></RelOp></NestedLoops></RelOp></Top></RelOp></ComputeScalar></RelOp></NestedLoops></RelOp><RelOp NodeId="157" PhysicalOp="Compute Scalar" LogicalOp="Compute Scalar" EstimateRows="1" EstimateIO="0" EstimateCPU="1e-007" AvgRowSize="11" EstimatedTotalSubtreeCost="0.00660451" Parallel="0" EstimateRebinds="0" EstimateRewinds="0" EstimatedExecutionMode="Row"><OutputList><ColumnReference Column="Expr1460"></ColumnReference></OutputList><ComputeScalar><DefinedValues><DefinedValue><ColumnReference Column="Expr1460"></ColumnReference><ScalarOperator ScalarString="(1)"><Const ConstValue="(1)"></Const></ScalarOperator></DefinedValue></DefinedValues><RelOp NodeId="158" PhysicalOp="Top" LogicalOp="Top" EstimateRows="1" EstimateIO="0" EstimateCPU="1e-007" AvgRowSize="9" EstimatedTotalSubtreeCost="0.00660441" Parallel="0" EstimateRebinds="0" EstimateRewinds="0" EstimatedExecutionMode="Row"><OutputList></OutputList><Top RowCount="0" IsPercent="0" WithTies="0"><TopExpression><ScalarOperator ScalarString="(1)"><Const ConstValue="(1)"></Const></ScalarOperator></TopExpression><RelOp NodeId="159" PhysicalOp="Nested Loops" LogicalOp="Inner Join" EstimateRows="1" EstimateIO="0" EstimateCPU="4.38778e-006" AvgRowSize="9" EstimatedTotalSubtreeCost="0.00660431" Parallel="0" EstimateRebinds="0" EstimateRewinds="0" EstimatedExecutionMode="Row"><OutputList></OutputList><NestedLoops Optimized="0"><RelOp NodeId="160" PhysicalOp="Clustered Index Seek" LogicalOp="Clustered Index Seek" EstimateRows="1" EstimatedRowsRead="1" EstimateIO="0.003125" EstimateCPU="0.0001581" AvgRowSize="9" EstimatedTotalSubtreeCost="0.0032831" TableCardinality="2509" Parallel="0" EstimateRebinds="0" EstimateRewinds="0" EstimatedExecutionMode="Row"><OutputList></OutputList><IndexScan Ordered="1" ScanDirection="FORWARD" ForcedIndex="0" ForceSeek="0" ForceScan="0" NoExpandHint="0" Storage="RowStore"><DefinedValues></DefinedValues><Object Database="[AdventureWorksDW2012]" Schema="[sys]" Table="[sysschobjs]" Index="[clst]" Alias="[obj]" TableReferenceId="5" IndexKind="Clustered" Storage="RowStore"></Object><SeekPredicates><SeekPredicateNew><SeekKeys><Prefix ScanType="EQ"><RangeColumns><ColumnReference Database="[AdventureWorksDW2012]" Schema="[sys]" Table="[sysschobjs]" Alias="[obj]" Column="id"></ColumnReference></RangeColumns><RangeExpressions><ScalarOperator ScalarString="[AdventureWorksDW2012].[sys].[sysschobjs].[id] as [o].[id]"><Identifier><ColumnReference Database="[AdventureWorksDW2012]" Schema="[sys]" Table="[sysschobjs]" Alias="[o]" Column="id"></ColumnReference></Identifier></ScalarOperator></RangeExpressions></Prefix></SeekKeys></SeekPredicateNew></SeekPredicates></IndexScan></RelOp><RelOp NodeId="162" PhysicalOp="Filter" LogicalOp="Filter" EstimateRows="1" EstimateIO="0" EstimateCPU="2.94424e-005" AvgRowSize="9" EstimatedTotalSubtreeCost="0.00331693" Parallel="0" EstimateRebinds="0" EstimateRewinds="0" EstimatedExecutionMode="Row"><OutputList></OutputList><Filter StartupExpression="0"><RelOp NodeId="163" PhysicalOp="Clustered Index Seek" LogicalOp="Clustered Index Seek" EstimateRows="1" EstimatedRowsRead="9.88" EstimateIO="0.003125" EstimateCPU="0.000167868" AvgRowSize="16" EstimatedTotalSubtreeCost="0.00329142" TableCardinality="494" Parallel="0" EstimateRebinds="0" EstimateRewinds="0" EstimatedExecutionMode="Row"><OutputList><ColumnReference Database="[AdventureWorksDW2012]" Schema="[sys]" Table="[sysidxstats]" Alias="[i]" Column="id"></ColumnReference></OutputList><IndexScan Ordered="1" ScanDirection="FORWARD" ForcedIndex="0" ForceSeek="0" ForceScan="0" NoExpandHint="0" Storage="RowStore"><DefinedValues><DefinedValue><ColumnReference Database="[AdventureWorksDW2012]" Schema="[sys]" Table="[sysidxstats]" Alias="[i]" Column="id"></ColumnReference></DefinedValue></DefinedValues><Object Database="[AdventureWorksDW2012]" Schema="[sys]" Table="[sysidxstats]" Index="[clst]" Alias="[i]" TableReferenceId="5" IndexKind="Clustered" Storage="RowStore"></Object><SeekPredicates><SeekPredicateNew><SeekKeys><Prefix ScanType="EQ"><RangeColumns><ColumnReference Database="[AdventureWorksDW2012]" Schema="[sys]" Table="[sysidxstats]" Alias="[i]" Column="id"></ColumnReference></RangeColumns><RangeExpressions><ScalarOperator ScalarString="[AdventureWorksDW2012].[sys].[sysschobjs].[id] as [o].[id]"><Identifier><ColumnReference Database="[AdventureWorksDW2012]" Schema="[sys]" Table="[sysschobjs]" Alias="[o]" Column="id"></ColumnReference></Identifier></ScalarOperator></RangeExpressions></Prefix></SeekKeys></SeekPredicateNew></SeekPredicates><Predicate><ScalarOperator ScalarString="[AdventureWorksDW2012].[sys].[sysidxstats].[type] as [i].[type]=(3) AND CONVERT(bit,[AdventureWorksDW2012].[sys].[sysidxstats].[status] as [i].[status]&amp;(256),0)=(0) AND (([AdventureWorksDW2012].[sys].[sysidxstats].[status] as [i].[status]&amp;(1))&lt;(0) OR ([AdventureWorksDW2012].[sys].[sysidxstats].[status] as [i].[status]&amp;(1))&gt;(0))"><Logical Operation="AND"><ScalarOperator><Compare CompareOp="EQ"><ScalarOperator><Identifier><ColumnReference Database="[AdventureWorksDW2012]" Schema="[sys]" Table="[sysidxstats]" Alias="[i]" Column="type"></ColumnReference></Identifier></ScalarOperator><ScalarOperator><Const ConstValue="(3)"></Const></ScalarOperator></Compare></ScalarOperator><ScalarOperator><Compare CompareOp="EQ"><ScalarOperator><Convert DataType="bit" Style="0" Implicit="0"><ScalarOperator><Arithmetic Operation="BIT_AND"><ScalarOperator><Identifier><ColumnReference Database="[AdventureWorksDW2012]" Schema="[sys]" Table="[sysidxstats]" Alias="[i]" Column="status"></ColumnReference></Identifier></ScalarOperator><ScalarOperator><Const ConstValue="(256)"></Const></ScalarOperator></Arithmetic></ScalarOperator></Convert></ScalarOperator><ScalarOperator><Const ConstValue="(0)"></Const></ScalarOperator></Compare></ScalarOperator><ScalarOperator><Logical Operation="OR"><ScalarOperator><Compare CompareOp="LT"><ScalarOperator><Arithmetic Operation="BIT_AND"><ScalarOperator><Identifier><ColumnReference Database="[AdventureWorksDW2012]" Schema="[sys]" Table="[sysidxstats]" Alias="[i]" Column="status"></ColumnReference></Identifier></ScalarOperator><ScalarOperator><Const ConstValue="(1)"></Const></ScalarOperator></Arithmetic></ScalarOperator><ScalarOperator><Const ConstValue="(0)"></Const></ScalarOperator></Compare></ScalarOperator><ScalarOperator><Compare CompareOp="GT"><ScalarOperator><Arithmetic Operation="BIT_AND"><ScalarOperator><Identifier><ColumnReference Database="[AdventureWorksDW2012]" Schema="[sys]" Table="[sysidxstats]" Alias="[i]" Column="status"></ColumnReference></Identifier></ScalarOperator><ScalarOperator><Const ConstValue="(1)"></Const></ScalarOperator></Arithmetic></ScalarOperator><ScalarOperator><Const ConstValue="(0)"></Const></ScalarOperator></Compare></ScalarOperator></Logical></ScalarOperator></Logical></ScalarOperator></Predicate></IndexScan></RelOp><Predicate><ScalarOperator ScalarString="has_access(&apos;CO&apos;,[AdventureWorksDW2012].[sys].[sysidxstats].[id] as [i].[id])=(1)"><Compare CompareOp="EQ"><ScalarOperator><Intrinsic FunctionName="has_access"><ScalarOperator><Const ConstValue="&apos;CO&apos;"></Const></ScalarOperator><ScalarOperator><Identifier><ColumnReference Database="[AdventureWorksDW2012]" Schema="[sys]" Table="[sysidxstats]" Alias="[i]" Column="id"></ColumnReference></Identifier></ScalarOperator><ScalarOperator><Const ConstValue=""></Const></ScalarOperator><ScalarOperator><Const ConstValue=""></Const></ScalarOperator></Intrinsic></ScalarOperator><ScalarOperator><Const ConstValue="(1)"></Const></ScalarOperator></Compare></ScalarOperator></Predicate></Filter></RelOp></NestedLoops></RelOp></Top></RelOp></ComputeScalar></RelOp></NestedLoops></RelOp><RelOp NodeId="164" PhysicalOp="Compute Scalar" LogicalOp="Compute Scalar" EstimateRows="1" EstimateIO="0" EstimateCPU="1e-007" AvgRowSize="11" EstimatedTotalSubtreeCost="0.0142088" Parallel="0" EstimateRebinds="0" EstimateRewinds="0" EstimatedExecutionMode="Row"><OutputList><ColumnReference Column="Expr1564"></ColumnReference></OutputList><ComputeScalar><DefinedValues><DefinedValue><ColumnReference Column="Expr1564"></ColumnReference><ScalarOperator ScalarString="(1)"><Const ConstValue="(1)"></Const></ScalarOperator></DefinedValue></DefinedValues><RelOp NodeId="165" PhysicalOp="Top" LogicalOp="Top" EstimateRows="1" EstimateIO="0" EstimateCPU="1e-007" AvgRowSize="9" EstimatedTotalSubtreeCost="0.0142087" Parallel="0" EstimateRebinds="0" EstimateRewinds="0" EstimatedExecutionMode="Row"><OutputList></OutputList><Top RowCount="0" IsPercent="0" WithTies="0"><TopExpression><ScalarOperator ScalarString="(1)"><Const ConstValue="(1)"></Const></ScalarOperator></TopExpression><RelOp NodeId="166" PhysicalOp="Nested Loops" LogicalOp="Inner Join" EstimateRows="1" EstimateIO="0" EstimateCPU="1.43393e-005" AvgRowSize="9" EstimatedTotalSubtreeCost="0.0142086" Parallel="0" EstimateRebinds="0" EstimateRewinds="0" EstimatedExecutionMode="Row"><OutputList></OutputList><NestedLoops Optimized="0"><OuterReferences><ColumnReference Database="[AdventureWorksDW2012]" Schema="[sys]" Table="[sysscalartypes]" Alias="[t]" Column="id"></ColumnReference></OuterReferences><RelOp NodeId="167" PhysicalOp="Filter" LogicalOp="Filter" EstimateRows="1" EstimateIO="0" EstimateCPU="1.28e-006" AvgRowSize="11" EstimatedTotalSubtreeCost="0.00328438" Parallel="0" EstimateRebinds="0" EstimateRewinds="0" EstimatedExecutionMode="Row"><OutputList><ColumnReference Database="[AdventureWorksDW2012]" Schema="[sys]" Table="[sysscalartypes]" Alias="[t]" Column="id"></ColumnReference></OutputList><Filter StartupExpression="0"><RelOp NodeId="168" PhysicalOp="Index Seek" LogicalOp="Index Seek" EstimateRows="1" EstimatedRowsRead="1" EstimateIO="0.003125" EstimateCPU="0.0001581" AvgRowSize="11" EstimatedTotalSubtreeCost="0.0032831" TableCardinality="34" Parallel="0" EstimateRebinds="0" EstimateRewinds="0" EstimatedExecutionMode="Row"><OutputList><ColumnReference Database="[AdventureWorksDW2012]" Schema="[sys]" Table="[sysscalartypes]" Alias="[t]" Column="id"></ColumnReference></OutputList><IndexScan Ordered="1" ScanDirection="FORWARD" ForcedIndex="0" ForceSeek="0" ForceScan="0" NoExpandHint="0" Storage="RowStore"><DefinedValues><DefinedValue><ColumnReference Database="[AdventureWorksDW2012]" Schema="[sys]" Table="[sysscalartypes]" Alias="[t]" Column="id"></ColumnReference></DefinedValue></DefinedValues><Object Database="[AdventureWorksDW2012]" Schema="[sys]" Table="[sysscalartypes]" Index="[nc2]" Alias="[t]" TableReferenceId="1" IndexKind="NonClustered" Storage="RowStore"></Object><SeekPredicates><SeekPredicateNew><SeekKeys><Prefix ScanType="EQ"><RangeColumns><ColumnReference Database="[AdventureWorksDW2012]" Schema="[sys]" Table="[sysscalartypes]" Alias="[t]" Column="name"></ColumnReference></RangeColumns><RangeExpressions><ScalarOperator ScalarString="N&apos;xml&apos;"><Const ConstValue="N&apos;xml&apos;"></Const></ScalarOperator></RangeExpressions></Prefix></SeekKeys></SeekPredicateNew></SeekPredicates></IndexScan></RelOp><Predicate><ScalarOperator ScalarString="[AdventureWorksDW2012].[sys].[sysscalartypes].[id] as [t].[id]&lt;=(256) OR has_access(&apos;UT&apos;,[AdventureWorksDW2012].[sys].[sysscalartypes].[id] as [t].[id])=(1)"><Logical Operation="OR"><ScalarOperator><Compare CompareOp="LE"><ScalarOperator><Identifier><ColumnReference Database="[AdventureWorksDW2012]" Schema="[sys]" Table="[sysscalartypes]" Alias="[t]" Column="id"></ColumnReference></Identifier></ScalarOperator><ScalarOperator><Const ConstValue="(256)"></Const></ScalarOperator></Compare></ScalarOperator><ScalarOperator><Compare CompareOp="EQ"><ScalarOperator><Intrinsic FunctionName="has_access"><ScalarOperator><Const ConstValue="&apos;UT&apos;"></Const></ScalarOperator><ScalarOperator><Identifier><ColumnReference Database="[AdventureWorksDW2012]" Schema="[sys]" Table="[sysscalartypes]" Alias="[t]" Column="id"></ColumnReference></Identifier></ScalarOperator><ScalarOperator><Const ConstValue=""></Const></ScalarOperator><ScalarOperator><Const ConstValue=""></Const></ScalarOperator></Intrinsic></ScalarOperator><ScalarOperator><Const ConstValue="(1)"></Const></ScalarOperator></Compare></ScalarOperator></Logical></ScalarOperator></Predicate></Filter></RelOp><RelOp NodeId="169" PhysicalOp="Concatenation" LogicalOp="Concatenation" EstimateRows="3.43045" EstimateIO="0" EstimateCPU="3.43045e-007" AvgRowSize="9" EstimatedTotalSubtreeCost="0.0109098" Parallel="0" EstimateRebinds="0" EstimateRewinds="0" EstimatedExecutionMode="Row"><OutputList></OutputList><Concat><DefinedValues></DefinedValues><RelOp NodeId="170" PhysicalOp="Nested Loops" LogicalOp="Left Outer Join" EstimateRows="2.43045" EstimateIO="0" EstimateCPU="5.33599e-005" AvgRowSize="9" EstimatedTotalSubtreeCost="0.0076067" Parallel="0" EstimateRebinds="0" EstimateRewinds="0" EstimatedExecutionMode="Row"><OutputList></OutputList><NestedLoops Optimized="0"><Predicate><ScalarOperator ScalarString="[AdventureWorksDW2012].[sys].[sysobjvalues].[subobjid] as [sov3].[subobjid]=[AdventureWorksDW2012].[sys].[syscolpars].[colid] as [c].[colid]"><Compare CompareOp="EQ"><ScalarOperator><Identifier><ColumnReference Database="[AdventureWorksDW2012]" Schema="[sys]" Table="[sysobjvalues]" Alias="[sov3]" Column="subobjid"></ColumnReference></Identifier></ScalarOperator><ScalarOperator><Identifier><ColumnReference Database="[AdventureWorksDW2012]" Schema="[sys]" Table="[syscolpars]" Alias="[c]" Column="colid"></ColumnReference></Identifier></ScalarOperator></Compare></ScalarOperator></Predicate><RelOp NodeId="171" PhysicalOp="Filter" LogicalOp="Filter" EstimateRows="2.31206" EstimateIO="0" EstimateCPU="1.33005e-005" AvgRowSize="11" EstimatedTotalSubtreeCost="0.00330673" Parallel="0" EstimateRebinds="0" EstimateRewinds="0" EstimatedExecutionMode="Row"><OutputList><ColumnReference Database="[AdventureWorksDW2012]" Schema="[sys]" Table="[syscolpars]" Alias="[c]" Column="colid"></ColumnReference></OutputList><Filter StartupExpression="0"><RelOp NodeId="172" PhysicalOp="Clustered Index Seek" LogicalOp="Clustered Index Seek" EstimateRows="2.31206" EstimatedRowsRead="10.391" EstimateIO="0.003125" EstimateCPU="0.00016843" AvgRowSize="19" EstimatedTotalSubtreeCost="0.00329343" TableCardinality="1382" Parallel="0" EstimateRebinds="0" EstimateRewinds="0" EstimatedExecutionMode="Row"><OutputList><ColumnReference Database="[AdventureWorksDW2012]" Schema="[sys]" Table="[syscolpars]" Alias="[c]" Column="id"></ColumnReference><ColumnReference Database="[AdventureWorksDW2012]" Schema="[sys]" Table="[syscolpars]" Alias="[c]" Column="colid"></ColumnReference></OutputList><IndexScan Ordered="1" ScanDirection="FORWARD" ForcedIndex="0" ForceSeek="0" ForceScan="0" NoExpandHint="0" Storage="RowStore"><DefinedValues><DefinedValue><ColumnReference Database="[AdventureWorksDW2012]" Schema="[sys]" Table="[syscolpars]" Alias="[c]" Column="id"></ColumnReference></DefinedValue><DefinedValue><ColumnReference Database="[AdventureWorksDW2012]" Schema="[sys]" Table="[syscolpars]" Alias="[c]" Column="colid"></ColumnReference></DefinedValue></DefinedValues><Object Database="[AdventureWorksDW2012]" Schema="[sys]" Table="[syscolpars]" Index="[clst]" Alias="[c]" TableReferenceId="2" IndexKind="Clustered" Storage="RowStore"></Object><SeekPredicates><SeekPredicateNew><SeekKeys><Prefix ScanType="EQ"><RangeColumns><ColumnReference Database="[AdventureWorksDW2012]" Schema="[sys]" Table="[syscolpars]" Alias="[c]" Column="id"></ColumnReference><ColumnReference Database="[AdventureWorksDW2012]" Schema="[sys]" Table="[syscolpars]" Alias="[c]" Column="number"></ColumnReference></RangeColumns><RangeExpressions><ScalarOperator ScalarString="[AdventureWorksDW2012].[sys].[sysschobjs].[id] as [o].[id]"><Identifier><ColumnReference Database="[AdventureWorksDW2012]" Schema="[sys]" Table="[sysschobjs]" Alias="[o]" Column="id"></ColumnReference></Identifier></ScalarOperator><ScalarOperator ScalarString="(0)"><Const ConstValue="(0)"></Const></ScalarOperator></RangeExpressions></Prefix></SeekKeys></SeekPredicateNew></SeekPredicates><Predicate><ScalarOperator ScalarString="[AdventureWorksDW2012].[sys].[syscolpars].[utype] as [c].[utype]=[AdventureWorksDW2012].[sys].[sysscalartypes].[id] as [t].[id]"><Compare CompareOp="EQ"><ScalarOperator><Identifier><ColumnReference Database="[AdventureWorksDW2012]" Schema="[sys]" Table="[syscolpars]" Alias="[c]" Column="utype"></ColumnReference></Identifier></ScalarOperator><ScalarOperator><Identifier><ColumnReference Database="[AdventureWorksDW2012]" Schema="[sys]" Table="[sysscalartypes]" Alias="[t]" Column="id"></ColumnReference></Identifier></ScalarOperator></Compare></ScalarOperator></Predicate></IndexScan></RelOp><Predicate><ScalarOperator ScalarString="has_access(&apos;CO&apos;,[AdventureWorksDW2012].[sys].[syscolpars].[id] as [c].[id])=(1)"><Compare CompareOp="EQ"><ScalarOperator><Intrinsic FunctionName="has_access"><ScalarOperator><Const ConstValue="&apos;CO&apos;"></Const></ScalarOperator><ScalarOperator><Identifier><ColumnReference Database="[AdventureWorksDW2012]" Schema="[sys]" Table="[syscolpars]" Alias="[c]" Column="id"></ColumnReference></Identifier></ScalarOperator><ScalarOperator><Const ConstValue=""></Const></ScalarOperator><ScalarOperator><Const ConstValue=""></Const></ScalarOperator></Intrinsic></ScalarOperator><ScalarOperator><Const ConstValue="(1)"></Const></ScalarOperator></Compare></ScalarOperator></Predicate></Filter></RelOp><RelOp NodeId="173" PhysicalOp="Clustered Index Seek" LogicalOp="Clustered Index Seek" EstimateRows="5.52128" EstimatedRowsRead="5.52128" EstimateIO="0.00386574" EstimateCPU="0.000163073" AvgRowSize="11" EstimatedTotalSubtreeCost="0.00424278" TableCardinality="519" Parallel="0" EstimateRebinds="0" EstimateRewinds="1.31206" EstimatedExecutionMode="Row"><OutputList><ColumnReference Database="[AdventureWorksDW2012]" Schema="[sys]" Table="[sysobjvalues]" Alias="[sov3]" Column="subobjid"></ColumnReference></OutputList><IndexScan Ordered="1" ScanDirection="FORWARD" ForcedIndex="0" ForceSeek="0" ForceScan="0" NoExpandHint="0" Storage="RowStore"><DefinedValues><DefinedValue><ColumnReference Database="[AdventureWorksDW2012]" Schema="[sys]" Table="[sysobjvalues]" Alias="[sov3]" Column="subobjid"></ColumnReference></DefinedValue></DefinedValues><Object Database="[AdventureWorksDW2012]" Schema="[sys]" Table="[sysobjvalues]" Index="[clst]" Alias="[sov3]" TableReferenceId="2" IndexKind="Clustered" Storage="RowStore"></Object><SeekPredicates><SeekPredicateNew><SeekKeys><Prefix ScanType="EQ"><RangeColumns><ColumnReference Database="[AdventureWorksDW2012]" Schema="[sys]" Table="[sysobjvalues]" Alias="[sov3]" Column="valclass"></ColumnReference><ColumnReference Database="[AdventureWorksDW2012]" Schema="[sys]" Table="[sysobjvalues]" Alias="[sov3]" Column="objid"></ColumnReference></RangeColumns><RangeExpressions><ScalarOperator ScalarString="(119)"><Const ConstValue="(119)"></Const></ScalarOperator><ScalarOperator ScalarString="[AdventureWorksDW2012].[sys].[sysschobjs].[id] as [o].[id]"><Identifier><ColumnReference Database="[AdventureWorksDW2012]" Schema="[sys]" Table="[sysschobjs]" Alias="[o]" Column="id"></ColumnReference></Identifier></ScalarOperator></RangeExpressions></Prefix></SeekKeys></SeekPredicateNew></SeekPredicates></IndexScan></RelOp></NestedLoops></RelOp><RelOp NodeId="175" PhysicalOp="Clustered Index Seek" LogicalOp="Clustered Index Seek" EstimateRows="1" EstimatedRowsRead="7.18517" EstimateIO="0.003125" EstimateCPU="0.000164904" AvgRowSize="15" EstimatedTotalSubtreeCost="0.0032899" TableCardinality="23747" Parallel="0" EstimateRebinds="0" EstimateRewinds="0" EstimatedExecutionMode="Row"><OutputList></OutputList><IndexScan Ordered="1" ScanDirection="FORWARD" ForcedIndex="0" ForceSeek="0" ForceScan="0" NoExpandHint="0" Storage="RowStore"><DefinedValues></DefinedValues><Object Database="[mssqlsystemresource]" Schema="[sys]" Table="[syscolpars]" Index="[clst]" TableReferenceId="1" IndexKind="Clustered" Storage="RowStore"></Object><SeekPredicates><SeekPredicateNew><SeekKeys><Prefix ScanType="EQ"><RangeColumns><ColumnReference Database="[mssqlsystemresource]" Schema="[sys]" Table="[syscolpars]" Column="id"></ColumnReference><ColumnReference Database="[mssqlsystemresource]" Schema="[sys]" Table="[syscolpars]" Column="number"></ColumnReference></RangeColumns><RangeExpressions><ScalarOperator ScalarString="[AdventureWorksDW2012].[sys].[sysschobjs].[id] as [o].[id]"><Identifier><ColumnReference Database="[AdventureWorksDW2012]" Schema="[sys]" Table="[sysschobjs]" Alias="[o]" Column="id"></ColumnReference></Identifier></ScalarOperator><ScalarOperator ScalarString="(0)"><Const ConstValue="(0)"></Const></ScalarOperator></RangeExpressions></Prefix></SeekKeys></SeekPredicateNew></SeekPredicates><Predicate><ScalarOperator ScalarString="[mssqlsystemresource].[sys].[syscolpars].[utype]=[AdventureWorksDW2012].[sys].[sysscalartypes].[id] as [t].[id] AND ([mssqlsystemresource].[sys].[syscolpars].[status]&amp;(4096))=(4096) AND (serverproperty(&apos;EngineEdition&apos;)&lt;&gt;5 OR ([mssqlsystemresource].[sys].[syscolpars].[status]&amp;(134217728))&lt;&gt;(0))"><Logical Operation="AND"><ScalarOperator><Compare CompareOp="EQ"><ScalarOperator><Identifier><ColumnReference Database="[mssqlsystemresource]" Schema="[sys]" Table="[syscolpars]" Column="utype"></ColumnReference></Identifier></ScalarOperator><ScalarOperator><Identifier><ColumnReference Database="[AdventureWorksDW2012]" Schema="[sys]" Table="[sysscalartypes]" Alias="[t]" Column="id"></ColumnReference></Identifier></ScalarOperator></Compare></ScalarOperator><ScalarOperator><Compare CompareOp="EQ"><ScalarOperator><Arithmetic Operation="BIT_AND"><ScalarOperator><Identifier><ColumnReference Database="[mssqlsystemresource]" Schema="[sys]" Table="[syscolpars]" Column="status"></ColumnReference></Identifier></ScalarOperator><ScalarOperator><Const ConstValue="(4096)"></Const></ScalarOperator></Arithmetic></ScalarOperator><ScalarOperator><Const ConstValue="(4096)"></Const></ScalarOperator></Compare></ScalarOperator><ScalarOperator><Logical Operation="OR"><ScalarOperator><Identifier><ColumnReference Column="ConstExpr1766"><ScalarOperator><Compare CompareOp="NE"><ScalarOperator><Intrinsic FunctionName="serverproperty"><ScalarOperator><Const ConstValue="&apos;EngineEdition&apos;"></Const></ScalarOperator></Intrinsic></ScalarOperator><ScalarOperator><Const ConstValue="5"></Const></ScalarOperator></Compare></ScalarOperator></ColumnReference></Identifier></ScalarOperator><ScalarOperator><Compare CompareOp="NE"><ScalarOperator><Arithmetic Operation="BIT_AND"><ScalarOperator><Identifier><ColumnReference Database="[mssqlsystemresource]" Schema="[sys]" Table="[syscolpars]" Column="status"></ColumnReference></Identifier></ScalarOperator><ScalarOperator><Const ConstValue="(134217728)"></Const></ScalarOperator></Arithmetic></ScalarOperator><ScalarOperator><Const ConstValue="(0)"></Const></ScalarOperator></Compare></ScalarOperator></Logical></ScalarOperator></Logical></ScalarOperator></Predicate></IndexScan></RelOp></Concat></RelOp></NestedLoops></RelOp></Top></RelOp></ComputeScalar></RelOp></NestedLoops></RelOp><RelOp NodeId="176" PhysicalOp="Compute Scalar" LogicalOp="Compute Scalar" EstimateRows="1" EstimateIO="0" EstimateCPU="1e-007" AvgRowSize="11" EstimatedTotalSubtreeCost="0.0175363" Parallel="0" EstimateRebinds="0" EstimateRewinds="0" EstimatedExecutionMode="Row"><OutputList><ColumnReference Column="Expr1667"></ColumnReference></OutputList><ComputeScalar><DefinedValues><DefinedValue><ColumnReference Column="Expr1667"></ColumnReference><ScalarOperator ScalarString="(1)"><Const ConstValue="(1)"></Const></ScalarOperator></DefinedValue></DefinedValues><RelOp NodeId="177" PhysicalOp="Top" LogicalOp="Top" EstimateRows="1" EstimateIO="0" EstimateCPU="1e-007" AvgRowSize="9" EstimatedTotalSubtreeCost="0.0175362" Parallel="0" EstimateRebinds="0" EstimateRewinds="0" EstimatedExecutionMode="Row"><OutputList></OutputList><Top RowCount="0" IsPercent="0" WithTies="0"><TopExpression><ScalarOperator ScalarString="(1)"><Const ConstValue="(1)"></Const></ScalarOperator></TopExpression><RelOp NodeId="178" PhysicalOp="Nested Loops" LogicalOp="Inner Join" EstimateRows="1" EstimateIO="0" EstimateCPU="5.0593e-005" AvgRowSize="9" EstimatedTotalSubtreeCost="0.0175361" Parallel="0" EstimateRebinds="0" EstimateRewinds="0" EstimatedExecutionMode="Row"><OutputList></OutputList><NestedLoops Optimized="0"><OuterReferences><ColumnReference Column="Union1629"></ColumnReference></OuterReferences><RelOp NodeId="179" PhysicalOp="Concatenation" LogicalOp="Concatenation" EstimateRows="12.1036" EstimateIO="0" EstimateCPU="1.21036e-006" AvgRowSize="11" EstimatedTotalSubtreeCost="0.0124218" Parallel="0" EstimateRebinds="0" EstimateRewinds="0" EstimatedExecutionMode="Row"><OutputList><ColumnReference Column="Union1629"></ColumnReference></OutputList><Concat><DefinedValues><DefinedValue><ColumnReference Column="Union1629"></ColumnReference><ColumnReference Database="[AdventureWorksDW2012]" Schema="[sys]" Table="[syscolpars]" Alias="[c]" Column="utype"></ColumnReference><ColumnReference Database="[mssqlsystemresource]" Schema="[sys]" Table="[syscolpars]" Column="utype"></ColumnReference></DefinedValue></DefinedValues><RelOp NodeId="180" PhysicalOp="Nested Loops" LogicalOp="Left Outer Join" EstimateRows="10.9231" EstimateIO="0" EstimateCPU="0.000239813" AvgRowSize="11" EstimatedTotalSubtreeCost="0.00911983" Parallel="0" EstimateRebinds="0" EstimateRewinds="0" EstimatedExecutionMode="Row"><OutputList><ColumnReference Database="[AdventureWorksDW2012]" Schema="[sys]" Table="[syscolpars]" Alias="[c]" Column="utype"></ColumnReference></OutputList><NestedLoops Optimized="0"><Predicate><ScalarOperator ScalarString="[AdventureWorksDW2012].[sys].[sysobjvalues].[subobjid] as [sov3].[subobjid]=[AdventureWorksDW2012].[sys].[syscolpars].[colid] as [c].[colid]"><Compare CompareOp="EQ"><ScalarOperator><Identifier><ColumnReference Database="[AdventureWorksDW2012]" Schema="[sys]" Table="[sysobjvalues]" Alias="[sov3]" Column="subobjid"></ColumnReference></Identifier></ScalarOperator><ScalarOperator><Identifier><ColumnReference Database="[AdventureWorksDW2012]" Schema="[sys]" Table="[syscolpars]" Alias="[c]" Column="colid"></ColumnReference></Identifier></ScalarOperator></Compare></ScalarOperator></Predicate><RelOp NodeId="181" PhysicalOp="Filter" LogicalOp="Filter" EstimateRows="10.391" EstimateIO="0" EstimateCPU="9.14406e-006" AvgRowSize="15" EstimatedTotalSubtreeCost="0.00330257" Parallel="0" EstimateRebinds="0" EstimateRewinds="0" EstimatedExecutionMode="Row"><OutputList><ColumnReference Database="[AdventureWorksDW2012]" Schema="[sys]" Table="[syscolpars]" Alias="[c]" Column="colid"></ColumnReference><ColumnReference Database="[AdventureWorksDW2012]" Schema="[sys]" Table="[syscolpars]" Alias="[c]" Column="utype"></ColumnReference></OutputList><Filter StartupExpression="0"><RelOp NodeId="182" PhysicalOp="Clustered Index Seek" LogicalOp="Clustered Index Seek" EstimateRows="10.391" EstimatedRowsRead="10.391" EstimateIO="0.003125" EstimateCPU="0.00016843" AvgRowSize="19" EstimatedTotalSubtreeCost="0.00329343" TableCardinality="1382" Parallel="0" EstimateRebinds="0" EstimateRewinds="0" EstimatedExecutionMode="Row"><OutputList><ColumnReference Database="[AdventureWorksDW2012]" Schema="[sys]" Table="[syscolpars]" Alias="[c]" Column="id"></ColumnReference><ColumnReference Database="[AdventureWorksDW2012]" Schema="[sys]" Table="[syscolpars]" Alias="[c]" Column="colid"></ColumnReference><ColumnReference Database="[AdventureWorksDW2012]" Schema="[sys]" Table="[syscolpars]" Alias="[c]" Column="utype"></ColumnReference></OutputList><IndexScan Ordered="1" ScanDirection="FORWARD" ForcedIndex="0" ForceSeek="0" ForceScan="0" NoExpandHint="0" Storage="RowStore"><DefinedValues><DefinedValue><ColumnReference Database="[AdventureWorksDW2012]" Schema="[sys]" Table="[syscolpars]" Alias="[c]" Column="id"></ColumnReference></DefinedValue><DefinedValue><ColumnReference Database="[AdventureWorksDW2012]" Schema="[sys]" Table="[syscolpars]" Alias="[c]" Column="colid"></ColumnReference></DefinedValue><DefinedValue><ColumnReference Database="[AdventureWorksDW2012]" Schema="[sys]" Table="[syscolpars]" Alias="[c]" Column="utype"></ColumnReference></DefinedValue></DefinedValues><Object Database="[AdventureWorksDW2012]" Schema="[sys]" Table="[syscolpars]" Index="[clst]" Alias="[c]" TableReferenceId="3" IndexKind="Clustered" Storage="RowStore"></Object><SeekPredicates><SeekPredicateNew><SeekKeys><Prefix ScanType="EQ"><RangeColumns><ColumnReference Database="[AdventureWorksDW2012]" Schema="[sys]" Table="[syscolpars]" Alias="[c]" Column="id"></ColumnReference><ColumnReference Database="[AdventureWorksDW2012]" Schema="[sys]" Table="[syscolpars]" Alias="[c]" Column="number"></ColumnReference></RangeColumns><RangeExpressions><ScalarOperator ScalarString="[AdventureWorksDW2012].[sys].[sysschobjs].[id] as [o].[id]"><Identifier><ColumnReference Database="[AdventureWorksDW2012]" Schema="[sys]" Table="[sysschobjs]" Alias="[o]" Column="id"></ColumnReference></Identifier></ScalarOperator><ScalarOperator ScalarString="(0)"><Const ConstValue="(0)"></Const></ScalarOperator></RangeExpressions></Prefix></SeekKeys></SeekPredicateNew></SeekPredicates></IndexScan></RelOp><Predicate><ScalarOperator ScalarString="has_access(&apos;CO&apos;,[AdventureWorksDW2012].[sys].[syscolpars].[id] as [c].[id])=(1)"><Compare CompareOp="EQ"><ScalarOperator><Intrinsic FunctionName="has_access"><ScalarOperator><Const ConstValue="&apos;CO&apos;"></Const></ScalarOperator><ScalarOperator><Identifier><ColumnReference Database="[AdventureWorksDW2012]" Schema="[sys]" Table="[syscolpars]" Alias="[c]" Column="id"></ColumnReference></Identifier></ScalarOperator><ScalarOperator><Const ConstValue=""></Const></ScalarOperator><ScalarOperator><Const ConstValue=""></Const></ScalarOperator></Intrinsic></ScalarOperator><ScalarOperator><Const ConstValue="(1)"></Const></ScalarOperator></Compare></ScalarOperator></Predicate></Filter></RelOp><RelOp NodeId="183" PhysicalOp="Clustered Index Seek" LogicalOp="Clustered Index Seek" EstimateRows="5.52128" EstimatedRowsRead="5.52128" EstimateIO="0.00386574" EstimateCPU="0.000163073" AvgRowSize="11" EstimatedTotalSubtreeCost="0.00556023" TableCardinality="519" Parallel="0" EstimateRebinds="0" EstimateRewinds="9.39098" EstimatedExecutionMode="Row"><OutputList><ColumnReference Database="[AdventureWorksDW2012]" Schema="[sys]" Table="[sysobjvalues]" Alias="[sov3]" Column="subobjid"></ColumnReference></OutputList><IndexScan Ordered="1" ScanDirection="FORWARD" ForcedIndex="0" ForceSeek="0" ForceScan="0" NoExpandHint="0" Storage="RowStore"><DefinedValues><DefinedValue><ColumnReference Database="[AdventureWorksDW2012]" Schema="[sys]" Table="[sysobjvalues]" Alias="[sov3]" Column="subobjid"></ColumnReference></DefinedValue></DefinedValues><Object Database="[AdventureWorksDW2012]" Schema="[sys]" Table="[sysobjvalues]" Index="[clst]" Alias="[sov3]" TableReferenceId="3" IndexKind="Clustered" Storage="RowStore"></Object><SeekPredicates><SeekPredicateNew><SeekKeys><Prefix ScanType="EQ"><RangeColumns><ColumnReference Database="[AdventureWorksDW2012]" Schema="[sys]" Table="[sysobjvalues]" Alias="[sov3]" Column="valclass"></ColumnReference><ColumnReference Database="[AdventureWorksDW2012]" Schema="[sys]" Table="[sysobjvalues]" Alias="[sov3]" Column="objid"></ColumnReference></RangeColumns><RangeExpressions><ScalarOperator ScalarString="(119)"><Const ConstValue="(119)"></Const></ScalarOperator><ScalarOperator ScalarString="[AdventureWorksDW2012].[sys].[sysschobjs].[id] as [o].[id]"><Identifier><ColumnReference Database="[AdventureWorksDW2012]" Schema="[sys]" Table="[sysschobjs]" Alias="[o]" Column="id"></ColumnReference></Identifier></ScalarOperator></RangeExpressions></Prefix></SeekKeys></SeekPredicateNew></SeekPredicates></IndexScan></RelOp></NestedLoops></RelOp><RelOp NodeId="185" PhysicalOp="Clustered Index Seek" LogicalOp="Clustered Index Seek" EstimateRows="1.96894" EstimatedRowsRead="7.18517" EstimateIO="0.003125" EstimateCPU="0.000164904" AvgRowSize="15" EstimatedTotalSubtreeCost="0.0032899" TableCardinality="23747" Parallel="0" EstimateRebinds="0" EstimateRewinds="0" EstimatedExecutionMode="Row"><OutputList><ColumnReference Database="[mssqlsystemresource]" Schema="[sys]" Table="[syscolpars]" Column="utype"></ColumnReference></OutputList><IndexScan Ordered="1" ScanDirection="FORWARD" ForcedIndex="0" ForceSeek="0" ForceScan="0" NoExpandHint="0" Storage="RowStore"><DefinedValues><DefinedValue><ColumnReference Database="[mssqlsystemresource]" Schema="[sys]" Table="[syscolpars]" Column="utype"></ColumnReference></DefinedValue></DefinedValues><Object Database="[mssqlsystemresource]" Schema="[sys]" Table="[syscolpars]" Index="[clst]" TableReferenceId="2" IndexKind="Clustered" Storage="RowStore"></Object><SeekPredicates><SeekPredicateNew><SeekKeys><Prefix ScanType="EQ"><RangeColumns><ColumnReference Database="[mssqlsystemresource]" Schema="[sys]" Table="[syscolpars]" Column="id"></ColumnReference><ColumnReference Database="[mssqlsystemresource]" Schema="[sys]" Table="[syscolpars]" Column="number"></ColumnReference></RangeColumns><RangeExpressions><ScalarOperator ScalarString="[AdventureWorksDW2012].[sys].[sysschobjs].[id] as [o].[id]"><Identifier><ColumnReference Database="[AdventureWorksDW2012]" Schema="[sys]" Table="[sysschobjs]" Alias="[o]" Column="id"></ColumnReference></Identifier></ScalarOperator><ScalarOperator ScalarString="(0)"><Const ConstValue="(0)"></Const></ScalarOperator></RangeExpressions></Prefix></SeekKeys></SeekPredicateNew></SeekPredicates><Predicate><ScalarOperator ScalarString="([mssqlsystemresource].[sys].[syscolpars].[status]&amp;(4096))=(4096) AND (serverproperty(&apos;EngineEdition&apos;)&lt;&gt;5 OR ([mssqlsystemresource].[sys].[syscolpars].[status]&amp;(134217728))&lt;&gt;(0))"><Logical Operation="AND"><ScalarOperator><Compare CompareOp="EQ"><ScalarOperator><Arithmetic Operation="BIT_AND"><ScalarOperator><Identifier><ColumnReference Database="[mssqlsystemresource]" Schema="[sys]" Table="[syscolpars]" Column="status"></ColumnReference></Identifier></ScalarOperator><ScalarOperator><Const ConstValue="(4096)"></Const></ScalarOperator></Arithmetic></ScalarOperator><ScalarOperator><Const ConstValue="(4096)"></Const></ScalarOperator></Compare></ScalarOperator><ScalarOperator><Logical Operation="OR"><ScalarOperator><Identifier><ColumnReference Column="ConstExpr1767"><ScalarOperator><Compare CompareOp="NE"><ScalarOperator><Intrinsic FunctionName="serverproperty"><ScalarOperator><Const ConstValue="&apos;EngineEdition&apos;"></Const></ScalarOperator></Intrinsic></ScalarOperator><ScalarOperator><Const ConstValue="5"></Const></ScalarOperator></Compare></ScalarOperator></ColumnReference></Identifier></ScalarOperator><ScalarOperator><Compare CompareOp="NE"><ScalarOperator><Arithmetic Operation="BIT_AND"><ScalarOperator><Identifier><ColumnReference Database="[mssqlsystemresource]" Schema="[sys]" Table="[syscolpars]" Column="status"></ColumnReference></Identifier></ScalarOperator><ScalarOperator><Const ConstValue="(134217728)"></Const></ScalarOperator></Arithmetic></ScalarOperator><ScalarOperator><Const ConstValue="(0)"></Const></ScalarOperator></Compare></ScalarOperator></Logical></ScalarOperator></Logical></ScalarOperator></Predicate></IndexScan></RelOp></Concat></RelOp><RelOp NodeId="186" PhysicalOp="Filter" LogicalOp="Filter" EstimateRows="1" EstimateIO="0" EstimateCPU="2.08e-006" AvgRowSize="9" EstimatedTotalSubtreeCost="0.00506375" Parallel="0" EstimateRebinds="10.2613" EstimateRewinds="0.842308" EstimatedExecutionMode="Row"><OutputList></OutputList><Filter StartupExpression="0"><RelOp NodeId="187" PhysicalOp="Clustered Index Seek" LogicalOp="Clustered Index Seek" EstimateRows="1" EstimatedRowsRead="1" EstimateIO="0.003125" EstimateCPU="0.0001581" AvgRowSize="143" EstimatedTotalSubtreeCost="0.00503858" TableCardinality="34" Parallel="0" EstimateRebinds="10.2613" EstimateRewinds="0.842308" EstimatedExecutionMode="Row"><OutputList><ColumnReference Database="[AdventureWorksDW2012]" Schema="[sys]" Table="[sysscalartypes]" Alias="[t]" Column="id"></ColumnReference></OutputList><IndexScan Ordered="1" ScanDirection="FORWARD" ForcedIndex="0" ForceSeek="0" ForceScan="0" NoExpandHint="0" Storage="RowStore"><DefinedValues><DefinedValue><ColumnReference Database="[AdventureWorksDW2012]" Schema="[sys]" Table="[sysscalartypes]" Alias="[t]" Column="id"></ColumnReference></DefinedValue></DefinedValues><Object Database="[AdventureWorksDW2012]" Schema="[sys]" Table="[sysscalartypes]" Index="[clst]" Alias="[t]" TableReferenceId="2" IndexKind="Clustered" Storage="RowStore"></Object><SeekPredicates><SeekPredicateNew><SeekKeys><Prefix ScanType="EQ"><RangeColumns><ColumnReference Database="[AdventureWorksDW2012]" Schema="[sys]" Table="[sysscalartypes]" Alias="[t]" Column="id"></ColumnReference></RangeColumns><RangeExpressions><ScalarOperator ScalarString="[Union1629]"><Identifier><ColumnReference Column="Union1629"></ColumnReference></Identifier></ScalarOperator></RangeExpressions></Prefix></SeekKeys></SeekPredicateNew></SeekPredicates><Predicate><ScalarOperator ScalarString="[AdventureWorksDW2012].[sys].[sysscalartypes].[name] as [t].[name]=N&apos;geography&apos; OR [AdventureWorksDW2012].[sys].[sysscalartypes].[name] as [t].[name]=N&apos;geometry&apos;"><Logical Operation="OR"><ScalarOperator><Compare CompareOp="EQ"><ScalarOperator><Identifier><ColumnReference Database="[AdventureWorksDW2012]" Schema="[sys]" Table="[sysscalartypes]" Alias="[t]" Column="name"></ColumnReference></Identifier></ScalarOperator><ScalarOperator><Const ConstValue="N&apos;geography&apos;"></Const></ScalarOperator></Compare></ScalarOperator><ScalarOperator><Compare CompareOp="EQ"><ScalarOperator><Identifier><ColumnReference Database="[AdventureWorksDW2012]" Schema="[sys]" Table="[sysscalartypes]" Alias="[t]" Column="name"></ColumnReference></Identifier></ScalarOperator><ScalarOperator><Const ConstValue="N&apos;geometry&apos;"></Const></ScalarOperator></Compare></ScalarOperator></Logical></ScalarOperator></Predicate></IndexScan></RelOp><Predicate><ScalarOperator ScalarString="[AdventureWorksDW2012].[sys].[sysscalartypes].[id] as [t].[id]&lt;=(256) OR has_access(&apos;UT&apos;,[AdventureWorksDW2012].[sys].[sysscalartypes].[id] as [t].[id])=(1)"><Logical Operation="OR"><ScalarOperator><Compare CompareOp="LE"><ScalarOperator><Identifier><ColumnReference Database="[AdventureWorksDW2012]" Schema="[sys]" Table="[sysscalartypes]" Alias="[t]" Column="id"></ColumnReference></Identifier></ScalarOperator><ScalarOperator><Const ConstValue="(256)"></Const></ScalarOperator></Compare></ScalarOperator><ScalarOperator><Compare CompareOp="EQ"><ScalarOperator><Intrinsic FunctionName="has_access"><ScalarOperator><Const ConstValue="&apos;UT&apos;"></Const></ScalarOperator><ScalarOperator><Identifier><ColumnReference Database="[AdventureWorksDW2012]" Schema="[sys]" Table="[sysscalartypes]" Alias="[t]" Column="id"></ColumnReference></Identifier></ScalarOperator><ScalarOperator><Const ConstValue=""></Const></ScalarOperator><ScalarOperator><Const ConstValue=""></Const></ScalarOperator></Intrinsic></ScalarOperator><ScalarOperator><Const ConstValue="(1)"></Const></ScalarOperator></Compare></ScalarOperator></Logical></ScalarOperator></Predicate></Filter></RelOp></NestedLoops></RelOp></Top></RelOp></ComputeScalar></RelOp></NestedLoops></RelOp><RelOp NodeId="188" PhysicalOp="Assert" LogicalOp="Assert" EstimateRows="1" EstimateIO="0" EstimateCPU="4.8e-007" AvgRowSize="139" EstimatedTotalSubtreeCost="0.00734057" Parallel="0" EstimateRebinds="0" EstimateRewinds="0" EstimatedExecutionMode="Row"><OutputList><ColumnReference Column="Expr1769"></ColumnReference></OutputList><Assert StartupExpression="0"><RelOp NodeId="189" PhysicalOp="Stream Aggregate" LogicalOp="Aggregate" EstimateRows="1" EstimateIO="0" EstimateCPU="3.81277e-006" AvgRowSize="147" EstimatedTotalSubtreeCost="0.00734009" Parallel="0" EstimateRebinds="0" EstimateRewinds="0" EstimatedExecutionMode="Row"><OutputList><ColumnReference Column="Expr1768"></ColumnReference><ColumnReference Column="Expr1769"></ColumnReference></OutputList><StreamAggregate><DefinedValues><DefinedValue><ColumnReference Column="Expr1768"></ColumnReference><ScalarOperator ScalarString="Count(*)"><Aggregate AggType="countstar" Distinct="0"></Aggregate></ScalarOperator></DefinedValue><DefinedValue><ColumnReference Column="Expr1769"></ColumnReference><ScalarOperator ScalarString="ANY([AdventureWorksDW2012].[sys].[syscolpars].[name] as [c].[name])"><Aggregate Distinct="0" AggType="ANY"><ScalarOperator><Identifier><ColumnReference Database="[AdventureWorksDW2012]" Schema="[sys]" Table="[syscolpars]" Alias="[c]" Column="name"></ColumnReference></Identifier></ScalarOperator></Aggregate></ScalarOperator></DefinedValue></DefinedValues><RelOp NodeId="190" PhysicalOp="Nested Loops" LogicalOp="Left Outer Join" EstimateRows="5.52128" EstimateIO="0" EstimateCPU="2.30789e-005" AvgRowSize="139" EstimatedTotalSubtreeCost="0.00733627" Parallel="0" EstimateRebinds="0" EstimateRewinds="0" EstimatedExecutionMode="Row"><OutputList><ColumnReference Database="[AdventureWorksDW2012]" Schema="[sys]" Table="[syscolpars]" Alias="[c]" Column="name"></ColumnReference></OutputList><NestedLoops Optimized="0"><RelOp NodeId="191" PhysicalOp="Filter" LogicalOp="Filter" EstimateRows="1" EstimateIO="0" EstimateCPU="1.28e-006" AvgRowSize="139" EstimatedTotalSubtreeCost="0.00328438" Parallel="0" EstimateRebinds="0" EstimateRewinds="0" EstimatedExecutionMode="Row"><OutputList><ColumnReference Database="[AdventureWorksDW2012]" Schema="[sys]" Table="[syscolpars]" Alias="[c]" Column="name"></ColumnReference></OutputList><Filter StartupExpression="0"><RelOp NodeId="192" PhysicalOp="Clustered Index Seek" LogicalOp="Clustered Index Seek" EstimateRows="1" EstimatedRowsRead="1" EstimateIO="0.003125" EstimateCPU="0.0001581" AvgRowSize="143" EstimatedTotalSubtreeCost="0.0032831" TableCardinality="1382" Parallel="0" EstimateRebinds="0" EstimateRewinds="0" EstimatedExecutionMode="Row"><OutputList><ColumnReference Database="[AdventureWorksDW2012]" Schema="[sys]" Table="[syscolpars]" Alias="[c]" Column="id"></ColumnReference><ColumnReference Database="[AdventureWorksDW2012]" Schema="[sys]" Table="[syscolpars]" Alias="[c]" Column="name"></ColumnReference></OutputList><IndexScan Ordered="1" ScanDirection="FORWARD" ForcedIndex="0" ForceSeek="0" ForceScan="0" NoExpandHint="0" Storage="RowStore"><DefinedValues><DefinedValue><ColumnReference Database="[AdventureWorksDW2012]" Schema="[sys]" Table="[syscolpars]" Alias="[c]" Column="id"></ColumnReference></DefinedValue><DefinedValue><ColumnReference Database="[AdventureWorksDW2012]" Schema="[sys]" Table="[syscolpars]" Alias="[c]" Column="name"></ColumnReference></DefinedValue></DefinedValues><Object Database="[AdventureWorksDW2012]" Schema="[sys]" Table="[syscolpars]" Index="[clst]" Alias="[c]" TableReferenceId="4" IndexKind="Clustered" Storage="RowStore"></Object><SeekPredicates><SeekPredicateNew><SeekKeys><Prefix ScanType="EQ"><RangeColumns><ColumnReference Database="[AdventureWorksDW2012]" Schema="[sys]" Table="[syscolpars]" Alias="[c]" Column="id"></ColumnReference><ColumnReference Database="[AdventureWorksDW2012]" Schema="[sys]" Table="[syscolpars]" Alias="[c]" Column="number"></ColumnReference><ColumnReference Database="[AdventureWorksDW2012]" Schema="[sys]" Table="[syscolpars]" Alias="[c]" Column="colid"></ColumnReference></RangeColumns><RangeExpressions><ScalarOperator ScalarString="[AdventureWorksDW2012].[sys].[sysschobjs].[id] as [o].[id]"><Identifier><ColumnReference Database="[AdventureWorksDW2012]" Schema="[sys]" Table="[sysschobjs]" Alias="[o]" Column="id"></ColumnReference></Identifier></ScalarOperator><ScalarOperator ScalarString="(0)"><Const ConstValue="(0)"></Const></ScalarOperator><ScalarOperator ScalarString="[AdventureWorksDW2012].[sys].[sysobjvalues].[subobjid] as [v].[subobjid]"><Identifier><ColumnReference Database="[AdventureWorksDW2012]" Schema="[sys]" Table="[sysobjvalues]" Alias="[v]" Column="subobjid"></ColumnReference></Identifier></ScalarOperator></RangeExpressions></Prefix></SeekKeys></SeekPredicateNew></SeekPredicates></IndexScan></RelOp><Predicate><ScalarOperator ScalarString="[AdventureWorksDW2012].[sys].[sysobjvalues].[objid] as [v].[objid]=[AdventureWorksDW2012].[sys].[sysschobjs].[id] as [o].[id] AND has_access(&apos;CO&apos;,[AdventureWorksDW2012].[sys].[syscolpars].[id] as [c].[id])=(1)"><Logical Operation="AND"><ScalarOperator><Compare CompareOp="EQ"><ScalarOperator><Identifier><ColumnReference Database="[AdventureWorksDW2012]" Schema="[sys]" Table="[sysobjvalues]" Alias="[v]" Column="objid"></ColumnReference></Identifier></ScalarOperator><ScalarOperator><Identifier><ColumnReference Database="[AdventureWorksDW2012]" Schema="[sys]" Table="[sysschobjs]" Alias="[o]" Column="id"></ColumnReference></Identifier></ScalarOperator></Compare></ScalarOperator><ScalarOperator><Compare CompareOp="EQ"><ScalarOperator><Intrinsic FunctionName="has_access"><ScalarOperator><Const ConstValue="&apos;CO&apos;"></Const></ScalarOperator><ScalarOperator><Identifier><ColumnReference Database="[AdventureWorksDW2012]" Schema="[sys]" Table="[syscolpars]" Alias="[c]" Column="id"></ColumnReference></Identifier></ScalarOperator><ScalarOperator><Const ConstValue=""></Const></ScalarOperator><ScalarOperator><Const ConstValue=""></Const></ScalarOperator></Intrinsic></ScalarOperator><ScalarOperator><Const ConstValue="(1)"></Const></ScalarOperator></Compare></ScalarOperator></Logical></ScalarOperator></Predicate></Filter></RelOp><RelOp NodeId="193" PhysicalOp="Clustered Index Seek" LogicalOp="Clustered Index Seek" EstimateRows="5.52128" EstimatedRowsRead="5.52128" EstimateIO="0.00386574" EstimateCPU="0.000163073" AvgRowSize="9" EstimatedTotalSubtreeCost="0.00402881" TableCardinality="519" Parallel="0" EstimateRebinds="0" EstimateRewinds="0" EstimatedExecutionMode="Row"><OutputList></OutputList><IndexScan Ordered="1" ScanDirection="FORWARD" ForcedIndex="0" ForceSeek="0" ForceScan="0" NoExpandHint="0" Storage="RowStore"><DefinedValues></DefinedValues><Object Database="[AdventureWorksDW2012]" Schema="[sys]" Table="[sysobjvalues]" Index="[clst]" Alias="[sov3]" TableReferenceId="4" IndexKind="Clustered" Storage="RowStore"></Object><SeekPredicates><SeekPredicateNew><SeekKeys><Prefix ScanType="EQ"><RangeColumns><ColumnReference Database="[AdventureWorksDW2012]" Schema="[sys]" Table="[sysobjvalues]" Alias="[sov3]" Column="valclass"></ColumnReference><ColumnReference Database="[AdventureWorksDW2012]" Schema="[sys]" Table="[sysobjvalues]" Alias="[sov3]" Column="objid"></ColumnReference><ColumnReference Database="[AdventureWorksDW2012]" Schema="[sys]" Table="[sysobjvalues]" Alias="[sov3]" Column="subobjid"></ColumnReference></RangeColumns><RangeExpressions><ScalarOperator ScalarString="(119)"><Const ConstValue="(119)"></Const></ScalarOperator><ScalarOperator ScalarString="[AdventureWorksDW2012].[sys].[sysschobjs].[id] as [o].[id]"><Identifier><ColumnReference Database="[AdventureWorksDW2012]" Schema="[sys]" Table="[sysschobjs]" Alias="[o]" Column="id"></ColumnReference></Identifier></ScalarOperator><ScalarOperator ScalarString="[AdventureWorksDW2012].[sys].[sysobjvalues].[subobjid] as [v].[subobjid]"><Identifier><ColumnReference Database="[AdventureWorksDW2012]" Schema="[sys]" Table="[sysobjvalues]" Alias="[v]" Column="subobjid"></ColumnReference></Identifier></ScalarOperator></RangeExpressions></Prefix></SeekKeys></SeekPredicateNew></SeekPredicates></IndexScan></RelOp></NestedLoops></RelOp></StreamAggregate></RelOp><Predicate><ScalarOperator ScalarString="CASE WHEN [Expr1768]&gt;(1) THEN (0) ELSE NULL END"><IF><Condition><ScalarOperator><Compare CompareOp="GT"><ScalarOperator><Identifier><ColumnReference Column="Expr1768"></ColumnReference></Identifier></ScalarOperator><ScalarOperator><Const ConstValue="(1)"></Const></ScalarOperator></Compare></ScalarOperator></Condition><Then><ScalarOperator><Const ConstValue="(0)"></Const></ScalarOperator></Then><Else><ScalarOperator><Const ConstValue="NULL"></Const></ScalarOperator></Else></IF></ScalarOperator></Predicate></Assert></RelOp></NestedLoops></RelOp><RelOp NodeId="194" PhysicalOp="Assert" LogicalOp="Assert" EstimateRows="1" EstimateIO="0" EstimateCPU="4.8e-007" AvgRowSize="139" EstimatedTotalSubtreeCost="0.00734057" Parallel="0" EstimateRebinds="0" EstimateRewinds="0" EstimatedExecutionMode="Row"><OutputList><ColumnReference Column="Expr1771"></ColumnReference></OutputList><Assert StartupExpression="0"><RelOp NodeId="195" PhysicalOp="Stream Aggregate" LogicalOp="Aggregate" EstimateRows="1" EstimateIO="0" EstimateCPU="3.81277e-006" AvgRowSize="147" EstimatedTotalSubtreeCost="0.00734009" Parallel="0" EstimateRebinds="0" EstimateRewinds="0" EstimatedExecutionMode="Row"><OutputList><ColumnReference Column="Expr1770"></ColumnReference><ColumnReference Column="Expr1771"></ColumnReference></OutputList><StreamAggregate><DefinedValues><DefinedValue><ColumnReference Column="Expr1770"></ColumnReference><ScalarOperator ScalarString="Count(*)"><Aggregate AggType="countstar" Distinct="0"></Aggregate></ScalarOperator></DefinedValue><DefinedValue><ColumnReference Column="Expr1771"></ColumnReference><ScalarOperator ScalarString="ANY([AdventureWorksDW2012].[sys].[syscolpars].[name] as [c].[name])"><Aggregate Distinct="0" AggType="ANY"><ScalarOperator><Identifier><ColumnReference Database="[AdventureWorksDW2012]" Schema="[sys]" Table="[syscolpars]" Alias="[c]" Column="name"></ColumnReference></Identifier></ScalarOperator></Aggregate></ScalarOperator></DefinedValue></DefinedValues><RelOp NodeId="196" PhysicalOp="Nested Loops" LogicalOp="Left Outer Join" EstimateRows="5.52128" EstimateIO="0" EstimateCPU="2.30789e-005" AvgRowSize="139" EstimatedTotalSubtreeCost="0.00733627" Parallel="0" EstimateRebinds="0" EstimateRewinds="0" EstimatedExecutionMode="Row"><OutputList><ColumnReference Database="[AdventureWorksDW2012]" Schema="[sys]" Table="[syscolpars]" Alias="[c]" Column="name"></ColumnReference></OutputList><NestedLoops Optimized="0"><RelOp NodeId="197" PhysicalOp="Filter" LogicalOp="Filter" EstimateRows="1" EstimateIO="0" EstimateCPU="1.28e-006" AvgRowSize="139" EstimatedTotalSubtreeCost="0.00328438" Parallel="0" EstimateRebinds="0" EstimateRewinds="0" EstimatedExecutionMode="Row"><OutputList><ColumnReference Database="[AdventureWorksDW2012]" Schema="[sys]" Table="[syscolpars]" Alias="[c]" Column="name"></ColumnReference></OutputList><Filter StartupExpression="0"><RelOp NodeId="198" PhysicalOp="Clustered Index Seek" LogicalOp="Clustered Index Seek" EstimateRows="1" EstimatedRowsRead="1" EstimateIO="0.003125" EstimateCPU="0.0001581" AvgRowSize="143" EstimatedTotalSubtreeCost="0.0032831" TableCardinality="1382" Parallel="0" EstimateRebinds="0" EstimateRewinds="0" EstimatedExecutionMode="Row"><OutputList><ColumnReference Database="[AdventureWorksDW2012]" Schema="[sys]" Table="[syscolpars]" Alias="[c]" Column="id"></ColumnReference><ColumnReference Database="[AdventureWorksDW2012]" Schema="[sys]" Table="[syscolpars]" Alias="[c]" Column="name"></ColumnReference></OutputList><IndexScan Ordered="1" ScanDirection="FORWARD" ForcedIndex="0" ForceSeek="0" ForceScan="0" NoExpandHint="0" Storage="RowStore"><DefinedValues><DefinedValue><ColumnReference Database="[AdventureWorksDW2012]" Schema="[sys]" Table="[syscolpars]" Alias="[c]" Column="id"></ColumnReference></DefinedValue><DefinedValue><ColumnReference Database="[AdventureWorksDW2012]" Schema="[sys]" Table="[syscolpars]" Alias="[c]" Column="name"></ColumnReference></DefinedValue></DefinedValues><Object Database="[AdventureWorksDW2012]" Schema="[sys]" Table="[syscolpars]" Index="[clst]" Alias="[c]" TableReferenceId="5" IndexKind="Clustered" Storage="RowStore"></Object><SeekPredicates><SeekPredicateNew><SeekKeys><Prefix ScanType="EQ"><RangeColumns><ColumnReference Database="[AdventureWorksDW2012]" Schema="[sys]" Table="[syscolpars]" Alias="[c]" Column="id"></ColumnReference><ColumnReference Database="[AdventureWorksDW2012]" Schema="[sys]" Table="[syscolpars]" Alias="[c]" Column="number"></ColumnReference><ColumnReference Database="[AdventureWorksDW2012]" Schema="[sys]" Table="[syscolpars]" Alias="[c]" Column="colid"></ColumnReference></RangeColumns><RangeExpressions><ScalarOperator ScalarString="[AdventureWorksDW2012].[sys].[sysschobjs].[id] as [o].[id]"><Identifier><ColumnReference Database="[AdventureWorksDW2012]" Schema="[sys]" Table="[sysschobjs]" Alias="[o]" Column="id"></ColumnReference></Identifier></ScalarOperator><ScalarOperator ScalarString="(0)"><Const ConstValue="(0)"></Const></ScalarOperator><ScalarOperator ScalarString="[AdventureWorksDW2012].[sys].[sysobjvalues].[valnum] as [v].[valnum]"><Identifier><ColumnReference Database="[AdventureWorksDW2012]" Schema="[sys]" Table="[sysobjvalues]" Alias="[v]" Column="valnum"></ColumnReference></Identifier></ScalarOperator></RangeExpressions></Prefix></SeekKeys></SeekPredicateNew></SeekPredicates></IndexScan></RelOp><Predicate><ScalarOperator ScalarString="[AdventureWorksDW2012].[sys].[sysobjvalues].[objid] as [v].[objid]=[AdventureWorksDW2012].[sys].[sysschobjs].[id] as [o].[id] AND has_access(&apos;CO&apos;,[AdventureWorksDW2012].[sys].[syscolpars].[id] as [c].[id])=(1)"><Logical Operation="AND"><ScalarOperator><Compare CompareOp="EQ"><ScalarOperator><Identifier><ColumnReference Database="[AdventureWorksDW2012]" Schema="[sys]" Table="[sysobjvalues]" Alias="[v]" Column="objid"></ColumnReference></Identifier></ScalarOperator><ScalarOperator><Identifier><ColumnReference Database="[AdventureWorksDW2012]" Schema="[sys]" Table="[sysschobjs]" Alias="[o]" Column="id"></ColumnReference></Identifier></ScalarOperator></Compare></ScalarOperator><ScalarOperator><Compare CompareOp="EQ"><ScalarOperator><Intrinsic FunctionName="has_access"><ScalarOperator><Const ConstValue="&apos;CO&apos;"></Const></ScalarOperator><ScalarOperator><Identifier><ColumnReference Database="[AdventureWorksDW2012]" Schema="[sys]" Table="[syscolpars]" Alias="[c]" Column="id"></ColumnReference></Identifier></ScalarOperator><ScalarOperator><Const ConstValue=""></Const></ScalarOperator><ScalarOperator><Const ConstValue=""></Const></ScalarOperator></Intrinsic></ScalarOperator><ScalarOperator><Const ConstValue="(1)"></Const></ScalarOperator></Compare></ScalarOperator></Logical></ScalarOperator></Predicate></Filter></RelOp><RelOp NodeId="199" PhysicalOp="Clustered Index Seek" LogicalOp="Clustered Index Seek" EstimateRows="5.52128" EstimatedRowsRead="5.52128" EstimateIO="0.00386574" EstimateCPU="0.000163073" AvgRowSize="9" EstimatedTotalSubtreeCost="0.00402881" TableCardinality="519" Parallel="0" EstimateRebinds="0" EstimateRewinds="0" EstimatedExecutionMode="Row"><OutputList></OutputList><IndexScan Ordered="1" ScanDirection="FORWARD" ForcedIndex="0" ForceSeek="0" ForceScan="0" NoExpandHint="0" Storage="RowStore"><DefinedValues></DefinedValues><Object Database="[AdventureWorksDW2012]" Schema="[sys]" Table="[sysobjvalues]" Index="[clst]" Alias="[sov3]" TableReferenceId="5" IndexKind="Clustered" Storage="RowStore"></Object><SeekPredicates><SeekPredicateNew><SeekKeys><Prefix ScanType="EQ"><RangeColumns><ColumnReference Database="[AdventureWorksDW2012]" Schema="[sys]" Table="[sysobjvalues]" Alias="[sov3]" Column="valclass"></ColumnReference><ColumnReference Database="[AdventureWorksDW2012]" Schema="[sys]" Table="[sysobjvalues]" Alias="[sov3]" Column="objid"></ColumnReference><ColumnReference Database="[AdventureWorksDW2012]" Schema="[sys]" Table="[sysobjvalues]" Alias="[sov3]" Column="subobjid"></ColumnReference></RangeColumns><RangeExpressions><ScalarOperator ScalarString="(119)"><Const ConstValue="(119)"></Const></ScalarOperator><ScalarOperator ScalarString="[AdventureWorksDW2012].[sys].[sysschobjs].[id] as [o].[id]"><Identifier><ColumnReference Database="[AdventureWorksDW2012]" Schema="[sys]" Table="[sysschobjs]" Alias="[o]" Column="id"></ColumnReference></Identifier></ScalarOperator><ScalarOperator ScalarString="[AdventureWorksDW2012].[sys].[sysobjvalues].[valnum] as [v].[valnum]"><Identifier><ColumnReference Database="[AdventureWorksDW2012]" Schema="[sys]" Table="[sysobjvalues]" Alias="[v]" Column="valnum"></ColumnReference></Identifier></ScalarOperator></RangeExpressions></Prefix></SeekKeys></SeekPredicateNew></SeekPredicates></IndexScan></RelOp></NestedLoops></RelOp></StreamAggregate></RelOp><Predicate><ScalarOperator ScalarString="CASE WHEN [Expr1770]&gt;(1) THEN (0) ELSE NULL END"><IF><Condition><ScalarOperator><Compare CompareOp="GT"><ScalarOperator><Identifier><ColumnReference Column="Expr1770"></ColumnReference></Identifier></ScalarOperator><ScalarOperator><Const ConstValue="(1)"></Const></ScalarOperator></Compare></ScalarOperator></Condition><Then><ScalarOperator><Const ConstValue="(0)"></Const></ScalarOperator></Then><Else><ScalarOperator><Const ConstValue="NULL"></Const></ScalarOperator></Else></IF></ScalarOperator></Predicate></Assert></RelOp></NestedLoops></RelOp></ComputeScalar></RelOp><ParameterList><ColumnReference Column="@_msparam_2" ParameterDataType="nvarchar(4000)" ParameterCompiledValue="N&apos;dbo&apos;"></ColumnReference><ColumnReference Column="@_msparam_1" ParameterDataType="nvarchar(4000)" ParameterCompiledValue="N&apos;DimEmployee&apos;"></ColumnReference><ColumnReference Column="@_msparam_0" ParameterDataType="nvarchar(4000)" ParameterCompiledValue="N&apos;2&apos;"></ColumnReference></ParameterList></QueryPlan></StmtSimple></Statements></Batch></BatchSequence></ShowPlanXML>